[INFO ] 2025-12-16 13:54:51.527 [main] LoggerLoad - Starting test: runScenario
[INFO ] 2025-12-16 13:54:54.583 [main] LoggerLoad - Test Passed: runScenario
[INFO ] 2025-12-16 13:54:54.587 [main] LoggerLoad - Starting test: runScenario
[INFO ] 2025-12-16 13:54:55.403 [main] LoggerLoad - Test Passed: runScenario
[INFO ] 2025-12-16 13:54:55.404 [main] LoggerLoad - Starting test: runScenario
[INFO ] 2025-12-16 13:54:55.599 [main] LoggerLoad - Test Passed: runScenario
[INFO ] 2025-12-16 13:54:55.599 [main] LoggerLoad - Starting test: runScenario
[INFO ] 2025-12-16 13:54:55.729 [main] LoggerLoad - Test Passed: runScenario
[INFO ] 2025-12-16 13:54:55.730 [main] LoggerLoad - Starting test: runScenario
[INFO ] 2025-12-16 13:54:56.579 [main] LoggerLoad - Test Passed: runScenario
[INFO ] 2025-12-16 13:54:56.580 [main] LoggerLoad - Starting test: runScenario
[INFO ] 2025-12-16 13:54:57.041 [main] LoggerLoad - Test Passed: runScenario
[INFO ] 2025-12-16 13:54:57.045 [main] LoggerLoad - Starting test: runScenario
[INFO ] 2025-12-16 13:54:57.461 [main] LoggerLoad - Test Passed: runScenario
[INFO ] 2025-12-16 13:54:57.462 [main] LoggerLoad - Starting test: runScenario
[INFO ] 2025-12-16 13:54:57.880 [main] LoggerLoad - Test Passed: runScenario
[INFO ] 2025-12-16 13:54:57.880 [main] LoggerLoad - Starting test: runScenario
[INFO ] 2025-12-16 13:54:58.313 [main] LoggerLoad - Test Passed: runScenario
[INFO ] 2025-12-16 13:54:58.313 [main] LoggerLoad - Starting test: runScenario
[INFO ] 2025-12-16 13:54:58.739 [main] LoggerLoad - Test Passed: runScenario
[INFO ] 2025-12-16 13:54:58.740 [main] LoggerLoad - Starting test: runScenario
[INFO ] 2025-12-16 13:54:59.133 [main] LoggerLoad - Test Passed: runScenario
[INFO ] 2025-12-16 13:54:59.134 [main] LoggerLoad - Starting test: runScenario
[INFO ] 2025-12-16 13:54:59.547 [main] LoggerLoad - Test Passed: runScenario
[INFO ] 2025-12-16 13:54:59.548 [main] LoggerLoad - Starting test: runScenario
[INFO ] 2025-12-16 13:54:59.835 [main] LoggerLoad - Test Passed: runScenario
[INFO ] 2025-12-16 13:54:59.836 [main] LoggerLoad - Starting test: runScenario
[INFO ] 2025-12-16 13:55:00.116 [main] LoggerLoad - Test Passed: runScenario
[INFO ] 2025-12-16 13:55:00.116 [main] LoggerLoad - Starting test: runScenario
[INFO ] 2025-12-16 13:55:00.462 [main] LoggerLoad - Test Passed: runScenario
[INFO ] 2025-12-16 13:55:00.463 [main] LoggerLoad - Starting test: runScenario
[INFO ] 2025-12-16 13:55:00.785 [main] LoggerLoad - Test Passed: runScenario
[INFO ] 2025-12-16 13:55:00.786 [main] LoggerLoad - Starting test: runScenario
[INFO ] 2025-12-16 13:55:01.056 [main] LoggerLoad - Test Passed: runScenario
[INFO ] 2025-12-16 13:55:01.057 [main] LoggerLoad - Starting test: runScenario
[INFO ] 2025-12-16 13:55:01.884 [main] ArraysList - successfully logged into the dsalgo application
[INFO ] 2025-12-16 13:55:02.178 [main] ArraysList - successfully logged into the array module
[INFO ] 2025-12-16 13:55:02.213 [main] LoggerLoad - Test Passed: runScenario
[INFO ] 2025-12-16 13:55:02.213 [main] LoggerLoad - Starting test: runScenario
[INFO ] 2025-12-16 13:55:03.102 [main] ArraysList - successfully logged into the dsalgo application
[INFO ] 2025-12-16 13:55:03.376 [main] ArraysList - successfully logged into the array module
[INFO ] 2025-12-16 13:55:04.149 [main] LoggerLoad - Test Passed: runScenario
[INFO ] 2025-12-16 13:55:04.151 [main] LoggerLoad - Starting test: runScenario
[INFO ] 2025-12-16 13:55:05.052 [main] ArraysList - successfully logged into the dsalgo application
[INFO ] 2025-12-16 13:55:05.364 [main] ArraysList - successfully logged into the array module
[INFO ] 2025-12-16 13:55:06.269 [main] LoggerLoad - Test Passed: runScenario
[INFO ] 2025-12-16 13:55:06.269 [main] LoggerLoad - Starting test: runScenario
[INFO ] 2025-12-16 13:55:07.144 [main] ArraysList - successfully logged into the dsalgo application
[INFO ] 2025-12-16 13:55:07.401 [main] ArraysList - successfully logged into the array module
[ERROR] 2025-12-16 13:55:08.246 [main] LoggerLoad - Test Failed: runScenario
[INFO ] 2025-12-16 13:55:08.389 [main] LoggerLoad - Starting test: runScenario
[INFO ] 2025-12-16 13:55:09.220 [main] ArraysList - successfully logged into the dsalgo application
[INFO ] 2025-12-16 13:55:09.492 [main] ArraysList - successfully logged into the array module
[INFO ] 2025-12-16 13:55:10.378 [main] ArraysList - Alert MessageNameError: name 'hi' is not defined on line 1
[INFO ] 2025-12-16 13:55:10.417 [main] LoggerLoad - Test Passed: runScenario
[INFO ] 2025-12-16 13:55:10.418 [main] LoggerLoad - Starting test: runScenario
[INFO ] 2025-12-16 13:55:11.211 [main] ArraysList - successfully logged into the dsalgo application
[INFO ] 2025-12-16 13:55:11.534 [main] ArraysList - successfully logged into the array module
[INFO ] 2025-12-16 13:55:13.170 [main] ArraysList - The user should see output in the console for ArrayList Page40
[INFO ] 2025-12-16 13:55:13.199 [main] LoggerLoad - Test Passed: runScenario
[INFO ] 2025-12-16 13:55:13.200 [main] LoggerLoad - Starting test: runScenario
[INFO ] 2025-12-16 13:55:14.257 [main] GraphList - successfully logged into the dsalgo application
[INFO ] 2025-12-16 13:55:15.209 [main] GraphList - The Try Editor page for Graph Topic should display with a Run option
[INFO ] 2025-12-16 13:55:15.219 [main] LoggerLoad - Test Passed: runScenario
[INFO ] 2025-12-16 13:55:15.220 [main] LoggerLoad - Starting test: runScenario
[INFO ] 2025-12-16 13:55:16.113 [main] GraphList - successfully logged into the dsalgo application
[INFO ] 2025-12-16 13:55:16.934 [main] GraphList - The Try Editor page for Graph Topic should display with a Run option
[INFO ] 2025-12-16 13:55:16.935 [main] GraphList - The user is on the Try Editor page for Graph Topic
[INFO ] 2025-12-16 13:55:20.466 [main] GraphList - An alert message should be shown for Graph Topic invalid execution
[INFO ] 2025-12-16 13:55:20.513 [main] LoggerLoad - Test Passed: runScenario
[INFO ] 2025-12-16 13:55:20.513 [main] LoggerLoad - Starting test: runScenario
[INFO ] 2025-12-16 13:55:21.390 [main] GraphList - successfully logged into the dsalgo application
[INFO ] 2025-12-16 13:55:22.178 [main] GraphList - The Try Editor page for Graph Topic should display with a Run option
[INFO ] 2025-12-16 13:55:22.178 [main] GraphList - The user is on the Try Editor page for Graph Topic
[INFO ] 2025-12-16 13:55:22.559 [main] GraphList - An alert message should be shown for Graph Topic invalid execution
[INFO ] 2025-12-16 13:55:22.576 [main] LoggerLoad - Test Passed: runScenario
[INFO ] 2025-12-16 13:55:22.576 [main] LoggerLoad - Starting test: runScenario
[INFO ] 2025-12-16 13:55:23.593 [main] GraphList - successfully logged into the dsalgo application
[INFO ] 2025-12-16 13:55:25.322 [main] LoggerLoad - Test Passed: runScenario
[INFO ] 2025-12-16 13:55:25.323 [main] LoggerLoad - Starting test: runScenario
[INFO ] 2025-12-16 13:55:26.262 [main] GraphList - successfully logged into the dsalgo application
[INFO ] 2025-12-16 13:55:27.620 [main] GraphList - The user is on the Try Editor page for Graph Representations
[INFO ] 2025-12-16 13:55:30.936 [main] GraphList - An alert message should be shown for Graph Representations invalid execution
[INFO ] 2025-12-16 13:55:30.965 [main] LoggerLoad - Test Passed: runScenario
[INFO ] 2025-12-16 13:55:30.967 [main] LoggerLoad - Starting test: runScenario
[INFO ] 2025-12-16 13:55:31.774 [main] GraphList - successfully logged into the dsalgo application
[INFO ] 2025-12-16 13:55:33.159 [main] GraphList - The user is on the Try Editor page for Graph Representations
[INFO ] 2025-12-16 13:55:33.397 [main] GraphList - An alert message should be shown for Graph Representations invalid execution
[INFO ] 2025-12-16 13:55:33.412 [main] LoggerLoad - Test Passed: runScenario
[INFO ] 2025-12-16 13:55:33.413 [main] LoggerLoad - Starting test: runScenario
[INFO ] 2025-12-16 13:55:34.313 [main] GraphList - successfully logged into the dsalgo application
[INFO ] 2025-12-16 13:55:35.663 [main] GraphList - The user should see output in the console for Graph Page7
[INFO ] 2025-12-16 13:55:35.672 [main] LoggerLoad - Test Passed: runScenario
[INFO ] 2025-12-16 13:55:35.672 [main] LoggerLoad - Starting test: runScenario
[INFO ] 2025-12-16 13:55:36.209 [main] LoggerLoad - Test Passed: runScenario
[INFO ] 2025-12-16 13:55:36.210 [main] LoggerLoad - Starting test: runScenario
[INFO ] 2025-12-16 13:55:36.498 [main] LoggerLoad - Test Passed: runScenario
[INFO ] 2025-12-16 13:55:36.498 [main] LoggerLoad - Starting test: runScenario
[INFO ] 2025-12-16 13:55:36.946 [main] LoggerLoad - Test Passed: runScenario
[INFO ] 2025-12-16 13:55:36.947 [main] LoggerLoad - Starting test: runScenario
[INFO ] 2025-12-16 13:55:37.296 [main] LoggerLoad - Test Passed: runScenario
[INFO ] 2025-12-16 13:55:37.297 [main] LoggerLoad - Starting test: runScenario
[INFO ] 2025-12-16 13:55:37.750 [main] registerSteps - Errormessafe for the password confirmation box
[INFO ] 2025-12-16 13:55:37.762 [main] LoggerLoad - Test Passed: runScenario
[INFO ] 2025-12-16 13:55:37.762 [main] LoggerLoad - Starting test: runScenario
[INFO ] 2025-12-16 13:55:38.422 [main] LoggerLoad - Test Passed: runScenario
[INFO ] 2025-12-16 13:55:38.423 [main] LoggerLoad - Starting test: runScenario
[INFO ] 2025-12-16 13:55:39.148 [main] LoggerLoad - Test Passed: runScenario
[INFO ] 2025-12-16 13:55:39.148 [main] LoggerLoad - Starting test: runScenario
[INFO ] 2025-12-16 13:55:39.806 [main] LoggerLoad - Test Passed: runScenario
[INFO ] 2025-12-16 13:55:39.807 [main] LoggerLoad - Starting test: runScenario
[ERROR] 2025-12-16 13:55:45.446 [main] LoggerLoad - Test Failed: runScenario
[INFO ] 2025-12-16 13:55:45.588 [main] LoggerLoad - Starting test: runScenario
[INFO ] 2025-12-16 13:55:46.414 [main] StackSteps - successfully logged into the dsalgo application
[INFO ] 2025-12-16 13:55:47.019 [main] LoggerLoad - Test Passed: runScenario
[INFO ] 2025-12-16 13:55:47.019 [main] LoggerLoad - Starting test: runScenario
[INFO ] 2025-12-16 13:55:47.864 [main] LoggerLoad - Test Passed: runScenario
[INFO ] 2025-12-16 13:55:47.865 [main] LoggerLoad - Starting test: runScenario
[INFO ] 2025-12-16 13:55:48.933 [main] LoggerLoad - Test Passed: runScenario
[INFO ] 2025-12-16 13:55:48.933 [main] LoggerLoad - Starting test: runScenario
[INFO ] 2025-12-16 13:55:59.341 [main] LoggerLoad - Test Passed: runScenario
[INFO ] 2025-12-16 13:55:59.341 [main] LoggerLoad - Starting test: runScenario
[INFO ] 2025-12-16 13:56:10.377 [main] LoggerLoad - Test Passed: runScenario
[INFO ] 2025-12-16 13:56:10.378 [main] LoggerLoad - Starting test: runScenario
[INFO ] 2025-12-16 13:56:31.827 [main] LoggerLoad - Test Passed: runScenario
[INFO ] 2025-12-16 13:56:31.828 [main] LoggerLoad - Starting test: runScenario
[INFO ] 2025-12-16 13:56:32.592 [main] LoggerLoad - Test Passed: runScenario
[INFO ] 2025-12-16 13:56:32.593 [main] LoggerLoad - Starting test: runScenario
[INFO ] 2025-12-16 13:56:33.261 [main] LoggerLoad - Test Passed: runScenario
[INFO ] 2025-12-16 13:56:33.262 [main] LoggerLoad - Starting test: runScenario
[INFO ] 2025-12-16 13:56:33.593 [main] LoggerLoad - Test Passed: runScenario
[INFO ] 2025-12-16 13:56:33.593 [main] LoggerLoad - Starting test: runScenario
[INFO ] 2025-12-16 13:56:43.975 [main] LoggerLoad - Test Passed: runScenario
[INFO ] 2025-12-16 13:56:43.975 [main] LoggerLoad - Starting test: runScenario
[INFO ] 2025-12-16 13:56:54.935 [main] LoggerLoad - Test Passed: runScenario
[INFO ] 2025-12-16 13:56:54.936 [main] LoggerLoad - Starting test: runScenario
[INFO ] 2025-12-16 13:57:16.395 [main] LoggerLoad - Test Passed: runScenario
[INFO ] 2025-12-16 13:57:16.396 [main] LoggerLoad - Starting test: runScenario
[INFO ] 2025-12-16 13:57:17.198 [main] LoggerLoad - Test Passed: runScenario
[INFO ] 2025-12-16 13:57:17.199 [main] LoggerLoad - Starting test: runScenario
[INFO ] 2025-12-16 13:57:17.825 [main] LoggerLoad - Test Passed: runScenario
[INFO ] 2025-12-16 13:57:17.826 [main] LoggerLoad - Starting test: runScenario
[INFO ] 2025-12-16 13:57:18.160 [main] LoggerLoad - Test Passed: runScenario
[INFO ] 2025-12-16 13:57:18.161 [main] LoggerLoad - Starting test: runScenario
[INFO ] 2025-12-16 13:57:28.630 [main] LoggerLoad - Test Passed: runScenario
[INFO ] 2025-12-16 13:57:28.630 [main] LoggerLoad - Starting test: runScenario
[INFO ] 2025-12-16 13:57:39.685 [main] LoggerLoad - Test Passed: runScenario
[INFO ] 2025-12-16 13:57:39.686 [main] LoggerLoad - Starting test: runScenario
[INFO ] 2025-12-16 13:58:01.288 [main] LoggerLoad - Test Passed: runScenario
[INFO ] 2025-12-16 13:58:01.288 [main] LoggerLoad - Starting test: runScenario
[INFO ] 2025-12-16 13:58:01.975 [main] LoggerLoad - Test Passed: runScenario
[INFO ] 2025-12-16 13:58:01.976 [main] LoggerLoad - Starting test: runScenario
[INFO ] 2025-12-16 13:58:13.007 [main] LoggerLoad - Test Passed: runScenario
[INFO ] 2025-12-16 13:58:13.008 [main] LoggerLoad - Starting test: runScenario
[INFO ] 2025-12-16 13:58:23.911 [main] LoggerLoad - Test Passed: runScenario
[INFO ] 2025-12-16 13:58:23.912 [main] LoggerLoad - Starting test: runScenario
[ERROR] 2025-12-16 13:58:40.172 [main] LoggerLoad - Test Failed: runScenario
[INFO ] 2025-12-16 13:58:40.320 [main] LoggerLoad - Starting test: runScenario
[INFO ] 2025-12-16 13:58:40.720 [main] LoggerLoad - Test Passed: runScenario
[INFO ] 2025-12-16 13:58:40.721 [main] LoggerLoad - Starting test: runScenario
[INFO ] 2025-12-16 13:58:41.081 [main] LoggerLoad - Test Passed: runScenario
[INFO ] 2025-12-16 13:58:41.082 [main] LoggerLoad - Starting test: runScenario
[INFO ] 2025-12-16 13:58:41.454 [main] LoggerLoad - Test Passed: runScenario
[INFO ] 2025-12-16 13:58:41.455 [main] LoggerLoad - Starting test: runScenario
[INFO ] 2025-12-16 13:58:41.991 [main] LoggerLoad - Test Passed: runScenario
[INFO ] 2025-12-16 13:58:41.991 [main] LoggerLoad - Starting test: runScenario
[INFO ] 2025-12-16 13:58:42.496 [main] LoggerLoad - Test Passed: runScenario
[INFO ] 2025-12-16 13:58:42.497 [main] LoggerLoad - Starting test: runScenario
[INFO ] 2025-12-16 13:58:43.286 [main] LoggerLoad - Test Passed: runScenario
[INFO ] 2025-12-16 13:58:43.286 [main] LoggerLoad - Starting test: runScenario
[INFO ] 2025-12-16 13:58:44.034 [main] LoggerLoad - Test Passed: runScenario
[INFO ] 2025-12-16 13:58:44.035 [main] LoggerLoad - Starting test: runScenario
[INFO ] 2025-12-16 13:58:44.477 [main] LoggerLoad - Test Passed: runScenario
[INFO ] 2025-12-16 13:58:44.656 [main] LoggerLoad - ===== Test Execution Finished =====
[INFO ] 2025-12-16 15:25:49.800 [main] LoggerLoad - Starting test: runScenario
[INFO ] 2025-12-16 15:25:56.230 [main] LoggerLoad - Test Passed: runScenario
[INFO ] 2025-12-16 15:25:56.233 [main] LoggerLoad - Starting test: runScenario
[ERROR] 2025-12-16 15:26:08.125 [main] LoggerLoad - Test Failed: runScenario
[INFO ] 2025-12-16 15:26:09.265 [main] LoggerLoad - Starting test: runScenario
[ERROR] 2025-12-16 15:26:09.643 [main] LoggerLoad - Test Failed: runScenario
[INFO ] 2025-12-16 15:26:10.890 [main] LoggerLoad - Starting test: runScenario
[ERROR] 2025-12-16 15:26:11.287 [main] LoggerLoad - Test Failed: runScenario
[INFO ] 2025-12-16 15:26:12.452 [main] LoggerLoad - Starting test: runScenario
[ERROR] 2025-12-16 15:26:12.831 [main] LoggerLoad - Test Failed: runScenario
[INFO ] 2025-12-16 15:26:14.018 [main] LoggerLoad - Starting test: runScenario
[ERROR] 2025-12-16 15:26:14.419 [main] LoggerLoad - Test Failed: runScenario
[INFO ] 2025-12-16 15:26:15.583 [main] LoggerLoad - Starting test: runScenario
[ERROR] 2025-12-16 15:26:15.928 [main] LoggerLoad - Test Failed: runScenario
[INFO ] 2025-12-16 15:26:17.046 [main] LoggerLoad - Starting test: runScenario
[ERROR] 2025-12-16 15:26:17.419 [main] LoggerLoad - Test Failed: runScenario
[INFO ] 2025-12-16 15:26:18.562 [main] LoggerLoad - Starting test: runScenario
[ERROR] 2025-12-16 15:26:18.897 [main] LoggerLoad - Test Failed: runScenario
[INFO ] 2025-12-16 15:26:20.121 [main] LoggerLoad - Starting test: runScenario
[ERROR] 2025-12-16 15:26:20.525 [main] LoggerLoad - Test Failed: runScenario
[INFO ] 2025-12-16 15:26:21.861 [main] LoggerLoad - Starting test: runScenario
[ERROR] 2025-12-16 15:26:22.216 [main] LoggerLoad - Test Failed: runScenario
[INFO ] 2025-12-16 15:26:23.403 [main] LoggerLoad - Starting test: runScenario
[ERROR] 2025-12-16 15:26:23.755 [main] LoggerLoad - Test Failed: runScenario
[INFO ] 2025-12-16 15:26:24.965 [main] LoggerLoad - Starting test: runScenario
[ERROR] 2025-12-16 15:26:25.309 [main] LoggerLoad - Test Failed: runScenario
[INFO ] 2025-12-16 15:26:26.505 [main] LoggerLoad - Starting test: runScenario
[ERROR] 2025-12-16 15:26:27.102 [main] LoggerLoad - Test Failed: runScenario
[INFO ] 2025-12-16 15:26:28.183 [main] LoggerLoad - Starting test: runScenario
[ERROR] 2025-12-16 15:26:28.545 [main] LoggerLoad - Test Failed: runScenario
[INFO ] 2025-12-16 15:26:29.635 [main] LoggerLoad - Starting test: runScenario
[ERROR] 2025-12-16 15:26:30.057 [main] LoggerLoad - Test Failed: runScenario
[INFO ] 2025-12-16 15:26:31.129 [main] LoggerLoad - Starting test: runScenario
[ERROR] 2025-12-16 15:26:31.497 [main] LoggerLoad - Test Failed: runScenario
[INFO ] 2025-12-16 15:26:32.600 [main] LoggerLoad - Starting test: runScenario
[INFO ] 2025-12-16 15:26:34.240 [main] ArraysList - successfully logged into the dsalgo application
[INFO ] 2025-12-16 15:26:34.798 [main] ArraysList - successfully logged into the array module
[INFO ] 2025-12-16 15:26:35.174 [main] LoggerLoad - Test Passed: runScenario
[INFO ] 2025-12-16 15:26:35.174 [main] LoggerLoad - Starting test: runScenario
[INFO ] 2025-12-16 15:26:37.367 [main] ArraysList - successfully logged into the dsalgo application
[INFO ] 2025-12-16 15:26:37.911 [main] ArraysList - successfully logged into the array module
[INFO ] 2025-12-16 15:26:39.236 [main] LoggerLoad - Test Passed: runScenario
[INFO ] 2025-12-16 15:26:39.238 [main] LoggerLoad - Starting test: runScenario
[INFO ] 2025-12-16 15:26:41.827 [main] ArraysList - successfully logged into the dsalgo application
[INFO ] 2025-12-16 15:26:42.350 [main] ArraysList - successfully logged into the array module
[INFO ] 2025-12-16 15:26:45.312 [main] LoggerLoad - Test Passed: runScenario
[INFO ] 2025-12-16 15:26:45.312 [main] LoggerLoad - Starting test: runScenario
[INFO ] 2025-12-16 15:26:47.790 [main] ArraysList - successfully logged into the dsalgo application
[INFO ] 2025-12-16 15:26:48.343 [main] ArraysList - successfully logged into the array module
[ERROR] 2025-12-16 15:26:50.710 [main] LoggerLoad - Test Failed: runScenario
[INFO ] 2025-12-16 15:26:51.972 [main] LoggerLoad - Starting test: runScenario
[INFO ] 2025-12-16 15:26:53.411 [main] ArraysList - successfully logged into the dsalgo application
[INFO ] 2025-12-16 15:26:53.827 [main] ArraysList - successfully logged into the array module
[INFO ] 2025-12-16 15:26:56.037 [main] ArraysList - Alert MessageNameError: name 'hi' is not defined on line 1
[INFO ] 2025-12-16 15:26:56.264 [main] LoggerLoad - Test Passed: runScenario
[INFO ] 2025-12-16 15:26:56.264 [main] LoggerLoad - Starting test: runScenario
[INFO ] 2025-12-16 15:26:58.667 [main] ArraysList - successfully logged into the dsalgo application
[INFO ] 2025-12-16 15:26:59.189 [main] ArraysList - successfully logged into the array module
[INFO ] 2025-12-16 15:27:02.565 [main] ArraysList - The user should see output in the console for ArrayList Page40
[INFO ] 2025-12-16 15:27:02.783 [main] LoggerLoad - Test Passed: runScenario
[INFO ] 2025-12-16 15:27:02.783 [main] LoggerLoad - Starting test: runScenario
[INFO ] 2025-12-16 15:27:05.207 [main] GraphList - successfully logged into the dsalgo application
[INFO ] 2025-12-16 15:27:07.123 [main] GraphList - The Try Editor page for Graph Topic should display with a Run option
[INFO ] 2025-12-16 15:27:07.340 [main] LoggerLoad - Test Passed: runScenario
[INFO ] 2025-12-16 15:27:07.340 [main] LoggerLoad - Starting test: runScenario
[INFO ] 2025-12-16 15:27:09.726 [main] GraphList - successfully logged into the dsalgo application
[INFO ] 2025-12-16 15:27:12.022 [main] GraphList - The Try Editor page for Graph Topic should display with a Run option
[INFO ] 2025-12-16 15:27:12.022 [main] GraphList - The user is on the Try Editor page for Graph Topic
[INFO ] 2025-12-16 15:27:15.635 [main] GraphList - An alert message should be shown for Graph Topic invalid execution
[INFO ] 2025-12-16 15:27:15.974 [main] LoggerLoad - Test Passed: runScenario
[INFO ] 2025-12-16 15:27:15.974 [main] LoggerLoad - Starting test: runScenario
[INFO ] 2025-12-16 15:27:18.302 [main] GraphList - successfully logged into the dsalgo application
[INFO ] 2025-12-16 15:27:20.113 [main] GraphList - The Try Editor page for Graph Topic should display with a Run option
[INFO ] 2025-12-16 15:27:20.114 [main] GraphList - The user is on the Try Editor page for Graph Topic
[INFO ] 2025-12-16 15:27:20.574 [main] GraphList - An alert message should be shown for Graph Topic invalid execution
[INFO ] 2025-12-16 15:27:20.798 [main] LoggerLoad - Test Passed: runScenario
[INFO ] 2025-12-16 15:27:20.799 [main] LoggerLoad - Starting test: runScenario
[INFO ] 2025-12-16 15:27:23.338 [main] GraphList - successfully logged into the dsalgo application
[INFO ] 2025-12-16 15:27:26.564 [main] LoggerLoad - Test Passed: runScenario
[INFO ] 2025-12-16 15:27:26.564 [main] LoggerLoad - Starting test: runScenario
[INFO ] 2025-12-16 15:27:29.031 [main] GraphList - successfully logged into the dsalgo application
[INFO ] 2025-12-16 15:27:33.012 [main] GraphList - The user is on the Try Editor page for Graph Representations
[INFO ] 2025-12-16 15:27:36.461 [main] GraphList - An alert message should be shown for Graph Representations invalid execution
[INFO ] 2025-12-16 15:27:36.742 [main] LoggerLoad - Test Passed: runScenario
[INFO ] 2025-12-16 15:27:36.743 [main] LoggerLoad - Starting test: runScenario
[INFO ] 2025-12-16 15:27:39.417 [main] GraphList - successfully logged into the dsalgo application
[INFO ] 2025-12-16 15:27:44.157 [main] GraphList - The user is on the Try Editor page for Graph Representations
[INFO ] 2025-12-16 15:27:44.640 [main] GraphList - An alert message should be shown for Graph Representations invalid execution
[INFO ] 2025-12-16 15:27:44.919 [main] LoggerLoad - Test Passed: runScenario
[INFO ] 2025-12-16 15:27:44.920 [main] LoggerLoad - Starting test: runScenario
[INFO ] 2025-12-16 15:27:47.450 [main] GraphList - successfully logged into the dsalgo application
[INFO ] 2025-12-16 15:27:50.729 [main] GraphList - The user should see output in the console for Graph Page7
[INFO ] 2025-12-16 15:27:51.021 [main] LoggerLoad - Test Passed: runScenario
[INFO ] 2025-12-16 15:27:51.022 [main] LoggerLoad - Starting test: runScenario
[INFO ] 2025-12-16 15:27:53.173 [main] LoggerLoad - Test Passed: runScenario
[INFO ] 2025-12-16 15:27:53.174 [main] LoggerLoad - Starting test: runScenario
[INFO ] 2025-12-16 15:27:54.885 [main] LoggerLoad - Test Passed: runScenario
[INFO ] 2025-12-16 15:27:54.886 [main] LoggerLoad - Starting test: runScenario
[INFO ] 2025-12-16 15:27:56.951 [main] LoggerLoad - Test Passed: runScenario
[INFO ] 2025-12-16 15:27:56.953 [main] LoggerLoad - Starting test: runScenario
[INFO ] 2025-12-16 15:27:58.876 [main] LoggerLoad - Test Passed: runScenario
[INFO ] 2025-12-16 15:27:58.877 [main] LoggerLoad - Starting test: runScenario
[INFO ] 2025-12-16 15:28:00.724 [main] registerSteps - Errormessafe for the password confirmation box
[INFO ] 2025-12-16 15:28:00.971 [main] LoggerLoad - Test Passed: runScenario
[INFO ] 2025-12-16 15:28:00.972 [main] LoggerLoad - Starting test: runScenario
[INFO ] 2025-12-16 15:28:03.390 [main] LoggerLoad - Test Passed: runScenario
[INFO ] 2025-12-16 15:28:03.390 [main] LoggerLoad - Starting test: runScenario
[INFO ] 2025-12-16 15:28:05.933 [main] LoggerLoad - Test Passed: runScenario
[INFO ] 2025-12-16 15:28:05.934 [main] LoggerLoad - Starting test: runScenario
[INFO ] 2025-12-16 15:28:08.525 [main] LoggerLoad - Test Passed: runScenario
[INFO ] 2025-12-16 15:28:08.525 [main] LoggerLoad - Starting test: runScenario
[ERROR] 2025-12-16 15:28:10.012 [main] LoggerLoad - Test Failed: runScenario
[INFO ] 2025-12-16 15:28:11.158 [main] LoggerLoad - Starting test: runScenario
[INFO ] 2025-12-16 15:28:12.467 [main] StackSteps - successfully logged into the dsalgo application
[INFO ] 2025-12-16 15:28:13.799 [main] LoggerLoad - Test Passed: runScenario
[INFO ] 2025-12-16 15:28:13.799 [main] LoggerLoad - Starting test: runScenario
[ERROR] 2025-12-16 15:28:16.202 [main] LoggerLoad - Test Failed: runScenario
[INFO ] 2025-12-16 15:28:17.362 [main] LoggerLoad - Starting test: runScenario
[INFO ] 2025-12-16 15:28:19.371 [main] LoggerLoad - Test Passed: runScenario
[INFO ] 2025-12-16 15:28:19.372 [main] LoggerLoad - Starting test: runScenario
[ERROR] 2025-12-16 15:28:20.933 [main] LoggerLoad - Test Failed: runScenario
[INFO ] 2025-12-16 15:28:22.030 [main] LoggerLoad - Starting test: runScenario
[ERROR] 2025-12-16 15:28:22.385 [main] LoggerLoad - Test Failed: runScenario
[INFO ] 2025-12-16 15:28:23.479 [main] LoggerLoad - Starting test: runScenario
[ERROR] 2025-12-16 15:28:23.782 [main] LoggerLoad - Test Failed: runScenario
[INFO ] 2025-12-16 15:28:24.927 [main] LoggerLoad - Starting test: runScenario
[ERROR] 2025-12-16 15:28:25.906 [main] LoggerLoad - Test Failed: runScenario
[INFO ] 2025-12-16 15:28:27.084 [main] LoggerLoad - Starting test: runScenario
[ERROR] 2025-12-16 15:28:27.974 [main] LoggerLoad - Test Failed: runScenario
[INFO ] 2025-12-16 15:28:29.091 [main] LoggerLoad - Starting test: runScenario
[ERROR] 2025-12-16 15:28:29.431 [main] LoggerLoad - Test Failed: runScenario
[INFO ] 2025-12-16 15:28:30.582 [main] LoggerLoad - Starting test: runScenario
[ERROR] 2025-12-16 15:28:30.913 [main] LoggerLoad - Test Failed: runScenario
[INFO ] 2025-12-16 15:28:32.127 [main] LoggerLoad - Starting test: runScenario
[ERROR] 2025-12-16 15:28:32.471 [main] LoggerLoad - Test Failed: runScenario
[INFO ] 2025-12-16 15:28:33.580 [main] LoggerLoad - Starting test: runScenario
[ERROR] 2025-12-16 15:28:33.898 [main] LoggerLoad - Test Failed: runScenario
[INFO ] 2025-12-16 15:28:35.042 [main] LoggerLoad - Starting test: runScenario
[ERROR] 2025-12-16 15:28:36.016 [main] LoggerLoad - Test Failed: runScenario
[INFO ] 2025-12-16 15:28:37.093 [main] LoggerLoad - Starting test: runScenario
[ERROR] 2025-12-16 15:28:38.154 [main] LoggerLoad - Test Failed: runScenario
[INFO ] 2025-12-16 15:28:39.555 [main] LoggerLoad - Starting test: runScenario
[ERROR] 2025-12-16 15:28:39.927 [main] LoggerLoad - Test Failed: runScenario
[INFO ] 2025-12-16 15:28:41.123 [main] LoggerLoad - Starting test: runScenario
[ERROR] 2025-12-16 15:28:41.512 [main] LoggerLoad - Test Failed: runScenario
[INFO ] 2025-12-16 15:28:42.637 [main] LoggerLoad - Starting test: runScenario
[ERROR] 2025-12-16 15:28:42.958 [main] LoggerLoad - Test Failed: runScenario
[INFO ] 2025-12-16 15:28:44.017 [main] LoggerLoad - Starting test: runScenario
[ERROR] 2025-12-16 15:28:44.382 [main] LoggerLoad - Test Failed: runScenario
[INFO ] 2025-12-16 15:28:45.456 [main] LoggerLoad - Starting test: runScenario
[ERROR] 2025-12-16 15:28:46.400 [main] LoggerLoad - Test Failed: runScenario
[INFO ] 2025-12-16 15:28:47.591 [main] LoggerLoad - Starting test: runScenario
[INFO ] 2025-12-16 15:28:59.707 [main] LoggerLoad - Test Passed: runScenario
[INFO ] 2025-12-16 15:28:59.707 [main] LoggerLoad - Starting test: runScenario
[INFO ] 2025-12-16 15:29:14.393 [main] LoggerLoad - Test Passed: runScenario
[INFO ] 2025-12-16 15:29:14.394 [main] LoggerLoad - Starting test: runScenario
[INFO ] 2025-12-16 15:29:17.145 [main] LoggerLoad - Test Passed: runScenario
[INFO ] 2025-12-16 15:29:17.145 [main] LoggerLoad - Starting test: runScenario
[INFO ] 2025-12-16 15:29:19.305 [main] LoggerLoad - Test Passed: runScenario
[INFO ] 2025-12-16 15:29:19.306 [main] LoggerLoad - Starting test: runScenario
[INFO ] 2025-12-16 15:29:21.362 [main] LoggerLoad - Test Passed: runScenario
[INFO ] 2025-12-16 15:29:21.363 [main] LoggerLoad - Starting test: runScenario
[INFO ] 2025-12-16 15:29:23.668 [main] LoggerLoad - Test Passed: runScenario
[INFO ] 2025-12-16 15:29:23.669 [main] LoggerLoad - Starting test: runScenario
[INFO ] 2025-12-16 15:29:26.531 [main] LoggerLoad - Test Passed: runScenario
[INFO ] 2025-12-16 15:29:26.532 [main] LoggerLoad - Starting test: runScenario
[INFO ] 2025-12-16 15:29:28.724 [main] LoggerLoad - Test Passed: runScenario
[INFO ] 2025-12-16 15:29:28.724 [main] LoggerLoad - Starting test: runScenario
[INFO ] 2025-12-16 15:29:31.453 [main] LoggerLoad - Test Passed: runScenario
[INFO ] 2025-12-16 15:29:31.453 [main] LoggerLoad - Starting test: runScenario
[INFO ] 2025-12-16 15:29:33.822 [main] LoggerLoad - Test Passed: runScenario
[INFO ] 2025-12-16 15:29:33.823 [main] LoggerLoad - Starting test: runScenario
[INFO ] 2025-12-16 15:29:36.778 [main] LoggerLoad - Test Passed: runScenario
[INFO ] 2025-12-16 15:29:37.150 [main] LoggerLoad - ===== Test Execution Finished =====
[INFO ] 2025-12-17 12:29:59.079 [main] LoggerLoad - Starting test: runScenario
[INFO ] 2025-12-17 12:30:03.533 [main] LoggerLoad - Test Passed: runScenario
[INFO ] 2025-12-17 12:30:03.537 [main] LoggerLoad - Starting test: runScenario
[ERROR] 2025-12-17 12:30:15.022 [main] LoggerLoad - Test Failed: runScenario
[INFO ] 2025-12-17 12:30:15.996 [main] LoggerLoad - Starting test: runScenario
[ERROR] 2025-12-17 12:30:16.303 [main] LoggerLoad - Test Failed: runScenario
[INFO ] 2025-12-17 12:30:17.228 [main] LoggerLoad - Starting test: runScenario
[ERROR] 2025-12-17 12:30:17.544 [main] LoggerLoad - Test Failed: runScenario
[INFO ] 2025-12-17 12:30:18.458 [main] LoggerLoad - Starting test: runScenario
[ERROR] 2025-12-17 12:30:18.759 [main] LoggerLoad - Test Failed: runScenario
[INFO ] 2025-12-17 12:30:19.660 [main] LoggerLoad - Starting test: runScenario
[ERROR] 2025-12-17 12:30:19.959 [main] LoggerLoad - Test Failed: runScenario
[INFO ] 2025-12-17 12:30:20.918 [main] LoggerLoad - Starting test: runScenario
[ERROR] 2025-12-17 12:30:21.214 [main] LoggerLoad - Test Failed: runScenario
[INFO ] 2025-12-17 12:30:22.108 [main] LoggerLoad - Starting test: runScenario
[ERROR] 2025-12-17 12:30:22.397 [main] LoggerLoad - Test Failed: runScenario
[INFO ] 2025-12-17 12:30:23.273 [main] LoggerLoad - Starting test: runScenario
[ERROR] 2025-12-17 12:30:23.681 [main] LoggerLoad - Test Failed: runScenario
[INFO ] 2025-12-17 12:30:24.567 [main] LoggerLoad - Starting test: runScenario
[ERROR] 2025-12-17 12:30:24.832 [main] LoggerLoad - Test Failed: runScenario
[INFO ] 2025-12-17 12:30:25.787 [main] LoggerLoad - Starting test: runScenario
[ERROR] 2025-12-17 12:30:26.175 [main] LoggerLoad - Test Failed: runScenario
[INFO ] 2025-12-17 12:30:27.070 [main] LoggerLoad - Starting test: runScenario
[ERROR] 2025-12-17 12:30:27.355 [main] LoggerLoad - Test Failed: runScenario
[INFO ] 2025-12-17 12:30:28.306 [main] LoggerLoad - Starting test: runScenario
[ERROR] 2025-12-17 12:30:28.624 [main] LoggerLoad - Test Failed: runScenario
[INFO ] 2025-12-17 12:30:29.521 [main] LoggerLoad - Starting test: runScenario
[ERROR] 2025-12-17 12:30:29.783 [main] LoggerLoad - Test Failed: runScenario
[INFO ] 2025-12-17 12:30:30.659 [main] LoggerLoad - Starting test: runScenario
[ERROR] 2025-12-17 12:30:30.936 [main] LoggerLoad - Test Failed: runScenario
[INFO ] 2025-12-17 12:30:31.875 [main] LoggerLoad - Starting test: runScenario
[ERROR] 2025-12-17 12:30:32.181 [main] LoggerLoad - Test Failed: runScenario
[INFO ] 2025-12-17 12:30:33.191 [main] LoggerLoad - Starting test: runScenario
[ERROR] 2025-12-17 12:30:33.558 [main] LoggerLoad - Test Failed: runScenario
[INFO ] 2025-12-17 12:30:34.594 [main] LoggerLoad - Starting test: runScenario
[INFO ] 2025-12-17 12:30:36.929 [main] ArraysList - successfully logged into the dsalgo application
[INFO ] 2025-12-17 12:30:37.284 [main] ArraysList - successfully logged into the array module
[INFO ] 2025-12-17 12:30:37.515 [main] LoggerLoad - Test Passed: runScenario
[INFO ] 2025-12-17 12:30:37.516 [main] LoggerLoad - Starting test: runScenario
[INFO ] 2025-12-17 12:30:40.084 [main] ArraysList - successfully logged into the dsalgo application
[INFO ] 2025-12-17 12:30:40.488 [main] ArraysList - successfully logged into the array module
[INFO ] 2025-12-17 12:30:41.406 [main] LoggerLoad - Test Passed: runScenario
[INFO ] 2025-12-17 12:30:41.407 [main] LoggerLoad - Starting test: runScenario
[INFO ] 2025-12-17 12:30:43.717 [main] ArraysList - successfully logged into the dsalgo application
[INFO ] 2025-12-17 12:30:44.104 [main] ArraysList - successfully logged into the array module
[INFO ] 2025-12-17 12:30:45.823 [main] LoggerLoad - Test Passed: runScenario
[INFO ] 2025-12-17 12:30:45.823 [main] LoggerLoad - Starting test: runScenario
[INFO ] 2025-12-17 12:30:47.860 [main] ArraysList - successfully logged into the dsalgo application
[INFO ] 2025-12-17 12:30:48.193 [main] ArraysList - successfully logged into the array module
[ERROR] 2025-12-17 12:30:49.917 [main] LoggerLoad - Test Failed: runScenario
[INFO ] 2025-12-17 12:30:50.902 [main] LoggerLoad - Starting test: runScenario
[INFO ] 2025-12-17 12:30:52.358 [main] ArraysList - successfully logged into the dsalgo application
[INFO ] 2025-12-17 12:30:52.719 [main] ArraysList - successfully logged into the array module
[INFO ] 2025-12-17 12:30:54.235 [main] ArraysList - Alert MessageNameError: name 'hi' is not defined on line 1
[INFO ] 2025-12-17 12:30:54.407 [main] LoggerLoad - Test Passed: runScenario
[INFO ] 2025-12-17 12:30:54.407 [main] LoggerLoad - Starting test: runScenario
[INFO ] 2025-12-17 12:30:56.294 [main] ArraysList - successfully logged into the dsalgo application
[INFO ] 2025-12-17 12:30:56.675 [main] ArraysList - successfully logged into the array module
[INFO ] 2025-12-17 12:30:59.308 [main] ArraysList - The user should see output in the console for ArrayList Page40
[INFO ] 2025-12-17 12:30:59.486 [main] LoggerLoad - Test Passed: runScenario
[INFO ] 2025-12-17 12:30:59.487 [main] LoggerLoad - Starting test: runScenario
[INFO ] 2025-12-17 12:31:01.618 [main] GraphList - successfully logged into the dsalgo application
[INFO ] 2025-12-17 12:31:02.968 [main] GraphList - The Try Editor page for Graph Topic should display with a Run option
[INFO ] 2025-12-17 12:31:03.119 [main] LoggerLoad - Test Passed: runScenario
[INFO ] 2025-12-17 12:31:03.119 [main] LoggerLoad - Starting test: runScenario
[INFO ] 2025-12-17 12:31:04.715 [main] GraphList - successfully logged into the dsalgo application
[INFO ] 2025-12-17 12:31:06.633 [main] GraphList - The Try Editor page for Graph Topic should display with a Run option
[INFO ] 2025-12-17 12:31:06.634 [main] GraphList - The user is on the Try Editor page for Graph Topic
[INFO ] 2025-12-17 12:31:09.993 [main] GraphList - An alert message should be shown for Graph Topic invalid execution
[INFO ] 2025-12-17 12:31:10.195 [main] LoggerLoad - Test Passed: runScenario
[INFO ] 2025-12-17 12:31:10.196 [main] LoggerLoad - Starting test: runScenario
[INFO ] 2025-12-17 12:31:12.226 [main] GraphList - successfully logged into the dsalgo application
[INFO ] 2025-12-17 12:31:13.719 [main] GraphList - The Try Editor page for Graph Topic should display with a Run option
[INFO ] 2025-12-17 12:31:13.721 [main] GraphList - The user is on the Try Editor page for Graph Topic
[INFO ] 2025-12-17 12:31:14.026 [main] GraphList - An alert message should be shown for Graph Topic invalid execution
[INFO ] 2025-12-17 12:31:14.192 [main] LoggerLoad - Test Passed: runScenario
[INFO ] 2025-12-17 12:31:14.194 [main] LoggerLoad - Starting test: runScenario
[INFO ] 2025-12-17 12:31:16.168 [main] GraphList - successfully logged into the dsalgo application
[INFO ] 2025-12-17 12:31:18.522 [main] LoggerLoad - Test Passed: runScenario
[INFO ] 2025-12-17 12:31:18.523 [main] LoggerLoad - Starting test: runScenario
[INFO ] 2025-12-17 12:31:20.674 [main] GraphList - successfully logged into the dsalgo application
[INFO ] 2025-12-17 12:31:22.846 [main] GraphList - The user is on the Try Editor page for Graph Representations
[INFO ] 2025-12-17 12:31:26.166 [main] GraphList - An alert message should be shown for Graph Representations invalid execution
[INFO ] 2025-12-17 12:31:26.447 [main] LoggerLoad - Test Passed: runScenario
[INFO ] 2025-12-17 12:31:26.448 [main] LoggerLoad - Starting test: runScenario
[INFO ] 2025-12-17 12:31:28.388 [main] GraphList - successfully logged into the dsalgo application
[INFO ] 2025-12-17 12:31:30.540 [main] GraphList - The user is on the Try Editor page for Graph Representations
[INFO ] 2025-12-17 12:31:30.808 [main] GraphList - An alert message should be shown for Graph Representations invalid execution
[INFO ] 2025-12-17 12:31:31.009 [main] LoggerLoad - Test Passed: runScenario
[INFO ] 2025-12-17 12:31:31.010 [main] LoggerLoad - Starting test: runScenario
[INFO ] 2025-12-17 12:31:32.977 [main] GraphList - successfully logged into the dsalgo application
[INFO ] 2025-12-17 12:31:35.214 [main] GraphList - The user should see output in the console for Graph Page7
[INFO ] 2025-12-17 12:31:35.387 [main] LoggerLoad - Test Passed: runScenario
[INFO ] 2025-12-17 12:31:35.389 [main] LoggerLoad - Starting test: runScenario
[INFO ] 2025-12-17 12:31:37.122 [main] LoggerLoad - Test Passed: runScenario
[INFO ] 2025-12-17 12:31:37.123 [main] LoggerLoad - Starting test: runScenario
[INFO ] 2025-12-17 12:31:38.823 [main] LoggerLoad - Test Passed: runScenario
[INFO ] 2025-12-17 12:31:38.823 [main] LoggerLoad - Starting test: runScenario
[INFO ] 2025-12-17 12:31:40.695 [main] LoggerLoad - Test Passed: runScenario
[INFO ] 2025-12-17 12:31:40.696 [main] LoggerLoad - Starting test: runScenario
[INFO ] 2025-12-17 12:31:42.388 [main] LoggerLoad - Test Passed: runScenario
[INFO ] 2025-12-17 12:31:42.389 [main] LoggerLoad - Starting test: runScenario
[INFO ] 2025-12-17 12:31:44.197 [main] registerSteps - Errormessafe for the password confirmation box
[INFO ] 2025-12-17 12:31:44.356 [main] LoggerLoad - Test Passed: runScenario
[INFO ] 2025-12-17 12:31:44.357 [main] LoggerLoad - Starting test: runScenario
[INFO ] 2025-12-17 12:31:46.408 [main] LoggerLoad - Test Passed: runScenario
[INFO ] 2025-12-17 12:31:46.409 [main] LoggerLoad - Starting test: runScenario
[INFO ] 2025-12-17 12:31:48.356 [main] LoggerLoad - Test Passed: runScenario
[INFO ] 2025-12-17 12:31:48.358 [main] LoggerLoad - Starting test: runScenario
[INFO ] 2025-12-17 12:31:50.244 [main] LoggerLoad - Test Passed: runScenario
[INFO ] 2025-12-17 12:31:50.244 [main] LoggerLoad - Starting test: runScenario
[ERROR] 2025-12-17 12:31:51.308 [main] LoggerLoad - Test Failed: runScenario
[INFO ] 2025-12-17 12:31:52.259 [main] LoggerLoad - Starting test: runScenario
[INFO ] 2025-12-17 12:31:53.567 [main] StackSteps - successfully logged into the dsalgo application
[INFO ] 2025-12-17 12:31:54.590 [main] LoggerLoad - Test Passed: runScenario
[INFO ] 2025-12-17 12:31:54.590 [main] LoggerLoad - Starting test: runScenario
[ERROR] 2025-12-17 12:31:56.150 [main] LoggerLoad - Test Failed: runScenario
[INFO ] 2025-12-17 12:31:57.114 [main] LoggerLoad - Starting test: runScenario
[INFO ] 2025-12-17 12:31:58.992 [main] LoggerLoad - Test Passed: runScenario
[INFO ] 2025-12-17 12:31:58.993 [main] LoggerLoad - Starting test: runScenario
[ERROR] 2025-12-17 12:32:00.097 [main] LoggerLoad - Test Failed: runScenario
[INFO ] 2025-12-17 12:32:01.051 [main] LoggerLoad - Starting test: runScenario
[ERROR] 2025-12-17 12:32:01.331 [main] LoggerLoad - Test Failed: runScenario
[INFO ] 2025-12-17 12:32:02.257 [main] LoggerLoad - Starting test: runScenario
[ERROR] 2025-12-17 12:32:02.516 [main] LoggerLoad - Test Failed: runScenario
[INFO ] 2025-12-17 12:32:03.372 [main] LoggerLoad - Starting test: runScenario
[ERROR] 2025-12-17 12:32:04.232 [main] LoggerLoad - Test Failed: runScenario
[INFO ] 2025-12-17 12:32:05.211 [main] LoggerLoad - Starting test: runScenario
[ERROR] 2025-12-17 12:32:06.105 [main] LoggerLoad - Test Failed: runScenario
[INFO ] 2025-12-17 12:32:07.050 [main] LoggerLoad - Starting test: runScenario
[ERROR] 2025-12-17 12:32:07.315 [main] LoggerLoad - Test Failed: runScenario
[INFO ] 2025-12-17 12:32:08.202 [main] LoggerLoad - Starting test: runScenario
[ERROR] 2025-12-17 12:32:08.484 [main] LoggerLoad - Test Failed: runScenario
[INFO ] 2025-12-17 12:32:09.372 [main] LoggerLoad - Starting test: runScenario
[ERROR] 2025-12-17 12:32:09.645 [main] LoggerLoad - Test Failed: runScenario
[INFO ] 2025-12-17 12:32:10.603 [main] LoggerLoad - Starting test: runScenario
[ERROR] 2025-12-17 12:32:10.856 [main] LoggerLoad - Test Failed: runScenario
[INFO ] 2025-12-17 12:32:11.761 [main] LoggerLoad - Starting test: runScenario
[ERROR] 2025-12-17 12:32:12.660 [main] LoggerLoad - Test Failed: runScenario
[INFO ] 2025-12-17 12:32:13.547 [main] LoggerLoad - Starting test: runScenario
[ERROR] 2025-12-17 12:32:14.472 [main] LoggerLoad - Test Failed: runScenario
[INFO ] 2025-12-17 12:32:15.464 [main] LoggerLoad - Starting test: runScenario
[ERROR] 2025-12-17 12:32:15.750 [main] LoggerLoad - Test Failed: runScenario
[INFO ] 2025-12-17 12:32:16.695 [main] LoggerLoad - Starting test: runScenario
[ERROR] 2025-12-17 12:32:16.951 [main] LoggerLoad - Test Failed: runScenario
[INFO ] 2025-12-17 12:32:17.892 [main] LoggerLoad - Starting test: runScenario
[ERROR] 2025-12-17 12:32:18.161 [main] LoggerLoad - Test Failed: runScenario
[INFO ] 2025-12-17 12:32:19.022 [main] LoggerLoad - Starting test: runScenario
[ERROR] 2025-12-17 12:32:19.295 [main] LoggerLoad - Test Failed: runScenario
[INFO ] 2025-12-17 12:32:20.169 [main] LoggerLoad - Starting test: runScenario
[ERROR] 2025-12-17 12:32:21.084 [main] LoggerLoad - Test Failed: runScenario
[INFO ] 2025-12-17 12:32:21.978 [main] LoggerLoad - Starting test: runScenario
[INFO ] 2025-12-17 12:32:33.796 [main] LoggerLoad - Test Passed: runScenario
[INFO ] 2025-12-17 12:32:33.796 [main] LoggerLoad - Starting test: runScenario
[INFO ] 2025-12-17 12:32:46.528 [main] LoggerLoad - Test Passed: runScenario
[INFO ] 2025-12-17 12:32:46.529 [main] LoggerLoad - Starting test: runScenario
[INFO ] 2025-12-17 12:32:48.298 [main] LoggerLoad - Test Passed: runScenario
[INFO ] 2025-12-17 12:32:48.299 [main] LoggerLoad - Starting test: runScenario
[INFO ] 2025-12-17 12:32:50.041 [main] LoggerLoad - Test Passed: runScenario
[INFO ] 2025-12-17 12:32:50.041 [main] LoggerLoad - Starting test: runScenario
[INFO ] 2025-12-17 12:32:51.976 [main] LoggerLoad - Test Passed: runScenario
[INFO ] 2025-12-17 12:32:51.976 [main] LoggerLoad - Starting test: runScenario
[INFO ] 2025-12-17 12:32:53.693 [main] LoggerLoad - Test Passed: runScenario
[INFO ] 2025-12-17 12:32:53.694 [main] LoggerLoad - Starting test: runScenario
[INFO ] 2025-12-17 12:32:55.665 [main] LoggerLoad - Test Passed: runScenario
[INFO ] 2025-12-17 12:32:55.666 [main] LoggerLoad - Starting test: runScenario
[INFO ] 2025-12-17 12:32:57.675 [main] LoggerLoad - Test Passed: runScenario
[INFO ] 2025-12-17 12:32:57.675 [main] LoggerLoad - Starting test: runScenario
[INFO ] 2025-12-17 12:33:00.024 [main] LoggerLoad - Test Passed: runScenario
[INFO ] 2025-12-17 12:33:00.025 [main] LoggerLoad - Starting test: runScenario
[INFO ] 2025-12-17 12:33:01.809 [main] LoggerLoad - Test Passed: runScenario
[INFO ] 2025-12-17 12:33:01.810 [main] LoggerLoad - Starting test: runScenario
[INFO ] 2025-12-17 12:33:04.096 [main] LoggerLoad - Test Passed: runScenario
[INFO ] 2025-12-17 12:33:04.366 [main] LoggerLoad - ===== Test Execution Finished =====
[INFO ] 2025-12-17 13:34:09.586 [main] LoggerLoad - Starting test: runScenario
[INFO ] 2025-12-17 13:34:19.102 [main] LoggerLoad - Test Passed: runScenario
[INFO ] 2025-12-17 13:34:19.104 [main] LoggerLoad - Starting test: runScenario
[ERROR] 2025-12-17 13:34:30.508 [main] LoggerLoad - Test Failed: runScenario
[INFO ] 2025-12-17 13:34:31.518 [main] LoggerLoad - Starting test: runScenario
[ERROR] 2025-12-17 13:34:31.930 [main] LoggerLoad - Test Failed: runScenario
[INFO ] 2025-12-17 13:34:32.934 [main] LoggerLoad - Starting test: runScenario
[ERROR] 2025-12-17 13:34:33.368 [main] LoggerLoad - Test Failed: runScenario
[INFO ] 2025-12-17 13:34:34.292 [main] LoggerLoad - Starting test: runScenario
[ERROR] 2025-12-17 13:34:34.705 [main] LoggerLoad - Test Failed: runScenario
[INFO ] 2025-12-17 13:34:35.640 [main] LoggerLoad - Starting test: runScenario
[ERROR] 2025-12-17 13:34:36.024 [main] LoggerLoad - Test Failed: runScenario
[INFO ] 2025-12-17 13:34:37.033 [main] LoggerLoad - Starting test: runScenario
[ERROR] 2025-12-17 13:34:37.439 [main] LoggerLoad - Test Failed: runScenario
[INFO ] 2025-12-17 13:34:38.366 [main] LoggerLoad - Starting test: runScenario
[ERROR] 2025-12-17 13:34:38.768 [main] LoggerLoad - Test Failed: runScenario
[INFO ] 2025-12-17 13:35:16.346 [main] LoggerLoad - Starting test: runScenario
[INFO ] 2025-12-17 13:35:19.635 [main] LoggerLoad - Test Passed: runScenario
[INFO ] 2025-12-17 13:35:19.635 [main] LoggerLoad - Starting test: runScenario
[INFO ] 2025-12-17 13:35:20.278 [main] LoggerLoad - Test Passed: runScenario
[INFO ] 2025-12-17 13:35:20.278 [main] LoggerLoad - Starting test: runScenario
[INFO ] 2025-12-17 13:35:20.594 [main] LoggerLoad - Test Passed: runScenario
[INFO ] 2025-12-17 13:35:20.596 [main] LoggerLoad - Starting test: runScenario
[INFO ] 2025-12-17 13:35:20.792 [main] LoggerLoad - Test Passed: runScenario
[INFO ] 2025-12-17 13:35:20.792 [main] LoggerLoad - Starting test: runScenario
[INFO ] 2025-12-17 13:35:21.955 [main] LoggerLoad - Test Passed: runScenario
[INFO ] 2025-12-17 13:35:21.960 [main] LoggerLoad - Starting test: runScenario
[INFO ] 2025-12-17 13:35:22.437 [main] LoggerLoad - Test Passed: runScenario
[INFO ] 2025-12-17 13:35:22.437 [main] LoggerLoad - Starting test: runScenario
[INFO ] 2025-12-17 13:35:22.915 [main] LoggerLoad - Test Passed: runScenario
[INFO ] 2025-12-17 13:35:22.928 [main] LoggerLoad - Starting test: runScenario
[INFO ] 2025-12-17 13:35:23.474 [main] LoggerLoad - Test Passed: runScenario
[INFO ] 2025-12-17 13:35:23.479 [main] LoggerLoad - Starting test: runScenario
[INFO ] 2025-12-17 13:35:24.000 [main] LoggerLoad - Test Passed: runScenario
[INFO ] 2025-12-17 13:35:24.006 [main] LoggerLoad - Starting test: runScenario
[INFO ] 2025-12-17 13:35:24.524 [main] LoggerLoad - Test Passed: runScenario
[INFO ] 2025-12-17 13:35:24.527 [main] LoggerLoad - Starting test: runScenario
[INFO ] 2025-12-17 13:35:25.113 [main] LoggerLoad - Test Passed: runScenario
[INFO ] 2025-12-17 13:35:25.113 [main] LoggerLoad - Starting test: runScenario
[INFO ] 2025-12-17 13:35:25.594 [main] LoggerLoad - Test Passed: runScenario
[INFO ] 2025-12-17 13:35:25.610 [main] LoggerLoad - Starting test: runScenario
[INFO ] 2025-12-17 13:35:25.980 [main] LoggerLoad - Test Passed: runScenario
[INFO ] 2025-12-17 13:35:25.980 [main] LoggerLoad - Starting test: runScenario
[INFO ] 2025-12-17 13:35:26.445 [main] LoggerLoad - Test Passed: runScenario
[INFO ] 2025-12-17 13:35:26.445 [main] LoggerLoad - Starting test: runScenario
[INFO ] 2025-12-17 13:35:26.930 [main] LoggerLoad - Test Passed: runScenario
[INFO ] 2025-12-17 13:35:26.930 [main] LoggerLoad - Starting test: runScenario
[INFO ] 2025-12-17 13:35:27.430 [main] LoggerLoad - Test Passed: runScenario
[INFO ] 2025-12-17 13:35:27.441 [main] LoggerLoad - Starting test: runScenario
[INFO ] 2025-12-17 13:35:27.963 [main] LoggerLoad - Test Passed: runScenario
[INFO ] 2025-12-17 13:35:27.970 [main] LoggerLoad - Starting test: runScenario
[INFO ] 2025-12-17 13:35:29.284 [main] ArraysList - successfully logged into the dsalgo application
[INFO ] 2025-12-17 13:35:29.673 [main] ArraysList - successfully logged into the array module
[INFO ] 2025-12-17 13:35:29.822 [main] LoggerLoad - Test Passed: runScenario
[INFO ] 2025-12-17 13:35:29.823 [main] LoggerLoad - Starting test: runScenario
[INFO ] 2025-12-17 13:35:30.386 [main] ArraysList - successfully logged into the dsalgo application
[INFO ] 2025-12-17 13:35:31.276 [main] ArraysList - successfully logged into the array module
[INFO ] 2025-12-17 13:35:32.512 [main] LoggerLoad - Test Passed: runScenario
[INFO ] 2025-12-17 13:35:32.514 [main] LoggerLoad - Starting test: runScenario
[INFO ] 2025-12-17 13:35:33.696 [main] ArraysList - successfully logged into the dsalgo application
[INFO ] 2025-12-17 13:35:33.989 [main] ArraysList - successfully logged into the array module
[INFO ] 2025-12-17 13:35:35.309 [main] LoggerLoad - Test Passed: runScenario
[INFO ] 2025-12-17 13:35:35.310 [main] LoggerLoad - Starting test: runScenario
[INFO ] 2025-12-17 13:35:36.470 [main] ArraysList - successfully logged into the dsalgo application
[INFO ] 2025-12-17 13:35:36.875 [main] ArraysList - successfully logged into the array module
[ERROR] 2025-12-17 13:35:38.496 [main] LoggerLoad - Test Failed: runScenario
[INFO ] 2025-12-17 13:35:38.654 [main] LoggerLoad - Starting test: runScenario
[INFO ] 2025-12-17 13:35:39.837 [main] ArraysList - successfully logged into the dsalgo application
[INFO ] 2025-12-17 13:35:40.252 [main] ArraysList - successfully logged into the array module
[INFO ] 2025-12-17 13:35:41.321 [main] ArraysList - Alert MessageNameError: name 'hi' is not defined on line 1
[INFO ] 2025-12-17 13:35:41.363 [main] LoggerLoad - Test Passed: runScenario
[INFO ] 2025-12-17 13:35:41.365 [main] LoggerLoad - Starting test: runScenario
[INFO ] 2025-12-17 13:35:42.410 [main] ArraysList - successfully logged into the dsalgo application
[INFO ] 2025-12-17 13:35:42.729 [main] ArraysList - successfully logged into the array module
[INFO ] 2025-12-17 13:35:45.384 [main] ArraysList - The user should see output in the console for ArrayList Page40
[INFO ] 2025-12-17 13:35:45.400 [main] LoggerLoad - Test Passed: runScenario
[INFO ] 2025-12-17 13:35:45.402 [main] LoggerLoad - Starting test: runScenario
[INFO ] 2025-12-17 13:35:46.560 [main] GraphList - successfully logged into the dsalgo application
[INFO ] 2025-12-17 13:35:47.887 [main] GraphList - The Try Editor page for Graph Topic should display with a Run option
[INFO ] 2025-12-17 13:35:47.928 [main] LoggerLoad - Test Passed: runScenario
[INFO ] 2025-12-17 13:35:47.931 [main] LoggerLoad - Starting test: runScenario
[INFO ] 2025-12-17 13:35:49.279 [main] GraphList - successfully logged into the dsalgo application
[INFO ] 2025-12-17 13:35:50.389 [main] GraphList - The Try Editor page for Graph Topic should display with a Run option
[INFO ] 2025-12-17 13:35:50.390 [main] GraphList - The user is on the Try Editor page for Graph Topic
[INFO ] 2025-12-17 13:35:53.785 [main] GraphList - An alert message should be shown for Graph Topic invalid execution
[INFO ] 2025-12-17 13:35:53.806 [main] LoggerLoad - Test Passed: runScenario
[INFO ] 2025-12-17 13:35:53.807 [main] LoggerLoad - Starting test: runScenario
[INFO ] 2025-12-17 13:35:54.999 [main] GraphList - successfully logged into the dsalgo application
[INFO ] 2025-12-17 13:35:56.292 [main] GraphList - The Try Editor page for Graph Topic should display with a Run option
[INFO ] 2025-12-17 13:35:56.293 [main] GraphList - The user is on the Try Editor page for Graph Topic
[INFO ] 2025-12-17 13:35:56.634 [main] GraphList - An alert message should be shown for Graph Topic invalid execution
[INFO ] 2025-12-17 13:35:56.663 [main] LoggerLoad - Test Passed: runScenario
[INFO ] 2025-12-17 13:35:56.665 [main] LoggerLoad - Starting test: runScenario
[INFO ] 2025-12-17 13:35:58.052 [main] GraphList - successfully logged into the dsalgo application
[INFO ] 2025-12-17 13:36:00.416 [main] LoggerLoad - Test Passed: runScenario
[INFO ] 2025-12-17 13:36:00.418 [main] LoggerLoad - Starting test: runScenario
[INFO ] 2025-12-17 13:36:02.452 [main] GraphList - successfully logged into the dsalgo application
[INFO ] 2025-12-17 13:36:04.856 [main] GraphList - The user is on the Try Editor page for Graph Representations
[INFO ] 2025-12-17 13:36:08.191 [main] GraphList - An alert message should be shown for Graph Representations invalid execution
[INFO ] 2025-12-17 13:36:08.209 [main] LoggerLoad - Test Passed: runScenario
[INFO ] 2025-12-17 13:36:08.210 [main] LoggerLoad - Starting test: runScenario
[INFO ] 2025-12-17 13:36:09.473 [main] GraphList - successfully logged into the dsalgo application
[INFO ] 2025-12-17 13:36:11.750 [main] GraphList - The user is on the Try Editor page for Graph Representations
[INFO ] 2025-12-17 13:36:12.064 [main] GraphList - An alert message should be shown for Graph Representations invalid execution
[INFO ] 2025-12-17 13:36:12.085 [main] LoggerLoad - Test Passed: runScenario
[INFO ] 2025-12-17 13:36:12.087 [main] LoggerLoad - Starting test: runScenario
[INFO ] 2025-12-17 13:36:13.179 [main] GraphList - successfully logged into the dsalgo application
[INFO ] 2025-12-17 13:36:14.860 [main] GraphList - The user should see output in the console for Graph Page7
[INFO ] 2025-12-17 13:36:14.878 [main] LoggerLoad - Test Passed: runScenario
[INFO ] 2025-12-17 13:36:14.879 [main] LoggerLoad - Starting test: runScenario
[INFO ] 2025-12-17 13:36:15.499 [main] LoggerLoad - Test Passed: runScenario
[INFO ] 2025-12-17 13:36:15.501 [main] LoggerLoad - Starting test: runScenario
[INFO ] 2025-12-17 13:36:15.869 [main] LoggerLoad - Test Passed: runScenario
[INFO ] 2025-12-17 13:36:15.870 [main] LoggerLoad - Starting test: runScenario
[INFO ] 2025-12-17 13:36:16.491 [main] LoggerLoad - Test Passed: runScenario
[INFO ] 2025-12-17 13:36:16.492 [main] LoggerLoad - Starting test: runScenario
[INFO ] 2025-12-17 13:36:17.010 [main] LoggerLoad - Test Passed: runScenario
[INFO ] 2025-12-17 13:36:17.012 [main] LoggerLoad - Starting test: runScenario
[INFO ] 2025-12-17 13:36:17.655 [main] registerSteps - Errormessafe for the password confirmation box
[INFO ] 2025-12-17 13:36:17.675 [main] LoggerLoad - Test Passed: runScenario
[INFO ] 2025-12-17 13:36:17.677 [main] LoggerLoad - Starting test: runScenario
[INFO ] 2025-12-17 13:36:18.644 [main] LoggerLoad - Test Passed: runScenario
[INFO ] 2025-12-17 13:36:18.647 [main] LoggerLoad - Starting test: runScenario
[INFO ] 2025-12-17 13:36:19.560 [main] LoggerLoad - Test Passed: runScenario
[INFO ] 2025-12-17 13:36:19.561 [main] LoggerLoad - Starting test: runScenario
[INFO ] 2025-12-17 13:36:20.502 [main] LoggerLoad - Test Passed: runScenario
[INFO ] 2025-12-17 13:36:20.503 [main] LoggerLoad - Starting test: runScenario
[ERROR] 2025-12-17 13:36:26.293 [main] LoggerLoad - Test Failed: runScenario
[INFO ] 2025-12-17 13:36:26.438 [main] LoggerLoad - Starting test: runScenario
[INFO ] 2025-12-17 13:36:27.600 [main] StackSteps - successfully logged into the dsalgo application
[INFO ] 2025-12-17 13:36:28.441 [main] LoggerLoad - Test Passed: runScenario
[INFO ] 2025-12-17 13:36:28.442 [main] LoggerLoad - Starting test: runScenario
[INFO ] 2025-12-17 13:36:29.621 [main] LoggerLoad - Test Passed: runScenario
[INFO ] 2025-12-17 13:36:29.621 [main] LoggerLoad - Starting test: runScenario
[INFO ] 2025-12-17 13:36:30.673 [main] LoggerLoad - Test Passed: runScenario
[INFO ] 2025-12-17 13:36:30.674 [main] LoggerLoad - Starting test: runScenario
[INFO ] 2025-12-17 13:36:41.107 [main] LoggerLoad - Test Passed: runScenario
[INFO ] 2025-12-17 13:36:41.108 [main] LoggerLoad - Starting test: runScenario
[INFO ] 2025-12-17 13:36:52.317 [main] LoggerLoad - Test Passed: runScenario
[INFO ] 2025-12-17 13:36:52.319 [main] LoggerLoad - Starting test: runScenario
[INFO ] 2025-12-17 13:37:13.797 [main] LoggerLoad - Test Passed: runScenario
[INFO ] 2025-12-17 13:37:13.798 [main] LoggerLoad - Starting test: runScenario
[INFO ] 2025-12-17 13:37:14.916 [main] LoggerLoad - Test Passed: runScenario
[INFO ] 2025-12-17 13:37:14.918 [main] LoggerLoad - Starting test: runScenario
[INFO ] 2025-12-17 13:37:15.884 [main] LoggerLoad - Test Passed: runScenario
[INFO ] 2025-12-17 13:37:15.885 [main] LoggerLoad - Starting test: runScenario
[INFO ] 2025-12-17 13:37:16.214 [main] LoggerLoad - Test Passed: runScenario
[INFO ] 2025-12-17 13:37:16.215 [main] LoggerLoad - Starting test: runScenario
[INFO ] 2025-12-17 13:37:26.646 [main] LoggerLoad - Test Passed: runScenario
[INFO ] 2025-12-17 13:37:26.648 [main] LoggerLoad - Starting test: runScenario
[INFO ] 2025-12-17 13:37:37.750 [main] LoggerLoad - Test Passed: runScenario
[INFO ] 2025-12-17 13:37:37.751 [main] LoggerLoad - Starting test: runScenario
[INFO ] 2025-12-17 13:37:59.173 [main] LoggerLoad - Test Passed: runScenario
[INFO ] 2025-12-17 13:37:59.174 [main] LoggerLoad - Starting test: runScenario
[INFO ] 2025-12-17 13:38:19.746 [main] LoggerLoad - Test Passed: runScenario
[INFO ] 2025-12-17 13:38:19.747 [main] LoggerLoad - Starting test: runScenario
[INFO ] 2025-12-17 13:38:20.613 [main] LoggerLoad - Test Passed: runScenario
[INFO ] 2025-12-17 13:38:20.614 [main] LoggerLoad - Starting test: runScenario
[INFO ] 2025-12-17 13:38:20.991 [main] LoggerLoad - Test Passed: runScenario
[INFO ] 2025-12-17 13:38:20.994 [main] LoggerLoad - Starting test: runScenario
[INFO ] 2025-12-17 13:38:31.435 [main] LoggerLoad - Test Passed: runScenario
[INFO ] 2025-12-17 13:38:31.435 [main] LoggerLoad - Starting test: runScenario
[INFO ] 2025-12-17 13:38:42.551 [main] LoggerLoad - Test Passed: runScenario
[INFO ] 2025-12-17 13:38:42.552 [main] LoggerLoad - Starting test: runScenario
[INFO ] 2025-12-17 13:39:03.980 [main] LoggerLoad - Test Passed: runScenario
[INFO ] 2025-12-17 13:39:03.981 [main] LoggerLoad - Starting test: runScenario
[INFO ] 2025-12-17 13:39:04.958 [main] LoggerLoad - Test Passed: runScenario
[INFO ] 2025-12-17 13:39:04.960 [main] LoggerLoad - Starting test: runScenario
[INFO ] 2025-12-17 13:39:16.289 [main] LoggerLoad - Test Passed: runScenario
[INFO ] 2025-12-17 13:39:16.290 [main] LoggerLoad - Starting test: runScenario
[INFO ] 2025-12-17 13:39:28.760 [main] LoggerLoad - Test Passed: runScenario
[INFO ] 2025-12-17 13:39:28.761 [main] LoggerLoad - Starting test: runScenario
[INFO ] 2025-12-17 13:39:29.577 [main] LoggerLoad - Test Passed: runScenario
[INFO ] 2025-12-17 13:39:29.582 [main] LoggerLoad - Starting test: runScenario
[INFO ] 2025-12-17 13:39:30.337 [main] LoggerLoad - Test Passed: runScenario
[INFO ] 2025-12-17 13:39:30.338 [main] LoggerLoad - Starting test: runScenario
[INFO ] 2025-12-17 13:39:31.024 [main] LoggerLoad - Test Passed: runScenario
[INFO ] 2025-12-17 13:39:31.025 [main] LoggerLoad - Starting test: runScenario
[INFO ] 2025-12-17 13:39:50.138 [main] LoggerLoad - Test Passed: runScenario
[INFO ] 2025-12-17 13:39:50.140 [main] LoggerLoad - Starting test: runScenario
[INFO ] 2025-12-17 13:39:51.551 [main] LoggerLoad - Test Passed: runScenario
[INFO ] 2025-12-17 13:39:51.553 [main] LoggerLoad - Starting test: runScenario
[INFO ] 2025-12-17 13:39:52.658 [main] LoggerLoad - Test Passed: runScenario
[INFO ] 2025-12-17 13:39:52.661 [main] LoggerLoad - Starting test: runScenario
[INFO ] 2025-12-17 13:39:54.189 [main] LoggerLoad - Test Passed: runScenario
[INFO ] 2025-12-17 13:39:54.190 [main] LoggerLoad - Starting test: runScenario
[INFO ] 2025-12-17 13:39:55.889 [main] LoggerLoad - Test Passed: runScenario
[INFO ] 2025-12-17 13:39:55.890 [main] LoggerLoad - Starting test: runScenario
[INFO ] 2025-12-17 13:39:57.177 [main] LoggerLoad - Test Passed: runScenario
[INFO ] 2025-12-17 13:39:57.477 [main] LoggerLoad - ===== Test Execution Finished =====
[INFO ] 2026-01-02 13:33:23.798 [main] LoggerLoad - Starting test: runScenario
[INFO ] 2026-01-02 13:33:41.899 [main] LoggerLoad - Test Passed: runScenario
[INFO ] 2026-01-02 13:33:41.905 [main] LoggerLoad - Starting test: runScenario
[INFO ] 2026-01-02 13:33:43.238 [main] LoggerLoad - Test Passed: runScenario
[INFO ] 2026-01-02 13:33:43.241 [main] LoggerLoad - Starting test: runScenario
[INFO ] 2026-01-02 13:33:43.877 [main] LoggerLoad - Test Passed: runScenario
[INFO ] 2026-01-02 13:33:43.879 [main] LoggerLoad - Starting test: runScenario
[INFO ] 2026-01-02 13:33:44.320 [main] LoggerLoad - Test Passed: runScenario
[INFO ] 2026-01-02 13:33:44.322 [main] LoggerLoad - Starting test: runScenario
[INFO ] 2026-01-02 13:33:45.691 [main] LoggerLoad - Test Passed: runScenario
[INFO ] 2026-01-02 13:33:45.692 [main] LoggerLoad - Starting test: runScenario
[INFO ] 2026-01-02 13:33:46.583 [main] LoggerLoad - Test Passed: runScenario
[INFO ] 2026-01-02 13:33:46.585 [main] LoggerLoad - Starting test: runScenario
[INFO ] 2026-01-02 13:33:47.345 [main] LoggerLoad - Test Passed: runScenario
[INFO ] 2026-01-02 13:33:47.348 [main] LoggerLoad - Starting test: runScenario
[INFO ] 2026-01-02 13:33:48.428 [main] LoggerLoad - Test Passed: runScenario
[INFO ] 2026-01-02 13:33:48.431 [main] LoggerLoad - Starting test: runScenario
[INFO ] 2026-01-02 13:33:49.279 [main] LoggerLoad - Test Passed: runScenario
[INFO ] 2026-01-02 13:33:49.280 [main] LoggerLoad - Starting test: runScenario
[INFO ] 2026-01-02 13:33:50.215 [main] LoggerLoad - Test Passed: runScenario
[INFO ] 2026-01-02 13:33:50.216 [main] LoggerLoad - Starting test: runScenario
[INFO ] 2026-01-02 13:33:51.103 [main] LoggerLoad - Test Passed: runScenario
[INFO ] 2026-01-02 13:33:51.104 [main] LoggerLoad - Starting test: runScenario
[INFO ] 2026-01-02 13:33:52.017 [main] LoggerLoad - Test Passed: runScenario
[INFO ] 2026-01-02 13:33:52.018 [main] LoggerLoad - Starting test: runScenario
[INFO ] 2026-01-02 13:33:52.847 [main] LoggerLoad - Test Passed: runScenario
[INFO ] 2026-01-02 13:33:52.852 [main] LoggerLoad - Starting test: runScenario
[INFO ] 2026-01-02 13:33:53.698 [main] LoggerLoad - Test Passed: runScenario
[INFO ] 2026-01-02 13:33:53.701 [main] LoggerLoad - Starting test: runScenario
[INFO ] 2026-01-02 13:33:54.550 [main] LoggerLoad - Test Passed: runScenario
[INFO ] 2026-01-02 13:33:54.552 [main] LoggerLoad - Starting test: runScenario
[INFO ] 2026-01-02 13:33:55.564 [main] LoggerLoad - Test Passed: runScenario
[INFO ] 2026-01-02 13:33:55.566 [main] LoggerLoad - Starting test: runScenario
[INFO ] 2026-01-02 13:33:56.542 [main] LoggerLoad - Test Passed: runScenario
[INFO ] 2026-01-02 13:33:56.544 [main] LoggerLoad - Starting test: runScenario
[INFO ] 2026-01-02 13:33:58.434 [main] ArraysList - successfully logged into the dsalgo application
[INFO ] 2026-01-02 13:33:59.137 [main] ArraysList - successfully logged into the array module
[INFO ] 2026-01-02 13:33:59.288 [main] LoggerLoad - Test Passed: runScenario
[INFO ] 2026-01-02 13:33:59.290 [main] LoggerLoad - Starting test: runScenario
[INFO ] 2026-01-02 13:34:01.054 [main] ArraysList - successfully logged into the dsalgo application
[INFO ] 2026-01-02 13:34:01.611 [main] ArraysList - successfully logged into the array module
[INFO ] 2026-01-02 13:34:03.183 [main] LoggerLoad - Test Passed: runScenario
[INFO ] 2026-01-02 13:34:03.186 [main] LoggerLoad - Starting test: runScenario
[INFO ] 2026-01-02 13:34:05.202 [main] ArraysList - successfully logged into the dsalgo application
[INFO ] 2026-01-02 13:34:05.664 [main] ArraysList - successfully logged into the array module
[INFO ] 2026-01-02 13:34:07.527 [main] LoggerLoad - Test Passed: runScenario
[INFO ] 2026-01-02 13:34:07.528 [main] LoggerLoad - Starting test: runScenario
[INFO ] 2026-01-02 13:34:08.864 [main] ArraysList - successfully logged into the dsalgo application
[INFO ] 2026-01-02 13:34:09.574 [main] ArraysList - successfully logged into the array module
[INFO ] 2026-01-02 13:34:14.348 [main] ArraysList - An alert message should be shown for Graph Topic invalid execution
[INFO ] 2026-01-02 13:34:14.415 [main] LoggerLoad - Test Passed: runScenario
[INFO ] 2026-01-02 13:34:14.417 [main] LoggerLoad - Starting test: runScenario
[INFO ] 2026-01-02 13:34:15.794 [main] ArraysList - successfully logged into the dsalgo application
[INFO ] 2026-01-02 13:34:16.509 [main] ArraysList - successfully logged into the array module
[INFO ] 2026-01-02 13:34:18.738 [main] ArraysList - An alert message should be shown for Graph Topic invalid execution
[INFO ] 2026-01-02 13:34:18.763 [main] LoggerLoad - Test Passed: runScenario
[INFO ] 2026-01-02 13:34:18.764 [main] LoggerLoad - Starting test: runScenario
[INFO ] 2026-01-02 13:34:20.635 [main] ArraysList - successfully logged into the dsalgo application
[INFO ] 2026-01-02 13:34:21.177 [main] ArraysList - successfully logged into the array module
[INFO ] 2026-01-02 13:34:24.586 [main] ArraysList - The user should see output in the console for ArrayList Page40
[INFO ] 2026-01-02 13:34:24.631 [main] LoggerLoad - Test Passed: runScenario
[INFO ] 2026-01-02 13:34:24.632 [main] LoggerLoad - Starting test: runScenario
[INFO ] 2026-01-02 13:34:26.571 [main] GraphList - successfully logged into the dsalgo application
[INFO ] 2026-01-02 13:34:28.729 [main] GraphList - The Try Editor page for Graph Topic should display with a Run option
[INFO ] 2026-01-02 13:34:28.785 [main] LoggerLoad - Test Passed: runScenario
[INFO ] 2026-01-02 13:34:28.787 [main] LoggerLoad - Starting test: runScenario
[INFO ] 2026-01-02 13:34:30.378 [main] GraphList - successfully logged into the dsalgo application
[INFO ] 2026-01-02 13:34:31.904 [main] GraphList - The Try Editor page for Graph Topic should display with a Run option
[INFO ] 2026-01-02 13:34:31.905 [main] GraphList - The user is on the Try Editor page for Graph Topic
[INFO ] 2026-01-02 13:34:35.407 [main] GraphList - An alert message should be shown for Graph Topic invalid execution
[INFO ] 2026-01-02 13:34:35.464 [main] LoggerLoad - Test Passed: runScenario
[INFO ] 2026-01-02 13:34:35.465 [main] LoggerLoad - Starting test: runScenario
[INFO ] 2026-01-02 13:34:36.877 [main] GraphList - successfully logged into the dsalgo application
[INFO ] 2026-01-02 13:34:38.540 [main] GraphList - The Try Editor page for Graph Topic should display with a Run option
[INFO ] 2026-01-02 13:34:38.541 [main] GraphList - The user is on the Try Editor page for Graph Topic
[INFO ] 2026-01-02 13:34:39.157 [main] GraphList - An alert message should be shown for Graph Topic invalid execution
[INFO ] 2026-01-02 13:34:39.196 [main] LoggerLoad - Test Passed: runScenario
[INFO ] 2026-01-02 13:34:39.197 [main] LoggerLoad - Starting test: runScenario
[INFO ] 2026-01-02 13:34:40.848 [main] GraphList - successfully logged into the dsalgo application
[INFO ] 2026-01-02 13:34:43.865 [main] LoggerLoad - Test Passed: runScenario
[INFO ] 2026-01-02 13:34:43.866 [main] LoggerLoad - Starting test: runScenario
[INFO ] 2026-01-02 13:34:45.153 [main] GraphList - successfully logged into the dsalgo application
[INFO ] 2026-01-02 13:34:47.705 [main] GraphList - The user is on the Try Editor page for Graph Representations
[INFO ] 2026-01-02 13:34:51.075 [main] GraphList - An alert message should be shown for Graph Representations invalid execution
[INFO ] 2026-01-02 13:34:51.139 [main] LoggerLoad - Test Passed: runScenario
[INFO ] 2026-01-02 13:34:51.141 [main] LoggerLoad - Starting test: runScenario
[INFO ] 2026-01-02 13:34:53.426 [main] GraphList - successfully logged into the dsalgo application
[INFO ] 2026-01-02 13:34:55.985 [main] GraphList - The user is on the Try Editor page for Graph Representations
[INFO ] 2026-01-02 13:34:56.530 [main] GraphList - An alert message should be shown for Graph Representations invalid execution
[INFO ] 2026-01-02 13:34:56.573 [main] LoggerLoad - Test Passed: runScenario
[INFO ] 2026-01-02 13:34:56.574 [main] LoggerLoad - Starting test: runScenario
[INFO ] 2026-01-02 13:34:58.442 [main] GraphList - successfully logged into the dsalgo application
[INFO ] 2026-01-02 13:35:01.342 [main] GraphList - The user should see output in the console for Graph Page7
[INFO ] 2026-01-02 13:35:01.364 [main] LoggerLoad - Test Passed: runScenario
[INFO ] 2026-01-02 13:35:01.365 [main] LoggerLoad - Starting test: runScenario
[INFO ] 2026-01-02 13:35:02.346 [main] LoggerLoad - Test Passed: runScenario
[INFO ] 2026-01-02 13:35:02.346 [main] LoggerLoad - Starting test: runScenario
[INFO ] 2026-01-02 13:35:03.053 [main] LoggerLoad - Test Passed: runScenario
[INFO ] 2026-01-02 13:35:03.054 [main] LoggerLoad - Starting test: runScenario
[INFO ] 2026-01-02 13:35:04.112 [main] LoggerLoad - Test Passed: runScenario
[INFO ] 2026-01-02 13:35:04.113 [main] LoggerLoad - Starting test: runScenario
[INFO ] 2026-01-02 13:35:05.020 [main] LoggerLoad - Test Passed: runScenario
[INFO ] 2026-01-02 13:35:05.021 [main] LoggerLoad - Starting test: runScenario
[INFO ] 2026-01-02 13:35:06.294 [main] registerSteps - Errormessafe for the password confirmation box
[INFO ] 2026-01-02 13:35:06.317 [main] LoggerLoad - Test Passed: runScenario
[INFO ] 2026-01-02 13:35:06.318 [main] LoggerLoad - Starting test: runScenario
[INFO ] 2026-01-02 13:35:07.982 [main] LoggerLoad - Test Passed: runScenario
[INFO ] 2026-01-02 13:35:07.982 [main] LoggerLoad - Starting test: runScenario
[INFO ] 2026-01-02 13:35:09.209 [main] LoggerLoad - Test Passed: runScenario
[INFO ] 2026-01-02 13:35:09.210 [main] LoggerLoad - Starting test: runScenario
[INFO ] 2026-01-02 13:35:10.615 [main] LoggerLoad - Test Passed: runScenario
[INFO ] 2026-01-02 13:35:10.616 [main] LoggerLoad - Starting test: runScenario
[ERROR] 2026-01-02 13:35:16.215 [main] LoggerLoad - Test Failed: runScenario
[INFO ] 2026-01-02 13:35:16.469 [main] LoggerLoad - Starting test: runScenario
[INFO ] 2026-01-02 13:35:18.414 [main] StackSteps - successfully logged into the dsalgo application
[INFO ] 2026-01-02 13:35:19.632 [main] LoggerLoad - Test Passed: runScenario
[INFO ] 2026-01-02 13:35:19.633 [main] LoggerLoad - Starting test: runScenario
[INFO ] 2026-01-02 13:35:21.385 [main] LoggerLoad - Test Passed: runScenario
[INFO ] 2026-01-02 13:35:21.388 [main] LoggerLoad - Starting test: runScenario
[INFO ] 2026-01-02 13:35:22.682 [main] LoggerLoad - Test Passed: runScenario
[INFO ] 2026-01-02 13:35:22.683 [main] LoggerLoad - Starting test: runScenario
[ERROR] 2026-01-02 13:35:28.215 [main] LoggerLoad - Test Failed: runScenario
[INFO ] 2026-01-02 13:35:28.456 [main] LoggerLoad - Starting test: runScenario
[ERROR] 2026-01-02 13:35:34.053 [main] LoggerLoad - Test Failed: runScenario
[INFO ] 2026-01-02 13:35:34.261 [main] LoggerLoad - Starting test: runScenario
[ERROR] 2026-01-02 13:35:39.725 [main] LoggerLoad - Test Failed: runScenario
[INFO ] 2026-01-02 13:35:39.934 [main] LoggerLoad - Starting test: runScenario
[INFO ] 2026-01-02 13:35:41.313 [main] LoggerLoad - Test Passed: runScenario
[INFO ] 2026-01-02 13:35:41.315 [main] LoggerLoad - Starting test: runScenario
[INFO ] 2026-01-02 13:35:42.602 [main] LoggerLoad - Test Passed: runScenario
[INFO ] 2026-01-02 13:35:42.603 [main] LoggerLoad - Starting test: runScenario
[ERROR] 2026-01-02 13:35:48.063 [main] LoggerLoad - Test Failed: runScenario
[INFO ] 2026-01-02 13:35:48.298 [main] LoggerLoad - Starting test: runScenario
[ERROR] 2026-01-02 13:35:53.882 [main] LoggerLoad - Test Failed: runScenario
[INFO ] 2026-01-02 13:35:54.101 [main] LoggerLoad - Starting test: runScenario
[ERROR] 2026-01-02 13:35:59.543 [main] LoggerLoad - Test Failed: runScenario
[INFO ] 2026-01-02 13:35:59.740 [main] LoggerLoad - Starting test: runScenario
[ERROR] 2026-01-02 13:36:05.273 [main] LoggerLoad - Test Failed: runScenario
[INFO ] 2026-01-02 13:36:05.464 [main] LoggerLoad - Starting test: runScenario
[INFO ] 2026-01-02 13:36:06.767 [main] LoggerLoad - Test Passed: runScenario
[INFO ] 2026-01-02 13:36:06.769 [main] LoggerLoad - Starting test: runScenario
[INFO ] 2026-01-02 13:36:08.176 [main] LoggerLoad - Test Passed: runScenario
[INFO ] 2026-01-02 13:36:08.178 [main] LoggerLoad - Starting test: runScenario
[ERROR] 2026-01-02 13:36:13.677 [main] LoggerLoad - Test Failed: runScenario
[INFO ] 2026-01-02 13:36:13.904 [main] LoggerLoad - Starting test: runScenario
[ERROR] 2026-01-02 13:36:19.461 [main] LoggerLoad - Test Failed: runScenario
[INFO ] 2026-01-02 13:36:19.670 [main] LoggerLoad - Starting test: runScenario
[ERROR] 2026-01-02 13:36:25.106 [main] LoggerLoad - Test Failed: runScenario
[INFO ] 2026-01-02 13:36:25.337 [main] LoggerLoad - Starting test: runScenario
[ERROR] 2026-01-02 13:36:30.911 [main] LoggerLoad - Test Failed: runScenario
[INFO ] 2026-01-02 13:36:31.133 [main] LoggerLoad - Starting test: runScenario
[INFO ] 2026-01-02 13:36:32.518 [main] LoggerLoad - Test Passed: runScenario
[INFO ] 2026-01-02 13:36:32.519 [main] LoggerLoad - Starting test: runScenario
[INFO ] 2026-01-02 13:36:44.117 [main] LoggerLoad - Test Passed: runScenario
[INFO ] 2026-01-02 13:36:44.118 [main] LoggerLoad - Starting test: runScenario
[INFO ] 2026-01-02 13:36:56.075 [main] LoggerLoad - Test Passed: runScenario
[INFO ] 2026-01-02 13:36:56.076 [main] LoggerLoad - Starting test: runScenario
[INFO ] 2026-01-02 13:36:57.030 [main] LoggerLoad - Test Passed: runScenario
[INFO ] 2026-01-02 13:36:57.031 [main] LoggerLoad - Starting test: runScenario
[INFO ] 2026-01-02 13:36:58.148 [main] LoggerLoad - Test Passed: runScenario
[INFO ] 2026-01-02 13:36:58.149 [main] LoggerLoad - Starting test: runScenario
[INFO ] 2026-01-02 13:36:59.424 [main] LoggerLoad - Test Passed: runScenario
[INFO ] 2026-01-02 13:36:59.427 [main] LoggerLoad - Starting test: runScenario
[INFO ] 2026-01-02 13:37:01.036 [main] LoggerLoad - Test Passed: runScenario
[INFO ] 2026-01-02 13:37:01.037 [main] LoggerLoad - Starting test: runScenario
[INFO ] 2026-01-02 13:37:03.286 [main] LoggerLoad - Test Passed: runScenario
[INFO ] 2026-01-02 13:37:03.287 [main] LoggerLoad - Starting test: runScenario
[INFO ] 2026-01-02 13:37:04.799 [main] LoggerLoad - Test Passed: runScenario
[INFO ] 2026-01-02 13:37:04.800 [main] LoggerLoad - Starting test: runScenario
[INFO ] 2026-01-02 13:37:06.351 [main] LoggerLoad - Test Passed: runScenario
[INFO ] 2026-01-02 13:37:06.352 [main] LoggerLoad - Starting test: runScenario
[INFO ] 2026-01-02 13:37:07.719 [main] LoggerLoad - Test Passed: runScenario
[INFO ] 2026-01-02 13:37:07.722 [main] LoggerLoad - Starting test: runScenario
[INFO ] 2026-01-02 13:37:09.431 [main] LoggerLoad - Test Passed: runScenario
[INFO ] 2026-01-02 13:37:09.965 [main] LoggerLoad - ===== Test Execution Finished =====
