<!DOCTYPE html>

<html>
  <head>
  <meta charset='utf-8'>
  <title>TestNG reports</title>

    <link type="text/css" href="testng-reports1.css" rel="stylesheet" id="ultra" />
    <link type="text/css" href="testng-reports.css" rel="stylesheet" id="retro" disabled="false"/>
    <script type="text/javascript" src="jquery-3.6.0.min.js"></script>
    <script type="text/javascript" src="testng-reports.js"></script>
    <script type="text/javascript" src="https://www.google.com/jsapi"></script>
    <script type='text/javascript'>
      google.load('visualization', '1', {packages:['table']});
      google.setOnLoadCallback(drawTable);
      var suiteTableInitFunctions = new Array();
      var suiteTableData = new Array();
    </script>
    <!--
      <script type="text/javascript" src="jquery-ui/js/jquery-ui-1.8.16.custom.min.js"></script>
     -->
  </head>

  <body>    <div class="top-banner-root">
      <span class="top-banner-title-font">Test results</span>
      <button id="button" class="button">Switch Retro Theme</button> <!-- button -->
      <br/>
      <span class="top-banner-font-1">1 suite, 8 failed tests</span>
    </div> <!-- top-banner-root -->
    <div class="navigator-root">
      <div class="navigator-suite-header">
        <span>All suites</span>
        <a href="#" title="Collapse/expand all the suites" class="collapse-all-link">
          <img src="collapseall.gif" class="collapse-all-icon">
          </img> <!-- collapse-all-icon -->
        </a> <!-- collapse-all-link -->
      </div> <!-- navigator-suite-header -->
      <div class="suite">
        <div class="rounded-window">
          <div class="suite-header light-rounded-window-top">
            <a href="#" panel-name="suite-Default_suite" class="navigator-link">
              <span class="suite-name border-failed">Default suite</span>
            </a> <!-- navigator-link -->
          </div> <!-- suite-header light-rounded-window-top -->
          <div class="navigator-suite-content">
            <div class="suite-section-title">
              <span>Info</span>
            </div> <!-- suite-section-title -->
            <div class="suite-section-content">
              <ul>
                <li>
                  <a href="#" panel-name="test-xml-Default_suite" class="navigator-link ">
                    <span>C:\Users\Happy Family\AppData\Local\Temp\testng-eclipse--1987645592\testng-customsuite.xml</span>
                  </a> <!-- navigator-link  -->
                </li>
                <li>
                  <a href="#" panel-name="testlist-Default_suite" class="navigator-link ">
                    <span class="test-stats">1 test</span>
                  </a> <!-- navigator-link  -->
                </li>
                <li>
                  <a href="#" panel-name="group-Default_suite" class="navigator-link ">
                    <span>1 group</span>
                  </a> <!-- navigator-link  -->
                </li>
                <li>
                  <a href="#" panel-name="times-Default_suite" class="navigator-link ">
                    <span>Times</span>
                  </a> <!-- navigator-link  -->
                </li>
                <li>
                  <a href="#" panel-name="reporter-Default_suite" class="navigator-link ">
                    <span>Reporter output</span>
                  </a> <!-- navigator-link  -->
                </li>
                <li>
                  <a href="#" panel-name="ignored-methods-Default_suite" class="navigator-link ">
                    <span>Ignored methods</span>
                  </a> <!-- navigator-link  -->
                </li>
                <li>
                  <a href="#" panel-name="chronological-Default_suite" class="navigator-link ">
                    <span>Chronological view</span>
                  </a> <!-- navigator-link  -->
                </li>
              </ul>
            </div> <!-- suite-section-content -->
            <div class="result-section">
              <div class="suite-section-title">
                <span>Results</span>
              </div> <!-- suite-section-title -->
              <div class="suite-section-content">
                <ul>
                  <li>
                    <span class="method-stats">39 methods, 8 failed,   31 passed</span>
                  </li>
                  <li>
                    <span class="method-list-title failed">Failed methods</span>
                    <span class="show-or-hide-methods failed">
                      <a href="#" panel-name="suite-Default_suite" class="hide-methods failed suite-Default_suite"> (hide)</a> <!-- hide-methods failed suite-Default_suite -->
                      <a href="#" panel-name="suite-Default_suite" class="show-methods failed suite-Default_suite"> (show)</a> <!-- show-methods failed suite-Default_suite -->
                    </span>
                    <div class="method-list-content failed suite-Default_suite">
                      <span>
                        <img src="failed.png" width="3%"/>
                        <a href="#" panel-name="suite-Default_suite" title="runners.MainRunner" class="method navigator-link" hash-for-method="runScenario(&quot;when clicking the &quot;Get Started&quot; button for &quot;Stack&quot;, its displayed Error message&quot;, &quot;DS_AGLO_APP Home...)">runScenario("when clicking the "Get Started" button for "Stack", its displayed Error message", "DS_AGLO_APP Home...)</a> <!-- method navigator-link -->
                      </span>
                      <br/>
                      <span>
                        <img src="failed.png" width="3%"/>
                        <a href="#" panel-name="suite-Default_suite" title="runners.MainRunner" class="method navigator-link" hash-for-method="runScenario(&quot;User navigates to the Home page after successful registration with valid inputs&quot;, &quot;DS_ALGO_APP Regi...)">runScenario("User navigates to the Home page after successful registration with valid inputs", "DS_ALGO_APP Regi...)</a> <!-- method navigator-link -->
                      </span>
                      <br/>
                      <span>
                        <img src="failed.png" width="3%"/>
                        <a href="#" panel-name="suite-Default_suite" title="runners.MainRunner" class="method navigator-link" hash-for-method="runScenario(&quot;Verify error message for Empty &amp; invalid python code for Arrays in Python page&quot;, &quot;Navigation and in...)">runScenario("Verify error message for Empty & invalid python code for Arrays in Python page", "Navigation and in...)</a> <!-- method navigator-link -->
                      </span>
                      <br/>
                      <span>
                        <img src="failed.png" width="3%"/>
                        <a href="#" panel-name="suite-Default_suite" title="runners.MainRunner" class="method navigator-link" hash-for-method="runScenario(&quot;when clicking  the &quot;Get Started&quot; button for &quot;Linked List&quot;, its displayed Error message&quot;, &quot;DS_AGLO_A...)">runScenario("when clicking  the "Get Started" button for "Linked List", its displayed Error message", "DS_AGLO_A...)</a> <!-- method navigator-link -->
                      </span>
                      <br/>
                      <span>
                        <img src="failed.png" width="3%"/>
                        <a href="#" panel-name="suite-Default_suite" title="runners.MainRunner" class="method navigator-link" hash-for-method="runScenario(&quot;when clicking  the &quot;Get Started&quot; button for &quot;Graph&quot;, its displayed Error message&quot;, &quot;DS_AGLO_APP Hom...)">runScenario("when clicking  the "Get Started" button for "Graph", its displayed Error message", "DS_AGLO_APP Hom...)</a> <!-- method navigator-link -->
                      </span>
                      <br/>
                      <span>
                        <img src="failed.png" width="3%"/>
                        <a href="#" panel-name="suite-Default_suite" title="runners.MainRunner" class="method navigator-link" hash-for-method="runScenario(&quot;when clicking the &quot;Get Started&quot; button for &quot;Tree&quot;, its displayed Error message&quot;, &quot;DS_AGLO_APP Home ...)">runScenario("when clicking the "Get Started" button for "Tree", its displayed Error message", "DS_AGLO_APP Home ...)</a> <!-- method navigator-link -->
                      </span>
                      <br/>
                      <span>
                        <img src="failed.png" width="3%"/>
                        <a href="#" panel-name="suite-Default_suite" title="runners.MainRunner" class="method navigator-link" hash-for-method="runScenario(&quot;when selecting &quot;Array&quot; dropdown menu , its displayed the Error Message&quot;, &quot;DS_AGLO_APP Home Page Ver...)">runScenario("when selecting "Array" dropdown menu , its displayed the Error Message", "DS_AGLO_APP Home Page Ver...)</a> <!-- method navigator-link -->
                      </span>
                      <br/>
                      <span>
                        <img src="failed.png" width="3%"/>
                        <a href="#" panel-name="suite-Default_suite" title="runners.MainRunner" class="method navigator-link" hash-for-method="runScenario(&quot;when clicking the &quot;Get Started&quot; button for &quot;Queue&quot; , its displayed Error message&quot;, &quot;DS_AGLO_APP Hom...)">runScenario("when clicking the "Get Started" button for "Queue" , its displayed Error message", "DS_AGLO_APP Hom...)</a> <!-- method navigator-link -->
                      </span>
                      <br/>
                    </div> <!-- method-list-content failed suite-Default_suite -->
                  </li>
                  <li>
                    <span class="method-list-title passed">Passed methods</span>
                    <span class="show-or-hide-methods passed">
                      <a href="#" panel-name="suite-Default_suite" class="hide-methods passed suite-Default_suite"> (hide)</a> <!-- hide-methods passed suite-Default_suite -->
                      <a href="#" panel-name="suite-Default_suite" class="show-methods passed suite-Default_suite"> (show)</a> <!-- show-methods passed suite-Default_suite -->
                    </span>
                    <div class="method-list-content passed suite-Default_suite">
                      <span>
                        <img src="passed.png" width="3%"/>
                        <a href="#" panel-name="suite-Default_suite" title="runners.MainRunner" class="method navigator-link" hash-for-method="runScenario(&quot;when selecting  &quot;Graph&quot; in the dropdown menu, its displyed Error message&quot;, &quot;DS_AGLO_APP Home Page V...)">runScenario("when selecting  "Graph" in the dropdown menu, its displyed Error message", "DS_AGLO_APP Home Page V...)</a> <!-- method navigator-link -->
                      </span>
                      <br/>
                      <span>
                        <img src="passed.png" width="3%"/>
                        <a href="#" panel-name="suite-Default_suite" title="runners.MainRunner" class="method navigator-link" hash-for-method="runScenario(&quot;Validate alert handling for invalid input on Graph Representations Try Editor&quot;, &quot;Navigation and int...)">runScenario("Validate alert handling for invalid input on Graph Representations Try Editor", "Navigation and int...)</a> <!-- method navigator-link -->
                      </span>
                      <br/>
                      <span>
                        <img src="passed.png" width="3%"/>
                        <a href="#" panel-name="suite-Default_suite" title="runners.MainRunner" class="method navigator-link" hash-for-method="runScenario(&quot;when selecting  Tree in the dropdown menu, its displayed Error message&quot;, &quot;DS_AGLO_APP Home Page Ver...)">runScenario("when selecting  Tree in the dropdown menu, its displayed Error message", "DS_AGLO_APP Home Page Ver...)</a> <!-- method navigator-link -->
                      </span>
                      <br/>
                      <span>
                        <img src="passed.png" width="3%"/>
                        <a href="#" panel-name="suite-Default_suite" title="runners.MainRunner" class="method navigator-link" hash-for-method="runScenario(&quot;when selecting  &quot;Queue&quot; in the dropdown menu, its displayed Error message&quot;, &quot;DS_AGLO_APP Home Page ...)">runScenario("when selecting  "Queue" in the dropdown menu, its displayed Error message", "DS_AGLO_APP Home Page ...)</a> <!-- method navigator-link -->
                      </span>
                      <br/>
                      <span>
                        <img src="passed.png" width="3%"/>
                        <a href="#" panel-name="suite-Default_suite" title="runners.MainRunner" class="method navigator-link" hash-for-method="runScenario(&quot;Launch Graph Representations page&quot;, &quot;Navigation and interaction in dsAlgo Portal - Graph Section&quot;)">runScenario("Launch Graph Representations page", "Navigation and interaction in dsAlgo Portal - Graph Section")</a> <!-- method navigator-link -->
                      </span>
                      <br/>
                      <span>
                        <img src="passed.png" width="3%"/>
                        <a href="#" panel-name="suite-Default_suite" title="runners.MainRunner" class="method navigator-link" hash-for-method="runScenario(&quot;Error message is displayed for Invalid Password&quot;, &quot;DS_ALGO_APP Register Page Verification&quot;)">runScenario("Error message is displayed for Invalid Password", "DS_ALGO_APP Register Page Verification")</a> <!-- method navigator-link -->
                      </span>
                      <br/>
                      <span>
                        <img src="passed.png" width="3%"/>
                        <a href="#" panel-name="suite-Default_suite" title="runners.MainRunner" class="method navigator-link" hash-for-method="runScenario(&quot;when selecting &quot;Data Structure&quot; dropdown menu , its displayed the Error Message&quot;, &quot;DS_AGLO_APP Home...)">runScenario("when selecting "Data Structure" dropdown menu , its displayed the Error Message", "DS_AGLO_APP Home...)</a> <!-- method navigator-link -->
                      </span>
                      <br/>
                      <span>
                        <img src="passed.png" width="3%"/>
                        <a href="#" panel-name="suite-Default_suite" title="runners.MainRunner" class="method navigator-link" hash-for-method="runScenario(&quot;Validate alert handling for invalid input on Graph Representations Try Editor&quot;, &quot;Navigation and int...)">runScenario("Validate alert handling for invalid input on Graph Representations Try Editor", "Navigation and int...)</a> <!-- method navigator-link -->
                      </span>
                      <br/>
                      <span>
                        <img src="passed.png" width="3%"/>
                        <a href="#" panel-name="suite-Default_suite" title="runners.MainRunner" class="method navigator-link" hash-for-method="runScenario(&quot;User opens the DS Algo Portal&quot;, &quot;DS_AGLO_APP Home Page Verification&quot;)">runScenario("User opens the DS Algo Portal", "DS_AGLO_APP Home Page Verification")</a> <!-- method navigator-link -->
                      </span>
                      <br/>
                      <span>
                        <img src="passed.png" width="3%"/>
                        <a href="#" panel-name="suite-Default_suite" title="runners.MainRunner" class="method navigator-link" hash-for-method="runScenario(&quot;Error message are displayed when Username field is empty&quot;, &quot;DS_ALGO_APP Register Page Verification&quot;)">runScenario("Error message are displayed when Username field is empty", "DS_ALGO_APP Register Page Verification")</a> <!-- method navigator-link -->
                      </span>
                      <br/>
                      <span>
                        <img src="passed.png" width="3%"/>
                        <a href="#" panel-name="suite-Default_suite" title="runners.MainRunner" class="method navigator-link" hash-for-method="runScenario(&quot;Verify user is able to navigate to Arrays in Python page&quot;, &quot;Navigation and interaction in dsAlgo Po...)">runScenario("Verify user is able to navigate to Arrays in Python page", "Navigation and interaction in dsAlgo Po...)</a> <!-- method navigator-link -->
                      </span>
                      <br/>
                      <span>
                        <img src="passed.png" width="3%"/>
                        <a href="#" panel-name="suite-Default_suite" title="runners.MainRunner" class="method navigator-link" hash-for-method="runScenario(&quot;Validate alert handling for invalid input on Graph Topic Try Editor&quot;, &quot;Navigation and interaction i...)">runScenario("Validate alert handling for invalid input on Graph Topic Try Editor", "Navigation and interaction i...)</a> <!-- method navigator-link -->
                      </span>
                      <br/>
                      <span>
                        <img src="passed.png" width="3%"/>
                        <a href="#" panel-name="suite-Default_suite" title="runners.MainRunner" class="method navigator-link" hash-for-method="runScenario(&quot;Error messages are displayed when all fields are empty  during Registration&quot;, &quot;DS_ALGO_APP Register...)">runScenario("Error messages are displayed when all fields are empty  during Registration", "DS_ALGO_APP Register...)</a> <!-- method navigator-link -->
                      </span>
                      <br/>
                      <span>
                        <img src="passed.png" width="3%"/>
                        <a href="#" panel-name="suite-Default_suite" title="runners.MainRunner" class="method navigator-link" hash-for-method="runScenario(&quot;Error message is displayed for Invalid Username&quot;, &quot;DS_ALGO_APP Register Page Verification&quot;)">runScenario("Error message is displayed for Invalid Username", "DS_ALGO_APP Register Page Verification")</a> <!-- method navigator-link -->
                      </span>
                      <br/>
                      <span>
                        <img src="passed.png" width="3%"/>
                        <a href="#" panel-name="suite-Default_suite" title="runners.MainRunner" class="method navigator-link" hash-for-method="runScenario(&quot;Validate alert handling for invalid input on Graph Topic Try Editor&quot;, &quot;Navigation and interaction i...)">runScenario("Validate alert handling for invalid input on Graph Topic Try Editor", "Navigation and interaction i...)</a> <!-- method navigator-link -->
                      </span>
                      <br/>
                      <span>
                        <img src="passed.png" width="3%"/>
                        <a href="#" panel-name="suite-Default_suite" title="runners.MainRunner" class="method navigator-link" hash-for-method="runScenario(&quot;Verify user is able to navigate to Array page&quot;, &quot;Navigation and interaction in dsAlgo Portal - Arra...)">runScenario("Verify user is able to navigate to Array page", "Navigation and interaction in dsAlgo Portal - Arra...)</a> <!-- method navigator-link -->
                      </span>
                      <br/>
                      <span>
                        <img src="passed.png" width="3%"/>
                        <a href="#" panel-name="suite-Default_suite" title="runners.MainRunner" class="method navigator-link" hash-for-method="runScenario(&quot;when clicking the &quot;Get Started&quot; button for &quot;Arrays&quot;, Its displayed Error message&quot;, &quot;DS_AGLO_APP Hom...)">runScenario("when clicking the "Get Started" button for "Arrays", Its displayed Error message", "DS_AGLO_APP Hom...)</a> <!-- method navigator-link -->
                      </span>
                      <br/>
                      <span>
                        <img src="passed.png" width="3%"/>
                        <a href="#" panel-name="suite-Default_suite" title="runners.MainRunner" class="method navigator-link" hash-for-method="runScenario(&quot;Error messages are displayed when the Password Confirmation field is empty&quot;, &quot;DS_ALGO_APP Register ...)">runScenario("Error messages are displayed when the Password Confirmation field is empty", "DS_ALGO_APP Register ...)</a> <!-- method navigator-link -->
                      </span>
                      <br/>
                      <span>
                        <img src="passed.png" width="3%"/>
                        <a href="#" panel-name="suite-Default_suite" title="runners.MainRunner" class="method navigator-link" hash-for-method="runScenario(&quot;Error message is displayed when Password and Password confirmation did not match&quot;, &quot;DS_ALGO_APP Reg...)">runScenario("Error message is displayed when Password and Password confirmation did not match", "DS_ALGO_APP Reg...)</a> <!-- method navigator-link -->
                      </span>
                      <br/>
                      <span>
                        <img src="passed.png" width="3%"/>
                        <a href="#" panel-name="suite-Default_suite" title="runners.MainRunner" class="method navigator-link" hash-for-method="runScenario(&quot;when selecting  &quot;Stack&quot; in the dropdown menu, its displayed Error mesaage&quot;, &quot;DS_AGLO_APP Home Page ...)">runScenario("when selecting  "Stack" in the dropdown menu, its displayed Error mesaage", "DS_AGLO_APP Home Page ...)</a> <!-- method navigator-link -->
                      </span>
                      <br/>
                      <span>
                        <img src="passed.png" width="3%"/>
                        <a href="#" panel-name="suite-Default_suite" title="runners.MainRunner" class="method navigator-link" hash-for-method="runScenario(&quot;Open Graph main page from Home&quot;, &quot;Navigation and interaction in dsAlgo Portal - Graph Section&quot;)">runScenario("Open Graph main page from Home", "Navigation and interaction in dsAlgo Portal - Graph Section")</a> <!-- method navigator-link -->
                      </span>
                      <br/>
                      <span>
                        <img src="passed.png" width="3%"/>
                        <a href="#" panel-name="suite-Default_suite" title="runners.MainRunner" class="method navigator-link" hash-for-method="runScenario(&quot;Error messages are displayed when the Password field is empty&quot;, &quot;DS_ALGO_APP Register Page Verifica...)">runScenario("Error messages are displayed when the Password field is empty", "DS_ALGO_APP Register Page Verifica...)</a> <!-- method navigator-link -->
                      </span>
                      <br/>
                      <span>
                        <img src="passed.png" width="3%"/>
                        <a href="#" panel-name="suite-Default_suite" title="runners.MainRunner" class="method navigator-link" hash-for-method="runScenario(&quot;User views the Data Structures Dropdown Options&quot;, &quot;DS_AGLO_APP Home Page Verification&quot;)">runScenario("User views the Data Structures Dropdown Options", "DS_AGLO_APP Home Page Verification")</a> <!-- method navigator-link -->
                      </span>
                      <br/>
                      <span>
                        <img src="passed.png" width="3%"/>
                        <a href="#" panel-name="suite-Default_suite" title="runners.MainRunner" class="method navigator-link" hash-for-method="runScenario(&quot;User navigates to the Register page&quot;, &quot;DS_ALGO_APP Register Page Verification&quot;)">runScenario("User navigates to the Register page", "DS_ALGO_APP Register Page Verification")</a> <!-- method navigator-link -->
                      </span>
                      <br/>
                      <span>
                        <img src="passed.png" width="3%"/>
                        <a href="#" panel-name="suite-Default_suite" title="runners.MainRunner" class="method navigator-link" hash-for-method="runScenario(&quot;User Accesses the Home page&quot;, &quot;DS_AGLO_APP Home Page Verification&quot;)">runScenario("User Accesses the Home page", "DS_AGLO_APP Home Page Verification")</a> <!-- method navigator-link -->
                      </span>
                      <br/>
                      <span>
                        <img src="passed.png" width="3%"/>
                        <a href="#" panel-name="suite-Default_suite" title="runners.MainRunner" class="method navigator-link" hash-for-method="runScenario(&quot;when clicking the &quot;Get Started &quot;button for &quot;Data structures - Induction&quot;, Its displayed Error messa...)">runScenario("when clicking the "Get Started "button for "Data structures - Induction", Its displayed Error messa...)</a> <!-- method navigator-link -->
                      </span>
                      <br/>
                      <span>
                        <img src="passed.png" width="3%"/>
                        <a href="#" panel-name="suite-Default_suite" title="runners.MainRunner" class="method navigator-link" hash-for-method="runScenario(&quot;Verify user is able to see output for valid python code for Arrays in Python page&quot;, &quot;Navigation and...)">runScenario("Verify user is able to see output for valid python code for Arrays in Python page", "Navigation and...)</a> <!-- method navigator-link -->
                      </span>
                      <br/>
                      <span>
                        <img src="passed.png" width="3%"/>
                        <a href="#" panel-name="suite-Default_suite" title="runners.MainRunner" class="method navigator-link" hash-for-method="runScenario(&quot;Verify user is able to navigate to try Editor page for Arrays in Python&quot;, &quot;Navigation and interacti...)">runScenario("Verify user is able to navigate to try Editor page for Arrays in Python", "Navigation and interacti...)</a> <!-- method navigator-link -->
                      </span>
                      <br/>
                      <span>
                        <img src="passed.png" width="3%"/>
                        <a href="#" panel-name="suite-Default_suite" title="runners.MainRunner" class="method navigator-link" hash-for-method="runScenario(&quot;Verify error message for Empty &amp; invalid python code for Arrays in Python page&quot;, &quot;Navigation and in...)">runScenario("Verify error message for Empty & invalid python code for Arrays in Python page", "Navigation and in...)</a> <!-- method navigator-link -->
                      </span>
                      <br/>
                      <span>
                        <img src="passed.png" width="3%"/>
                        <a href="#" panel-name="suite-Default_suite" title="runners.MainRunner" class="method navigator-link" hash-for-method="runScenario(&quot;when selecting &quot;Linked List&quot; in thedropdown menu, its displayed Error message&quot;, &quot;DS_AGLO_APP Home P...)">runScenario("when selecting "Linked List" in thedropdown menu, its displayed Error message", "DS_AGLO_APP Home P...)</a> <!-- method navigator-link -->
                      </span>
                      <br/>
                      <span>
                        <img src="passed.png" width="3%"/>
                        <a href="#" panel-name="suite-Default_suite" title="runners.MainRunner" class="method navigator-link" hash-for-method="runScenario(&quot;Validate Excel handling for valid input on Graph Representations Try Editor&quot;, &quot;Navigation and inter...)">runScenario("Validate Excel handling for valid input on Graph Representations Try Editor", "Navigation and inter...)</a> <!-- method navigator-link -->
                      </span>
                      <br/>
                    </div> <!-- method-list-content passed suite-Default_suite -->
                  </li>
                </ul>
              </div> <!-- suite-section-content -->
            </div> <!-- result-section -->
          </div> <!-- navigator-suite-content -->
        </div> <!-- rounded-window -->
      </div> <!-- suite -->
    </div> <!-- navigator-root -->
    <div class="wrapper">
      <div class="main-panel-root">
        <div panel-name="suite-Default_suite" class="panel Default_suite">
          <div class="suite-Default_suite-class-failed">
            <div class="main-panel-header rounded-window-top">
              <img src="failed.png"/>
              <span class="class-name">runners.MainRunner</span>
            </div> <!-- main-panel-header rounded-window-top -->
            <div class="main-panel-content rounded-window-bottom">
              <div class="method">
                <div class="method-content">
                  <a name="runScenario(&quot;when clicking the &quot;Get Started&quot; button for &quot;Stack&quot;, its displayed Error message&quot;, &quot;DS_AGLO_APP Home...)">
                  </a> <!-- runScenario("when clicking the "Get Started" button for "Stack", its displayed Error message", "DS_AGLO_APP Home...) -->
                  <span class="method-name">runScenario</span>
                  <span class="parameters">("when clicking the "Get Started" button for "Stack", its displayed Error message","DS_AGLO_APP Home Page Verification")</span>
                  <div class="stack-trace">org.openqa.selenium.NoSuchElementException: no such element: Unable to locate element: {&quot;method&quot;:&quot;xpath&quot;,&quot;selector&quot;:&quot;(//div[@class=&apos;card h-100&apos;]/div/a)[4]&quot;}
  (Session info: chrome=142.0.7444.176)
For documentation on this error, please visit: https://www.selenium.dev/documentation/webdriver/troubleshooting/errors#nosuchelementexception
Build info: version: &apos;4.37.0&apos;, revision: &apos;3c1da1e342&apos;
System info: os.name: &apos;Windows 11&apos;, os.arch: &apos;amd64&apos;, os.version: &apos;10.0&apos;, java.version: &apos;17.0.16&apos;
Driver info: org.openqa.selenium.chrome.ChromeDriver
Command: [4162a5ba79021da4f197d99e96bc392a, findElement {using=xpath, value=(//div[@class=&apos;card h-100&apos;]/div/a)[4]}]
Capabilities {acceptInsecureCerts: false, browserName: chrome, browserVersion: 142.0.7444.176, chrome: {chromedriverVersion: 142.0.7444.175 (302067f14a4..., userDataDir: C:\Users\HAPPYF~1\AppData\L...}, fedcm:accounts: true, goog:chromeOptions: {debuggerAddress: localhost:52533}, goog:processID: 19148, networkConnectionEnabled: false, pageLoadStrategy: normal, platformName: windows, proxy: Proxy(), se:cdp: ws://localhost:52533/devtoo..., se:cdpVersion: 142.0.7444.176, setWindowRect: true, strictFileInteractability: false, timeouts: {implicit: 0, pageLoad: 300000, script: 30000}, unhandledPromptBehavior: dismiss and notify, webauthn:extension:credBlob: true, webauthn:extension:largeBlob: true, webauthn:extension:minPinLength: true, webauthn:extension:prf: true, webauthn:virtualAuthenticators: true}
Session ID: 4162a5ba79021da4f197d99e96bc392a
	at java.base/jdk.internal.reflect.NativeConstructorAccessorImpl.newInstance0(Native Method)
	at java.base/jdk.internal.reflect.NativeConstructorAccessorImpl.newInstance(NativeConstructorAccessorImpl.java:77)
	at java.base/jdk.internal.reflect.DelegatingConstructorAccessorImpl.newInstance(DelegatingConstructorAccessorImpl.java:45)
	at java.base/java.lang.reflect.Constructor.newInstanceWithCaller(Constructor.java:500)
	at java.base/java.lang.reflect.Constructor.newInstance(Constructor.java:481)
	at org.openqa.selenium.remote.ErrorCodec.decode(ErrorCodec.java:167)
	at org.openqa.selenium.remote.codec.w3c.W3CHttpResponseCodec.decode(W3CHttpResponseCodec.java:138)
	at org.openqa.selenium.remote.codec.w3c.W3CHttpResponseCodec.decode(W3CHttpResponseCodec.java:50)
	at org.openqa.selenium.remote.HttpCommandExecutor.execute(HttpCommandExecutor.java:215)
	at org.openqa.selenium.remote.service.DriverCommandExecutor.invokeExecute(DriverCommandExecutor.java:216)
	at org.openqa.selenium.remote.service.DriverCommandExecutor.execute(DriverCommandExecutor.java:174)
	at org.openqa.selenium.remote.RemoteWebDriver.execute(RemoteWebDriver.java:557)
	at org.openqa.selenium.remote.ElementLocation$ElementFinder$2.findElement(ElementLocation.java:165)
	at org.openqa.selenium.remote.ElementLocation.findElement(ElementLocation.java:59)
	at org.openqa.selenium.remote.RemoteWebDriver.findElement(RemoteWebDriver.java:380)
	at org.openqa.selenium.remote.RemoteWebDriver.findElement(RemoteWebDriver.java:374)
	at org.openqa.selenium.support.pagefactory.DefaultElementLocator.findElement(DefaultElementLocator.java:68)
	at org.openqa.selenium.support.pagefactory.internal.LocatingElementHandler.invoke(LocatingElementHandler.java:38)
	at jdk.proxy2/jdk.proxy2.$Proxy34.click(Unknown Source)
	at pageObjects.homePage.clickStackGetStarted(homePage.java:143)
	at stepDefinitions.homeSteps.user_click_the_get_started_button_of_stack(homeSteps.java:159)
	at ✽.user click the Get Started button of Stack(file:///C:/Users/Happy%20Family/eclipse-workspace/DSALGO226BddFramework/src/test/resources/features/Home.feature:85)

</div> <!-- stack-trace -->
                  <em>
(Runs Cucumber Scenarios)                  </em>
                </div> <!-- method-content -->
              </div> <!-- method -->
              <div class="method">
                <div class="method-content">
                  <a name="runScenario(&quot;User navigates to the Home page after successful registration with valid inputs&quot;, &quot;DS_ALGO_APP Regi...)">
                  </a> <!-- runScenario("User navigates to the Home page after successful registration with valid inputs", "DS_ALGO_APP Regi...) -->
                  <span class="method-name">runScenario</span>
                  <span class="parameters">("User navigates to the Home page after successful registration with valid inputs","DS_ALGO_APP Register Page Verification")</span>
                  <div class="stack-trace">org.openqa.selenium.InvalidSelectorException: invalid selector: The result of the xpath expression &quot;/html/body/div[2]/text()&quot; is: [object Text]. It should be an element.
  (Session info: chrome=142.0.7444.176)
For documentation on this error, please visit: https://www.selenium.dev/documentation/webdriver/troubleshooting/errors#invalidselectorexception
Build info: version: &apos;4.37.0&apos;, revision: &apos;3c1da1e342&apos;
System info: os.name: &apos;Windows 11&apos;, os.arch: &apos;amd64&apos;, os.version: &apos;10.0&apos;, java.version: &apos;17.0.16&apos;
Driver info: org.openqa.selenium.chrome.ChromeDriver
Command: [4162a5ba79021da4f197d99e96bc392a, findElement {using=xpath, value=/html/body/div[2]/text()}]
Capabilities {acceptInsecureCerts: false, browserName: chrome, browserVersion: 142.0.7444.176, chrome: {chromedriverVersion: 142.0.7444.175 (302067f14a4..., userDataDir: C:\Users\HAPPYF~1\AppData\L...}, fedcm:accounts: true, goog:chromeOptions: {debuggerAddress: localhost:52533}, goog:processID: 19148, networkConnectionEnabled: false, pageLoadStrategy: normal, platformName: windows, proxy: Proxy(), se:cdp: ws://localhost:52533/devtoo..., se:cdpVersion: 142.0.7444.176, setWindowRect: true, strictFileInteractability: false, timeouts: {implicit: 0, pageLoad: 300000, script: 30000}, unhandledPromptBehavior: dismiss and notify, webauthn:extension:credBlob: true, webauthn:extension:largeBlob: true, webauthn:extension:minPinLength: true, webauthn:extension:prf: true, webauthn:virtualAuthenticators: true}
Session ID: 4162a5ba79021da4f197d99e96bc392a
	at java.base/jdk.internal.reflect.NativeConstructorAccessorImpl.newInstance0(Native Method)
	at java.base/jdk.internal.reflect.NativeConstructorAccessorImpl.newInstance(NativeConstructorAccessorImpl.java:77)
	at java.base/jdk.internal.reflect.DelegatingConstructorAccessorImpl.newInstance(DelegatingConstructorAccessorImpl.java:45)
	at java.base/java.lang.reflect.Constructor.newInstanceWithCaller(Constructor.java:500)
	at java.base/java.lang.reflect.Constructor.newInstance(Constructor.java:481)
	at org.openqa.selenium.remote.ErrorCodec.decode(ErrorCodec.java:167)
	at org.openqa.selenium.remote.codec.w3c.W3CHttpResponseCodec.decode(W3CHttpResponseCodec.java:138)
	at org.openqa.selenium.remote.codec.w3c.W3CHttpResponseCodec.decode(W3CHttpResponseCodec.java:50)
	at org.openqa.selenium.remote.HttpCommandExecutor.execute(HttpCommandExecutor.java:215)
	at org.openqa.selenium.remote.service.DriverCommandExecutor.invokeExecute(DriverCommandExecutor.java:216)
	at org.openqa.selenium.remote.service.DriverCommandExecutor.execute(DriverCommandExecutor.java:174)
	at org.openqa.selenium.remote.RemoteWebDriver.execute(RemoteWebDriver.java:557)
	at org.openqa.selenium.remote.ElementLocation$ElementFinder$2.findElement(ElementLocation.java:165)
	at org.openqa.selenium.remote.ElementLocation.findElement(ElementLocation.java:59)
	at org.openqa.selenium.remote.RemoteWebDriver.findElement(RemoteWebDriver.java:380)
	at org.openqa.selenium.remote.RemoteWebDriver.findElement(RemoteWebDriver.java:374)
	at org.openqa.selenium.support.pagefactory.DefaultElementLocator.findElement(DefaultElementLocator.java:68)
	at org.openqa.selenium.support.pagefactory.internal.LocatingElementHandler.invoke(LocatingElementHandler.java:38)
	at jdk.proxy2/jdk.proxy2.$Proxy34.getText(Unknown Source)
	at pageObjects.registerPage.print_successfullyRegistered(registerPage.java:156)
	at stepDefinitions.registerSteps.the_user_goes_to_ds_algo_home_page_with_the_message(registerSteps.java:212)
	at ✽.The user goes to DS Algo Home page with the message &quot;New Account Created. You are logged in as &lt;ID&gt;&quot;(file:///C:/Users/Happy%20Family/eclipse-workspace/DSALGO226BddFramework/src/test/resources/features/Register.feature:64)

</div> <!-- stack-trace -->
                  <em>
(Runs Cucumber Scenarios)                  </em>
                </div> <!-- method-content -->
              </div> <!-- method -->
              <div class="method">
                <div class="method-content">
                  <a name="runScenario(&quot;Verify error message for Empty &amp; invalid python code for Arrays in Python page&quot;, &quot;Navigation and in...)">
                  </a> <!-- runScenario("Verify error message for Empty & invalid python code for Arrays in Python page", "Navigation and in...) -->
                  <span class="method-name">runScenario</span>
                  <span class="parameters">("Verify error message for Empty & invalid python code for Arrays in Python page","Navigation and interaction in dsAlgo Portal - Array Section")</span>
                  <div class="stack-trace">org.openqa.selenium.NoAlertPresentException: no such alert
  (Session info: chrome=142.0.7444.176)
Build info: version: &apos;4.37.0&apos;, revision: &apos;3c1da1e342&apos;
System info: os.name: &apos;Windows 11&apos;, os.arch: &apos;amd64&apos;, os.version: &apos;10.0&apos;, java.version: &apos;17.0.16&apos;
Driver info: org.openqa.selenium.chrome.ChromeDriver
Command: [4162a5ba79021da4f197d99e96bc392a, getAlertText {}]
Capabilities {acceptInsecureCerts: false, browserName: chrome, browserVersion: 142.0.7444.176, chrome: {chromedriverVersion: 142.0.7444.175 (302067f14a4..., userDataDir: C:\Users\HAPPYF~1\AppData\L...}, fedcm:accounts: true, goog:chromeOptions: {debuggerAddress: localhost:52533}, goog:processID: 19148, networkConnectionEnabled: false, pageLoadStrategy: normal, platformName: windows, proxy: Proxy(), se:cdp: ws://localhost:52533/devtoo..., se:cdpVersion: 142.0.7444.176, setWindowRect: true, strictFileInteractability: false, timeouts: {implicit: 0, pageLoad: 300000, script: 30000}, unhandledPromptBehavior: dismiss and notify, webauthn:extension:credBlob: true, webauthn:extension:largeBlob: true, webauthn:extension:minPinLength: true, webauthn:extension:prf: true, webauthn:virtualAuthenticators: true}
Session ID: 4162a5ba79021da4f197d99e96bc392a
	at java.base/jdk.internal.reflect.NativeConstructorAccessorImpl.newInstance0(Native Method)
	at java.base/jdk.internal.reflect.NativeConstructorAccessorImpl.newInstance(NativeConstructorAccessorImpl.java:77)
	at java.base/jdk.internal.reflect.DelegatingConstructorAccessorImpl.newInstance(DelegatingConstructorAccessorImpl.java:45)
	at java.base/java.lang.reflect.Constructor.newInstanceWithCaller(Constructor.java:500)
	at java.base/java.lang.reflect.Constructor.newInstance(Constructor.java:481)
	at org.openqa.selenium.remote.ErrorCodec.decode(ErrorCodec.java:167)
	at org.openqa.selenium.remote.codec.w3c.W3CHttpResponseCodec.decode(W3CHttpResponseCodec.java:138)
	at org.openqa.selenium.remote.codec.w3c.W3CHttpResponseCodec.decode(W3CHttpResponseCodec.java:50)
	at org.openqa.selenium.remote.HttpCommandExecutor.execute(HttpCommandExecutor.java:215)
	at org.openqa.selenium.remote.service.DriverCommandExecutor.invokeExecute(DriverCommandExecutor.java:216)
	at org.openqa.selenium.remote.service.DriverCommandExecutor.execute(DriverCommandExecutor.java:174)
	at org.openqa.selenium.remote.RemoteWebDriver.execute(RemoteWebDriver.java:557)
	at org.openqa.selenium.remote.RemoteWebDriver.execute(RemoteWebDriver.java:634)
	at org.openqa.selenium.remote.RemoteWebDriver.execute(RemoteWebDriver.java:638)
	at org.openqa.selenium.remote.RemoteWebDriver$RemoteTargetLocator.alert(RemoteWebDriver.java:1197)
	at stepDefinitions.ArraysList.the_user_should_see_an_error_message_in_alert_window(ArraysList.java:77)
	at ✽.The user should see an error message in alert window(file:///C:/Users/Happy%20Family/eclipse-workspace/DSALGO226BddFramework/src/test/resources/features/ArrayLists.feature:35)

</div> <!-- stack-trace -->
                  <em>
(Runs Cucumber Scenarios)                  </em>
                </div> <!-- method-content -->
              </div> <!-- method -->
              <div class="method">
                <div class="method-content">
                  <a name="runScenario(&quot;when clicking  the &quot;Get Started&quot; button for &quot;Linked List&quot;, its displayed Error message&quot;, &quot;DS_AGLO_A...)">
                  </a> <!-- runScenario("when clicking  the "Get Started" button for "Linked List", its displayed Error message", "DS_AGLO_A...) -->
                  <span class="method-name">runScenario</span>
                  <span class="parameters">("when clicking  the "Get Started" button for "Linked List", its displayed Error message","DS_AGLO_APP Home Page Verification")</span>
                  <div class="stack-trace">org.openqa.selenium.NoSuchElementException: no such element: Unable to locate element: {&quot;method&quot;:&quot;xpath&quot;,&quot;selector&quot;:&quot;(//div[@class=&apos;card h-100&apos;]/div/a)[3]&quot;}
  (Session info: chrome=142.0.7444.176)
For documentation on this error, please visit: https://www.selenium.dev/documentation/webdriver/troubleshooting/errors#nosuchelementexception
Build info: version: &apos;4.37.0&apos;, revision: &apos;3c1da1e342&apos;
System info: os.name: &apos;Windows 11&apos;, os.arch: &apos;amd64&apos;, os.version: &apos;10.0&apos;, java.version: &apos;17.0.16&apos;
Driver info: org.openqa.selenium.chrome.ChromeDriver
Command: [4162a5ba79021da4f197d99e96bc392a, findElement {using=xpath, value=(//div[@class=&apos;card h-100&apos;]/div/a)[3]}]
Capabilities {acceptInsecureCerts: false, browserName: chrome, browserVersion: 142.0.7444.176, chrome: {chromedriverVersion: 142.0.7444.175 (302067f14a4..., userDataDir: C:\Users\HAPPYF~1\AppData\L...}, fedcm:accounts: true, goog:chromeOptions: {debuggerAddress: localhost:52533}, goog:processID: 19148, networkConnectionEnabled: false, pageLoadStrategy: normal, platformName: windows, proxy: Proxy(), se:cdp: ws://localhost:52533/devtoo..., se:cdpVersion: 142.0.7444.176, setWindowRect: true, strictFileInteractability: false, timeouts: {implicit: 0, pageLoad: 300000, script: 30000}, unhandledPromptBehavior: dismiss and notify, webauthn:extension:credBlob: true, webauthn:extension:largeBlob: true, webauthn:extension:minPinLength: true, webauthn:extension:prf: true, webauthn:virtualAuthenticators: true}
Session ID: 4162a5ba79021da4f197d99e96bc392a
	at java.base/jdk.internal.reflect.NativeConstructorAccessorImpl.newInstance0(Native Method)
	at java.base/jdk.internal.reflect.NativeConstructorAccessorImpl.newInstance(NativeConstructorAccessorImpl.java:77)
	at java.base/jdk.internal.reflect.DelegatingConstructorAccessorImpl.newInstance(DelegatingConstructorAccessorImpl.java:45)
	at java.base/java.lang.reflect.Constructor.newInstanceWithCaller(Constructor.java:500)
	at java.base/java.lang.reflect.Constructor.newInstance(Constructor.java:481)
	at org.openqa.selenium.remote.ErrorCodec.decode(ErrorCodec.java:167)
	at org.openqa.selenium.remote.codec.w3c.W3CHttpResponseCodec.decode(W3CHttpResponseCodec.java:138)
	at org.openqa.selenium.remote.codec.w3c.W3CHttpResponseCodec.decode(W3CHttpResponseCodec.java:50)
	at org.openqa.selenium.remote.HttpCommandExecutor.execute(HttpCommandExecutor.java:215)
	at org.openqa.selenium.remote.service.DriverCommandExecutor.invokeExecute(DriverCommandExecutor.java:216)
	at org.openqa.selenium.remote.service.DriverCommandExecutor.execute(DriverCommandExecutor.java:174)
	at org.openqa.selenium.remote.RemoteWebDriver.execute(RemoteWebDriver.java:557)
	at org.openqa.selenium.remote.ElementLocation$ElementFinder$2.findElement(ElementLocation.java:165)
	at org.openqa.selenium.remote.ElementLocation.findElement(ElementLocation.java:59)
	at org.openqa.selenium.remote.RemoteWebDriver.findElement(RemoteWebDriver.java:380)
	at org.openqa.selenium.remote.RemoteWebDriver.findElement(RemoteWebDriver.java:374)
	at org.openqa.selenium.support.pagefactory.DefaultElementLocator.findElement(DefaultElementLocator.java:68)
	at org.openqa.selenium.support.pagefactory.internal.LocatingElementHandler.invoke(LocatingElementHandler.java:38)
	at jdk.proxy2/jdk.proxy2.$Proxy34.click(Unknown Source)
	at pageObjects.homePage.clickLinkedListGetStarted(homePage.java:139)
	at stepDefinitions.homeSteps.user_click_the_get_started_button_of_linked_list(homeSteps.java:154)
	at ✽.user click the Get Started button of Linked List(file:///C:/Users/Happy%20Family/eclipse-workspace/DSALGO226BddFramework/src/test/resources/features/Home.feature:79)

</div> <!-- stack-trace -->
                  <em>
(Runs Cucumber Scenarios)                  </em>
                </div> <!-- method-content -->
              </div> <!-- method -->
              <div class="method">
                <div class="method-content">
                  <a name="runScenario(&quot;when clicking  the &quot;Get Started&quot; button for &quot;Graph&quot;, its displayed Error message&quot;, &quot;DS_AGLO_APP Hom...)">
                  </a> <!-- runScenario("when clicking  the "Get Started" button for "Graph", its displayed Error message", "DS_AGLO_APP Hom...) -->
                  <span class="method-name">runScenario</span>
                  <span class="parameters">("when clicking  the "Get Started" button for "Graph", its displayed Error message","DS_AGLO_APP Home Page Verification")</span>
                  <div class="stack-trace">org.openqa.selenium.NoSuchElementException: no such element: Unable to locate element: {&quot;method&quot;:&quot;xpath&quot;,&quot;selector&quot;:&quot;(//div[@class=&apos;card h-100&apos;]/div/a)[7]&quot;}
  (Session info: chrome=142.0.7444.176)
For documentation on this error, please visit: https://www.selenium.dev/documentation/webdriver/troubleshooting/errors#nosuchelementexception
Build info: version: &apos;4.37.0&apos;, revision: &apos;3c1da1e342&apos;
System info: os.name: &apos;Windows 11&apos;, os.arch: &apos;amd64&apos;, os.version: &apos;10.0&apos;, java.version: &apos;17.0.16&apos;
Driver info: org.openqa.selenium.chrome.ChromeDriver
Command: [4162a5ba79021da4f197d99e96bc392a, findElement {using=xpath, value=(//div[@class=&apos;card h-100&apos;]/div/a)[7]}]
Capabilities {acceptInsecureCerts: false, browserName: chrome, browserVersion: 142.0.7444.176, chrome: {chromedriverVersion: 142.0.7444.175 (302067f14a4..., userDataDir: C:\Users\HAPPYF~1\AppData\L...}, fedcm:accounts: true, goog:chromeOptions: {debuggerAddress: localhost:52533}, goog:processID: 19148, networkConnectionEnabled: false, pageLoadStrategy: normal, platformName: windows, proxy: Proxy(), se:cdp: ws://localhost:52533/devtoo..., se:cdpVersion: 142.0.7444.176, setWindowRect: true, strictFileInteractability: false, timeouts: {implicit: 0, pageLoad: 300000, script: 30000}, unhandledPromptBehavior: dismiss and notify, webauthn:extension:credBlob: true, webauthn:extension:largeBlob: true, webauthn:extension:minPinLength: true, webauthn:extension:prf: true, webauthn:virtualAuthenticators: true}
Session ID: 4162a5ba79021da4f197d99e96bc392a
	at java.base/jdk.internal.reflect.NativeConstructorAccessorImpl.newInstance0(Native Method)
	at java.base/jdk.internal.reflect.NativeConstructorAccessorImpl.newInstance(NativeConstructorAccessorImpl.java:77)
	at java.base/jdk.internal.reflect.DelegatingConstructorAccessorImpl.newInstance(DelegatingConstructorAccessorImpl.java:45)
	at java.base/java.lang.reflect.Constructor.newInstanceWithCaller(Constructor.java:500)
	at java.base/java.lang.reflect.Constructor.newInstance(Constructor.java:481)
	at org.openqa.selenium.remote.ErrorCodec.decode(ErrorCodec.java:167)
	at org.openqa.selenium.remote.codec.w3c.W3CHttpResponseCodec.decode(W3CHttpResponseCodec.java:138)
	at org.openqa.selenium.remote.codec.w3c.W3CHttpResponseCodec.decode(W3CHttpResponseCodec.java:50)
	at org.openqa.selenium.remote.HttpCommandExecutor.execute(HttpCommandExecutor.java:215)
	at org.openqa.selenium.remote.service.DriverCommandExecutor.invokeExecute(DriverCommandExecutor.java:216)
	at org.openqa.selenium.remote.service.DriverCommandExecutor.execute(DriverCommandExecutor.java:174)
	at org.openqa.selenium.remote.RemoteWebDriver.execute(RemoteWebDriver.java:557)
	at org.openqa.selenium.remote.ElementLocation$ElementFinder$2.findElement(ElementLocation.java:165)
	at org.openqa.selenium.remote.ElementLocation.findElement(ElementLocation.java:59)
	at org.openqa.selenium.remote.RemoteWebDriver.findElement(RemoteWebDriver.java:380)
	at org.openqa.selenium.remote.RemoteWebDriver.findElement(RemoteWebDriver.java:374)
	at org.openqa.selenium.support.pagefactory.DefaultElementLocator.findElement(DefaultElementLocator.java:68)
	at org.openqa.selenium.support.pagefactory.internal.LocatingElementHandler.invoke(LocatingElementHandler.java:38)
	at jdk.proxy2/jdk.proxy2.$Proxy34.click(Unknown Source)
	at pageObjects.homePage.clickGraphGetStarted(homePage.java:155)
	at stepDefinitions.homeSteps.user_click_the_get_started_button_of_graph(homeSteps.java:174)
	at ✽.user click the Get Started button of Graph(file:///C:/Users/Happy%20Family/eclipse-workspace/DSALGO226BddFramework/src/test/resources/features/Home.feature:103)

</div> <!-- stack-trace -->
                  <em>
(Runs Cucumber Scenarios)                  </em>
                </div> <!-- method-content -->
              </div> <!-- method -->
              <div class="method">
                <div class="method-content">
                  <a name="runScenario(&quot;when clicking the &quot;Get Started&quot; button for &quot;Tree&quot;, its displayed Error message&quot;, &quot;DS_AGLO_APP Home ...)">
                  </a> <!-- runScenario("when clicking the "Get Started" button for "Tree", its displayed Error message", "DS_AGLO_APP Home ...) -->
                  <span class="method-name">runScenario</span>
                  <span class="parameters">("when clicking the "Get Started" button for "Tree", its displayed Error message","DS_AGLO_APP Home Page Verification")</span>
                  <div class="stack-trace">org.openqa.selenium.NoSuchElementException: no such element: Unable to locate element: {&quot;method&quot;:&quot;xpath&quot;,&quot;selector&quot;:&quot;(//div[@class=&apos;card h-100&apos;]/div/a)[6]&quot;}
  (Session info: chrome=142.0.7444.176)
For documentation on this error, please visit: https://www.selenium.dev/documentation/webdriver/troubleshooting/errors#nosuchelementexception
Build info: version: &apos;4.37.0&apos;, revision: &apos;3c1da1e342&apos;
System info: os.name: &apos;Windows 11&apos;, os.arch: &apos;amd64&apos;, os.version: &apos;10.0&apos;, java.version: &apos;17.0.16&apos;
Driver info: org.openqa.selenium.chrome.ChromeDriver
Command: [4162a5ba79021da4f197d99e96bc392a, findElement {using=xpath, value=(//div[@class=&apos;card h-100&apos;]/div/a)[6]}]
Capabilities {acceptInsecureCerts: false, browserName: chrome, browserVersion: 142.0.7444.176, chrome: {chromedriverVersion: 142.0.7444.175 (302067f14a4..., userDataDir: C:\Users\HAPPYF~1\AppData\L...}, fedcm:accounts: true, goog:chromeOptions: {debuggerAddress: localhost:52533}, goog:processID: 19148, networkConnectionEnabled: false, pageLoadStrategy: normal, platformName: windows, proxy: Proxy(), se:cdp: ws://localhost:52533/devtoo..., se:cdpVersion: 142.0.7444.176, setWindowRect: true, strictFileInteractability: false, timeouts: {implicit: 0, pageLoad: 300000, script: 30000}, unhandledPromptBehavior: dismiss and notify, webauthn:extension:credBlob: true, webauthn:extension:largeBlob: true, webauthn:extension:minPinLength: true, webauthn:extension:prf: true, webauthn:virtualAuthenticators: true}
Session ID: 4162a5ba79021da4f197d99e96bc392a
	at java.base/jdk.internal.reflect.NativeConstructorAccessorImpl.newInstance0(Native Method)
	at java.base/jdk.internal.reflect.NativeConstructorAccessorImpl.newInstance(NativeConstructorAccessorImpl.java:77)
	at java.base/jdk.internal.reflect.DelegatingConstructorAccessorImpl.newInstance(DelegatingConstructorAccessorImpl.java:45)
	at java.base/java.lang.reflect.Constructor.newInstanceWithCaller(Constructor.java:500)
	at java.base/java.lang.reflect.Constructor.newInstance(Constructor.java:481)
	at org.openqa.selenium.remote.ErrorCodec.decode(ErrorCodec.java:167)
	at org.openqa.selenium.remote.codec.w3c.W3CHttpResponseCodec.decode(W3CHttpResponseCodec.java:138)
	at org.openqa.selenium.remote.codec.w3c.W3CHttpResponseCodec.decode(W3CHttpResponseCodec.java:50)
	at org.openqa.selenium.remote.HttpCommandExecutor.execute(HttpCommandExecutor.java:215)
	at org.openqa.selenium.remote.service.DriverCommandExecutor.invokeExecute(DriverCommandExecutor.java:216)
	at org.openqa.selenium.remote.service.DriverCommandExecutor.execute(DriverCommandExecutor.java:174)
	at org.openqa.selenium.remote.RemoteWebDriver.execute(RemoteWebDriver.java:557)
	at org.openqa.selenium.remote.ElementLocation$ElementFinder$2.findElement(ElementLocation.java:165)
	at org.openqa.selenium.remote.ElementLocation.findElement(ElementLocation.java:59)
	at org.openqa.selenium.remote.RemoteWebDriver.findElement(RemoteWebDriver.java:380)
	at org.openqa.selenium.remote.RemoteWebDriver.findElement(RemoteWebDriver.java:374)
	at org.openqa.selenium.support.pagefactory.DefaultElementLocator.findElement(DefaultElementLocator.java:68)
	at org.openqa.selenium.support.pagefactory.internal.LocatingElementHandler.invoke(LocatingElementHandler.java:38)
	at jdk.proxy2/jdk.proxy2.$Proxy34.click(Unknown Source)
	at pageObjects.homePage.clickTreeGetStarted(homePage.java:151)
	at stepDefinitions.homeSteps.user_click_the_get_started_button_of_tree(homeSteps.java:169)
	at ✽.user click the Get Started button of Tree(file:///C:/Users/Happy%20Family/eclipse-workspace/DSALGO226BddFramework/src/test/resources/features/Home.feature:97)

</div> <!-- stack-trace -->
                  <em>
(Runs Cucumber Scenarios)                  </em>
                </div> <!-- method-content -->
              </div> <!-- method -->
              <div class="method">
                <div class="method-content">
                  <a name="runScenario(&quot;when selecting &quot;Array&quot; dropdown menu , its displayed the Error Message&quot;, &quot;DS_AGLO_APP Home Page Ver...)">
                  </a> <!-- runScenario("when selecting "Array" dropdown menu , its displayed the Error Message", "DS_AGLO_APP Home Page Ver...) -->
                  <span class="method-name">runScenario</span>
                  <span class="parameters">("when selecting "Array" dropdown menu , its displayed the Error Message","DS_AGLO_APP Home Page Verification")</span>
                  <div class="stack-trace">org.openqa.selenium.ElementNotInteractableException: element not interactable
  (Session info: chrome=142.0.7444.176)
Build info: version: &apos;4.37.0&apos;, revision: &apos;3c1da1e342&apos;
System info: os.name: &apos;Windows 11&apos;, os.arch: &apos;amd64&apos;, os.version: &apos;10.0&apos;, java.version: &apos;17.0.16&apos;
Driver info: org.openqa.selenium.chrome.ChromeDriver
Command: [4162a5ba79021da4f197d99e96bc392a, clickElement {id=f.D1F2DE7D0CA2C7E188B4513AAE20B4FD.d.04DB9AA11E737381C5628EFD5D8FCC1A.e.487}]
Capabilities {acceptInsecureCerts: false, browserName: chrome, browserVersion: 142.0.7444.176, chrome: {chromedriverVersion: 142.0.7444.175 (302067f14a4..., userDataDir: C:\Users\HAPPYF~1\AppData\L...}, fedcm:accounts: true, goog:chromeOptions: {debuggerAddress: localhost:52533}, goog:processID: 19148, networkConnectionEnabled: false, pageLoadStrategy: normal, platformName: windows, proxy: Proxy(), se:cdp: ws://localhost:52533/devtoo..., se:cdpVersion: 142.0.7444.176, setWindowRect: true, strictFileInteractability: false, timeouts: {implicit: 0, pageLoad: 300000, script: 30000}, unhandledPromptBehavior: dismiss and notify, webauthn:extension:credBlob: true, webauthn:extension:largeBlob: true, webauthn:extension:minPinLength: true, webauthn:extension:prf: true, webauthn:virtualAuthenticators: true}
Element: [[ChromeDriver: chrome on windows (4162a5ba79021da4f197d99e96bc392a)] -&gt; xpath: //div[@id=&apos;navbarCollapse&apos;]/div[1]/div/div/a[1]]
Session ID: 4162a5ba79021da4f197d99e96bc392a
	at java.base/jdk.internal.reflect.NativeConstructorAccessorImpl.newInstance0(Native Method)
	at java.base/jdk.internal.reflect.NativeConstructorAccessorImpl.newInstance(NativeConstructorAccessorImpl.java:77)
	at java.base/jdk.internal.reflect.DelegatingConstructorAccessorImpl.newInstance(DelegatingConstructorAccessorImpl.java:45)
	at java.base/java.lang.reflect.Constructor.newInstanceWithCaller(Constructor.java:500)
	at java.base/java.lang.reflect.Constructor.newInstance(Constructor.java:481)
	at org.openqa.selenium.remote.ErrorCodec.decode(ErrorCodec.java:167)
	at org.openqa.selenium.remote.codec.w3c.W3CHttpResponseCodec.decode(W3CHttpResponseCodec.java:138)
	at org.openqa.selenium.remote.codec.w3c.W3CHttpResponseCodec.decode(W3CHttpResponseCodec.java:50)
	at org.openqa.selenium.remote.HttpCommandExecutor.execute(HttpCommandExecutor.java:215)
	at org.openqa.selenium.remote.service.DriverCommandExecutor.invokeExecute(DriverCommandExecutor.java:216)
	at org.openqa.selenium.remote.service.DriverCommandExecutor.execute(DriverCommandExecutor.java:174)
	at org.openqa.selenium.remote.RemoteWebDriver.execute(RemoteWebDriver.java:557)
	at org.openqa.selenium.remote.RemoteWebElement.execute(RemoteWebElement.java:223)
	at org.openqa.selenium.remote.RemoteWebElement.click(RemoteWebElement.java:76)
	at jdk.internal.reflect.GeneratedMethodAccessor135.invoke(Unknown Source)
	at java.base/jdk.internal.reflect.DelegatingMethodAccessorImpl.invoke(DelegatingMethodAccessorImpl.java:43)
	at java.base/java.lang.reflect.Method.invoke(Method.java:569)
	at org.openqa.selenium.support.pagefactory.internal.LocatingElementHandler.invoke(LocatingElementHandler.java:51)
	at jdk.proxy2/jdk.proxy2.$Proxy34.click(Unknown Source)
	at pageObjects.homePage.clickArrayDropdown(homePage.java:107)
	at stepDefinitions.homeSteps.the_user_selects_arrays_from_the_dropdown(homeSteps.java:107)
	at ✽.the user selects Arrays from the dropdown(file:///C:/Users/Happy%20Family/eclipse-workspace/DSALGO226BddFramework/src/test/resources/features/Home.feature:31)

</div> <!-- stack-trace -->
                  <em>
(Runs Cucumber Scenarios)                  </em>
                </div> <!-- method-content -->
              </div> <!-- method -->
              <div class="method">
                <div class="method-content">
                  <a name="runScenario(&quot;when clicking the &quot;Get Started&quot; button for &quot;Queue&quot; , its displayed Error message&quot;, &quot;DS_AGLO_APP Hom...)">
                  </a> <!-- runScenario("when clicking the "Get Started" button for "Queue" , its displayed Error message", "DS_AGLO_APP Hom...) -->
                  <span class="method-name">runScenario</span>
                  <span class="parameters">("when clicking the "Get Started" button for "Queue" , its displayed Error message","DS_AGLO_APP Home Page Verification")</span>
                  <div class="stack-trace">org.openqa.selenium.NoSuchElementException: no such element: Unable to locate element: {&quot;method&quot;:&quot;xpath&quot;,&quot;selector&quot;:&quot;(//div[@class=&apos;card h-100&apos;]/div/a)[5]&quot;}
  (Session info: chrome=142.0.7444.176)
For documentation on this error, please visit: https://www.selenium.dev/documentation/webdriver/troubleshooting/errors#nosuchelementexception
Build info: version: &apos;4.37.0&apos;, revision: &apos;3c1da1e342&apos;
System info: os.name: &apos;Windows 11&apos;, os.arch: &apos;amd64&apos;, os.version: &apos;10.0&apos;, java.version: &apos;17.0.16&apos;
Driver info: org.openqa.selenium.chrome.ChromeDriver
Command: [4162a5ba79021da4f197d99e96bc392a, findElement {using=xpath, value=(//div[@class=&apos;card h-100&apos;]/div/a)[5]}]
Capabilities {acceptInsecureCerts: false, browserName: chrome, browserVersion: 142.0.7444.176, chrome: {chromedriverVersion: 142.0.7444.175 (302067f14a4..., userDataDir: C:\Users\HAPPYF~1\AppData\L...}, fedcm:accounts: true, goog:chromeOptions: {debuggerAddress: localhost:52533}, goog:processID: 19148, networkConnectionEnabled: false, pageLoadStrategy: normal, platformName: windows, proxy: Proxy(), se:cdp: ws://localhost:52533/devtoo..., se:cdpVersion: 142.0.7444.176, setWindowRect: true, strictFileInteractability: false, timeouts: {implicit: 0, pageLoad: 300000, script: 30000}, unhandledPromptBehavior: dismiss and notify, webauthn:extension:credBlob: true, webauthn:extension:largeBlob: true, webauthn:extension:minPinLength: true, webauthn:extension:prf: true, webauthn:virtualAuthenticators: true}
Session ID: 4162a5ba79021da4f197d99e96bc392a
	at java.base/jdk.internal.reflect.NativeConstructorAccessorImpl.newInstance0(Native Method)
	at java.base/jdk.internal.reflect.NativeConstructorAccessorImpl.newInstance(NativeConstructorAccessorImpl.java:77)
	at java.base/jdk.internal.reflect.DelegatingConstructorAccessorImpl.newInstance(DelegatingConstructorAccessorImpl.java:45)
	at java.base/java.lang.reflect.Constructor.newInstanceWithCaller(Constructor.java:500)
	at java.base/java.lang.reflect.Constructor.newInstance(Constructor.java:481)
	at org.openqa.selenium.remote.ErrorCodec.decode(ErrorCodec.java:167)
	at org.openqa.selenium.remote.codec.w3c.W3CHttpResponseCodec.decode(W3CHttpResponseCodec.java:138)
	at org.openqa.selenium.remote.codec.w3c.W3CHttpResponseCodec.decode(W3CHttpResponseCodec.java:50)
	at org.openqa.selenium.remote.HttpCommandExecutor.execute(HttpCommandExecutor.java:215)
	at org.openqa.selenium.remote.service.DriverCommandExecutor.invokeExecute(DriverCommandExecutor.java:216)
	at org.openqa.selenium.remote.service.DriverCommandExecutor.execute(DriverCommandExecutor.java:174)
	at org.openqa.selenium.remote.RemoteWebDriver.execute(RemoteWebDriver.java:557)
	at org.openqa.selenium.remote.ElementLocation$ElementFinder$2.findElement(ElementLocation.java:165)
	at org.openqa.selenium.remote.ElementLocation.findElement(ElementLocation.java:59)
	at org.openqa.selenium.remote.RemoteWebDriver.findElement(RemoteWebDriver.java:380)
	at org.openqa.selenium.remote.RemoteWebDriver.findElement(RemoteWebDriver.java:374)
	at org.openqa.selenium.support.pagefactory.DefaultElementLocator.findElement(DefaultElementLocator.java:68)
	at org.openqa.selenium.support.pagefactory.internal.LocatingElementHandler.invoke(LocatingElementHandler.java:38)
	at jdk.proxy2/jdk.proxy2.$Proxy34.click(Unknown Source)
	at pageObjects.homePage.clickQueueGetStarted(homePage.java:147)
	at stepDefinitions.homeSteps.user_click_the_get_started_button_of_queue(homeSteps.java:164)
	at ✽.user click the Get Started button of Queue(file:///C:/Users/Happy%20Family/eclipse-workspace/DSALGO226BddFramework/src/test/resources/features/Home.feature:91)

</div> <!-- stack-trace -->
                  <em>
(Runs Cucumber Scenarios)                  </em>
                </div> <!-- method-content -->
              </div> <!-- method -->
            </div> <!-- main-panel-content rounded-window-bottom -->
          </div> <!-- suite-Default_suite-class-failed -->
          <div class="suite-Default_suite-class-passed">
            <div class="main-panel-header rounded-window-top">
              <img src="passed.png"/>
              <span class="class-name">runners.MainRunner</span>
            </div> <!-- main-panel-header rounded-window-top -->
            <div class="main-panel-content rounded-window-bottom">
              <div class="method">
                <div class="method-content">
                  <a name="runScenario(&quot;when selecting  &quot;Graph&quot; in the dropdown menu, its displyed Error message&quot;, &quot;DS_AGLO_APP Home Page V...)">
                  </a> <!-- runScenario("when selecting  "Graph" in the dropdown menu, its displyed Error message", "DS_AGLO_APP Home Page V...) -->
                  <span class="method-name">runScenario</span>
                  <span class="parameters">("when selecting  "Graph" in the dropdown menu, its displyed Error message","DS_AGLO_APP Home Page Verification")</span>
                  <em>
(Runs Cucumber Scenarios)                  </em>
                </div> <!-- method-content -->
              </div> <!-- method -->
              <div class="method">
                <div class="method-content">
                  <a name="runScenario(&quot;Validate alert handling for invalid input on Graph Representations Try Editor&quot;, &quot;Navigation and int...)">
                  </a> <!-- runScenario("Validate alert handling for invalid input on Graph Representations Try Editor", "Navigation and int...) -->
                  <span class="method-name">runScenario</span>
                  <span class="parameters">("Validate alert handling for invalid input on Graph Representations Try Editor","Navigation and interaction in dsAlgo Portal - Graph Section")</span>
                  <em>
(Runs Cucumber Scenarios)                  </em>
                </div> <!-- method-content -->
              </div> <!-- method -->
              <div class="method">
                <div class="method-content">
                  <a name="runScenario(&quot;when selecting  Tree in the dropdown menu, its displayed Error message&quot;, &quot;DS_AGLO_APP Home Page Ver...)">
                  </a> <!-- runScenario("when selecting  Tree in the dropdown menu, its displayed Error message", "DS_AGLO_APP Home Page Ver...) -->
                  <span class="method-name">runScenario</span>
                  <span class="parameters">("when selecting  Tree in the dropdown menu, its displayed Error message","DS_AGLO_APP Home Page Verification")</span>
                  <em>
(Runs Cucumber Scenarios)                  </em>
                </div> <!-- method-content -->
              </div> <!-- method -->
              <div class="method">
                <div class="method-content">
                  <a name="runScenario(&quot;when selecting  &quot;Queue&quot; in the dropdown menu, its displayed Error message&quot;, &quot;DS_AGLO_APP Home Page ...)">
                  </a> <!-- runScenario("when selecting  "Queue" in the dropdown menu, its displayed Error message", "DS_AGLO_APP Home Page ...) -->
                  <span class="method-name">runScenario</span>
                  <span class="parameters">("when selecting  "Queue" in the dropdown menu, its displayed Error message","DS_AGLO_APP Home Page Verification")</span>
                  <em>
(Runs Cucumber Scenarios)                  </em>
                </div> <!-- method-content -->
              </div> <!-- method -->
              <div class="method">
                <div class="method-content">
                  <a name="runScenario(&quot;Launch Graph Representations page&quot;, &quot;Navigation and interaction in dsAlgo Portal - Graph Section&quot;)">
                  </a> <!-- runScenario("Launch Graph Representations page", "Navigation and interaction in dsAlgo Portal - Graph Section") -->
                  <span class="method-name">runScenario</span>
                  <span class="parameters">("Launch Graph Representations page","Navigation and interaction in dsAlgo Portal - Graph Section")</span>
                  <em>
(Runs Cucumber Scenarios)                  </em>
                </div> <!-- method-content -->
              </div> <!-- method -->
              <div class="method">
                <div class="method-content">
                  <a name="runScenario(&quot;Error message is displayed for Invalid Password&quot;, &quot;DS_ALGO_APP Register Page Verification&quot;)">
                  </a> <!-- runScenario("Error message is displayed for Invalid Password", "DS_ALGO_APP Register Page Verification") -->
                  <span class="method-name">runScenario</span>
                  <span class="parameters">("Error message is displayed for Invalid Password","DS_ALGO_APP Register Page Verification")</span>
                  <em>
(Runs Cucumber Scenarios)                  </em>
                </div> <!-- method-content -->
              </div> <!-- method -->
              <div class="method">
                <div class="method-content">
                  <a name="runScenario(&quot;when selecting &quot;Data Structure&quot; dropdown menu , its displayed the Error Message&quot;, &quot;DS_AGLO_APP Home...)">
                  </a> <!-- runScenario("when selecting "Data Structure" dropdown menu , its displayed the Error Message", "DS_AGLO_APP Home...) -->
                  <span class="method-name">runScenario</span>
                  <span class="parameters">("when selecting "Data Structure" dropdown menu , its displayed the Error Message","DS_AGLO_APP Home Page Verification")</span>
                  <em>
(Runs Cucumber Scenarios)                  </em>
                </div> <!-- method-content -->
              </div> <!-- method -->
              <div class="method">
                <div class="method-content">
                  <a name="runScenario(&quot;Validate alert handling for invalid input on Graph Representations Try Editor&quot;, &quot;Navigation and int...)">
                  </a> <!-- runScenario("Validate alert handling for invalid input on Graph Representations Try Editor", "Navigation and int...) -->
                  <span class="method-name">runScenario</span>
                  <span class="parameters">("Validate alert handling for invalid input on Graph Representations Try Editor","Navigation and interaction in dsAlgo Portal - Graph Section")</span>
                  <em>
(Runs Cucumber Scenarios)                  </em>
                </div> <!-- method-content -->
              </div> <!-- method -->
              <div class="method">
                <div class="method-content">
                  <a name="runScenario(&quot;User opens the DS Algo Portal&quot;, &quot;DS_AGLO_APP Home Page Verification&quot;)">
                  </a> <!-- runScenario("User opens the DS Algo Portal", "DS_AGLO_APP Home Page Verification") -->
                  <span class="method-name">runScenario</span>
                  <span class="parameters">("User opens the DS Algo Portal","DS_AGLO_APP Home Page Verification")</span>
                  <em>
(Runs Cucumber Scenarios)                  </em>
                </div> <!-- method-content -->
              </div> <!-- method -->
              <div class="method">
                <div class="method-content">
                  <a name="runScenario(&quot;Error message are displayed when Username field is empty&quot;, &quot;DS_ALGO_APP Register Page Verification&quot;)">
                  </a> <!-- runScenario("Error message are displayed when Username field is empty", "DS_ALGO_APP Register Page Verification") -->
                  <span class="method-name">runScenario</span>
                  <span class="parameters">("Error message are displayed when Username field is empty","DS_ALGO_APP Register Page Verification")</span>
                  <em>
(Runs Cucumber Scenarios)                  </em>
                </div> <!-- method-content -->
              </div> <!-- method -->
              <div class="method">
                <div class="method-content">
                  <a name="runScenario(&quot;Verify user is able to navigate to Arrays in Python page&quot;, &quot;Navigation and interaction in dsAlgo Po...)">
                  </a> <!-- runScenario("Verify user is able to navigate to Arrays in Python page", "Navigation and interaction in dsAlgo Po...) -->
                  <span class="method-name">runScenario</span>
                  <span class="parameters">("Verify user is able to navigate to Arrays in Python page","Navigation and interaction in dsAlgo Portal - Array Section")</span>
                  <em>
(Runs Cucumber Scenarios)                  </em>
                </div> <!-- method-content -->
              </div> <!-- method -->
              <div class="method">
                <div class="method-content">
                  <a name="runScenario(&quot;Validate alert handling for invalid input on Graph Topic Try Editor&quot;, &quot;Navigation and interaction i...)">
                  </a> <!-- runScenario("Validate alert handling for invalid input on Graph Topic Try Editor", "Navigation and interaction i...) -->
                  <span class="method-name">runScenario</span>
                  <span class="parameters">("Validate alert handling for invalid input on Graph Topic Try Editor","Navigation and interaction in dsAlgo Portal - Graph Section")</span>
                  <em>
(Runs Cucumber Scenarios)                  </em>
                </div> <!-- method-content -->
              </div> <!-- method -->
              <div class="method">
                <div class="method-content">
                  <a name="runScenario(&quot;Error messages are displayed when all fields are empty  during Registration&quot;, &quot;DS_ALGO_APP Register...)">
                  </a> <!-- runScenario("Error messages are displayed when all fields are empty  during Registration", "DS_ALGO_APP Register...) -->
                  <span class="method-name">runScenario</span>
                  <span class="parameters">("Error messages are displayed when all fields are empty  during Registration","DS_ALGO_APP Register Page Verification")</span>
                  <em>
(Runs Cucumber Scenarios)                  </em>
                </div> <!-- method-content -->
              </div> <!-- method -->
              <div class="method">
                <div class="method-content">
                  <a name="runScenario(&quot;Error message is displayed for Invalid Username&quot;, &quot;DS_ALGO_APP Register Page Verification&quot;)">
                  </a> <!-- runScenario("Error message is displayed for Invalid Username", "DS_ALGO_APP Register Page Verification") -->
                  <span class="method-name">runScenario</span>
                  <span class="parameters">("Error message is displayed for Invalid Username","DS_ALGO_APP Register Page Verification")</span>
                  <em>
(Runs Cucumber Scenarios)                  </em>
                </div> <!-- method-content -->
              </div> <!-- method -->
              <div class="method">
                <div class="method-content">
                  <a name="runScenario(&quot;Validate alert handling for invalid input on Graph Topic Try Editor&quot;, &quot;Navigation and interaction i...)">
                  </a> <!-- runScenario("Validate alert handling for invalid input on Graph Topic Try Editor", "Navigation and interaction i...) -->
                  <span class="method-name">runScenario</span>
                  <span class="parameters">("Validate alert handling for invalid input on Graph Topic Try Editor","Navigation and interaction in dsAlgo Portal - Graph Section")</span>
                  <em>
(Runs Cucumber Scenarios)                  </em>
                </div> <!-- method-content -->
              </div> <!-- method -->
              <div class="method">
                <div class="method-content">
                  <a name="runScenario(&quot;Verify user is able to navigate to Array page&quot;, &quot;Navigation and interaction in dsAlgo Portal - Arra...)">
                  </a> <!-- runScenario("Verify user is able to navigate to Array page", "Navigation and interaction in dsAlgo Portal - Arra...) -->
                  <span class="method-name">runScenario</span>
                  <span class="parameters">("Verify user is able to navigate to Array page","Navigation and interaction in dsAlgo Portal - Array Section")</span>
                  <em>
(Runs Cucumber Scenarios)                  </em>
                </div> <!-- method-content -->
              </div> <!-- method -->
              <div class="method">
                <div class="method-content">
                  <a name="runScenario(&quot;when clicking the &quot;Get Started&quot; button for &quot;Arrays&quot;, Its displayed Error message&quot;, &quot;DS_AGLO_APP Hom...)">
                  </a> <!-- runScenario("when clicking the "Get Started" button for "Arrays", Its displayed Error message", "DS_AGLO_APP Hom...) -->
                  <span class="method-name">runScenario</span>
                  <span class="parameters">("when clicking the "Get Started" button for "Arrays", Its displayed Error message","DS_AGLO_APP Home Page Verification")</span>
                  <em>
(Runs Cucumber Scenarios)                  </em>
                </div> <!-- method-content -->
              </div> <!-- method -->
              <div class="method">
                <div class="method-content">
                  <a name="runScenario(&quot;Error messages are displayed when the Password Confirmation field is empty&quot;, &quot;DS_ALGO_APP Register ...)">
                  </a> <!-- runScenario("Error messages are displayed when the Password Confirmation field is empty", "DS_ALGO_APP Register ...) -->
                  <span class="method-name">runScenario</span>
                  <span class="parameters">("Error messages are displayed when the Password Confirmation field is empty","DS_ALGO_APP Register Page Verification")</span>
                  <em>
(Runs Cucumber Scenarios)                  </em>
                </div> <!-- method-content -->
              </div> <!-- method -->
              <div class="method">
                <div class="method-content">
                  <a name="runScenario(&quot;Error message is displayed when Password and Password confirmation did not match&quot;, &quot;DS_ALGO_APP Reg...)">
                  </a> <!-- runScenario("Error message is displayed when Password and Password confirmation did not match", "DS_ALGO_APP Reg...) -->
                  <span class="method-name">runScenario</span>
                  <span class="parameters">("Error message is displayed when Password and Password confirmation did not match","DS_ALGO_APP Register Page Verification")</span>
                  <em>
(Runs Cucumber Scenarios)                  </em>
                </div> <!-- method-content -->
              </div> <!-- method -->
              <div class="method">
                <div class="method-content">
                  <a name="runScenario(&quot;when selecting  &quot;Stack&quot; in the dropdown menu, its displayed Error mesaage&quot;, &quot;DS_AGLO_APP Home Page ...)">
                  </a> <!-- runScenario("when selecting  "Stack" in the dropdown menu, its displayed Error mesaage", "DS_AGLO_APP Home Page ...) -->
                  <span class="method-name">runScenario</span>
                  <span class="parameters">("when selecting  "Stack" in the dropdown menu, its displayed Error mesaage","DS_AGLO_APP Home Page Verification")</span>
                  <em>
(Runs Cucumber Scenarios)                  </em>
                </div> <!-- method-content -->
              </div> <!-- method -->
              <div class="method">
                <div class="method-content">
                  <a name="runScenario(&quot;Open Graph main page from Home&quot;, &quot;Navigation and interaction in dsAlgo Portal - Graph Section&quot;)">
                  </a> <!-- runScenario("Open Graph main page from Home", "Navigation and interaction in dsAlgo Portal - Graph Section") -->
                  <span class="method-name">runScenario</span>
                  <span class="parameters">("Open Graph main page from Home","Navigation and interaction in dsAlgo Portal - Graph Section")</span>
                  <em>
(Runs Cucumber Scenarios)                  </em>
                </div> <!-- method-content -->
              </div> <!-- method -->
              <div class="method">
                <div class="method-content">
                  <a name="runScenario(&quot;Error messages are displayed when the Password field is empty&quot;, &quot;DS_ALGO_APP Register Page Verifica...)">
                  </a> <!-- runScenario("Error messages are displayed when the Password field is empty", "DS_ALGO_APP Register Page Verifica...) -->
                  <span class="method-name">runScenario</span>
                  <span class="parameters">("Error messages are displayed when the Password field is empty","DS_ALGO_APP Register Page Verification")</span>
                  <em>
(Runs Cucumber Scenarios)                  </em>
                </div> <!-- method-content -->
              </div> <!-- method -->
              <div class="method">
                <div class="method-content">
                  <a name="runScenario(&quot;User views the Data Structures Dropdown Options&quot;, &quot;DS_AGLO_APP Home Page Verification&quot;)">
                  </a> <!-- runScenario("User views the Data Structures Dropdown Options", "DS_AGLO_APP Home Page Verification") -->
                  <span class="method-name">runScenario</span>
                  <span class="parameters">("User views the Data Structures Dropdown Options","DS_AGLO_APP Home Page Verification")</span>
                  <em>
(Runs Cucumber Scenarios)                  </em>
                </div> <!-- method-content -->
              </div> <!-- method -->
              <div class="method">
                <div class="method-content">
                  <a name="runScenario(&quot;User navigates to the Register page&quot;, &quot;DS_ALGO_APP Register Page Verification&quot;)">
                  </a> <!-- runScenario("User navigates to the Register page", "DS_ALGO_APP Register Page Verification") -->
                  <span class="method-name">runScenario</span>
                  <span class="parameters">("User navigates to the Register page","DS_ALGO_APP Register Page Verification")</span>
                  <em>
(Runs Cucumber Scenarios)                  </em>
                </div> <!-- method-content -->
              </div> <!-- method -->
              <div class="method">
                <div class="method-content">
                  <a name="runScenario(&quot;User Accesses the Home page&quot;, &quot;DS_AGLO_APP Home Page Verification&quot;)">
                  </a> <!-- runScenario("User Accesses the Home page", "DS_AGLO_APP Home Page Verification") -->
                  <span class="method-name">runScenario</span>
                  <span class="parameters">("User Accesses the Home page","DS_AGLO_APP Home Page Verification")</span>
                  <em>
(Runs Cucumber Scenarios)                  </em>
                </div> <!-- method-content -->
              </div> <!-- method -->
              <div class="method">
                <div class="method-content">
                  <a name="runScenario(&quot;when clicking the &quot;Get Started &quot;button for &quot;Data structures - Induction&quot;, Its displayed Error messa...)">
                  </a> <!-- runScenario("when clicking the "Get Started "button for "Data structures - Induction", Its displayed Error messa...) -->
                  <span class="method-name">runScenario</span>
                  <span class="parameters">("when clicking the "Get Started "button for "Data structures - Induction", Its displayed Error message","DS_AGLO_APP Home Page Verification")</span>
                  <em>
(Runs Cucumber Scenarios)                  </em>
                </div> <!-- method-content -->
              </div> <!-- method -->
              <div class="method">
                <div class="method-content">
                  <a name="runScenario(&quot;Verify user is able to see output for valid python code for Arrays in Python page&quot;, &quot;Navigation and...)">
                  </a> <!-- runScenario("Verify user is able to see output for valid python code for Arrays in Python page", "Navigation and...) -->
                  <span class="method-name">runScenario</span>
                  <span class="parameters">("Verify user is able to see output for valid python code for Arrays in Python page","Navigation and interaction in dsAlgo Portal - Array Section")</span>
                  <em>
(Runs Cucumber Scenarios)                  </em>
                </div> <!-- method-content -->
              </div> <!-- method -->
              <div class="method">
                <div class="method-content">
                  <a name="runScenario(&quot;Verify user is able to navigate to try Editor page for Arrays in Python&quot;, &quot;Navigation and interacti...)">
                  </a> <!-- runScenario("Verify user is able to navigate to try Editor page for Arrays in Python", "Navigation and interacti...) -->
                  <span class="method-name">runScenario</span>
                  <span class="parameters">("Verify user is able to navigate to try Editor page for Arrays in Python","Navigation and interaction in dsAlgo Portal - Array Section")</span>
                  <em>
(Runs Cucumber Scenarios)                  </em>
                </div> <!-- method-content -->
              </div> <!-- method -->
              <div class="method">
                <div class="method-content">
                  <a name="runScenario(&quot;Verify error message for Empty &amp; invalid python code for Arrays in Python page&quot;, &quot;Navigation and in...)">
                  </a> <!-- runScenario("Verify error message for Empty & invalid python code for Arrays in Python page", "Navigation and in...) -->
                  <span class="method-name">runScenario</span>
                  <span class="parameters">("Verify error message for Empty & invalid python code for Arrays in Python page","Navigation and interaction in dsAlgo Portal - Array Section")</span>
                  <em>
(Runs Cucumber Scenarios)                  </em>
                </div> <!-- method-content -->
              </div> <!-- method -->
              <div class="method">
                <div class="method-content">
                  <a name="runScenario(&quot;when selecting &quot;Linked List&quot; in thedropdown menu, its displayed Error message&quot;, &quot;DS_AGLO_APP Home P...)">
                  </a> <!-- runScenario("when selecting "Linked List" in thedropdown menu, its displayed Error message", "DS_AGLO_APP Home P...) -->
                  <span class="method-name">runScenario</span>
                  <span class="parameters">("when selecting "Linked List" in thedropdown menu, its displayed Error message","DS_AGLO_APP Home Page Verification")</span>
                  <em>
(Runs Cucumber Scenarios)                  </em>
                </div> <!-- method-content -->
              </div> <!-- method -->
              <div class="method">
                <div class="method-content">
                  <a name="runScenario(&quot;Validate Excel handling for valid input on Graph Representations Try Editor&quot;, &quot;Navigation and inter...)">
                  </a> <!-- runScenario("Validate Excel handling for valid input on Graph Representations Try Editor", "Navigation and inter...) -->
                  <span class="method-name">runScenario</span>
                  <span class="parameters">("Validate Excel handling for valid input on Graph Representations Try Editor","Navigation and interaction in dsAlgo Portal - Graph Section")</span>
                  <em>
(Runs Cucumber Scenarios)                  </em>
                </div> <!-- method-content -->
              </div> <!-- method -->
            </div> <!-- main-panel-content rounded-window-bottom -->
          </div> <!-- suite-Default_suite-class-passed -->
        </div> <!-- panel Default_suite -->
        <div panel-name="test-xml-Default_suite" class="panel">
          <div class="main-panel-header rounded-window-top">
            <span class="header-content">C:\Users\Happy Family\AppData\Local\Temp\testng-eclipse--1987645592\testng-customsuite.xml</span>
          </div> <!-- main-panel-header rounded-window-top -->
          <div class="main-panel-content rounded-window-bottom">
            <pre>
&lt;?xml version=&quot;1.0&quot; encoding=&quot;UTF-8&quot;?&gt;
&lt;!DOCTYPE suite SYSTEM &quot;https://testng.org/testng-1.0.dtd&quot;&gt;
&lt;suite name=&quot;Default suite&quot; guice-stage=&quot;DEVELOPMENT&quot;&gt;
  &lt;test thread-count=&quot;5&quot; name=&quot;Default test&quot; verbose=&quot;2&quot;&gt;
    &lt;classes&gt;
      &lt;class name=&quot;runners.MainRunner&quot;/&gt;
    &lt;/classes&gt;
  &lt;/test&gt; &lt;!-- Default test --&gt;
&lt;/suite&gt; &lt;!-- Default suite --&gt;
            </pre>
          </div> <!-- main-panel-content rounded-window-bottom -->
        </div> <!-- panel -->
        <div panel-name="testlist-Default_suite" class="panel">
          <div class="main-panel-header rounded-window-top">
            <span class="header-content">Tests for Default suite</span>
          </div> <!-- main-panel-header rounded-window-top -->
          <div class="main-panel-content rounded-window-bottom">
            <ul>
              <li>
                <span class="test-name">Default test (1 class)</span>
              </li>
            </ul>
          </div> <!-- main-panel-content rounded-window-bottom -->
        </div> <!-- panel -->
        <div panel-name="group-Default_suite" class="panel">
          <div class="main-panel-header rounded-window-top">
            <span class="header-content">Groups for Default suite</span>
          </div> <!-- main-panel-header rounded-window-top -->
          <div class="main-panel-content rounded-window-bottom">
            <div class="test-group">
              <span class="test-group-name">cucumber</span>
              <br/>
              <div class="method-in-group">
                <span class="method-in-group-name">runScenario</span>
                <br/>
              </div> <!-- method-in-group -->
            </div> <!-- test-group -->
          </div> <!-- main-panel-content rounded-window-bottom -->
        </div> <!-- panel -->
        <div panel-name="times-Default_suite" class="panel">
          <div class="main-panel-header rounded-window-top">
            <span class="header-content">Times for Default suite</span>
          </div> <!-- main-panel-header rounded-window-top -->
          <div class="main-panel-content rounded-window-bottom">
            <div class="times-div">
              <script type="text/javascript">
suiteTableInitFunctions.push('tableData_Default_suite');
function tableData_Default_suite() {
var data = new google.visualization.DataTable();
data.addColumn('number', 'Number');
data.addColumn('string', 'Method');
data.addColumn('string', 'Class');
data.addColumn('number', 'Time (ms)');
data.addRows(39);
data.setCell(0, 0, 0)
data.setCell(0, 1, 'runScenario')
data.setCell(0, 2, 'runners.MainRunner')
data.setCell(0, 3, 6095);
data.setCell(1, 0, 1)
data.setCell(1, 1, 'runScenario')
data.setCell(1, 2, 'runners.MainRunner')
data.setCell(1, 3, 5435);
data.setCell(2, 0, 2)
data.setCell(2, 1, 'runScenario')
data.setCell(2, 2, 'runners.MainRunner')
data.setCell(2, 3, 5218);
data.setCell(3, 0, 3)
data.setCell(3, 1, 'runScenario')
data.setCell(3, 2, 'runners.MainRunner')
data.setCell(3, 3, 5184);
data.setCell(4, 0, 4)
data.setCell(4, 1, 'runScenario')
data.setCell(4, 2, 'runners.MainRunner')
data.setCell(4, 3, 5174);
data.setCell(5, 0, 5)
data.setCell(5, 1, 'runScenario')
data.setCell(5, 2, 'runners.MainRunner')
data.setCell(5, 3, 5168);
data.setCell(6, 0, 6)
data.setCell(6, 1, 'runScenario')
data.setCell(6, 2, 'runners.MainRunner')
data.setCell(6, 3, 5166);
data.setCell(7, 0, 7)
data.setCell(7, 1, 'runScenario')
data.setCell(7, 2, 'runners.MainRunner')
data.setCell(7, 3, 5146);
data.setCell(8, 0, 8)
data.setCell(8, 1, 'runScenario')
data.setCell(8, 2, 'runners.MainRunner')
data.setCell(8, 3, 5130);
data.setCell(9, 0, 9)
data.setCell(9, 1, 'runScenario')
data.setCell(9, 2, 'runners.MainRunner')
data.setCell(9, 3, 3351);
data.setCell(10, 0, 10)
data.setCell(10, 1, 'runScenario')
data.setCell(10, 2, 'runners.MainRunner')
data.setCell(10, 3, 2998);
data.setCell(11, 0, 11)
data.setCell(11, 1, 'runScenario')
data.setCell(11, 2, 'runners.MainRunner')
data.setCell(11, 3, 2978);
data.setCell(12, 0, 12)
data.setCell(12, 1, 'runScenario')
data.setCell(12, 2, 'runners.MainRunner')
data.setCell(12, 3, 2857);
data.setCell(13, 0, 13)
data.setCell(13, 1, 'runScenario')
data.setCell(13, 2, 'runners.MainRunner')
data.setCell(13, 3, 2497);
data.setCell(14, 0, 14)
data.setCell(14, 1, 'runScenario')
data.setCell(14, 2, 'runners.MainRunner')
data.setCell(14, 3, 2266);
data.setCell(15, 0, 15)
data.setCell(15, 1, 'runScenario')
data.setCell(15, 2, 'runners.MainRunner')
data.setCell(15, 3, 2108);
data.setCell(16, 0, 16)
data.setCell(16, 1, 'runScenario')
data.setCell(16, 2, 'runners.MainRunner')
data.setCell(16, 3, 2084);
data.setCell(17, 0, 17)
data.setCell(17, 1, 'runScenario')
data.setCell(17, 2, 'runners.MainRunner')
data.setCell(17, 3, 2024);
data.setCell(18, 0, 18)
data.setCell(18, 1, 'runScenario')
data.setCell(18, 2, 'runners.MainRunner')
data.setCell(18, 3, 1997);
data.setCell(19, 0, 19)
data.setCell(19, 1, 'runScenario')
data.setCell(19, 2, 'runners.MainRunner')
data.setCell(19, 3, 850);
data.setCell(20, 0, 20)
data.setCell(20, 1, 'runScenario')
data.setCell(20, 2, 'runners.MainRunner')
data.setCell(20, 3, 799);
data.setCell(21, 0, 21)
data.setCell(21, 1, 'runScenario')
data.setCell(21, 2, 'runners.MainRunner')
data.setCell(21, 3, 788);
data.setCell(22, 0, 22)
data.setCell(22, 1, 'runScenario')
data.setCell(22, 2, 'runners.MainRunner')
data.setCell(22, 3, 762);
data.setCell(23, 0, 23)
data.setCell(23, 1, 'runScenario')
data.setCell(23, 2, 'runners.MainRunner')
data.setCell(23, 3, 709);
data.setCell(24, 0, 24)
data.setCell(24, 1, 'runScenario')
data.setCell(24, 2, 'runners.MainRunner')
data.setCell(24, 3, 693);
data.setCell(25, 0, 25)
data.setCell(25, 1, 'runScenario')
data.setCell(25, 2, 'runners.MainRunner')
data.setCell(25, 3, 525);
data.setCell(26, 0, 26)
data.setCell(26, 1, 'runScenario')
data.setCell(26, 2, 'runners.MainRunner')
data.setCell(26, 3, 518);
data.setCell(27, 0, 27)
data.setCell(27, 1, 'runScenario')
data.setCell(27, 2, 'runners.MainRunner')
data.setCell(27, 3, 503);
data.setCell(28, 0, 28)
data.setCell(28, 1, 'runScenario')
data.setCell(28, 2, 'runners.MainRunner')
data.setCell(28, 3, 495);
data.setCell(29, 0, 29)
data.setCell(29, 1, 'runScenario')
data.setCell(29, 2, 'runners.MainRunner')
data.setCell(29, 3, 476);
data.setCell(30, 0, 30)
data.setCell(30, 1, 'runScenario')
data.setCell(30, 2, 'runners.MainRunner')
data.setCell(30, 3, 462);
data.setCell(31, 0, 31)
data.setCell(31, 1, 'runScenario')
data.setCell(31, 2, 'runners.MainRunner')
data.setCell(31, 3, 449);
data.setCell(32, 0, 32)
data.setCell(32, 1, 'runScenario')
data.setCell(32, 2, 'runners.MainRunner')
data.setCell(32, 3, 433);
data.setCell(33, 0, 33)
data.setCell(33, 1, 'runScenario')
data.setCell(33, 2, 'runners.MainRunner')
data.setCell(33, 3, 424);
data.setCell(34, 0, 34)
data.setCell(34, 1, 'runScenario')
data.setCell(34, 2, 'runners.MainRunner')
data.setCell(34, 3, 399);
data.setCell(35, 0, 35)
data.setCell(35, 1, 'runScenario')
data.setCell(35, 2, 'runners.MainRunner')
data.setCell(35, 3, 282);
data.setCell(36, 0, 36)
data.setCell(36, 1, 'runScenario')
data.setCell(36, 2, 'runners.MainRunner')
data.setCell(36, 3, 146);
data.setCell(37, 0, 37)
data.setCell(37, 1, 'runScenario')
data.setCell(37, 2, 'runners.MainRunner')
data.setCell(37, 3, 128);
data.setCell(38, 0, 38)
data.setCell(38, 1, 'runScenario')
data.setCell(38, 2, 'runners.MainRunner')
data.setCell(38, 3, 84);
window.suiteTableData['Default_suite']= { tableData: data, tableDiv: 'times-div-Default_suite'}
return data;
}
              </script>
              <span class="suite-total-time">Total running time: 1 minutes</span>
              <div id="times-div-Default_suite">
              </div> <!-- times-div-Default_suite -->
            </div> <!-- times-div -->
          </div> <!-- main-panel-content rounded-window-bottom -->
        </div> <!-- panel -->
        <div panel-name="reporter-Default_suite" class="panel">
          <div class="main-panel-header rounded-window-top">
            <span class="header-content">Reporter output for Default suite</span>
          </div> <!-- main-panel-header rounded-window-top -->
          <div class="main-panel-content rounded-window-bottom">
          </div> <!-- main-panel-content rounded-window-bottom -->
        </div> <!-- panel -->
        <div panel-name="ignored-methods-Default_suite" class="panel">
          <div class="main-panel-header rounded-window-top">
            <span class="header-content">0 ignored methods</span>
          </div> <!-- main-panel-header rounded-window-top -->
          <div class="main-panel-content rounded-window-bottom">
          </div> <!-- main-panel-content rounded-window-bottom -->
        </div> <!-- panel -->
        <div panel-name="chronological-Default_suite" class="panel">
          <div class="main-panel-header rounded-window-top">
            <span class="header-content">Methods in chronological order</span>
          </div> <!-- main-panel-header rounded-window-top -->
          <div class="main-panel-content rounded-window-bottom">
            <div class="chronological-class">
              <div class="chronological-class-name">runners.MainRunner</div> <!-- chronological-class-name -->
              <div class="configuration-class before">
                <span class="method-name">setUpClass(org.testng.TestRunner@7a085d02)</span>
                <span class="method-start">0 ms</span>
              </div> <!-- configuration-class before -->
              <div class="test-method">
                <span class="method-name">runScenario("Verify user is able to navigate to Array page", "Navigation and interaction in dsAlgo Portal - Arra...)</span>
                <span class="method-start">808 ms</span>
              </div> <!-- test-method -->
              <div class="test-method">
                <span class="method-name">runScenario("Verify user is able to navigate to Arrays in Python page", "Navigation and interaction in dsAlgo Po...)</span>
                <span class="method-start">6118 ms</span>
              </div> <!-- test-method -->
              <div class="test-method">
                <span class="method-name">runScenario("Verify user is able to navigate to try Editor page for Arrays in Python", "Navigation and interacti...)</span>
                <span class="method-start">8120 ms</span>
              </div> <!-- test-method -->
              <div class="test-method">
                <img src="failed.png">
                </img>
                <span class="method-name">runScenario("Verify error message for Empty & invalid python code for Arrays in Python page", "Navigation and in...)</span>
                <span class="method-start">10619 ms</span>
              </div> <!-- test-method -->
              <div class="test-method">
                <span class="method-name">runScenario("Verify error message for Empty & invalid python code for Arrays in Python page", "Navigation and in...)</span>
                <span class="method-start">12783 ms</span>
              </div> <!-- test-method -->
              <div class="test-method">
                <span class="method-name">runScenario("Verify user is able to see output for valid python code for Arrays in Python page", "Navigation and...)</span>
                <span class="method-start">14870 ms</span>
              </div> <!-- test-method -->
              <div class="test-method">
                <span class="method-name">runScenario("Open Graph main page from Home", "Navigation and interaction in dsAlgo Portal - Graph Section")</span>
                <span class="method-start">17871 ms</span>
              </div> <!-- test-method -->
              <div class="test-method">
                <span class="method-name">runScenario("Validate alert handling for invalid input on Graph Topic Try Editor", "Navigation and interaction i...)</span>
                <span class="method-start">20142 ms</span>
              </div> <!-- test-method -->
              <div class="test-method">
                <span class="method-name">runScenario("Validate alert handling for invalid input on Graph Topic Try Editor", "Navigation and interaction i...)</span>
                <span class="method-start">25580 ms</span>
              </div> <!-- test-method -->
              <div class="test-method">
                <span class="method-name">runScenario("Launch Graph Representations page", "Navigation and interaction in dsAlgo Portal - Graph Section")</span>
                <span class="method-start">27691 ms</span>
              </div> <!-- test-method -->
              <div class="test-method">
                <span class="method-name">runScenario("Validate alert handling for invalid input on Graph Representations Try Editor", "Navigation and int...)</span>
                <span class="method-start">30672 ms</span>
              </div> <!-- test-method -->
              <div class="test-method">
                <span class="method-name">runScenario("Validate alert handling for invalid input on Graph Representations Try Editor", "Navigation and int...)</span>
                <span class="method-start">36771 ms</span>
              </div> <!-- test-method -->
              <div class="test-method">
                <span class="method-name">runScenario("Validate Excel handling for valid input on Graph Representations Try Editor", "Navigation and inter...)</span>
                <span class="method-start">40125 ms</span>
              </div> <!-- test-method -->
              <div class="test-method">
                <span class="method-name">runScenario("User opens the DS Algo Portal", "DS_AGLO_APP Home Page Verification")</span>
                <span class="method-start">42984 ms</span>
              </div> <!-- test-method -->
              <div class="test-method">
                <span class="method-name">runScenario("User Accesses the Home page", "DS_AGLO_APP Home Page Verification")</span>
                <span class="method-start">43681 ms</span>
              </div> <!-- test-method -->
              <div class="test-method">
                <span class="method-name">runScenario("User views the Data Structures Dropdown Options", "DS_AGLO_APP Home Page Verification")</span>
                <span class="method-start">43767 ms</span>
              </div> <!-- test-method -->
              <div class="test-method">
                <span class="method-name">runScenario("when selecting "Data Structure" dropdown menu , its displayed the Error Message", "DS_AGLO_APP Home...)</span>
                <span class="method-start">43904 ms</span>
              </div> <!-- test-method -->
              <div class="test-method">
                <img src="failed.png">
                </img>
                <span class="method-name">runScenario("when selecting "Array" dropdown menu , its displayed the Error Message", "DS_AGLO_APP Home Page Ver...)</span>
                <span class="method-start">44053 ms</span>
              </div> <!-- test-method -->
              <div class="test-method">
                <span class="method-name">runScenario("when clicking the "Get Started "button for "Data structures - Induction", Its displayed Error messa...)</span>
                <span class="method-start">49328 ms</span>
              </div> <!-- test-method -->
              <div class="test-method">
                <span class="method-name">runScenario("when clicking the "Get Started" button for "Arrays", Its displayed Error message", "DS_AGLO_APP Hom...)</span>
                <span class="method-start">49779 ms</span>
              </div> <!-- test-method -->
              <div class="test-method">
                <span class="method-name">runScenario("when selecting "Linked List" in thedropdown menu, its displayed Error message", "DS_AGLO_APP Home P...)</span>
                <span class="method-start">50214 ms</span>
              </div> <!-- test-method -->
              <div class="test-method">
                <span class="method-name">runScenario("when selecting  "Stack" in the dropdown menu, its displayed Error mesaage", "DS_AGLO_APP Home Page ...)</span>
                <span class="method-start">50927 ms</span>
              </div> <!-- test-method -->
              <div class="test-method">
                <span class="method-name">runScenario("when selecting  "Queue" in the dropdown menu, its displayed Error message", "DS_AGLO_APP Home Page ...)</span>
                <span class="method-start">51424 ms</span>
              </div> <!-- test-method -->
              <div class="test-method">
                <span class="method-name">runScenario("when selecting  Tree in the dropdown menu, its displayed Error message", "DS_AGLO_APP Home Page Ver...)</span>
                <span class="method-start">51951 ms</span>
              </div> <!-- test-method -->
              <div class="test-method">
                <span class="method-name">runScenario("when selecting  "Graph" in the dropdown menu, its displyed Error message", "DS_AGLO_APP Home Page V...)</span>
                <span class="method-start">52457 ms</span>
              </div> <!-- test-method -->
              <div class="test-method">
                <img src="failed.png">
                </img>
                <span class="method-name">runScenario("when clicking  the "Get Started" button for "Linked List", its displayed Error message", "DS_AGLO_A...)</span>
                <span class="method-start">52923 ms</span>
              </div> <!-- test-method -->
              <div class="test-method">
                <img src="failed.png">
                </img>
                <span class="method-name">runScenario("when clicking the "Get Started" button for "Stack", its displayed Error message", "DS_AGLO_APP Home...)</span>
                <span class="method-start">58207 ms</span>
              </div> <!-- test-method -->
              <div class="test-method">
                <img src="failed.png">
                </img>
                <span class="method-name">runScenario("when clicking the "Get Started" button for "Queue" , its displayed Error message", "DS_AGLO_APP Hom...)</span>
                <span class="method-start">63499 ms</span>
              </div> <!-- test-method -->
              <div class="test-method">
                <img src="failed.png">
                </img>
                <span class="method-name">runScenario("when clicking the "Get Started" button for "Tree", its displayed Error message", "DS_AGLO_APP Home ...)</span>
                <span class="method-start">68810 ms</span>
              </div> <!-- test-method -->
              <div class="test-method">
                <img src="failed.png">
                </img>
                <span class="method-name">runScenario("when clicking  the "Get Started" button for "Graph", its displayed Error message", "DS_AGLO_APP Hom...)</span>
                <span class="method-start">74073 ms</span>
              </div> <!-- test-method -->
              <div class="test-method">
                <span class="method-name">runScenario("User navigates to the Register page", "DS_ALGO_APP Register Page Verification")</span>
                <span class="method-start">79372 ms</span>
              </div> <!-- test-method -->
              <div class="test-method">
                <span class="method-name">runScenario("Error messages are displayed when all fields are empty  during Registration", "DS_ALGO_APP Register...)</span>
                <span class="method-start">80224 ms</span>
              </div> <!-- test-method -->
              <div class="test-method">
                <span class="method-name">runScenario("Error message are displayed when Username field is empty", "DS_ALGO_APP Register Page Verification")</span>
                <span class="method-start">80508 ms</span>
              </div> <!-- test-method -->
              <div class="test-method">
                <span class="method-name">runScenario("Error messages are displayed when the Password field is empty", "DS_ALGO_APP Register Page Verifica...)</span>
                <span class="method-start">81031 ms</span>
              </div> <!-- test-method -->
              <div class="test-method">
                <span class="method-name">runScenario("Error messages are displayed when the Password Confirmation field is empty", "DS_ALGO_APP Register ...)</span>
                <span class="method-start">81457 ms</span>
              </div> <!-- test-method -->
              <div class="test-method">
                <span class="method-name">runScenario("Error message is displayed for Invalid Username", "DS_ALGO_APP Register Page Verification")</span>
                <span class="method-start">81936 ms</span>
              </div> <!-- test-method -->
              <div class="test-method">
                <span class="method-name">runScenario("Error message is displayed for Invalid Password", "DS_ALGO_APP Register Page Verification")</span>
                <span class="method-start">82726 ms</span>
              </div> <!-- test-method -->
              <div class="test-method">
                <span class="method-name">runScenario("Error message is displayed when Password and Password confirmation did not match", "DS_ALGO_APP Reg...)</span>
                <span class="method-start">83490 ms</span>
              </div> <!-- test-method -->
              <div class="test-method">
                <img src="failed.png">
                </img>
                <span class="method-name">runScenario("User navigates to the Home page after successful registration with valid inputs", "DS_ALGO_APP Regi...)</span>
                <span class="method-start">84291 ms</span>
              </div> <!-- test-method -->
              <div class="configuration-class after">
                <span class="method-name">tearDownClass</span>
                <span class="method-start">84826 ms</span>
              </div> <!-- configuration-class after -->
          </div> <!-- main-panel-content rounded-window-bottom -->
        </div> <!-- panel -->
      </div> <!-- main-panel-root -->
    </div> <!-- wrapper -->
  </body>
<script type="text/javascript" src="testng-reports2.js"></script>
</html>
