<?xml version="1.0" encoding="UTF-8"?>
<testng-results ignored="0" total="21" passed="21" failed="0" skipped="0">
  <reporter-output>
  </reporter-output>
  <suite started-at="2025-12-14T13:15:44 EST" name="Default suite" finished-at="2025-12-14T13:18:37 EST" duration-ms="173281">
    <groups>
      <group name="cucumber">
        <method signature="AbstractTestNGCucumberTests.runScenario(io.cucumber.testng.PickleWrapper,io.cucumber.testng.FeatureWrapper)[pri:0, instance:runners.MainRunner@3f1d2e23]" name="runScenario" class="io.cucumber.testng.AbstractTestNGCucumberTests"/>
      </group> <!-- cucumber -->
    </groups>
    <test started-at="2025-12-14T13:15:44 EST" name="Default test" finished-at="2025-12-14T13:18:37 EST" duration-ms="173281">
      <class name="runners.MainRunner">
        <test-method is-config="true" signature="setUpClass(org.testng.ITestContext)[pri:0, instance:runners.MainRunner@3f1d2e23]" started-at="2025-12-14T13:15:44 EST" name="setUpClass" finished-at="2025-12-14T13:15:45 EST" duration-ms="555" status="PASS">
          <params>
            <param index="0">
              <value>
                <![CDATA[org.testng.TestRunner@7852ab30]]>
              </value>
            </param>
          </params>
          <reporter-output>
          </reporter-output>
        </test-method> <!-- setUpClass -->
        <test-method signature="runScenario(io.cucumber.testng.PickleWrapper,io.cucumber.testng.FeatureWrapper)[pri:0, instance:runners.MainRunner@3f1d2e23]" started-at="2025-12-14T13:15:45 EST" name="runScenario" description="Runs Cucumber Scenarios" data-provider="scenarios" finished-at="2025-12-14T13:15:49 EST" duration-ms="4634" status="PASS">
          <params>
            <param index="0">
              <value>
                <![CDATA["Verify that user is able to navigate to Stack data structure page"]]>
              </value>
            </param>
            <param index="1">
              <value>
                <![CDATA["Stack Module Tests"]]>
              </value>
            </param>
          </params>
          <reporter-output>
          </reporter-output>
        </test-method> <!-- runScenario -->
        <test-method signature="runScenario(io.cucumber.testng.PickleWrapper,io.cucumber.testng.FeatureWrapper)[pri:0, instance:runners.MainRunner@3f1d2e23]" started-at="2025-12-14T13:15:49 EST" name="runScenario" description="Runs Cucumber Scenarios" data-provider="scenarios" finished-at="2025-12-14T13:15:51 EST" duration-ms="1431" status="PASS">
          <params>
            <param index="0">
              <value>
                <![CDATA["Verify that user is able to navigate to Operations in Stack page"]]>
              </value>
            </param>
            <param index="1">
              <value>
                <![CDATA["Stack Module Tests"]]>
              </value>
            </param>
          </params>
          <reporter-output>
          </reporter-output>
        </test-method> <!-- runScenario -->
        <test-method signature="runScenario(io.cucumber.testng.PickleWrapper,io.cucumber.testng.FeatureWrapper)[pri:0, instance:runners.MainRunner@3f1d2e23]" started-at="2025-12-14T13:15:51 EST" name="runScenario" description="Runs Cucumber Scenarios" data-provider="scenarios" finished-at="2025-12-14T13:15:55 EST" duration-ms="3898" status="PASS">
          <params>
            <param index="0">
              <value>
                <![CDATA["Verify that user is able to navigate to "try Editor" page for "Operations in Stack" page"]]>
              </value>
            </param>
            <param index="1">
              <value>
                <![CDATA["Stack Module Tests"]]>
              </value>
            </param>
          </params>
          <reporter-output>
          </reporter-output>
        </test-method> <!-- runScenario -->
        <test-method signature="runScenario(io.cucumber.testng.PickleWrapper,io.cucumber.testng.FeatureWrapper)[pri:0, instance:runners.MainRunner@3f1d2e23]" started-at="2025-12-14T13:15:55 EST" name="runScenario" description="Runs Cucumber Scenarios" data-provider="scenarios" finished-at="2025-12-14T13:16:05 EST" duration-ms="10506" status="PASS">
          <params>
            <param index="0">
              <value>
                <![CDATA["Verify that user receives error when click on Run button without entering code for "Operations in Stack" page"]]>
              </value>
            </param>
            <param index="1">
              <value>
                <![CDATA["Stack Module Tests"]]>
              </value>
            </param>
          </params>
          <reporter-output>
          </reporter-output>
        </test-method> <!-- runScenario -->
        <test-method signature="runScenario(io.cucumber.testng.PickleWrapper,io.cucumber.testng.FeatureWrapper)[pri:0, instance:runners.MainRunner@3f1d2e23]" started-at="2025-12-14T13:16:05 EST" name="runScenario" description="Runs Cucumber Scenarios" data-provider="scenarios" finished-at="2025-12-14T13:16:17 EST" duration-ms="11314" status="PASS">
          <params>
            <param index="0">
              <value>
                <![CDATA["Verify that user receives error for invalid input for "Operations in Stack" page"]]>
              </value>
            </param>
            <param index="1">
              <value>
                <![CDATA["Stack Module Tests"]]>
              </value>
            </param>
          </params>
          <reporter-output>
          </reporter-output>
        </test-method> <!-- runScenario -->
        <test-method signature="runScenario(io.cucumber.testng.PickleWrapper,io.cucumber.testng.FeatureWrapper)[pri:0, instance:runners.MainRunner@3f1d2e23]" started-at="2025-12-14T13:16:17 EST" name="runScenario" description="Runs Cucumber Scenarios" data-provider="scenarios" finished-at="2025-12-14T13:16:38 EST" duration-ms="21761" status="PASS">
          <params>
            <param index="0">
              <value>
                <![CDATA["Verify that user is able to see output for valid code for "Operations in Stack" page"]]>
              </value>
            </param>
            <param index="1">
              <value>
                <![CDATA["Stack Module Tests"]]>
              </value>
            </param>
          </params>
          <reporter-output>
          </reporter-output>
        </test-method> <!-- runScenario -->
        <test-method signature="runScenario(io.cucumber.testng.PickleWrapper,io.cucumber.testng.FeatureWrapper)[pri:0, instance:runners.MainRunner@3f1d2e23]" started-at="2025-12-14T13:16:38 EST" name="runScenario" description="Runs Cucumber Scenarios" data-provider="scenarios" finished-at="2025-12-14T13:16:42 EST" duration-ms="3325" status="PASS">
          <params>
            <param index="0">
              <value>
                <![CDATA["Verify that user is able to navigate to "Practice Questions" Page for "Operations in Stack" page"]]>
              </value>
            </param>
            <param index="1">
              <value>
                <![CDATA["Stack Module Tests"]]>
              </value>
            </param>
          </params>
          <reporter-output>
          </reporter-output>
        </test-method> <!-- runScenario -->
        <test-method signature="runScenario(io.cucumber.testng.PickleWrapper,io.cucumber.testng.FeatureWrapper)[pri:0, instance:runners.MainRunner@3f1d2e23]" started-at="2025-12-14T13:16:42 EST" name="runScenario" description="Runs Cucumber Scenarios" data-provider="scenarios" finished-at="2025-12-14T13:16:44 EST" duration-ms="1963" status="PASS">
          <params>
            <param index="0">
              <value>
                <![CDATA["Verify that user is able to navigate to "Implementation" page"]]>
              </value>
            </param>
            <param index="1">
              <value>
                <![CDATA["Stack Module Tests"]]>
              </value>
            </param>
          </params>
          <reporter-output>
          </reporter-output>
        </test-method> <!-- runScenario -->
        <test-method signature="runScenario(io.cucumber.testng.PickleWrapper,io.cucumber.testng.FeatureWrapper)[pri:0, instance:runners.MainRunner@3f1d2e23]" started-at="2025-12-14T13:16:44 EST" name="runScenario" description="Runs Cucumber Scenarios" data-provider="scenarios" finished-at="2025-12-14T13:16:45 EST" duration-ms="1124" status="PASS">
          <params>
            <param index="0">
              <value>
                <![CDATA["Verify that user is able to navigate to "try Editor" page for "Implementation" page"]]>
              </value>
            </param>
            <param index="1">
              <value>
                <![CDATA["Stack Module Tests"]]>
              </value>
            </param>
          </params>
          <reporter-output>
          </reporter-output>
        </test-method> <!-- runScenario -->
        <test-method signature="runScenario(io.cucumber.testng.PickleWrapper,io.cucumber.testng.FeatureWrapper)[pri:0, instance:runners.MainRunner@3f1d2e23]" started-at="2025-12-14T13:16:45 EST" name="runScenario" description="Runs Cucumber Scenarios" data-provider="scenarios" finished-at="2025-12-14T13:16:55 EST" duration-ms="10553" status="PASS">
          <params>
            <param index="0">
              <value>
                <![CDATA["Verify that user receives error when click on Run button without entering code for "Implementation" page"]]>
              </value>
            </param>
            <param index="1">
              <value>
                <![CDATA["Stack Module Tests"]]>
              </value>
            </param>
          </params>
          <reporter-output>
          </reporter-output>
        </test-method> <!-- runScenario -->
        <test-method signature="runScenario(io.cucumber.testng.PickleWrapper,io.cucumber.testng.FeatureWrapper)[pri:0, instance:runners.MainRunner@3f1d2e23]" started-at="2025-12-14T13:16:55 EST" name="runScenario" description="Runs Cucumber Scenarios" data-provider="scenarios" finished-at="2025-12-14T13:17:07 EST" duration-ms="11330" status="PASS">
          <params>
            <param index="0">
              <value>
                <![CDATA["Verify that user receives error for invalid input for "Implementation" page"]]>
              </value>
            </param>
            <param index="1">
              <value>
                <![CDATA["Stack Module Tests"]]>
              </value>
            </param>
          </params>
          <reporter-output>
          </reporter-output>
        </test-method> <!-- runScenario -->
        <test-method signature="runScenario(io.cucumber.testng.PickleWrapper,io.cucumber.testng.FeatureWrapper)[pri:0, instance:runners.MainRunner@3f1d2e23]" started-at="2025-12-14T13:17:07 EST" name="runScenario" description="Runs Cucumber Scenarios" data-provider="scenarios" finished-at="2025-12-14T13:17:28 EST" duration-ms="21522" status="PASS">
          <params>
            <param index="0">
              <value>
                <![CDATA["Verify that user is able to see output for valid code for "Implementation" page"]]>
              </value>
            </param>
            <param index="1">
              <value>
                <![CDATA["Stack Module Tests"]]>
              </value>
            </param>
          </params>
          <reporter-output>
          </reporter-output>
        </test-method> <!-- runScenario -->
        <test-method signature="runScenario(io.cucumber.testng.PickleWrapper,io.cucumber.testng.FeatureWrapper)[pri:0, instance:runners.MainRunner@3f1d2e23]" started-at="2025-12-14T13:17:28 EST" name="runScenario" description="Runs Cucumber Scenarios" data-provider="scenarios" finished-at="2025-12-14T13:17:29 EST" duration-ms="864" status="PASS">
          <params>
            <param index="0">
              <value>
                <![CDATA["Verify that user is able to navigate to "Practice Questions" Page for "Implementation" page"]]>
              </value>
            </param>
            <param index="1">
              <value>
                <![CDATA["Stack Module Tests"]]>
              </value>
            </param>
          </params>
          <reporter-output>
          </reporter-output>
        </test-method> <!-- runScenario -->
        <test-method signature="runScenario(io.cucumber.testng.PickleWrapper,io.cucumber.testng.FeatureWrapper)[pri:0, instance:runners.MainRunner@3f1d2e23]" started-at="2025-12-14T13:17:29 EST" name="runScenario" description="Runs Cucumber Scenarios" data-provider="scenarios" finished-at="2025-12-14T13:17:30 EST" duration-ms="868" status="PASS">
          <params>
            <param index="0">
              <value>
                <![CDATA["Verify that user is able to navigate to "Applications" page"]]>
              </value>
            </param>
            <param index="1">
              <value>
                <![CDATA["Stack Module Tests"]]>
              </value>
            </param>
          </params>
          <reporter-output>
          </reporter-output>
        </test-method> <!-- runScenario -->
        <test-method signature="runScenario(io.cucumber.testng.PickleWrapper,io.cucumber.testng.FeatureWrapper)[pri:0, instance:runners.MainRunner@3f1d2e23]" started-at="2025-12-14T13:17:30 EST" name="runScenario" description="Runs Cucumber Scenarios" data-provider="scenarios" finished-at="2025-12-14T13:17:30 EST" duration-ms="419" status="PASS">
          <params>
            <param index="0">
              <value>
                <![CDATA["Verify that user is able to navigate to "try Editor" page for "Applications" page"]]>
              </value>
            </param>
            <param index="1">
              <value>
                <![CDATA["Stack Module Tests"]]>
              </value>
            </param>
          </params>
          <reporter-output>
          </reporter-output>
        </test-method> <!-- runScenario -->
        <test-method signature="runScenario(io.cucumber.testng.PickleWrapper,io.cucumber.testng.FeatureWrapper)[pri:0, instance:runners.MainRunner@3f1d2e23]" started-at="2025-12-14T13:17:30 EST" name="runScenario" description="Runs Cucumber Scenarios" data-provider="scenarios" finished-at="2025-12-14T13:17:41 EST" duration-ms="10459" status="PASS">
          <params>
            <param index="0">
              <value>
                <![CDATA["Verify that user receives error when click on Run button without entering code for "Applications" page"]]>
              </value>
            </param>
            <param index="1">
              <value>
                <![CDATA["Stack Module Tests"]]>
              </value>
            </param>
          </params>
          <reporter-output>
          </reporter-output>
        </test-method> <!-- runScenario -->
        <test-method signature="runScenario(io.cucumber.testng.PickleWrapper,io.cucumber.testng.FeatureWrapper)[pri:0, instance:runners.MainRunner@3f1d2e23]" started-at="2025-12-14T13:17:41 EST" name="runScenario" description="Runs Cucumber Scenarios" data-provider="scenarios" finished-at="2025-12-14T13:17:52 EST" duration-ms="11083" status="PASS">
          <params>
            <param index="0">
              <value>
                <![CDATA["Verify that user receives error when click on Run button entering invalid code for "Applications" page"]]>
              </value>
            </param>
            <param index="1">
              <value>
                <![CDATA["Stack Module Tests"]]>
              </value>
            </param>
          </params>
          <reporter-output>
          </reporter-output>
        </test-method> <!-- runScenario -->
        <test-method signature="runScenario(io.cucumber.testng.PickleWrapper,io.cucumber.testng.FeatureWrapper)[pri:0, instance:runners.MainRunner@3f1d2e23]" started-at="2025-12-14T13:17:52 EST" name="runScenario" description="Runs Cucumber Scenarios" data-provider="scenarios" finished-at="2025-12-14T13:18:13 EST" duration-ms="21471" status="PASS">
          <params>
            <param index="0">
              <value>
                <![CDATA["Verify that user is able to see output for valid code for "Applications" page"]]>
              </value>
            </param>
            <param index="1">
              <value>
                <![CDATA["Stack Module Tests"]]>
              </value>
            </param>
          </params>
          <reporter-output>
          </reporter-output>
        </test-method> <!-- runScenario -->
        <test-method signature="runScenario(io.cucumber.testng.PickleWrapper,io.cucumber.testng.FeatureWrapper)[pri:0, instance:runners.MainRunner@3f1d2e23]" started-at="2025-12-14T13:18:13 EST" name="runScenario" description="Runs Cucumber Scenarios" data-provider="scenarios" finished-at="2025-12-14T13:18:14 EST" duration-ms="917" status="PASS">
          <params>
            <param index="0">
              <value>
                <![CDATA["Verify that user is able to navigate to "Practice Questions" Page for "Applications" page"]]>
              </value>
            </param>
            <param index="1">
              <value>
                <![CDATA["Stack Module Tests"]]>
              </value>
            </param>
          </params>
          <reporter-output>
          </reporter-output>
        </test-method> <!-- runScenario -->
        <test-method signature="runScenario(io.cucumber.testng.PickleWrapper,io.cucumber.testng.FeatureWrapper)[pri:0, instance:runners.MainRunner@3f1d2e23]" started-at="2025-12-14T13:18:14 EST" name="runScenario" description="Runs Cucumber Scenarios" data-provider="scenarios" finished-at="2025-12-14T13:18:26 EST" duration-ms="11579" status="PASS">
          <params>
            <param index="0">
              <value>
                <![CDATA["Stack module tryEditor test data using Excel data"]]>
              </value>
            </param>
            <param index="1">
              <value>
                <![CDATA["Stack Module Tests"]]>
              </value>
            </param>
          </params>
          <reporter-output>
          </reporter-output>
        </test-method> <!-- runScenario -->
        <test-method signature="runScenario(io.cucumber.testng.PickleWrapper,io.cucumber.testng.FeatureWrapper)[pri:0, instance:runners.MainRunner@3f1d2e23]" started-at="2025-12-14T13:18:26 EST" name="runScenario" description="Runs Cucumber Scenarios" data-provider="scenarios" finished-at="2025-12-14T13:18:37 EST" duration-ms="11298" status="PASS">
          <params>
            <param index="0">
              <value>
                <![CDATA["Stack module tryEditor test data using Excel data"]]>
              </value>
            </param>
            <param index="1">
              <value>
                <![CDATA["Stack Module Tests"]]>
              </value>
            </param>
          </params>
          <reporter-output>
          </reporter-output>
        </test-method> <!-- runScenario -->
        <test-method is-config="true" signature="tearDownClass()[pri:0, instance:runners.MainRunner@3f1d2e23]" started-at="2025-12-14T13:18:37 EST" name="tearDownClass" finished-at="2025-12-14T13:18:37 EST" duration-ms="63" status="PASS">
          <reporter-output>
          </reporter-output>
        </test-method> <!-- tearDownClass -->
      </class> <!-- runners.MainRunner -->
    </test> <!-- Default test -->
  </suite> <!-- Default suite -->
</testng-results>
