<?xml version="1.0" encoding="UTF-8"?>
<testng-results ignored="0" total="18" passed="7" failed="11" skipped="0">
  <reporter-output>
  </reporter-output>
  <suite started-at="2025-11-18T10:21:18 EST" name="Default suite" finished-at="2025-11-18T10:23:06 EST" duration-ms="107993">
    <groups>
      <group name="cucumber">
        <method signature="AbstractTestNGCucumberTests.runScenario(io.cucumber.testng.PickleWrapper,io.cucumber.testng.FeatureWrapper)[pri:0, instance:runners.MainRunner@4135c3b]" name="runScenario" class="io.cucumber.testng.AbstractTestNGCucumberTests"/>
      </group> <!-- cucumber -->
    </groups>
    <test started-at="2025-11-18T10:21:18 EST" name="Default test" finished-at="2025-11-18T10:23:06 EST" duration-ms="107993">
      <class name="runners.MainRunner">
        <test-method is-config="true" signature="setUpClass(org.testng.ITestContext)[pri:0, instance:runners.MainRunner@4135c3b]" started-at="2025-11-18T10:21:18 EST" name="setUpClass" finished-at="2025-11-18T10:21:19 EST" duration-ms="1155" status="PASS">
          <params>
            <param index="0">
              <value>
                <![CDATA[org.testng.TestRunner@75d97e18]]>
              </value>
            </param>
          </params>
          <reporter-output>
          </reporter-output>
        </test-method> <!-- setUpClass -->
        <test-method signature="runScenario(io.cucumber.testng.PickleWrapper,io.cucumber.testng.FeatureWrapper)[pri:0, instance:runners.MainRunner@4135c3b]" started-at="2025-11-18T10:21:19 EST" name="runScenario" description="Runs Cucumber Scenarios" data-provider="scenarios" finished-at="2025-11-18T10:21:29 EST" duration-ms="9966" status="PASS">
          <params>
            <param index="0">
              <value>
                <![CDATA["Verify user is able to navigate to Array page"]]>
              </value>
            </param>
            <param index="1">
              <value>
                <![CDATA["Navigation and interaction in dsAlgo Portal - Array Section"]]>
              </value>
            </param>
          </params>
          <reporter-output>
          </reporter-output>
        </test-method> <!-- runScenario -->
        <test-method signature="runScenario(io.cucumber.testng.PickleWrapper,io.cucumber.testng.FeatureWrapper)[pri:0, instance:runners.MainRunner@4135c3b]" started-at="2025-11-18T10:21:29 EST" name="runScenario" description="Runs Cucumber Scenarios" data-provider="scenarios" finished-at="2025-11-18T10:21:36 EST" duration-ms="7101" status="PASS">
          <params>
            <param index="0">
              <value>
                <![CDATA["Verify user is able to navigate to Arrays in Python page"]]>
              </value>
            </param>
            <param index="1">
              <value>
                <![CDATA["Navigation and interaction in dsAlgo Portal - Array Section"]]>
              </value>
            </param>
          </params>
          <reporter-output>
          </reporter-output>
        </test-method> <!-- runScenario -->
        <test-method signature="runScenario(io.cucumber.testng.PickleWrapper,io.cucumber.testng.FeatureWrapper)[pri:0, instance:runners.MainRunner@4135c3b]" started-at="2025-11-18T10:21:36 EST" name="runScenario" description="Runs Cucumber Scenarios" data-provider="scenarios" finished-at="2025-11-18T10:21:44 EST" duration-ms="7637" status="PASS">
          <params>
            <param index="0">
              <value>
                <![CDATA["Verify user is able to navigate to try Editor page for Arrays in Python"]]>
              </value>
            </param>
            <param index="1">
              <value>
                <![CDATA["Navigation and interaction in dsAlgo Portal - Array Section"]]>
              </value>
            </param>
          </params>
          <reporter-output>
          </reporter-output>
        </test-method> <!-- runScenario -->
        <test-method signature="runScenario(io.cucumber.testng.PickleWrapper,io.cucumber.testng.FeatureWrapper)[pri:0, instance:runners.MainRunner@4135c3b]" started-at="2025-11-18T10:21:44 EST" name="runScenario" description="Runs Cucumber Scenarios" data-provider="scenarios" finished-at="2025-11-18T10:21:51 EST" duration-ms="7332" status="FAIL">
          <params>
            <param index="0">
              <value>
                <![CDATA["Verify error message for Empty & invalid python code for Arrays in Python page"]]>
              </value>
            </param>
            <param index="1">
              <value>
                <![CDATA["Navigation and interaction in dsAlgo Portal - Array Section"]]>
              </value>
            </param>
          </params>
          <exception class="org.openqa.selenium.NoAlertPresentException">
            <message>
              <![CDATA[no such alert
  (Session info: chrome=142.0.7444.60)
Build info: version: '4.37.0', revision: '3c1da1e342'
System info: os.name: 'Windows 11', os.arch: 'amd64', os.version: '10.0', java.version: '24.0.2'
Driver info: org.openqa.selenium.chrome.ChromeDriver
Command: [4c54a80368ab98630ff7c79e8b35b0a5, getAlertText {}]
Capabilities {acceptInsecureCerts: false, browserName: chrome, browserVersion: 142.0.7444.60, chrome: {chromedriverVersion: 142.0.7444.175 (302067f14a4..., userDataDir: C:\Users\HAPPYF~1\AppData\L...}, fedcm:accounts: true, goog:chromeOptions: {debuggerAddress: localhost:57725}, goog:processID: 37848, networkConnectionEnabled: false, pageLoadStrategy: normal, platformName: windows, proxy: Proxy(), se:cdp: ws://localhost:57725/devtoo..., se:cdpVersion: 142.0.7444.60, setWindowRect: true, strictFileInteractability: false, timeouts: {implicit: 0, pageLoad: 300000, script: 30000}, unhandledPromptBehavior: dismiss and notify, webauthn:extension:credBlob: true, webauthn:extension:largeBlob: true, webauthn:extension:minPinLength: true, webauthn:extension:prf: true, webauthn:virtualAuthenticators: true}
Session ID: 4c54a80368ab98630ff7c79e8b35b0a5]]>
            </message>
            <full-stacktrace>
              <![CDATA[org.openqa.selenium.NoAlertPresentException: no such alert
  (Session info: chrome=142.0.7444.60)
Build info: version: '4.37.0', revision: '3c1da1e342'
System info: os.name: 'Windows 11', os.arch: 'amd64', os.version: '10.0', java.version: '24.0.2'
Driver info: org.openqa.selenium.chrome.ChromeDriver
Command: [4c54a80368ab98630ff7c79e8b35b0a5, getAlertText {}]
Capabilities {acceptInsecureCerts: false, browserName: chrome, browserVersion: 142.0.7444.60, chrome: {chromedriverVersion: 142.0.7444.175 (302067f14a4..., userDataDir: C:\Users\HAPPYF~1\AppData\L...}, fedcm:accounts: true, goog:chromeOptions: {debuggerAddress: localhost:57725}, goog:processID: 37848, networkConnectionEnabled: false, pageLoadStrategy: normal, platformName: windows, proxy: Proxy(), se:cdp: ws://localhost:57725/devtoo..., se:cdpVersion: 142.0.7444.60, setWindowRect: true, strictFileInteractability: false, timeouts: {implicit: 0, pageLoad: 300000, script: 30000}, unhandledPromptBehavior: dismiss and notify, webauthn:extension:credBlob: true, webauthn:extension:largeBlob: true, webauthn:extension:minPinLength: true, webauthn:extension:prf: true, webauthn:virtualAuthenticators: true}
Session ID: 4c54a80368ab98630ff7c79e8b35b0a5
at java.base/jdk.internal.reflect.DirectConstructorHandleAccessor.newInstance(DirectConstructorHandleAccessor.java:62)
at java.base/java.lang.reflect.Constructor.newInstanceWithCaller(Constructor.java:499)
at java.base/java.lang.reflect.Constructor.newInstance(Constructor.java:483)
at org.openqa.selenium.remote.ErrorCodec.decode(ErrorCodec.java:167)
at org.openqa.selenium.remote.codec.w3c.W3CHttpResponseCodec.decode(W3CHttpResponseCodec.java:138)
at org.openqa.selenium.remote.codec.w3c.W3CHttpResponseCodec.decode(W3CHttpResponseCodec.java:50)
at org.openqa.selenium.remote.HttpCommandExecutor.execute(HttpCommandExecutor.java:215)
at org.openqa.selenium.remote.service.DriverCommandExecutor.invokeExecute(DriverCommandExecutor.java:216)
at org.openqa.selenium.remote.service.DriverCommandExecutor.execute(DriverCommandExecutor.java:174)
at org.openqa.selenium.remote.RemoteWebDriver.execute(RemoteWebDriver.java:557)
at org.openqa.selenium.remote.RemoteWebDriver.execute(RemoteWebDriver.java:634)
at org.openqa.selenium.remote.RemoteWebDriver.execute(RemoteWebDriver.java:638)
at org.openqa.selenium.remote.RemoteWebDriver$RemoteTargetLocator.alert(RemoteWebDriver.java:1197)
at stepDefinitions.ArrayList.the_user_should_see_an_error_message_in_alert_window(ArrayList.java:69)
at ✽.The user should see an error message in alert window(file:///C:/Users/Happy%20Family/eclipse-workspace/DSALGO226BddFramework/src/test/resources/features/ArrayLists.feature:35)
]]>
            </full-stacktrace>
          </exception> <!-- org.openqa.selenium.NoAlertPresentException -->
          <reporter-output>
          </reporter-output>
        </test-method> <!-- runScenario -->
        <test-method signature="runScenario(io.cucumber.testng.PickleWrapper,io.cucumber.testng.FeatureWrapper)[pri:0, instance:runners.MainRunner@4135c3b]" started-at="2025-11-18T10:21:51 EST" name="runScenario" description="Runs Cucumber Scenarios" data-provider="scenarios" finished-at="2025-11-18T10:21:58 EST" duration-ms="6887" status="PASS">
          <params>
            <param index="0">
              <value>
                <![CDATA["Verify error message for Empty & invalid python code for Arrays in Python page"]]>
              </value>
            </param>
            <param index="1">
              <value>
                <![CDATA["Navigation and interaction in dsAlgo Portal - Array Section"]]>
              </value>
            </param>
          </params>
          <reporter-output>
          </reporter-output>
        </test-method> <!-- runScenario -->
        <test-method signature="runScenario(io.cucumber.testng.PickleWrapper,io.cucumber.testng.FeatureWrapper)[pri:0, instance:runners.MainRunner@4135c3b]" started-at="2025-11-18T10:21:58 EST" name="runScenario" description="Runs Cucumber Scenarios" data-provider="scenarios" finished-at="2025-11-18T10:22:05 EST" duration-ms="7334" status="PASS">
          <params>
            <param index="0">
              <value>
                <![CDATA["Verify user is able to see output for valid python code for Arrays in Python page"]]>
              </value>
            </param>
            <param index="1">
              <value>
                <![CDATA["Navigation and interaction in dsAlgo Portal - Array Section"]]>
              </value>
            </param>
          </params>
          <reporter-output>
          </reporter-output>
        </test-method> <!-- runScenario -->
        <test-method signature="runScenario(io.cucumber.testng.PickleWrapper,io.cucumber.testng.FeatureWrapper)[pri:0, instance:runners.MainRunner@4135c3b]" started-at="2025-11-18T10:22:05 EST" name="runScenario" description="Runs Cucumber Scenarios" data-provider="scenarios" finished-at="2025-11-18T10:22:11 EST" duration-ms="5838" status="PASS">
          <params>
            <param index="0">
              <value>
                <![CDATA["Open Graph main page from Home"]]>
              </value>
            </param>
            <param index="1">
              <value>
                <![CDATA["Navigation and interaction in dsAlgo Portal - Graph Section"]]>
              </value>
            </param>
          </params>
          <reporter-output>
          </reporter-output>
        </test-method> <!-- runScenario -->
        <test-method signature="runScenario(io.cucumber.testng.PickleWrapper,io.cucumber.testng.FeatureWrapper)[pri:0, instance:runners.MainRunner@4135c3b]" started-at="2025-11-18T10:22:11 EST" name="runScenario" description="Runs Cucumber Scenarios" data-provider="scenarios" finished-at="2025-11-18T10:22:18 EST" duration-ms="7104" status="FAIL">
          <params>
            <param index="0">
              <value>
                <![CDATA["Validate alert handling for invalid input on Graph Topic Try Editor"]]>
              </value>
            </param>
            <param index="1">
              <value>
                <![CDATA["Navigation and interaction in dsAlgo Portal - Graph Section"]]>
              </value>
            </param>
          </params>
          <exception class="io.cucumber.java.PendingException">
            <message>
              <![CDATA[TODO: implement me]]>
            </message>
            <full-stacktrace>
              <![CDATA[io.cucumber.java.PendingException: TODO: implement me
at stepDefinitions.GraphList.the_user_is_on_the_try_editor_page_for_graph_topic(GraphList.java:70)
at ✽.The user is on the Try Editor page for Graph Topic(file:///C:/Users/Happy%20Family/eclipse-workspace/DSALGO226BddFramework/src/test/resources/features/GraphLists.feature:23)
]]>
            </full-stacktrace>
          </exception> <!-- io.cucumber.java.PendingException -->
          <reporter-output>
          </reporter-output>
        </test-method> <!-- runScenario -->
        <test-method signature="runScenario(io.cucumber.testng.PickleWrapper,io.cucumber.testng.FeatureWrapper)[pri:0, instance:runners.MainRunner@4135c3b]" started-at="2025-11-18T10:22:18 EST" name="runScenario" description="Runs Cucumber Scenarios" data-provider="scenarios" finished-at="2025-11-18T10:22:26 EST" duration-ms="7068" status="FAIL">
          <params>
            <param index="0">
              <value>
                <![CDATA["Validate alert handling for invalid input on Graph Topic Try Editor"]]>
              </value>
            </param>
            <param index="1">
              <value>
                <![CDATA["Navigation and interaction in dsAlgo Portal - Graph Section"]]>
              </value>
            </param>
          </params>
          <exception class="io.cucumber.java.PendingException">
            <message>
              <![CDATA[TODO: implement me]]>
            </message>
            <full-stacktrace>
              <![CDATA[io.cucumber.java.PendingException: TODO: implement me
at stepDefinitions.GraphList.the_user_is_on_the_try_editor_page_for_graph_topic(GraphList.java:70)
at ✽.The user is on the Try Editor page for Graph Topic(file:///C:/Users/Happy%20Family/eclipse-workspace/DSALGO226BddFramework/src/test/resources/features/GraphLists.feature:23)
]]>
            </full-stacktrace>
          </exception> <!-- io.cucumber.java.PendingException -->
          <reporter-output>
          </reporter-output>
        </test-method> <!-- runScenario -->
        <test-method signature="runScenario(io.cucumber.testng.PickleWrapper,io.cucumber.testng.FeatureWrapper)[pri:0, instance:runners.MainRunner@4135c3b]" started-at="2025-11-18T10:22:26 EST" name="runScenario" description="Runs Cucumber Scenarios" data-provider="scenarios" finished-at="2025-11-18T10:22:34 EST" duration-ms="8235" status="PASS">
          <params>
            <param index="0">
              <value>
                <![CDATA["Launch Graph Representations page"]]>
              </value>
            </param>
            <param index="1">
              <value>
                <![CDATA["Navigation and interaction in dsAlgo Portal - Graph Section"]]>
              </value>
            </param>
          </params>
          <reporter-output>
          </reporter-output>
        </test-method> <!-- runScenario -->
        <test-method signature="runScenario(io.cucumber.testng.PickleWrapper,io.cucumber.testng.FeatureWrapper)[pri:0, instance:runners.MainRunner@4135c3b]" started-at="2025-11-18T10:22:34 EST" name="runScenario" description="Runs Cucumber Scenarios" data-provider="scenarios" finished-at="2025-11-18T10:22:38 EST" duration-ms="4301" status="FAIL">
          <params>
            <param index="0">
              <value>
                <![CDATA["Validate alert handling for invalid input on Graph Representations Try Editor"]]>
              </value>
            </param>
            <param index="1">
              <value>
                <![CDATA["Navigation and interaction in dsAlgo Portal - Graph Section"]]>
              </value>
            </param>
          </params>
          <exception class="io.cucumber.java.PendingException">
            <message>
              <![CDATA[TODO: implement me]]>
            </message>
            <full-stacktrace>
              <![CDATA[io.cucumber.java.PendingException: TODO: implement me
at stepDefinitions.GraphList.the_user_is_on_the_try_editor_page_for_graph_representations(GraphList.java:119)
at ✽.The user is on the Try Editor page for Graph Representations(file:///C:/Users/Happy%20Family/eclipse-workspace/DSALGO226BddFramework/src/test/resources/features/GraphLists.feature:42)
]]>
            </full-stacktrace>
          </exception> <!-- io.cucumber.java.PendingException -->
          <reporter-output>
          </reporter-output>
        </test-method> <!-- runScenario -->
        <test-method signature="runScenario(io.cucumber.testng.PickleWrapper,io.cucumber.testng.FeatureWrapper)[pri:0, instance:runners.MainRunner@4135c3b]" started-at="2025-11-18T10:22:38 EST" name="runScenario" description="Runs Cucumber Scenarios" data-provider="scenarios" finished-at="2025-11-18T10:22:42 EST" duration-ms="3922" status="FAIL">
          <params>
            <param index="0">
              <value>
                <![CDATA["Validate alert handling for invalid input on Graph Representations Try Editor"]]>
              </value>
            </param>
            <param index="1">
              <value>
                <![CDATA["Navigation and interaction in dsAlgo Portal - Graph Section"]]>
              </value>
            </param>
          </params>
          <exception class="io.cucumber.java.PendingException">
            <message>
              <![CDATA[TODO: implement me]]>
            </message>
            <full-stacktrace>
              <![CDATA[io.cucumber.java.PendingException: TODO: implement me
at stepDefinitions.GraphList.the_user_is_on_the_try_editor_page_for_graph_representations(GraphList.java:119)
at ✽.The user is on the Try Editor page for Graph Representations(file:///C:/Users/Happy%20Family/eclipse-workspace/DSALGO226BddFramework/src/test/resources/features/GraphLists.feature:42)
]]>
            </full-stacktrace>
          </exception> <!-- io.cucumber.java.PendingException -->
          <reporter-output>
          </reporter-output>
        </test-method> <!-- runScenario -->
        <test-method signature="runScenario(io.cucumber.testng.PickleWrapper,io.cucumber.testng.FeatureWrapper)[pri:0, instance:runners.MainRunner@4135c3b]" started-at="2025-11-18T10:22:42 EST" name="runScenario" description="Runs Cucumber Scenarios" data-provider="scenarios" finished-at="2025-11-18T10:22:46 EST" duration-ms="4332" status="FAIL">
          <params>
            <param index="0">
              <value>
                <![CDATA["Verify user is able to navigate to Linked List Page"]]>
              </value>
            </param>
            <param index="1">
              <value>
                <![CDATA["Navigation and interaction in dsAlgo Portal - Linked List Section"]]>
              </value>
            </param>
          </params>
          <exception class="io.cucumber.testng.UndefinedStepException">
            <message>
              <![CDATA[The step 'The user clicks the Get Started button' and 1 other step(s) are undefined.
You can implement these steps using the snippet(s) below:

@When("The user clicks the Get Started button")
public void the_user_clicks_the_get_started_button() {
    // Write code here that turns the phrase above into concrete actions
    throw new io.cucumber.java.PendingException();
}
@Then("The user should be directed to Linked List Page")
public void the_user_should_be_directed_to_linked_list_page() {
    // Write code here that turns the phrase above into concrete actions
    throw new io.cucumber.java.PendingException();
}
]]>
            </message>
            <full-stacktrace>
              <![CDATA[io.cucumber.testng.UndefinedStepException: The step 'The user clicks the Get Started button' and 1 other step(s) are undefined.
You can implement these steps using the snippet(s) below:

@When("The user clicks the Get Started button")
public void the_user_clicks_the_get_started_button() {
    // Write code here that turns the phrase above into concrete actions
    throw new io.cucumber.java.PendingException();
}
@Then("The user should be directed to Linked List Page")
public void the_user_should_be_directed_to_linked_list_page() {
    // Write code here that turns the phrase above into concrete actions
    throw new io.cucumber.java.PendingException();
}

at ✽.The user clicks the Get Started button(file:///C:/Users/Happy%20Family/eclipse-workspace/DSALGO226BddFramework/src/test/resources/features/LinkedList.feature:8)
]]>
            </full-stacktrace>
          </exception> <!-- io.cucumber.testng.UndefinedStepException -->
          <reporter-output>
          </reporter-output>
        </test-method> <!-- runScenario -->
        <test-method signature="runScenario(io.cucumber.testng.PickleWrapper,io.cucumber.testng.FeatureWrapper)[pri:0, instance:runners.MainRunner@4135c3b]" started-at="2025-11-18T10:22:46 EST" name="runScenario" description="Runs Cucumber Scenarios" data-provider="scenarios" finished-at="2025-11-18T10:22:50 EST" duration-ms="3958" status="FAIL">
          <params>
            <param index="0">
              <value>
                <![CDATA["Verify user is able to navigate to Introduction page"]]>
              </value>
            </param>
            <param index="1">
              <value>
                <![CDATA["Navigation and interaction in dsAlgo Portal - Linked List Section"]]>
              </value>
            </param>
          </params>
          <exception class="io.cucumber.testng.UndefinedStepException">
            <message>
              <![CDATA[The step 'The user clicks the Get Started button' and 3 other step(s) are undefined.
You can implement these steps using the snippet(s) below:

@When("The user clicks the Get Started button")
public void the_user_clicks_the_get_started_button() {
    // Write code here that turns the phrase above into concrete actions
    throw new io.cucumber.java.PendingException();
}
@When("The user should be directed to Linked List Page")
public void the_user_should_be_directed_to_linked_list_page() {
    // Write code here that turns the phrase above into concrete actions
    throw new io.cucumber.java.PendingException();
}
@When("The user clicks Introduction link")
public void the_user_clicks_introduction_link() {
    // Write code here that turns the phrase above into concrete actions
    throw new io.cucumber.java.PendingException();
}
@Then("The user should be redirected to Introduction page")
public void the_user_should_be_redirected_to_introduction_page() {
    // Write code here that turns the phrase above into concrete actions
    throw new io.cucumber.java.PendingException();
}
]]>
            </message>
            <full-stacktrace>
              <![CDATA[io.cucumber.testng.UndefinedStepException: The step 'The user clicks the Get Started button' and 3 other step(s) are undefined.
You can implement these steps using the snippet(s) below:

@When("The user clicks the Get Started button")
public void the_user_clicks_the_get_started_button() {
    // Write code here that turns the phrase above into concrete actions
    throw new io.cucumber.java.PendingException();
}
@When("The user should be directed to Linked List Page")
public void the_user_should_be_directed_to_linked_list_page() {
    // Write code here that turns the phrase above into concrete actions
    throw new io.cucumber.java.PendingException();
}
@When("The user clicks Introduction link")
public void the_user_clicks_introduction_link() {
    // Write code here that turns the phrase above into concrete actions
    throw new io.cucumber.java.PendingException();
}
@Then("The user should be redirected to Introduction page")
public void the_user_should_be_redirected_to_introduction_page() {
    // Write code here that turns the phrase above into concrete actions
    throw new io.cucumber.java.PendingException();
}

at ✽.The user clicks the Get Started button(file:///C:/Users/Happy%20Family/eclipse-workspace/DSALGO226BddFramework/src/test/resources/features/LinkedList.feature:13)
]]>
            </full-stacktrace>
          </exception> <!-- io.cucumber.testng.UndefinedStepException -->
          <reporter-output>
          </reporter-output>
        </test-method> <!-- runScenario -->
        <test-method signature="runScenario(io.cucumber.testng.PickleWrapper,io.cucumber.testng.FeatureWrapper)[pri:0, instance:runners.MainRunner@4135c3b]" started-at="2025-11-18T10:22:50 EST" name="runScenario" description="Runs Cucumber Scenarios" data-provider="scenarios" finished-at="2025-11-18T10:22:54 EST" duration-ms="4080" status="FAIL">
          <params>
            <param index="0">
              <value>
                <![CDATA["Verify user is able to navigate to Try here page for Introduction page"]]>
              </value>
            </param>
            <param index="1">
              <value>
                <![CDATA["Navigation and interaction in dsAlgo Portal - Linked List Section"]]>
              </value>
            </param>
          </params>
          <exception class="io.cucumber.testng.UndefinedStepException">
            <message>
              <![CDATA[The step 'the user is on the Home page after signing in' and 5 other step(s) are undefined.
You can implement these steps using the snippet(s) below:

@Given("the user is on the Home page after signing in")
public void the_user_is_on_the_home_page_after_signing_in() {
    // Write code here that turns the phrase above into concrete actions
    throw new io.cucumber.java.PendingException();
}
@When("the user clicks the Get Started button")
public void the_user_clicks_the_get_started_button() {
    // Write code here that turns the phrase above into concrete actions
    throw new io.cucumber.java.PendingException();
}
@Then("the user should be navigated to the Linked List page")
public void the_user_should_be_navigated_to_the_linked_list_page() {
    // Write code here that turns the phrase above into concrete actions
    throw new io.cucumber.java.PendingException();
}
@When("the user clicks the Introduction link")
public void the_user_clicks_the_introduction_link() {
    // Write code here that turns the phrase above into concrete actions
    throw new io.cucumber.java.PendingException();
}
@When("the user clicks the Try Here button on the Introduction page")
public void the_user_clicks_the_try_here_button_on_the_introduction_page() {
    // Write code here that turns the phrase above into concrete actions
    throw new io.cucumber.java.PendingException();
}
@Then("the user should be redirected to a page containing a Try Editor with a Run button to test code")
public void the_user_should_be_redirected_to_a_page_containing_a_try_editor_with_a_run_button_to_test_code() {
    // Write code here that turns the phrase above into concrete actions
    throw new io.cucumber.java.PendingException();
}
]]>
            </message>
            <full-stacktrace>
              <![CDATA[io.cucumber.testng.UndefinedStepException: The step 'the user is on the Home page after signing in' and 5 other step(s) are undefined.
You can implement these steps using the snippet(s) below:

@Given("the user is on the Home page after signing in")
public void the_user_is_on_the_home_page_after_signing_in() {
    // Write code here that turns the phrase above into concrete actions
    throw new io.cucumber.java.PendingException();
}
@When("the user clicks the Get Started button")
public void the_user_clicks_the_get_started_button() {
    // Write code here that turns the phrase above into concrete actions
    throw new io.cucumber.java.PendingException();
}
@Then("the user should be navigated to the Linked List page")
public void the_user_should_be_navigated_to_the_linked_list_page() {
    // Write code here that turns the phrase above into concrete actions
    throw new io.cucumber.java.PendingException();
}
@When("the user clicks the Introduction link")
public void the_user_clicks_the_introduction_link() {
    // Write code here that turns the phrase above into concrete actions
    throw new io.cucumber.java.PendingException();
}
@When("the user clicks the Try Here button on the Introduction page")
public void the_user_clicks_the_try_here_button_on_the_introduction_page() {
    // Write code here that turns the phrase above into concrete actions
    throw new io.cucumber.java.PendingException();
}
@Then("the user should be redirected to a page containing a Try Editor with a Run button to test code")
public void the_user_should_be_redirected_to_a_page_containing_a_try_editor_with_a_run_button_to_test_code() {
    // Write code here that turns the phrase above into concrete actions
    throw new io.cucumber.java.PendingException();
}

at ✽.the user is on the Home page after signing in(file:///C:/Users/Happy%20Family/eclipse-workspace/DSALGO226BddFramework/src/test/resources/features/LinkedList.feature:19)
]]>
            </full-stacktrace>
          </exception> <!-- io.cucumber.testng.UndefinedStepException -->
          <reporter-output>
          </reporter-output>
        </test-method> <!-- runScenario -->
        <test-method signature="runScenario(io.cucumber.testng.PickleWrapper,io.cucumber.testng.FeatureWrapper)[pri:0, instance:runners.MainRunner@4135c3b]" started-at="2025-11-18T10:22:54 EST" name="runScenario" description="Runs Cucumber Scenarios" data-provider="scenarios" finished-at="2025-11-18T10:22:59 EST" duration-ms="4375" status="FAIL">
          <params>
            <param index="0">
              <value>
                <![CDATA["Scenario Outline: Verify error message for Empty & invalid code in tryEditor page"]]>
              </value>
            </param>
            <param index="1">
              <value>
                <![CDATA["Navigation and interaction in dsAlgo Portal - Linked List Section"]]>
              </value>
            </param>
          </params>
          <exception class="io.cucumber.testng.UndefinedStepException">
            <message>
              <![CDATA[The step 'the user is on the Home page after signing in' and 5 other step(s) are undefined.
You can implement these steps using the snippet(s) below:

@Given("the user is on the Home page after signing in")
public void the_user_is_on_the_home_page_after_signing_in() {
    // Write code here that turns the phrase above into concrete actions
    throw new io.cucumber.java.PendingException();
}
@When("the user clicks the Get Started button")
public void the_user_clicks_the_get_started_button() {
    // Write code here that turns the phrase above into concrete actions
    throw new io.cucumber.java.PendingException();
}
@Then("the user should be navigated to the Linked List page")
public void the_user_should_be_navigated_to_the_linked_list_page() {
    // Write code here that turns the phrase above into concrete actions
    throw new io.cucumber.java.PendingException();
}
@When("the user clicks the Introduction link")
public void the_user_clicks_the_introduction_link() {
    // Write code here that turns the phrase above into concrete actions
    throw new io.cucumber.java.PendingException();
}
@When("the user clicks the Try Here button on the Introduction page")
public void the_user_clicks_the_try_here_button_on_the_introduction_page() {
    // Write code here that turns the phrase above into concrete actions
    throw new io.cucumber.java.PendingException();
}
@Then("the user should be redirected to a page containing a Try Editor with a Run button to test code")
public void the_user_should_be_redirected_to_a_page_containing_a_try_editor_with_a_run_button_to_test_code() {
    // Write code here that turns the phrase above into concrete actions
    throw new io.cucumber.java.PendingException();
}
]]>
            </message>
            <full-stacktrace>
              <![CDATA[io.cucumber.testng.UndefinedStepException: The step 'the user is on the Home page after signing in' and 5 other step(s) are undefined.
You can implement these steps using the snippet(s) below:

@Given("the user is on the Home page after signing in")
public void the_user_is_on_the_home_page_after_signing_in() {
    // Write code here that turns the phrase above into concrete actions
    throw new io.cucumber.java.PendingException();
}
@When("the user clicks the Get Started button")
public void the_user_clicks_the_get_started_button() {
    // Write code here that turns the phrase above into concrete actions
    throw new io.cucumber.java.PendingException();
}
@Then("the user should be navigated to the Linked List page")
public void the_user_should_be_navigated_to_the_linked_list_page() {
    // Write code here that turns the phrase above into concrete actions
    throw new io.cucumber.java.PendingException();
}
@When("the user clicks the Introduction link")
public void the_user_clicks_the_introduction_link() {
    // Write code here that turns the phrase above into concrete actions
    throw new io.cucumber.java.PendingException();
}
@When("the user clicks the Try Here button on the Introduction page")
public void the_user_clicks_the_try_here_button_on_the_introduction_page() {
    // Write code here that turns the phrase above into concrete actions
    throw new io.cucumber.java.PendingException();
}
@Then("the user should be redirected to a page containing a Try Editor with a Run button to test code")
public void the_user_should_be_redirected_to_a_page_containing_a_try_editor_with_a_run_button_to_test_code() {
    // Write code here that turns the phrase above into concrete actions
    throw new io.cucumber.java.PendingException();
}

at ✽.the user is on the Home page after signing in(file:///C:/Users/Happy%20Family/eclipse-workspace/DSALGO226BddFramework/src/test/resources/features/LinkedList.feature:27)
]]>
            </full-stacktrace>
          </exception> <!-- io.cucumber.testng.UndefinedStepException -->
          <reporter-output>
          </reporter-output>
        </test-method> <!-- runScenario -->
        <test-method signature="runScenario(io.cucumber.testng.PickleWrapper,io.cucumber.testng.FeatureWrapper)[pri:0, instance:runners.MainRunner@4135c3b]" started-at="2025-11-18T10:22:59 EST" name="runScenario" description="Runs Cucumber Scenarios" data-provider="scenarios" finished-at="2025-11-18T10:23:03 EST" duration-ms="3916" status="FAIL">
          <params>
            <param index="0">
              <value>
                <![CDATA["Verify user is able to see output for valid Linked List code for "Introduction" page"]]>
              </value>
            </param>
            <param index="1">
              <value>
                <![CDATA["Navigation and interaction in dsAlgo Portal - Linked List Section"]]>
              </value>
            </param>
          </params>
          <exception class="io.cucumber.testng.UndefinedStepException">
            <message>
              <![CDATA[The step 'the user is on the Home page after signing in' and 5 other step(s) are undefined.
You can implement these steps using the snippet(s) below:

@Given("the user is on the Home page after signing in")
public void the_user_is_on_the_home_page_after_signing_in() {
    // Write code here that turns the phrase above into concrete actions
    throw new io.cucumber.java.PendingException();
}
@When("the user clicks the Get Started button")
public void the_user_clicks_the_get_started_button() {
    // Write code here that turns the phrase above into concrete actions
    throw new io.cucumber.java.PendingException();
}
@Then("the user should be navigated to the Linked List page")
public void the_user_should_be_navigated_to_the_linked_list_page() {
    // Write code here that turns the phrase above into concrete actions
    throw new io.cucumber.java.PendingException();
}
@When("the user clicks the Introduction link")
public void the_user_clicks_the_introduction_link() {
    // Write code here that turns the phrase above into concrete actions
    throw new io.cucumber.java.PendingException();
}
@When("the user clicks the Try Here button on the Introduction page")
public void the_user_clicks_the_try_here_button_on_the_introduction_page() {
    // Write code here that turns the phrase above into concrete actions
    throw new io.cucumber.java.PendingException();
}
@Then("the user should be redirected to a page containing a Try Editor with a Run button to test code")
public void the_user_should_be_redirected_to_a_page_containing_a_try_editor_with_a_run_button_to_test_code() {
    // Write code here that turns the phrase above into concrete actions
    throw new io.cucumber.java.PendingException();
}
]]>
            </message>
            <full-stacktrace>
              <![CDATA[io.cucumber.testng.UndefinedStepException: The step 'the user is on the Home page after signing in' and 5 other step(s) are undefined.
You can implement these steps using the snippet(s) below:

@Given("the user is on the Home page after signing in")
public void the_user_is_on_the_home_page_after_signing_in() {
    // Write code here that turns the phrase above into concrete actions
    throw new io.cucumber.java.PendingException();
}
@When("the user clicks the Get Started button")
public void the_user_clicks_the_get_started_button() {
    // Write code here that turns the phrase above into concrete actions
    throw new io.cucumber.java.PendingException();
}
@Then("the user should be navigated to the Linked List page")
public void the_user_should_be_navigated_to_the_linked_list_page() {
    // Write code here that turns the phrase above into concrete actions
    throw new io.cucumber.java.PendingException();
}
@When("the user clicks the Introduction link")
public void the_user_clicks_the_introduction_link() {
    // Write code here that turns the phrase above into concrete actions
    throw new io.cucumber.java.PendingException();
}
@When("the user clicks the Try Here button on the Introduction page")
public void the_user_clicks_the_try_here_button_on_the_introduction_page() {
    // Write code here that turns the phrase above into concrete actions
    throw new io.cucumber.java.PendingException();
}
@Then("the user should be redirected to a page containing a Try Editor with a Run button to test code")
public void the_user_should_be_redirected_to_a_page_containing_a_try_editor_with_a_run_button_to_test_code() {
    // Write code here that turns the phrase above into concrete actions
    throw new io.cucumber.java.PendingException();
}

at ✽.the user is on the Home page after signing in(file:///C:/Users/Happy%20Family/eclipse-workspace/DSALGO226BddFramework/src/test/resources/features/LinkedList.feature:37)
]]>
            </full-stacktrace>
          </exception> <!-- io.cucumber.testng.UndefinedStepException -->
          <reporter-output>
          </reporter-output>
        </test-method> <!-- runScenario -->
        <test-method signature="runScenario(io.cucumber.testng.PickleWrapper,io.cucumber.testng.FeatureWrapper)[pri:0, instance:runners.MainRunner@4135c3b]" started-at="2025-11-18T10:23:03 EST" name="runScenario" description="Runs Cucumber Scenarios" data-provider="scenarios" finished-at="2025-11-18T10:23:06 EST" duration-ms="3156" status="FAIL">
          <params>
            <param index="0">
              <value>
                <![CDATA["Verify user is able to navigate to "Practice Questions" Page for "Linked List" page"]]>
              </value>
            </param>
            <param index="1">
              <value>
                <![CDATA["Navigation and interaction in dsAlgo Portal - Linked List Section"]]>
              </value>
            </param>
          </params>
          <exception class="io.cucumber.testng.UndefinedStepException">
            <message>
              <![CDATA[The step 'The user is in the "Linked List" page after Sign in' and 2 other step(s) are undefined.
You can implement these steps using the snippet(s) below:

@Given("The user is in the {string} page after Sign in")
public void the_user_is_in_the_page_after_sign_in(String string) {
    // Write code here that turns the phrase above into concrete actions
    throw new io.cucumber.java.PendingException();
}
@When("The user clicks {string} button")
public void the_user_clicks_button(String string) {
    // Write code here that turns the phrase above into concrete actions
    throw new io.cucumber.java.PendingException();
}
@Then("The user should be redirected to {string} page")
public void the_user_should_be_redirected_to_page(String string) {
    // Write code here that turns the phrase above into concrete actions
    throw new io.cucumber.java.PendingException();
}
]]>
            </message>
            <full-stacktrace>
              <![CDATA[io.cucumber.testng.UndefinedStepException: The step 'The user is in the "Linked List" page after Sign in' and 2 other step(s) are undefined.
You can implement these steps using the snippet(s) below:

@Given("The user is in the {string} page after Sign in")
public void the_user_is_in_the_page_after_sign_in(String string) {
    // Write code here that turns the phrase above into concrete actions
    throw new io.cucumber.java.PendingException();
}
@When("The user clicks {string} button")
public void the_user_clicks_button(String string) {
    // Write code here that turns the phrase above into concrete actions
    throw new io.cucumber.java.PendingException();
}
@Then("The user should be redirected to {string} page")
public void the_user_should_be_redirected_to_page(String string) {
    // Write code here that turns the phrase above into concrete actions
    throw new io.cucumber.java.PendingException();
}

at ✽.The user is in the "Linked List" page after Sign in(file:///C:/Users/Happy%20Family/eclipse-workspace/DSALGO226BddFramework/src/test/resources/features/LinkedList.feature:48)
]]>
            </full-stacktrace>
          </exception> <!-- io.cucumber.testng.UndefinedStepException -->
          <reporter-output>
          </reporter-output>
        </test-method> <!-- runScenario -->
        <test-method is-config="true" signature="tearDownClass()[pri:0, instance:runners.MainRunner@4135c3b]" started-at="2025-11-18T10:23:06 EST" name="tearDownClass" finished-at="2025-11-18T10:23:06 EST" duration-ms="158" status="PASS">
          <reporter-output>
          </reporter-output>
        </test-method> <!-- tearDownClass -->
      </class> <!-- runners.MainRunner -->
    </test> <!-- Default test -->
  </suite> <!-- Default suite -->
</testng-results>
