<?xml version="1.0" encoding="UTF-8"?>
<testng-results ignored="0" total="39" passed="37" failed="2" skipped="0">
  <reporter-output>
  </reporter-output>
  <suite started-at="2025-11-25T06:59:56 EST" name="Default suite" finished-at="2025-11-25T07:02:57 EST" duration-ms="180993">
    <groups>
      <group name="cucumber">
        <method signature="AbstractTestNGCucumberTests.runScenario(io.cucumber.testng.PickleWrapper,io.cucumber.testng.FeatureWrapper)[pri:0, instance:runners.MainRunner@4e0ae11f]" name="runScenario" class="io.cucumber.testng.AbstractTestNGCucumberTests"/>
      </group> <!-- cucumber -->
    </groups>
    <test started-at="2025-11-25T06:59:56 EST" name="Default test" finished-at="2025-11-25T07:02:57 EST" duration-ms="180993">
      <class name="runners.MainRunner">
        <test-method is-config="true" signature="setUpClass(org.testng.ITestContext)[pri:0, instance:runners.MainRunner@4e0ae11f]" started-at="2025-11-25T06:59:56 EST" name="setUpClass" finished-at="2025-11-25T06:59:57 EST" duration-ms="1589" status="PASS">
          <params>
            <param index="0">
              <value>
                <![CDATA[org.testng.TestRunner@6592a73b]]>
              </value>
            </param>
          </params>
          <reporter-output>
          </reporter-output>
        </test-method> <!-- setUpClass -->
        <test-method signature="runScenario(io.cucumber.testng.PickleWrapper,io.cucumber.testng.FeatureWrapper)[pri:0, instance:runners.MainRunner@4e0ae11f]" started-at="2025-11-25T06:59:57 EST" name="runScenario" description="Runs Cucumber Scenarios" data-provider="scenarios" finished-at="2025-11-25T07:00:06 EST" duration-ms="8106" status="PASS">
          <params>
            <param index="0">
              <value>
                <![CDATA["Verify user is able to navigate to Array page"]]>
              </value>
            </param>
            <param index="1">
              <value>
                <![CDATA["Navigation and interaction in dsAlgo Portal - Array Section"]]>
              </value>
            </param>
          </params>
          <reporter-output>
          </reporter-output>
        </test-method> <!-- runScenario -->
        <test-method signature="runScenario(io.cucumber.testng.PickleWrapper,io.cucumber.testng.FeatureWrapper)[pri:0, instance:runners.MainRunner@4e0ae11f]" started-at="2025-11-25T07:00:06 EST" name="runScenario" description="Runs Cucumber Scenarios" data-provider="scenarios" finished-at="2025-11-25T07:00:12 EST" duration-ms="6594" status="PASS">
          <params>
            <param index="0">
              <value>
                <![CDATA["Verify user is able to navigate to Arrays in Python page"]]>
              </value>
            </param>
            <param index="1">
              <value>
                <![CDATA["Navigation and interaction in dsAlgo Portal - Array Section"]]>
              </value>
            </param>
          </params>
          <reporter-output>
          </reporter-output>
        </test-method> <!-- runScenario -->
        <test-method signature="runScenario(io.cucumber.testng.PickleWrapper,io.cucumber.testng.FeatureWrapper)[pri:0, instance:runners.MainRunner@4e0ae11f]" started-at="2025-11-25T07:00:12 EST" name="runScenario" description="Runs Cucumber Scenarios" data-provider="scenarios" finished-at="2025-11-25T07:00:20 EST" duration-ms="7755" status="PASS">
          <params>
            <param index="0">
              <value>
                <![CDATA["Verify user is able to navigate to try Editor page for Arrays in Python"]]>
              </value>
            </param>
            <param index="1">
              <value>
                <![CDATA["Navigation and interaction in dsAlgo Portal - Array Section"]]>
              </value>
            </param>
          </params>
          <reporter-output>
          </reporter-output>
        </test-method> <!-- runScenario -->
        <test-method signature="runScenario(io.cucumber.testng.PickleWrapper,io.cucumber.testng.FeatureWrapper)[pri:0, instance:runners.MainRunner@4e0ae11f]" started-at="2025-11-25T07:00:20 EST" name="runScenario" description="Runs Cucumber Scenarios" data-provider="scenarios" finished-at="2025-11-25T07:00:30 EST" duration-ms="9695" status="FAIL">
          <params>
            <param index="0">
              <value>
                <![CDATA["Verify error message for Empty & invalid python code for Arrays in Python page"]]>
              </value>
            </param>
            <param index="1">
              <value>
                <![CDATA["Navigation and interaction in dsAlgo Portal - Array Section"]]>
              </value>
            </param>
          </params>
          <exception class="org.openqa.selenium.NoAlertPresentException">
            <message>
              <![CDATA[no such alert
  (Session info: chrome=142.0.7444.176)
Build info: version: '4.37.0', revision: '3c1da1e342'
System info: os.name: 'Windows 11', os.arch: 'amd64', os.version: '10.0', java.version: '17.0.16'
Driver info: org.openqa.selenium.chrome.ChromeDriver
Command: [3bbbd756f6dc12472131979cd2c2e4c5, getAlertText {}]
Capabilities {acceptInsecureCerts: false, browserName: chrome, browserVersion: 142.0.7444.176, chrome: {chromedriverVersion: 142.0.7444.175 (302067f14a4..., userDataDir: C:\Users\HAPPYF~1\AppData\L...}, fedcm:accounts: true, goog:chromeOptions: {debuggerAddress: localhost:49960}, goog:processID: 29052, networkConnectionEnabled: false, pageLoadStrategy: normal, platformName: windows, proxy: Proxy(), se:cdp: ws://localhost:49960/devtoo..., se:cdpVersion: 142.0.7444.176, setWindowRect: true, strictFileInteractability: false, timeouts: {implicit: 0, pageLoad: 300000, script: 30000}, unhandledPromptBehavior: dismiss and notify, webauthn:extension:credBlob: true, webauthn:extension:largeBlob: true, webauthn:extension:minPinLength: true, webauthn:extension:prf: true, webauthn:virtualAuthenticators: true}
Session ID: 3bbbd756f6dc12472131979cd2c2e4c5]]>
            </message>
            <full-stacktrace>
              <![CDATA[org.openqa.selenium.NoAlertPresentException: no such alert
  (Session info: chrome=142.0.7444.176)
Build info: version: '4.37.0', revision: '3c1da1e342'
System info: os.name: 'Windows 11', os.arch: 'amd64', os.version: '10.0', java.version: '17.0.16'
Driver info: org.openqa.selenium.chrome.ChromeDriver
Command: [3bbbd756f6dc12472131979cd2c2e4c5, getAlertText {}]
Capabilities {acceptInsecureCerts: false, browserName: chrome, browserVersion: 142.0.7444.176, chrome: {chromedriverVersion: 142.0.7444.175 (302067f14a4..., userDataDir: C:\Users\HAPPYF~1\AppData\L...}, fedcm:accounts: true, goog:chromeOptions: {debuggerAddress: localhost:49960}, goog:processID: 29052, networkConnectionEnabled: false, pageLoadStrategy: normal, platformName: windows, proxy: Proxy(), se:cdp: ws://localhost:49960/devtoo..., se:cdpVersion: 142.0.7444.176, setWindowRect: true, strictFileInteractability: false, timeouts: {implicit: 0, pageLoad: 300000, script: 30000}, unhandledPromptBehavior: dismiss and notify, webauthn:extension:credBlob: true, webauthn:extension:largeBlob: true, webauthn:extension:minPinLength: true, webauthn:extension:prf: true, webauthn:virtualAuthenticators: true}
Session ID: 3bbbd756f6dc12472131979cd2c2e4c5
at java.base/jdk.internal.reflect.NativeConstructorAccessorImpl.newInstance0(Native Method)
at java.base/jdk.internal.reflect.NativeConstructorAccessorImpl.newInstance(NativeConstructorAccessorImpl.java:77)
at java.base/jdk.internal.reflect.DelegatingConstructorAccessorImpl.newInstance(DelegatingConstructorAccessorImpl.java:45)
at java.base/java.lang.reflect.Constructor.newInstanceWithCaller(Constructor.java:500)
at java.base/java.lang.reflect.Constructor.newInstance(Constructor.java:481)
at org.openqa.selenium.remote.ErrorCodec.decode(ErrorCodec.java:167)
at org.openqa.selenium.remote.codec.w3c.W3CHttpResponseCodec.decode(W3CHttpResponseCodec.java:138)
at org.openqa.selenium.remote.codec.w3c.W3CHttpResponseCodec.decode(W3CHttpResponseCodec.java:50)
at org.openqa.selenium.remote.HttpCommandExecutor.execute(HttpCommandExecutor.java:215)
at org.openqa.selenium.remote.service.DriverCommandExecutor.invokeExecute(DriverCommandExecutor.java:216)
at org.openqa.selenium.remote.service.DriverCommandExecutor.execute(DriverCommandExecutor.java:174)
at org.openqa.selenium.remote.RemoteWebDriver.execute(RemoteWebDriver.java:557)
at org.openqa.selenium.remote.RemoteWebDriver.execute(RemoteWebDriver.java:634)
at org.openqa.selenium.remote.RemoteWebDriver.execute(RemoteWebDriver.java:638)
at org.openqa.selenium.remote.RemoteWebDriver$RemoteTargetLocator.alert(RemoteWebDriver.java:1197)
at stepDefinitions.ArrayList.the_user_should_see_an_error_message_in_alert_window(ArrayList.java:69)
at ✽.The user should see an error message in alert window(file:///C:/Users/Happy%20Family/eclipse-workspace/DSALGO226BddFramework/src/test/resources/features/ArrayLists.feature:35)
]]>
            </full-stacktrace>
          </exception> <!-- org.openqa.selenium.NoAlertPresentException -->
          <reporter-output>
          </reporter-output>
        </test-method> <!-- runScenario -->
        <test-method signature="runScenario(io.cucumber.testng.PickleWrapper,io.cucumber.testng.FeatureWrapper)[pri:0, instance:runners.MainRunner@4e0ae11f]" started-at="2025-11-25T07:00:30 EST" name="runScenario" description="Runs Cucumber Scenarios" data-provider="scenarios" finished-at="2025-11-25T07:00:39 EST" duration-ms="9020" status="PASS">
          <params>
            <param index="0">
              <value>
                <![CDATA["Verify error message for Empty & invalid python code for Arrays in Python page"]]>
              </value>
            </param>
            <param index="1">
              <value>
                <![CDATA["Navigation and interaction in dsAlgo Portal - Array Section"]]>
              </value>
            </param>
          </params>
          <reporter-output>
          </reporter-output>
        </test-method> <!-- runScenario -->
        <test-method signature="runScenario(io.cucumber.testng.PickleWrapper,io.cucumber.testng.FeatureWrapper)[pri:0, instance:runners.MainRunner@4e0ae11f]" started-at="2025-11-25T07:00:39 EST" name="runScenario" description="Runs Cucumber Scenarios" data-provider="scenarios" finished-at="2025-11-25T07:00:51 EST" duration-ms="12346" status="PASS">
          <params>
            <param index="0">
              <value>
                <![CDATA["Verify user is able to see output for valid python code for Arrays in Python page"]]>
              </value>
            </param>
            <param index="1">
              <value>
                <![CDATA["Navigation and interaction in dsAlgo Portal - Array Section"]]>
              </value>
            </param>
          </params>
          <reporter-output>
          </reporter-output>
        </test-method> <!-- runScenario -->
        <test-method signature="runScenario(io.cucumber.testng.PickleWrapper,io.cucumber.testng.FeatureWrapper)[pri:0, instance:runners.MainRunner@4e0ae11f]" started-at="2025-11-25T07:00:51 EST" name="runScenario" description="Runs Cucumber Scenarios" data-provider="scenarios" finished-at="2025-11-25T07:00:58 EST" duration-ms="7199" status="PASS">
          <params>
            <param index="0">
              <value>
                <![CDATA["User Accesses the Home page"]]>
              </value>
            </param>
            <param index="1">
              <value>
                <![CDATA["DS_AGLO_APP Home Page Verification"]]>
              </value>
            </param>
          </params>
          <reporter-output>
          </reporter-output>
        </test-method> <!-- runScenario -->
        <test-method signature="runScenario(io.cucumber.testng.PickleWrapper,io.cucumber.testng.FeatureWrapper)[pri:0, instance:runners.MainRunner@4e0ae11f]" started-at="2025-11-25T07:00:58 EST" name="runScenario" description="Runs Cucumber Scenarios" data-provider="scenarios" finished-at="2025-11-25T07:01:10 EST" duration-ms="11897" status="PASS">
          <params>
            <param index="0">
              <value>
                <![CDATA["Validate alert handling for invalid input on Graph Topic Try Editor"]]>
              </value>
            </param>
            <param index="1">
              <value>
                <![CDATA["DS_AGLO_APP Home Page Verification"]]>
              </value>
            </param>
          </params>
          <reporter-output>
          </reporter-output>
        </test-method> <!-- runScenario -->
        <test-method signature="runScenario(io.cucumber.testng.PickleWrapper,io.cucumber.testng.FeatureWrapper)[pri:0, instance:runners.MainRunner@4e0ae11f]" started-at="2025-11-25T07:01:10 EST" name="runScenario" description="Runs Cucumber Scenarios" data-provider="scenarios" finished-at="2025-11-25T07:01:18 EST" duration-ms="7525" status="PASS">
          <params>
            <param index="0">
              <value>
                <![CDATA["when selecting "Data Structure" dropdown menu , its displayed the Error Message"]]>
              </value>
            </param>
            <param index="1">
              <value>
                <![CDATA["DS_AGLO_APP Home Page Verification"]]>
              </value>
            </param>
          </params>
          <reporter-output>
          </reporter-output>
        </test-method> <!-- runScenario -->
        <test-method signature="runScenario(io.cucumber.testng.PickleWrapper,io.cucumber.testng.FeatureWrapper)[pri:0, instance:runners.MainRunner@4e0ae11f]" started-at="2025-11-25T07:01:18 EST" name="runScenario" description="Runs Cucumber Scenarios" data-provider="scenarios" finished-at="2025-11-25T07:01:28 EST" duration-ms="9939" status="PASS">
          <params>
            <param index="0">
              <value>
                <![CDATA["Launch Graph Representations page"]]>
              </value>
            </param>
            <param index="1">
              <value>
                <![CDATA["Navigation and interaction in dsAlgo Portal - Graph Section"]]>
              </value>
            </param>
          </params>
          <reporter-output>
          </reporter-output>
        </test-method> <!-- runScenario -->
        <test-method signature="runScenario(io.cucumber.testng.PickleWrapper,io.cucumber.testng.FeatureWrapper)[pri:0, instance:runners.MainRunner@4e0ae11f]" started-at="2025-11-25T07:01:28 EST" name="runScenario" description="Runs Cucumber Scenarios" data-provider="scenarios" finished-at="2025-11-25T07:01:41 EST" duration-ms="13365" status="PASS">
          <params>
            <param index="0">
              <value>
                <![CDATA["when selecting "Array" dropdown menu , its displayed the Error Message"]]>
              </value>
            </param>
            <param index="1">
              <value>
                <![CDATA["DS_AGLO_APP Home Page Verification"]]>
              </value>
            </param>
          </params>
          <reporter-output>
          </reporter-output>
        </test-method> <!-- runScenario -->
        <test-method signature="runScenario(io.cucumber.testng.PickleWrapper,io.cucumber.testng.FeatureWrapper)[pri:0, instance:runners.MainRunner@4e0ae11f]" started-at="2025-11-25T07:01:41 EST" name="runScenario" description="Runs Cucumber Scenarios" data-provider="scenarios" finished-at="2025-11-25T07:01:50 EST" duration-ms="8745" status="PASS">
          <params>
            <param index="0">
              <value>
                <![CDATA["Validate alert handling for invalid input on Graph Representations Try Editor"]]>
              </value>
            </param>
            <param index="1">
              <value>
                <![CDATA["DS_AGLO_APP Home Page Verification"]]>
              </value>
            </param>
          </params>
          <reporter-output>
          </reporter-output>
        </test-method> <!-- runScenario -->
        <test-method signature="runScenario(io.cucumber.testng.PickleWrapper,io.cucumber.testng.FeatureWrapper)[pri:0, instance:runners.MainRunner@4e0ae11f]" started-at="2025-11-25T07:01:50 EST" name="runScenario" description="Runs Cucumber Scenarios" data-provider="scenarios" finished-at="2025-11-25T07:01:54 EST" duration-ms="3779" status="PASS">
          <params>
            <param index="0">
              <value>
                <![CDATA["User opens the DS Algo Portal"]]>
              </value>
            </param>
            <param index="1">
              <value>
                <![CDATA["DS_AGLO_APP Home Page Verification"]]>
              </value>
            </param>
          </params>
          <reporter-output>
          </reporter-output>
        </test-method> <!-- runScenario -->
        <test-method signature="runScenario(io.cucumber.testng.PickleWrapper,io.cucumber.testng.FeatureWrapper)[pri:0, instance:runners.MainRunner@4e0ae11f]" started-at="2025-11-25T07:01:54 EST" name="runScenario" description="Runs Cucumber Scenarios" data-provider="scenarios" finished-at="2025-11-25T07:01:55 EST" duration-ms="1800" status="PASS">
          <params>
            <param index="0">
              <value>
                <![CDATA["User Accesses the Home page"]]>
              </value>
            </param>
            <param index="1">
              <value>
                <![CDATA["DS_AGLO_APP Home Page Verification"]]>
              </value>
            </param>
          </params>
          <reporter-output>
          </reporter-output>
        </test-method> <!-- runScenario -->
        <test-method signature="runScenario(io.cucumber.testng.PickleWrapper,io.cucumber.testng.FeatureWrapper)[pri:0, instance:runners.MainRunner@4e0ae11f]" started-at="2025-11-25T07:01:55 EST" name="runScenario" description="Runs Cucumber Scenarios" data-provider="scenarios" finished-at="2025-11-25T07:01:57 EST" duration-ms="1844" status="PASS">
          <params>
            <param index="0">
              <value>
                <![CDATA["User views the Data Structures Dropdown Options"]]>
              </value>
            </param>
            <param index="1">
              <value>
                <![CDATA["DS_AGLO_APP Home Page Verification"]]>
              </value>
            </param>
          </params>
          <reporter-output>
          </reporter-output>
        </test-method> <!-- runScenario -->
        <test-method signature="runScenario(io.cucumber.testng.PickleWrapper,io.cucumber.testng.FeatureWrapper)[pri:0, instance:runners.MainRunner@4e0ae11f]" started-at="2025-11-25T07:01:57 EST" name="runScenario" description="Runs Cucumber Scenarios" data-provider="scenarios" finished-at="2025-11-25T07:01:59 EST" duration-ms="1822" status="PASS">
          <params>
            <param index="0">
              <value>
                <![CDATA["when selecting "Data Structure" dropdown menu , its displayed the Error Message"]]>
              </value>
            </param>
            <param index="1">
              <value>
                <![CDATA["DS_AGLO_APP Home Page Verification"]]>
              </value>
            </param>
          </params>
          <reporter-output>
          </reporter-output>
        </test-method> <!-- runScenario -->
        <test-method signature="runScenario(io.cucumber.testng.PickleWrapper,io.cucumber.testng.FeatureWrapper)[pri:0, instance:runners.MainRunner@4e0ae11f]" started-at="2025-11-25T07:01:59 EST" name="runScenario" description="Runs Cucumber Scenarios" data-provider="scenarios" finished-at="2025-11-25T07:02:01 EST" duration-ms="2250" status="PASS">
          <params>
            <param index="0">
              <value>
                <![CDATA["when selecting "Array" dropdown menu , its displayed the Error Message"]]>
              </value>
            </param>
            <param index="1">
              <value>
                <![CDATA["DS_AGLO_APP Home Page Verification"]]>
              </value>
            </param>
          </params>
          <reporter-output>
          </reporter-output>
        </test-method> <!-- runScenario -->
        <test-method signature="runScenario(io.cucumber.testng.PickleWrapper,io.cucumber.testng.FeatureWrapper)[pri:0, instance:runners.MainRunner@4e0ae11f]" started-at="2025-11-25T07:02:01 EST" name="runScenario" description="Runs Cucumber Scenarios" data-provider="scenarios" finished-at="2025-11-25T07:02:04 EST" duration-ms="2244" status="PASS">
          <params>
            <param index="0">
              <value>
                <![CDATA["when clicking the "Get Started "button for "Data structures - Induction", Its displayed Error message"]]>
              </value>
            </param>
            <param index="1">
              <value>
                <![CDATA["DS_AGLO_APP Home Page Verification"]]>
              </value>
            </param>
          </params>
          <reporter-output>
          </reporter-output>
        </test-method> <!-- runScenario -->
        <test-method signature="runScenario(io.cucumber.testng.PickleWrapper,io.cucumber.testng.FeatureWrapper)[pri:0, instance:runners.MainRunner@4e0ae11f]" started-at="2025-11-25T07:02:04 EST" name="runScenario" description="Runs Cucumber Scenarios" data-provider="scenarios" finished-at="2025-11-25T07:02:06 EST" duration-ms="2329" status="PASS">
          <params>
            <param index="0">
              <value>
                <![CDATA["when clicking the "Get Started" button for "Arrays", Its displayed Error message"]]>
              </value>
            </param>
            <param index="1">
              <value>
                <![CDATA["DS_AGLO_APP Home Page Verification"]]>
              </value>
            </param>
          </params>
          <reporter-output>
          </reporter-output>
        </test-method> <!-- runScenario -->
        <test-method signature="runScenario(io.cucumber.testng.PickleWrapper,io.cucumber.testng.FeatureWrapper)[pri:0, instance:runners.MainRunner@4e0ae11f]" started-at="2025-11-25T07:02:06 EST" name="runScenario" description="Runs Cucumber Scenarios" data-provider="scenarios" finished-at="2025-11-25T07:02:08 EST" duration-ms="2487" status="PASS">
          <params>
            <param index="0">
              <value>
                <![CDATA["when selecting "Linked List" in thedropdown menu, its displayed Error message"]]>
              </value>
            </param>
            <param index="1">
              <value>
                <![CDATA["DS_AGLO_APP Home Page Verification"]]>
              </value>
            </param>
          </params>
          <reporter-output>
          </reporter-output>
        </test-method> <!-- runScenario -->
        <test-method signature="runScenario(io.cucumber.testng.PickleWrapper,io.cucumber.testng.FeatureWrapper)[pri:0, instance:runners.MainRunner@4e0ae11f]" started-at="2025-11-25T07:02:08 EST" name="runScenario" description="Runs Cucumber Scenarios" data-provider="scenarios" finished-at="2025-11-25T07:02:11 EST" duration-ms="2203" status="PASS">
          <params>
            <param index="0">
              <value>
                <![CDATA["when selecting  "Stack" in the dropdown menu, its displayed Error mesaage"]]>
              </value>
            </param>
            <param index="1">
              <value>
                <![CDATA["DS_AGLO_APP Home Page Verification"]]>
              </value>
            </param>
          </params>
          <reporter-output>
          </reporter-output>
        </test-method> <!-- runScenario -->
        <test-method signature="runScenario(io.cucumber.testng.PickleWrapper,io.cucumber.testng.FeatureWrapper)[pri:0, instance:runners.MainRunner@4e0ae11f]" started-at="2025-11-25T07:02:11 EST" name="runScenario" description="Runs Cucumber Scenarios" data-provider="scenarios" finished-at="2025-11-25T07:02:13 EST" duration-ms="2139" status="PASS">
          <params>
            <param index="0">
              <value>
                <![CDATA["when selecting  "Queue" in the dropdown menu, its displayed Error message"]]>
              </value>
            </param>
            <param index="1">
              <value>
                <![CDATA["DS_AGLO_APP Home Page Verification"]]>
              </value>
            </param>
          </params>
          <reporter-output>
          </reporter-output>
        </test-method> <!-- runScenario -->
        <test-method signature="runScenario(io.cucumber.testng.PickleWrapper,io.cucumber.testng.FeatureWrapper)[pri:0, instance:runners.MainRunner@4e0ae11f]" started-at="2025-11-25T07:02:13 EST" name="runScenario" description="Runs Cucumber Scenarios" data-provider="scenarios" finished-at="2025-11-25T07:02:15 EST" duration-ms="2163" status="PASS">
          <params>
            <param index="0">
              <value>
                <![CDATA["when selecting  Tree in the dropdown menu, its displayed Error message"]]>
              </value>
            </param>
            <param index="1">
              <value>
                <![CDATA["DS_AGLO_APP Home Page Verification"]]>
              </value>
            </param>
          </params>
          <reporter-output>
          </reporter-output>
        </test-method> <!-- runScenario -->
        <test-method signature="runScenario(io.cucumber.testng.PickleWrapper,io.cucumber.testng.FeatureWrapper)[pri:0, instance:runners.MainRunner@4e0ae11f]" started-at="2025-11-25T07:02:15 EST" name="runScenario" description="Runs Cucumber Scenarios" data-provider="scenarios" finished-at="2025-11-25T07:02:17 EST" duration-ms="2104" status="PASS">
          <params>
            <param index="0">
              <value>
                <![CDATA["when selecting  "Graph" in the dropdown menu, its displyed Error message"]]>
              </value>
            </param>
            <param index="1">
              <value>
                <![CDATA["DS_AGLO_APP Home Page Verification"]]>
              </value>
            </param>
          </params>
          <reporter-output>
          </reporter-output>
        </test-method> <!-- runScenario -->
        <test-method signature="runScenario(io.cucumber.testng.PickleWrapper,io.cucumber.testng.FeatureWrapper)[pri:0, instance:runners.MainRunner@4e0ae11f]" started-at="2025-11-25T07:02:17 EST" name="runScenario" description="Runs Cucumber Scenarios" data-provider="scenarios" finished-at="2025-11-25T07:02:19 EST" duration-ms="2201" status="PASS">
          <params>
            <param index="0">
              <value>
                <![CDATA["when clicking  the "Get Started" button for "Linked List", its displayed Error message"]]>
              </value>
            </param>
            <param index="1">
              <value>
                <![CDATA["DS_AGLO_APP Home Page Verification"]]>
              </value>
            </param>
          </params>
          <reporter-output>
          </reporter-output>
        </test-method> <!-- runScenario -->
        <test-method signature="runScenario(io.cucumber.testng.PickleWrapper,io.cucumber.testng.FeatureWrapper)[pri:0, instance:runners.MainRunner@4e0ae11f]" started-at="2025-11-25T07:02:19 EST" name="runScenario" description="Runs Cucumber Scenarios" data-provider="scenarios" finished-at="2025-11-25T07:02:22 EST" duration-ms="2281" status="PASS">
          <params>
            <param index="0">
              <value>
                <![CDATA["when clicking the "Get Started" button for "Stack", its displayed Error message"]]>
              </value>
            </param>
            <param index="1">
              <value>
                <![CDATA["DS_AGLO_APP Home Page Verification"]]>
              </value>
            </param>
          </params>
          <reporter-output>
          </reporter-output>
        </test-method> <!-- runScenario -->
        <test-method signature="runScenario(io.cucumber.testng.PickleWrapper,io.cucumber.testng.FeatureWrapper)[pri:0, instance:runners.MainRunner@4e0ae11f]" started-at="2025-11-25T07:02:22 EST" name="runScenario" description="Runs Cucumber Scenarios" data-provider="scenarios" finished-at="2025-11-25T07:02:24 EST" duration-ms="2252" status="PASS">
          <params>
            <param index="0">
              <value>
                <![CDATA["when clicking the "Get Started" button for "Queue" , its displayed Error message"]]>
              </value>
            </param>
            <param index="1">
              <value>
                <![CDATA["DS_AGLO_APP Home Page Verification"]]>
              </value>
            </param>
          </params>
          <reporter-output>
          </reporter-output>
        </test-method> <!-- runScenario -->
        <test-method signature="runScenario(io.cucumber.testng.PickleWrapper,io.cucumber.testng.FeatureWrapper)[pri:0, instance:runners.MainRunner@4e0ae11f]" started-at="2025-11-25T07:02:24 EST" name="runScenario" description="Runs Cucumber Scenarios" data-provider="scenarios" finished-at="2025-11-25T07:02:26 EST" duration-ms="2202" status="PASS">
          <params>
            <param index="0">
              <value>
                <![CDATA["when clicking the "Get Started" button for "Tree", its displayed Error message"]]>
              </value>
            </param>
            <param index="1">
              <value>
                <![CDATA["DS_AGLO_APP Home Page Verification"]]>
              </value>
            </param>
          </params>
          <reporter-output>
          </reporter-output>
        </test-method> <!-- runScenario -->
        <test-method signature="runScenario(io.cucumber.testng.PickleWrapper,io.cucumber.testng.FeatureWrapper)[pri:0, instance:runners.MainRunner@4e0ae11f]" started-at="2025-11-25T07:02:26 EST" name="runScenario" description="Runs Cucumber Scenarios" data-provider="scenarios" finished-at="2025-11-25T07:02:28 EST" duration-ms="2267" status="PASS">
          <params>
            <param index="0">
              <value>
                <![CDATA["when clicking  the "Get Started" button for "Graph", its displayed Error message"]]>
              </value>
            </param>
            <param index="1">
              <value>
                <![CDATA["DS_AGLO_APP Home Page Verification"]]>
              </value>
            </param>
          </params>
          <reporter-output>
          </reporter-output>
        </test-method> <!-- runScenario -->
        <test-method signature="runScenario(io.cucumber.testng.PickleWrapper,io.cucumber.testng.FeatureWrapper)[pri:0, instance:runners.MainRunner@4e0ae11f]" started-at="2025-11-25T07:02:28 EST" name="runScenario" description="Runs Cucumber Scenarios" data-provider="scenarios" finished-at="2025-11-25T07:02:31 EST" duration-ms="2466" status="PASS">
          <params>
            <param index="0">
              <value>
                <![CDATA["User navigates to the Register page"]]>
              </value>
            </param>
            <param index="1">
              <value>
                <![CDATA["DS_ALGO_APP Register Page Verification"]]>
              </value>
            </param>
          </params>
          <reporter-output>
          </reporter-output>
        </test-method> <!-- runScenario -->
        <test-method signature="runScenario(io.cucumber.testng.PickleWrapper,io.cucumber.testng.FeatureWrapper)[pri:0, instance:runners.MainRunner@4e0ae11f]" started-at="2025-11-25T07:02:31 EST" name="runScenario" description="Runs Cucumber Scenarios" data-provider="scenarios" finished-at="2025-11-25T07:02:33 EST" duration-ms="2238" status="PASS">
          <params>
            <param index="0">
              <value>
                <![CDATA["Error messages are displayed when all fields are empty  during Registration"]]>
              </value>
            </param>
            <param index="1">
              <value>
                <![CDATA["DS_ALGO_APP Register Page Verification"]]>
              </value>
            </param>
          </params>
          <reporter-output>
          </reporter-output>
        </test-method> <!-- runScenario -->
        <test-method signature="runScenario(io.cucumber.testng.PickleWrapper,io.cucumber.testng.FeatureWrapper)[pri:0, instance:runners.MainRunner@4e0ae11f]" started-at="2025-11-25T07:02:33 EST" name="runScenario" description="Runs Cucumber Scenarios" data-provider="scenarios" finished-at="2025-11-25T07:02:36 EST" duration-ms="2710" status="PASS">
          <params>
            <param index="0">
              <value>
                <![CDATA["Error message are displayed when Username field is empty"]]>
              </value>
            </param>
            <param index="1">
              <value>
                <![CDATA["DS_ALGO_APP Register Page Verification"]]>
              </value>
            </param>
          </params>
          <reporter-output>
          </reporter-output>
        </test-method> <!-- runScenario -->
        <test-method signature="runScenario(io.cucumber.testng.PickleWrapper,io.cucumber.testng.FeatureWrapper)[pri:0, instance:runners.MainRunner@4e0ae11f]" started-at="2025-11-25T07:02:36 EST" name="runScenario" description="Runs Cucumber Scenarios" data-provider="scenarios" finished-at="2025-11-25T07:02:38 EST" duration-ms="2505" status="PASS">
          <params>
            <param index="0">
              <value>
                <![CDATA["Error messages are displayed when the Password field is empty"]]>
              </value>
            </param>
            <param index="1">
              <value>
                <![CDATA["DS_ALGO_APP Register Page Verification"]]>
              </value>
            </param>
          </params>
          <reporter-output>
          </reporter-output>
        </test-method> <!-- runScenario -->
        <test-method signature="runScenario(io.cucumber.testng.PickleWrapper,io.cucumber.testng.FeatureWrapper)[pri:0, instance:runners.MainRunner@4e0ae11f]" started-at="2025-11-25T07:02:38 EST" name="runScenario" description="Runs Cucumber Scenarios" data-provider="scenarios" finished-at="2025-11-25T07:02:41 EST" duration-ms="2766" status="PASS">
          <params>
            <param index="0">
              <value>
                <![CDATA["Error messages are displayed when the Password Confirmation field is empty"]]>
              </value>
            </param>
            <param index="1">
              <value>
                <![CDATA["DS_ALGO_APP Register Page Verification"]]>
              </value>
            </param>
          </params>
          <reporter-output>
          </reporter-output>
        </test-method> <!-- runScenario -->
        <test-method signature="runScenario(io.cucumber.testng.PickleWrapper,io.cucumber.testng.FeatureWrapper)[pri:0, instance:runners.MainRunner@4e0ae11f]" started-at="2025-11-25T07:02:41 EST" name="runScenario" description="Runs Cucumber Scenarios" data-provider="scenarios" finished-at="2025-11-25T07:02:44 EST" duration-ms="3153" status="PASS">
          <params>
            <param index="0">
              <value>
                <![CDATA["Error message is displayed for Invalid Username"]]>
              </value>
            </param>
            <param index="1">
              <value>
                <![CDATA["DS_ALGO_APP Register Page Verification"]]>
              </value>
            </param>
          </params>
          <reporter-output>
          </reporter-output>
        </test-method> <!-- runScenario -->
        <test-method signature="runScenario(io.cucumber.testng.PickleWrapper,io.cucumber.testng.FeatureWrapper)[pri:0, instance:runners.MainRunner@4e0ae11f]" started-at="2025-11-25T07:02:44 EST" name="runScenario" description="Runs Cucumber Scenarios" data-provider="scenarios" finished-at="2025-11-25T07:02:48 EST" duration-ms="3520" status="PASS">
          <params>
            <param index="0">
              <value>
                <![CDATA["Error message is displayed for Invalid Password"]]>
              </value>
            </param>
            <param index="1">
              <value>
                <![CDATA["DS_ALGO_APP Register Page Verification"]]>
              </value>
            </param>
          </params>
          <reporter-output>
          </reporter-output>
        </test-method> <!-- runScenario -->
        <test-method signature="runScenario(io.cucumber.testng.PickleWrapper,io.cucumber.testng.FeatureWrapper)[pri:0, instance:runners.MainRunner@4e0ae11f]" started-at="2025-11-25T07:02:48 EST" name="runScenario" description="Runs Cucumber Scenarios" data-provider="scenarios" finished-at="2025-11-25T07:02:51 EST" duration-ms="2994" status="PASS">
          <params>
            <param index="0">
              <value>
                <![CDATA["Error message is displayed when Password and Password confirmation did not match"]]>
              </value>
            </param>
            <param index="1">
              <value>
                <![CDATA["DS_ALGO_APP Register Page Verification"]]>
              </value>
            </param>
          </params>
          <reporter-output>
          </reporter-output>
        </test-method> <!-- runScenario -->
        <test-method signature="runScenario(io.cucumber.testng.PickleWrapper,io.cucumber.testng.FeatureWrapper)[pri:0, instance:runners.MainRunner@4e0ae11f]" started-at="2025-11-25T07:02:51 EST" name="runScenario" description="Runs Cucumber Scenarios" data-provider="scenarios" finished-at="2025-11-25T07:02:52 EST" duration-ms="1630" status="FAIL">
          <params>
            <param index="0">
              <value>
                <![CDATA["User navigates to the Home page after successful registration with valid inputs"]]>
              </value>
            </param>
            <param index="1">
              <value>
                <![CDATA["DS_ALGO_APP Register Page Verification"]]>
              </value>
            </param>
          </params>
          <exception class="org.openqa.selenium.NoSuchElementException">
            <message>
              <![CDATA[no such element: Unable to locate element: {"method":"css selector","selector":"#id_username"}
  (Session info: chrome=142.0.7444.176)
For documentation on this error, please visit: https://www.selenium.dev/documentation/webdriver/troubleshooting/errors#nosuchelementexception
Build info: version: '4.37.0', revision: '3c1da1e342'
System info: os.name: 'Windows 11', os.arch: 'amd64', os.version: '10.0', java.version: '17.0.16'
Driver info: org.openqa.selenium.chrome.ChromeDriver
Command: [b182971f3118e41e6ad6ed2aa2bb30ba, findElement {using=id, value=id_username}]
Capabilities {acceptInsecureCerts: false, browserName: chrome, browserVersion: 142.0.7444.176, chrome: {chromedriverVersion: 142.0.7444.175 (302067f14a4..., userDataDir: C:\Users\HAPPYF~1\AppData\L...}, fedcm:accounts: true, goog:chromeOptions: {debuggerAddress: localhost:64894}, goog:processID: 35768, networkConnectionEnabled: false, pageLoadStrategy: normal, platformName: windows, proxy: Proxy(), se:cdp: ws://localhost:64894/devtoo..., se:cdpVersion: 142.0.7444.176, setWindowRect: true, strictFileInteractability: false, timeouts: {implicit: 0, pageLoad: 300000, script: 30000}, unhandledPromptBehavior: dismiss and notify, webauthn:extension:credBlob: true, webauthn:extension:largeBlob: true, webauthn:extension:minPinLength: true, webauthn:extension:prf: true, webauthn:virtualAuthenticators: true}
Session ID: b182971f3118e41e6ad6ed2aa2bb30ba]]>
            </message>
            <full-stacktrace>
              <![CDATA[org.openqa.selenium.NoSuchElementException: no such element: Unable to locate element: {"method":"css selector","selector":"#id_username"}
  (Session info: chrome=142.0.7444.176)
For documentation on this error, please visit: https://www.selenium.dev/documentation/webdriver/troubleshooting/errors#nosuchelementexception
Build info: version: '4.37.0', revision: '3c1da1e342'
System info: os.name: 'Windows 11', os.arch: 'amd64', os.version: '10.0', java.version: '17.0.16'
Driver info: org.openqa.selenium.chrome.ChromeDriver
Command: [b182971f3118e41e6ad6ed2aa2bb30ba, findElement {using=id, value=id_username}]
Capabilities {acceptInsecureCerts: false, browserName: chrome, browserVersion: 142.0.7444.176, chrome: {chromedriverVersion: 142.0.7444.175 (302067f14a4..., userDataDir: C:\Users\HAPPYF~1\AppData\L...}, fedcm:accounts: true, goog:chromeOptions: {debuggerAddress: localhost:64894}, goog:processID: 35768, networkConnectionEnabled: false, pageLoadStrategy: normal, platformName: windows, proxy: Proxy(), se:cdp: ws://localhost:64894/devtoo..., se:cdpVersion: 142.0.7444.176, setWindowRect: true, strictFileInteractability: false, timeouts: {implicit: 0, pageLoad: 300000, script: 30000}, unhandledPromptBehavior: dismiss and notify, webauthn:extension:credBlob: true, webauthn:extension:largeBlob: true, webauthn:extension:minPinLength: true, webauthn:extension:prf: true, webauthn:virtualAuthenticators: true}
Session ID: b182971f3118e41e6ad6ed2aa2bb30ba
at java.base/jdk.internal.reflect.NativeConstructorAccessorImpl.newInstance0(Native Method)
at java.base/jdk.internal.reflect.NativeConstructorAccessorImpl.newInstance(NativeConstructorAccessorImpl.java:77)
at java.base/jdk.internal.reflect.DelegatingConstructorAccessorImpl.newInstance(DelegatingConstructorAccessorImpl.java:45)
at java.base/java.lang.reflect.Constructor.newInstanceWithCaller(Constructor.java:500)
at java.base/java.lang.reflect.Constructor.newInstance(Constructor.java:481)
at org.openqa.selenium.remote.ErrorCodec.decode(ErrorCodec.java:167)
at org.openqa.selenium.remote.codec.w3c.W3CHttpResponseCodec.decode(W3CHttpResponseCodec.java:138)
at org.openqa.selenium.remote.codec.w3c.W3CHttpResponseCodec.decode(W3CHttpResponseCodec.java:50)
at org.openqa.selenium.remote.HttpCommandExecutor.execute(HttpCommandExecutor.java:215)
at org.openqa.selenium.remote.service.DriverCommandExecutor.invokeExecute(DriverCommandExecutor.java:216)
at org.openqa.selenium.remote.service.DriverCommandExecutor.execute(DriverCommandExecutor.java:174)
at org.openqa.selenium.remote.RemoteWebDriver.execute(RemoteWebDriver.java:557)
at org.openqa.selenium.remote.ElementLocation$ElementFinder$2.findElement(ElementLocation.java:165)
at org.openqa.selenium.remote.ElementLocation.findElement(ElementLocation.java:66)
at org.openqa.selenium.remote.RemoteWebDriver.findElement(RemoteWebDriver.java:380)
at org.openqa.selenium.remote.RemoteWebDriver.findElement(RemoteWebDriver.java:374)
at pageObjects.registerPage.generate_newUsername(registerPage.java:157)
at stepDefinitions.registerSteps.the_user_clicks_the_register_button_after_entering_valid_username_password_and_password_confirmation_in_their_respective_fields(registerSteps.java:269)
at ✽.The user clicks the Register button after entering valid Username ,Password and Password confirmation in their respective fields(file:///C:/Users/Happy%20Family/eclipse-workspace/DSALGO226BddFramework/src/test/resources/features/Register.feature:61)
]]>
            </full-stacktrace>
          </exception> <!-- org.openqa.selenium.NoSuchElementException -->
          <reporter-output>
          </reporter-output>
        </test-method> <!-- runScenario -->
        <test-method signature="runScenario(io.cucumber.testng.PickleWrapper,io.cucumber.testng.FeatureWrapper)[pri:0, instance:runners.MainRunner@4e0ae11f]" started-at="2025-11-25T07:02:52 EST" name="runScenario" description="Runs Cucumber Scenarios" data-provider="scenarios" finished-at="2025-11-25T07:02:57 EST" duration-ms="4180" status="PASS">
          <params>
            <param index="0">
              <value>
                <![CDATA["Valid login with multiple credentials"]]>
              </value>
            </param>
            <param index="1">
              <value>
                <![CDATA["Login to DS Algo Portal"]]>
              </value>
            </param>
          </params>
          <reporter-output>
          </reporter-output>
        </test-method> <!-- runScenario -->
        <test-method is-config="true" signature="tearDownClass()[pri:0, instance:runners.MainRunner@4e0ae11f]" started-at="2025-11-25T07:02:57 EST" name="tearDownClass" finished-at="2025-11-25T07:02:57 EST" duration-ms="196" status="PASS">
          <reporter-output>
          </reporter-output>
        </test-method> <!-- tearDownClass -->
      </class> <!-- runners.MainRunner -->
    </test> <!-- Default test -->
  </suite> <!-- Default suite -->
</testng-results>
