<?xml version="1.0" encoding="UTF-8"?>
<testng-results ignored="0" total="27" passed="27" failed="0" skipped="0">
  <reporter-output>
  </reporter-output>
  <suite started-at="2025-12-12T12:19:24 EST" name="Default suite" finished-at="2025-12-12T12:32:34 EST" duration-ms="790553">
    <groups>
      <group name="cucumber">
        <method signature="AbstractTestNGCucumberTests.runScenario(io.cucumber.testng.PickleWrapper,io.cucumber.testng.FeatureWrapper)[pri:0, instance:runners.MainRunner@3f1d2e23]" name="runScenario" class="io.cucumber.testng.AbstractTestNGCucumberTests"/>
      </group> <!-- cucumber -->
    </groups>
    <test started-at="2025-12-12T12:19:24 EST" name="Default test" finished-at="2025-12-12T12:32:34 EST" duration-ms="790553">
      <class name="runners.MainRunner">
        <test-method is-config="true" signature="setUpClass(org.testng.ITestContext)[pri:0, instance:runners.MainRunner@3f1d2e23]" started-at="2025-12-12T12:19:24 EST" name="setUpClass" finished-at="2025-12-12T12:19:24 EST" duration-ms="708" status="PASS">
          <params>
            <param index="0">
              <value>
                <![CDATA[org.testng.TestRunner@596c6c3e]]>
              </value>
            </param>
          </params>
          <reporter-output>
          </reporter-output>
        </test-method> <!-- setUpClass -->
        <test-method signature="runScenario(io.cucumber.testng.PickleWrapper,io.cucumber.testng.FeatureWrapper)[pri:0, instance:runners.MainRunner@3f1d2e23]" started-at="2025-12-12T12:19:24 EST" name="runScenario" description="Runs Cucumber Scenarios" data-provider="scenarios" finished-at="2025-12-12T12:20:00 EST" duration-ms="35338" status="PASS">
          <params>
            <param index="0">
              <value>
                <![CDATA["Verify Queue module navigation and tryEditor actions"]]>
              </value>
            </param>
            <param index="1">
              <value>
                <![CDATA["Queue Module Tests"]]>
              </value>
            </param>
          </params>
          <reporter-output>
          </reporter-output>
        </test-method> <!-- runScenario -->
        <test-method signature="runScenario(io.cucumber.testng.PickleWrapper,io.cucumber.testng.FeatureWrapper)[pri:0, instance:runners.MainRunner@3f1d2e23]" started-at="2025-12-12T12:20:00 EST" name="runScenario" description="Runs Cucumber Scenarios" data-provider="scenarios" finished-at="2025-12-12T12:20:13 EST" duration-ms="12817" status="PASS">
          <params>
            <param index="0">
              <value>
                <![CDATA["Verify Queue module navigation and tryEditor actions"]]>
              </value>
            </param>
            <param index="1">
              <value>
                <![CDATA["Queue Module Tests"]]>
              </value>
            </param>
          </params>
          <reporter-output>
          </reporter-output>
        </test-method> <!-- runScenario -->
        <test-method signature="runScenario(io.cucumber.testng.PickleWrapper,io.cucumber.testng.FeatureWrapper)[pri:0, instance:runners.MainRunner@3f1d2e23]" started-at="2025-12-12T12:20:13 EST" name="runScenario" description="Runs Cucumber Scenarios" data-provider="scenarios" finished-at="2025-12-12T12:20:25 EST" duration-ms="12274" status="PASS">
          <params>
            <param index="0">
              <value>
                <![CDATA["Verify Queue module navigation and tryEditor actions"]]>
              </value>
            </param>
            <param index="1">
              <value>
                <![CDATA["Queue Module Tests"]]>
              </value>
            </param>
          </params>
          <reporter-output>
          </reporter-output>
        </test-method> <!-- runScenario -->
        <test-method signature="runScenario(io.cucumber.testng.PickleWrapper,io.cucumber.testng.FeatureWrapper)[pri:0, instance:runners.MainRunner@3f1d2e23]" started-at="2025-12-12T12:20:25 EST" name="runScenario" description="Runs Cucumber Scenarios" data-provider="scenarios" finished-at="2025-12-12T12:20:58 EST" duration-ms="32797" status="PASS">
          <params>
            <param index="0">
              <value>
                <![CDATA["Verify Queue module navigation and tryEditor actions"]]>
              </value>
            </param>
            <param index="1">
              <value>
                <![CDATA["Queue Module Tests"]]>
              </value>
            </param>
          </params>
          <reporter-output>
          </reporter-output>
        </test-method> <!-- runScenario -->
        <test-method signature="runScenario(io.cucumber.testng.PickleWrapper,io.cucumber.testng.FeatureWrapper)[pri:0, instance:runners.MainRunner@3f1d2e23]" started-at="2025-12-12T12:20:58 EST" name="runScenario" description="Runs Cucumber Scenarios" data-provider="scenarios" finished-at="2025-12-12T12:21:40 EST" duration-ms="42517" status="PASS">
          <params>
            <param index="0">
              <value>
                <![CDATA["Verify Queue module navigation and tryEditor actions"]]>
              </value>
            </param>
            <param index="1">
              <value>
                <![CDATA["Queue Module Tests"]]>
              </value>
            </param>
          </params>
          <reporter-output>
          </reporter-output>
        </test-method> <!-- runScenario -->
        <test-method signature="runScenario(io.cucumber.testng.PickleWrapper,io.cucumber.testng.FeatureWrapper)[pri:0, instance:runners.MainRunner@3f1d2e23]" started-at="2025-12-12T12:21:40 EST" name="runScenario" description="Runs Cucumber Scenarios" data-provider="scenarios" finished-at="2025-12-12T12:22:23 EST" duration-ms="42987" status="PASS">
          <params>
            <param index="0">
              <value>
                <![CDATA["Verify Queue module navigation and tryEditor actions"]]>
              </value>
            </param>
            <param index="1">
              <value>
                <![CDATA["Queue Module Tests"]]>
              </value>
            </param>
          </params>
          <reporter-output>
          </reporter-output>
        </test-method> <!-- runScenario -->
        <test-method signature="runScenario(io.cucumber.testng.PickleWrapper,io.cucumber.testng.FeatureWrapper)[pri:0, instance:runners.MainRunner@3f1d2e23]" started-at="2025-12-12T12:22:23 EST" name="runScenario" description="Runs Cucumber Scenarios" data-provider="scenarios" finished-at="2025-12-12T12:22:56 EST" duration-ms="32711" status="PASS">
          <params>
            <param index="0">
              <value>
                <![CDATA["Verify Queue module navigation and tryEditor actions"]]>
              </value>
            </param>
            <param index="1">
              <value>
                <![CDATA["Queue Module Tests"]]>
              </value>
            </param>
          </params>
          <reporter-output>
          </reporter-output>
        </test-method> <!-- runScenario -->
        <test-method signature="runScenario(io.cucumber.testng.PickleWrapper,io.cucumber.testng.FeatureWrapper)[pri:0, instance:runners.MainRunner@3f1d2e23]" started-at="2025-12-12T12:22:56 EST" name="runScenario" description="Runs Cucumber Scenarios" data-provider="scenarios" finished-at="2025-12-12T12:23:08 EST" duration-ms="12583" status="PASS">
          <params>
            <param index="0">
              <value>
                <![CDATA["Verify Queue module navigation and tryEditor actions"]]>
              </value>
            </param>
            <param index="1">
              <value>
                <![CDATA["Queue Module Tests"]]>
              </value>
            </param>
          </params>
          <reporter-output>
          </reporter-output>
        </test-method> <!-- runScenario -->
        <test-method signature="runScenario(io.cucumber.testng.PickleWrapper,io.cucumber.testng.FeatureWrapper)[pri:0, instance:runners.MainRunner@3f1d2e23]" started-at="2025-12-12T12:23:08 EST" name="runScenario" description="Runs Cucumber Scenarios" data-provider="scenarios" finished-at="2025-12-12T12:23:21 EST" duration-ms="12201" status="PASS">
          <params>
            <param index="0">
              <value>
                <![CDATA["Verify Queue module navigation and tryEditor actions"]]>
              </value>
            </param>
            <param index="1">
              <value>
                <![CDATA["Queue Module Tests"]]>
              </value>
            </param>
          </params>
          <reporter-output>
          </reporter-output>
        </test-method> <!-- runScenario -->
        <test-method signature="runScenario(io.cucumber.testng.PickleWrapper,io.cucumber.testng.FeatureWrapper)[pri:0, instance:runners.MainRunner@3f1d2e23]" started-at="2025-12-12T12:23:21 EST" name="runScenario" description="Runs Cucumber Scenarios" data-provider="scenarios" finished-at="2025-12-12T12:23:53 EST" duration-ms="32468" status="PASS">
          <params>
            <param index="0">
              <value>
                <![CDATA["Verify Queue module navigation and tryEditor actions"]]>
              </value>
            </param>
            <param index="1">
              <value>
                <![CDATA["Queue Module Tests"]]>
              </value>
            </param>
          </params>
          <reporter-output>
          </reporter-output>
        </test-method> <!-- runScenario -->
        <test-method signature="runScenario(io.cucumber.testng.PickleWrapper,io.cucumber.testng.FeatureWrapper)[pri:0, instance:runners.MainRunner@3f1d2e23]" started-at="2025-12-12T12:23:53 EST" name="runScenario" description="Runs Cucumber Scenarios" data-provider="scenarios" finished-at="2025-12-12T12:24:36 EST" duration-ms="43090" status="PASS">
          <params>
            <param index="0">
              <value>
                <![CDATA["Verify Queue module navigation and tryEditor actions"]]>
              </value>
            </param>
            <param index="1">
              <value>
                <![CDATA["Queue Module Tests"]]>
              </value>
            </param>
          </params>
          <reporter-output>
          </reporter-output>
        </test-method> <!-- runScenario -->
        <test-method signature="runScenario(io.cucumber.testng.PickleWrapper,io.cucumber.testng.FeatureWrapper)[pri:0, instance:runners.MainRunner@3f1d2e23]" started-at="2025-12-12T12:24:36 EST" name="runScenario" description="Runs Cucumber Scenarios" data-provider="scenarios" finished-at="2025-12-12T12:25:19 EST" duration-ms="43021" status="PASS">
          <params>
            <param index="0">
              <value>
                <![CDATA["Verify Queue module navigation and tryEditor actions"]]>
              </value>
            </param>
            <param index="1">
              <value>
                <![CDATA["Queue Module Tests"]]>
              </value>
            </param>
          </params>
          <reporter-output>
          </reporter-output>
        </test-method> <!-- runScenario -->
        <test-method signature="runScenario(io.cucumber.testng.PickleWrapper,io.cucumber.testng.FeatureWrapper)[pri:0, instance:runners.MainRunner@3f1d2e23]" started-at="2025-12-12T12:25:19 EST" name="runScenario" description="Runs Cucumber Scenarios" data-provider="scenarios" finished-at="2025-12-12T12:25:52 EST" duration-ms="32512" status="PASS">
          <params>
            <param index="0">
              <value>
                <![CDATA["Verify Queue module navigation and tryEditor actions"]]>
              </value>
            </param>
            <param index="1">
              <value>
                <![CDATA["Queue Module Tests"]]>
              </value>
            </param>
          </params>
          <reporter-output>
          </reporter-output>
        </test-method> <!-- runScenario -->
        <test-method signature="runScenario(io.cucumber.testng.PickleWrapper,io.cucumber.testng.FeatureWrapper)[pri:0, instance:runners.MainRunner@3f1d2e23]" started-at="2025-12-12T12:25:52 EST" name="runScenario" description="Runs Cucumber Scenarios" data-provider="scenarios" finished-at="2025-12-12T12:26:04 EST" duration-ms="12378" status="PASS">
          <params>
            <param index="0">
              <value>
                <![CDATA["Verify Queue module navigation and tryEditor actions"]]>
              </value>
            </param>
            <param index="1">
              <value>
                <![CDATA["Queue Module Tests"]]>
              </value>
            </param>
          </params>
          <reporter-output>
          </reporter-output>
        </test-method> <!-- runScenario -->
        <test-method signature="runScenario(io.cucumber.testng.PickleWrapper,io.cucumber.testng.FeatureWrapper)[pri:0, instance:runners.MainRunner@3f1d2e23]" started-at="2025-12-12T12:26:04 EST" name="runScenario" description="Runs Cucumber Scenarios" data-provider="scenarios" finished-at="2025-12-12T12:26:16 EST" duration-ms="12188" status="PASS">
          <params>
            <param index="0">
              <value>
                <![CDATA["Verify Queue module navigation and tryEditor actions"]]>
              </value>
            </param>
            <param index="1">
              <value>
                <![CDATA["Queue Module Tests"]]>
              </value>
            </param>
          </params>
          <reporter-output>
          </reporter-output>
        </test-method> <!-- runScenario -->
        <test-method signature="runScenario(io.cucumber.testng.PickleWrapper,io.cucumber.testng.FeatureWrapper)[pri:0, instance:runners.MainRunner@3f1d2e23]" started-at="2025-12-12T12:26:16 EST" name="runScenario" description="Runs Cucumber Scenarios" data-provider="scenarios" finished-at="2025-12-12T12:26:49 EST" duration-ms="32459" status="PASS">
          <params>
            <param index="0">
              <value>
                <![CDATA["Verify Queue module navigation and tryEditor actions"]]>
              </value>
            </param>
            <param index="1">
              <value>
                <![CDATA["Queue Module Tests"]]>
              </value>
            </param>
          </params>
          <reporter-output>
          </reporter-output>
        </test-method> <!-- runScenario -->
        <test-method signature="runScenario(io.cucumber.testng.PickleWrapper,io.cucumber.testng.FeatureWrapper)[pri:0, instance:runners.MainRunner@3f1d2e23]" started-at="2025-12-12T12:26:49 EST" name="runScenario" description="Runs Cucumber Scenarios" data-provider="scenarios" finished-at="2025-12-12T12:27:31 EST" duration-ms="42304" status="PASS">
          <params>
            <param index="0">
              <value>
                <![CDATA["Verify Queue module navigation and tryEditor actions"]]>
              </value>
            </param>
            <param index="1">
              <value>
                <![CDATA["Queue Module Tests"]]>
              </value>
            </param>
          </params>
          <reporter-output>
          </reporter-output>
        </test-method> <!-- runScenario -->
        <test-method signature="runScenario(io.cucumber.testng.PickleWrapper,io.cucumber.testng.FeatureWrapper)[pri:0, instance:runners.MainRunner@3f1d2e23]" started-at="2025-12-12T12:27:31 EST" name="runScenario" description="Runs Cucumber Scenarios" data-provider="scenarios" finished-at="2025-12-12T12:28:14 EST" duration-ms="43070" status="PASS">
          <params>
            <param index="0">
              <value>
                <![CDATA["Verify Queue module navigation and tryEditor actions"]]>
              </value>
            </param>
            <param index="1">
              <value>
                <![CDATA["Queue Module Tests"]]>
              </value>
            </param>
          </params>
          <reporter-output>
          </reporter-output>
        </test-method> <!-- runScenario -->
        <test-method signature="runScenario(io.cucumber.testng.PickleWrapper,io.cucumber.testng.FeatureWrapper)[pri:0, instance:runners.MainRunner@3f1d2e23]" started-at="2025-12-12T12:28:14 EST" name="runScenario" description="Runs Cucumber Scenarios" data-provider="scenarios" finished-at="2025-12-12T12:28:47 EST" duration-ms="32489" status="PASS">
          <params>
            <param index="0">
              <value>
                <![CDATA["Verify Queue module navigation and tryEditor actions"]]>
              </value>
            </param>
            <param index="1">
              <value>
                <![CDATA["Queue Module Tests"]]>
              </value>
            </param>
          </params>
          <reporter-output>
          </reporter-output>
        </test-method> <!-- runScenario -->
        <test-method signature="runScenario(io.cucumber.testng.PickleWrapper,io.cucumber.testng.FeatureWrapper)[pri:0, instance:runners.MainRunner@3f1d2e23]" started-at="2025-12-12T12:28:47 EST" name="runScenario" description="Runs Cucumber Scenarios" data-provider="scenarios" finished-at="2025-12-12T12:29:19 EST" duration-ms="32120" status="PASS">
          <params>
            <param index="0">
              <value>
                <![CDATA["Verify Queue module navigation and tryEditor actions"]]>
              </value>
            </param>
            <param index="1">
              <value>
                <![CDATA["Queue Module Tests"]]>
              </value>
            </param>
          </params>
          <reporter-output>
          </reporter-output>
        </test-method> <!-- runScenario -->
        <test-method signature="runScenario(io.cucumber.testng.PickleWrapper,io.cucumber.testng.FeatureWrapper)[pri:0, instance:runners.MainRunner@3f1d2e23]" started-at="2025-12-12T12:29:19 EST" name="runScenario" description="Runs Cucumber Scenarios" data-provider="scenarios" finished-at="2025-12-12T12:29:31 EST" duration-ms="11779" status="PASS">
          <params>
            <param index="0">
              <value>
                <![CDATA["Verify Queue module navigation and tryEditor actions"]]>
              </value>
            </param>
            <param index="1">
              <value>
                <![CDATA["Queue Module Tests"]]>
              </value>
            </param>
          </params>
          <reporter-output>
          </reporter-output>
        </test-method> <!-- runScenario -->
        <test-method signature="runScenario(io.cucumber.testng.PickleWrapper,io.cucumber.testng.FeatureWrapper)[pri:0, instance:runners.MainRunner@3f1d2e23]" started-at="2025-12-12T12:29:31 EST" name="runScenario" description="Runs Cucumber Scenarios" data-provider="scenarios" finished-at="2025-12-12T12:30:03 EST" duration-ms="32301" status="PASS">
          <params>
            <param index="0">
              <value>
                <![CDATA["Verify Queue module navigation and tryEditor actions"]]>
              </value>
            </param>
            <param index="1">
              <value>
                <![CDATA["Queue Module Tests"]]>
              </value>
            </param>
          </params>
          <reporter-output>
          </reporter-output>
        </test-method> <!-- runScenario -->
        <test-method signature="runScenario(io.cucumber.testng.PickleWrapper,io.cucumber.testng.FeatureWrapper)[pri:0, instance:runners.MainRunner@3f1d2e23]" started-at="2025-12-12T12:30:03 EST" name="runScenario" description="Runs Cucumber Scenarios" data-provider="scenarios" finished-at="2025-12-12T12:30:45 EST" duration-ms="42460" status="PASS">
          <params>
            <param index="0">
              <value>
                <![CDATA["Verify Queue module navigation and tryEditor actions"]]>
              </value>
            </param>
            <param index="1">
              <value>
                <![CDATA["Queue Module Tests"]]>
              </value>
            </param>
          </params>
          <reporter-output>
          </reporter-output>
        </test-method> <!-- runScenario -->
        <test-method signature="runScenario(io.cucumber.testng.PickleWrapper,io.cucumber.testng.FeatureWrapper)[pri:0, instance:runners.MainRunner@3f1d2e23]" started-at="2025-12-12T12:30:45 EST" name="runScenario" description="Runs Cucumber Scenarios" data-provider="scenarios" finished-at="2025-12-12T12:31:28 EST" duration-ms="42382" status="PASS">
          <params>
            <param index="0">
              <value>
                <![CDATA["Verify Queue module navigation and tryEditor actions"]]>
              </value>
            </param>
            <param index="1">
              <value>
                <![CDATA["Queue Module Tests"]]>
              </value>
            </param>
          </params>
          <reporter-output>
          </reporter-output>
        </test-method> <!-- runScenario -->
        <test-method signature="runScenario(io.cucumber.testng.PickleWrapper,io.cucumber.testng.FeatureWrapper)[pri:0, instance:runners.MainRunner@3f1d2e23]" started-at="2025-12-12T12:31:28 EST" name="runScenario" description="Runs Cucumber Scenarios" data-provider="scenarios" finished-at="2025-12-12T12:32:00 EST" duration-ms="32000" status="PASS">
          <params>
            <param index="0">
              <value>
                <![CDATA["Verify Queue module navigation and tryEditor actions"]]>
              </value>
            </param>
            <param index="1">
              <value>
                <![CDATA["Queue Module Tests"]]>
              </value>
            </param>
          </params>
          <reporter-output>
          </reporter-output>
        </test-method> <!-- runScenario -->
        <test-method signature="runScenario(io.cucumber.testng.PickleWrapper,io.cucumber.testng.FeatureWrapper)[pri:0, instance:runners.MainRunner@3f1d2e23]" started-at="2025-12-12T12:32:00 EST" name="runScenario" description="Runs Cucumber Scenarios" data-provider="scenarios" finished-at="2025-12-12T12:32:18 EST" duration-ms="17921" status="PASS">
          <params>
            <param index="0">
              <value>
                <![CDATA["Queue module tryEditor test data using Excel data"]]>
              </value>
            </param>
            <param index="1">
              <value>
                <![CDATA["Queue Module Tests"]]>
              </value>
            </param>
          </params>
          <reporter-output>
          </reporter-output>
        </test-method> <!-- runScenario -->
        <test-method signature="runScenario(io.cucumber.testng.PickleWrapper,io.cucumber.testng.FeatureWrapper)[pri:0, instance:runners.MainRunner@3f1d2e23]" started-at="2025-12-12T12:32:18 EST" name="runScenario" description="Runs Cucumber Scenarios" data-provider="scenarios" finished-at="2025-12-12T12:32:34 EST" duration-ms="16367" status="PASS">
          <params>
            <param index="0">
              <value>
                <![CDATA["Queue module tryEditor test data using Excel data"]]>
              </value>
            </param>
            <param index="1">
              <value>
                <![CDATA["Queue Module Tests"]]>
              </value>
            </param>
          </params>
          <reporter-output>
          </reporter-output>
        </test-method> <!-- runScenario -->
        <test-method is-config="true" signature="tearDownClass()[pri:0, instance:runners.MainRunner@3f1d2e23]" started-at="2025-12-12T12:32:34 EST" name="tearDownClass" finished-at="2025-12-12T12:32:34 EST" duration-ms="95" status="PASS">
          <reporter-output>
          </reporter-output>
        </test-method> <!-- tearDownClass -->
      </class> <!-- runners.MainRunner -->
    </test> <!-- Default test -->
  </suite> <!-- Default suite -->
</testng-results>
