<?xml version="1.0" encoding="UTF-8"?>
<testng-results ignored="0" total="21" passed="21" failed="0" skipped="0">
  <reporter-output>
  </reporter-output>
  <suite started-at="2026-01-22T18:05:51 EST" name="Default suite" finished-at="2026-01-22T18:07:36 EST" duration-ms="105134">
    <groups>
      <group name="cucumber">
        <method signature="AbstractTestNGCucumberTests.runScenario(io.cucumber.testng.PickleWrapper,io.cucumber.testng.FeatureWrapper)[pri:0, instance:runners.MainRunner@6950ed69]" name="runScenario" class="io.cucumber.testng.AbstractTestNGCucumberTests"/>
      </group> <!-- cucumber -->
    </groups>
    <test started-at="2026-01-22T18:05:51 EST" name="Default test" finished-at="2026-01-22T18:07:36 EST" duration-ms="105134">
      <class name="runners.MainRunner">
        <test-method is-config="true" signature="setUpClass(org.testng.ITestContext)[pri:0, instance:runners.MainRunner@6950ed69]" started-at="2026-01-22T18:05:51 EST" name="setUpClass" finished-at="2026-01-22T18:05:53 EST" duration-ms="1652" status="PASS">
          <params>
            <param index="0">
              <value>
                <![CDATA[org.testng.TestRunner@5effc15d]]>
              </value>
            </param>
          </params>
          <reporter-output>
          </reporter-output>
        </test-method> <!-- setUpClass -->
        <test-method is-config="true" signature="setBrowser(java.lang.String)[pri:0, instance:runners.MainRunner@6950ed69]" started-at="2026-01-22T18:05:53 EST" name="setBrowser" finished-at="2026-01-22T18:05:53 EST" duration-ms="9" status="PASS">
          <params>
            <param index="0">
              <value is-null="true"/>
            </param>
          </params>
          <reporter-output>
          </reporter-output>
        </test-method> <!-- setBrowser -->
        <test-method signature="runScenario(io.cucumber.testng.PickleWrapper,io.cucumber.testng.FeatureWrapper)[pri:0, instance:runners.MainRunner@6950ed69]" started-at="2026-01-22T18:05:53 EST" name="runScenario" description="Runs Cucumber Scenarios" data-provider="scenarios" finished-at="2026-01-22T18:06:00 EST" duration-ms="7869" status="PASS">
          <params>
            <param index="0">
              <value>
                <![CDATA["User opens the DS Algo Portal"]]>
              </value>
            </param>
            <param index="1">
              <value>
                <![CDATA["DS_AGLO_APP Home Page Verification"]]>
              </value>
            </param>
          </params>
          <reporter-output>
          </reporter-output>
        </test-method> <!-- runScenario -->
        <test-method signature="runScenario(io.cucumber.testng.PickleWrapper,io.cucumber.testng.FeatureWrapper)[pri:0, instance:runners.MainRunner@6950ed69]" started-at="2026-01-22T18:06:01 EST" name="runScenario" description="Runs Cucumber Scenarios" data-provider="scenarios" finished-at="2026-01-22T18:06:04 EST" duration-ms="3547" status="PASS">
          <params>
            <param index="0">
              <value>
                <![CDATA["User Accesses the Home page"]]>
              </value>
            </param>
            <param index="1">
              <value>
                <![CDATA["DS_AGLO_APP Home Page Verification"]]>
              </value>
            </param>
          </params>
          <reporter-output>
          </reporter-output>
        </test-method> <!-- runScenario -->
        <test-method signature="runScenario(io.cucumber.testng.PickleWrapper,io.cucumber.testng.FeatureWrapper)[pri:0, instance:runners.MainRunner@6950ed69]" started-at="2026-01-22T18:06:04 EST" name="runScenario" description="Runs Cucumber Scenarios" data-provider="scenarios" finished-at="2026-01-22T18:06:08 EST" duration-ms="3939" status="PASS">
          <params>
            <param index="0">
              <value>
                <![CDATA["User views the Data Structures dropdown options"]]>
              </value>
            </param>
            <param index="1">
              <value>
                <![CDATA["DS_AGLO_APP Home Page Verification"]]>
              </value>
            </param>
          </params>
          <reporter-output>
          </reporter-output>
        </test-method> <!-- runScenario -->
        <test-method signature="runScenario(io.cucumber.testng.PickleWrapper,io.cucumber.testng.FeatureWrapper)[pri:0, instance:runners.MainRunner@6950ed69]" started-at="2026-01-22T18:06:08 EST" name="runScenario" description="Runs Cucumber Scenarios" data-provider="scenarios" finished-at="2026-01-22T18:06:13 EST" duration-ms="4889" status="PASS">
          <params>
            <param index="0">
              <value>
                <![CDATA["Selecting a module from the dropdown displays warning message"]]>
              </value>
            </param>
            <param index="1">
              <value>
                <![CDATA["DS_AGLO_APP Home Page Verification"]]>
              </value>
            </param>
          </params>
          <reporter-output>
          </reporter-output>
        </test-method> <!-- runScenario -->
        <test-method signature="runScenario(io.cucumber.testng.PickleWrapper,io.cucumber.testng.FeatureWrapper)[pri:0, instance:runners.MainRunner@6950ed69]" started-at="2026-01-22T18:06:13 EST" name="runScenario" description="Runs Cucumber Scenarios" data-provider="scenarios" finished-at="2026-01-22T18:06:17 EST" duration-ms="4065" status="PASS">
          <params>
            <param index="0">
              <value>
                <![CDATA["Selecting a module from the dropdown displays warning message"]]>
              </value>
            </param>
            <param index="1">
              <value>
                <![CDATA["DS_AGLO_APP Home Page Verification"]]>
              </value>
            </param>
          </params>
          <reporter-output>
          </reporter-output>
        </test-method> <!-- runScenario -->
        <test-method signature="runScenario(io.cucumber.testng.PickleWrapper,io.cucumber.testng.FeatureWrapper)[pri:0, instance:runners.MainRunner@6950ed69]" started-at="2026-01-22T18:06:17 EST" name="runScenario" description="Runs Cucumber Scenarios" data-provider="scenarios" finished-at="2026-01-22T18:06:21 EST" duration-ms="4404" status="PASS">
          <params>
            <param index="0">
              <value>
                <![CDATA["Selecting a module from the dropdown displays warning message"]]>
              </value>
            </param>
            <param index="1">
              <value>
                <![CDATA["DS_AGLO_APP Home Page Verification"]]>
              </value>
            </param>
          </params>
          <reporter-output>
          </reporter-output>
        </test-method> <!-- runScenario -->
        <test-method signature="runScenario(io.cucumber.testng.PickleWrapper,io.cucumber.testng.FeatureWrapper)[pri:0, instance:runners.MainRunner@6950ed69]" started-at="2026-01-22T18:06:21 EST" name="runScenario" description="Runs Cucumber Scenarios" data-provider="scenarios" finished-at="2026-01-22T18:06:25 EST" duration-ms="3956" status="PASS">
          <params>
            <param index="0">
              <value>
                <![CDATA["Selecting a module from the dropdown displays warning message"]]>
              </value>
            </param>
            <param index="1">
              <value>
                <![CDATA["DS_AGLO_APP Home Page Verification"]]>
              </value>
            </param>
          </params>
          <reporter-output>
          </reporter-output>
        </test-method> <!-- runScenario -->
        <test-method signature="runScenario(io.cucumber.testng.PickleWrapper,io.cucumber.testng.FeatureWrapper)[pri:0, instance:runners.MainRunner@6950ed69]" started-at="2026-01-22T18:06:25 EST" name="runScenario" description="Runs Cucumber Scenarios" data-provider="scenarios" finished-at="2026-01-22T18:06:30 EST" duration-ms="4589" status="PASS">
          <params>
            <param index="0">
              <value>
                <![CDATA["Selecting a module from the dropdown displays warning message"]]>
              </value>
            </param>
            <param index="1">
              <value>
                <![CDATA["DS_AGLO_APP Home Page Verification"]]>
              </value>
            </param>
          </params>
          <reporter-output>
          </reporter-output>
        </test-method> <!-- runScenario -->
        <test-method signature="runScenario(io.cucumber.testng.PickleWrapper,io.cucumber.testng.FeatureWrapper)[pri:0, instance:runners.MainRunner@6950ed69]" started-at="2026-01-22T18:06:30 EST" name="runScenario" description="Runs Cucumber Scenarios" data-provider="scenarios" finished-at="2026-01-22T18:06:36 EST" duration-ms="6002" status="PASS">
          <params>
            <param index="0">
              <value>
                <![CDATA["Selecting a module from the dropdown displays warning message"]]>
              </value>
            </param>
            <param index="1">
              <value>
                <![CDATA["DS_AGLO_APP Home Page Verification"]]>
              </value>
            </param>
          </params>
          <reporter-output>
          </reporter-output>
        </test-method> <!-- runScenario -->
        <test-method signature="runScenario(io.cucumber.testng.PickleWrapper,io.cucumber.testng.FeatureWrapper)[pri:0, instance:runners.MainRunner@6950ed69]" started-at="2026-01-22T18:06:36 EST" name="runScenario" description="Runs Cucumber Scenarios" data-provider="scenarios" finished-at="2026-01-22T18:06:41 EST" duration-ms="4834" status="PASS">
          <params>
            <param index="0">
              <value>
                <![CDATA["Clicking the Get Started button for a module displays warning"]]>
              </value>
            </param>
            <param index="1">
              <value>
                <![CDATA["DS_AGLO_APP Home Page Verification"]]>
              </value>
            </param>
          </params>
          <reporter-output>
          </reporter-output>
        </test-method> <!-- runScenario -->
        <test-method signature="runScenario(io.cucumber.testng.PickleWrapper,io.cucumber.testng.FeatureWrapper)[pri:0, instance:runners.MainRunner@6950ed69]" started-at="2026-01-22T18:06:41 EST" name="runScenario" description="Runs Cucumber Scenarios" data-provider="scenarios" finished-at="2026-01-22T18:06:47 EST" duration-ms="5766" status="PASS">
          <params>
            <param index="0">
              <value>
                <![CDATA["Clicking the Get Started button for a module displays warning"]]>
              </value>
            </param>
            <param index="1">
              <value>
                <![CDATA["DS_AGLO_APP Home Page Verification"]]>
              </value>
            </param>
          </params>
          <reporter-output>
          </reporter-output>
        </test-method> <!-- runScenario -->
        <test-method signature="runScenario(io.cucumber.testng.PickleWrapper,io.cucumber.testng.FeatureWrapper)[pri:0, instance:runners.MainRunner@6950ed69]" started-at="2026-01-22T18:06:47 EST" name="runScenario" description="Runs Cucumber Scenarios" data-provider="scenarios" finished-at="2026-01-22T18:06:52 EST" duration-ms="5106" status="PASS">
          <params>
            <param index="0">
              <value>
                <![CDATA["Clicking the Get Started button for a module displays warning"]]>
              </value>
            </param>
            <param index="1">
              <value>
                <![CDATA["DS_AGLO_APP Home Page Verification"]]>
              </value>
            </param>
          </params>
          <reporter-output>
          </reporter-output>
        </test-method> <!-- runScenario -->
        <test-method signature="runScenario(io.cucumber.testng.PickleWrapper,io.cucumber.testng.FeatureWrapper)[pri:0, instance:runners.MainRunner@6950ed69]" started-at="2026-01-22T18:06:52 EST" name="runScenario" description="Runs Cucumber Scenarios" data-provider="scenarios" finished-at="2026-01-22T18:06:57 EST" duration-ms="5706" status="PASS">
          <params>
            <param index="0">
              <value>
                <![CDATA["Clicking the Get Started button for a module displays warning"]]>
              </value>
            </param>
            <param index="1">
              <value>
                <![CDATA["DS_AGLO_APP Home Page Verification"]]>
              </value>
            </param>
          </params>
          <reporter-output>
          </reporter-output>
        </test-method> <!-- runScenario -->
        <test-method signature="runScenario(io.cucumber.testng.PickleWrapper,io.cucumber.testng.FeatureWrapper)[pri:0, instance:runners.MainRunner@6950ed69]" started-at="2026-01-22T18:06:57 EST" name="runScenario" description="Runs Cucumber Scenarios" data-provider="scenarios" finished-at="2026-01-22T18:07:03 EST" duration-ms="5646" status="PASS">
          <params>
            <param index="0">
              <value>
                <![CDATA["Clicking the Get Started button for a module displays warning"]]>
              </value>
            </param>
            <param index="1">
              <value>
                <![CDATA["DS_AGLO_APP Home Page Verification"]]>
              </value>
            </param>
          </params>
          <reporter-output>
          </reporter-output>
        </test-method> <!-- runScenario -->
        <test-method signature="runScenario(io.cucumber.testng.PickleWrapper,io.cucumber.testng.FeatureWrapper)[pri:0, instance:runners.MainRunner@6950ed69]" started-at="2026-01-22T18:07:03 EST" name="runScenario" description="Runs Cucumber Scenarios" data-provider="scenarios" finished-at="2026-01-22T18:07:11 EST" duration-ms="7738" status="PASS">
          <params>
            <param index="0">
              <value>
                <![CDATA["Clicking the Get Started button for a module displays warning"]]>
              </value>
            </param>
            <param index="1">
              <value>
                <![CDATA["DS_AGLO_APP Home Page Verification"]]>
              </value>
            </param>
          </params>
          <reporter-output>
          </reporter-output>
        </test-method> <!-- runScenario -->
        <test-method signature="runScenario(io.cucumber.testng.PickleWrapper,io.cucumber.testng.FeatureWrapper)[pri:0, instance:runners.MainRunner@6950ed69]" started-at="2026-01-22T18:07:11 EST" name="runScenario" description="Runs Cucumber Scenarios" data-provider="scenarios" finished-at="2026-01-22T18:07:16 EST" duration-ms="4890" status="PASS">
          <params>
            <param index="0">
              <value>
                <![CDATA["Clicking the Get Started button for a module displays warning"]]>
              </value>
            </param>
            <param index="1">
              <value>
                <![CDATA["DS_AGLO_APP Home Page Verification"]]>
              </value>
            </param>
          </params>
          <reporter-output>
          </reporter-output>
        </test-method> <!-- runScenario -->
        <test-method signature="runScenario(io.cucumber.testng.PickleWrapper,io.cucumber.testng.FeatureWrapper)[pri:0, instance:runners.MainRunner@6950ed69]" started-at="2026-01-22T18:07:16 EST" name="runScenario" description="Runs Cucumber Scenarios" data-provider="scenarios" finished-at="2026-01-22T18:07:18 EST" duration-ms="2327" status="PASS">
          <params>
            <param index="0">
              <value>
                <![CDATA["Verify home page load performance"]]>
              </value>
            </param>
            <param index="1">
              <value>
                <![CDATA["DSAlgo Home Page Non Functional Testing"]]>
              </value>
            </param>
          </params>
          <reporter-output>
          </reporter-output>
        </test-method> <!-- runScenario -->
        <test-method signature="runScenario(io.cucumber.testng.PickleWrapper,io.cucumber.testng.FeatureWrapper)[pri:0, instance:runners.MainRunner@6950ed69]" started-at="2026-01-22T18:07:18 EST" name="runScenario" description="Runs Cucumber Scenarios" data-provider="scenarios" finished-at="2026-01-22T18:07:22 EST" duration-ms="3744" status="PASS">
          <params>
            <param index="0">
              <value>
                <![CDATA["Verify home page usability"]]>
              </value>
            </param>
            <param index="1">
              <value>
                <![CDATA["DSAlgo Home Page Non Functional Testing"]]>
              </value>
            </param>
          </params>
          <reporter-output>
          </reporter-output>
        </test-method> <!-- runScenario -->
        <test-method signature="runScenario(io.cucumber.testng.PickleWrapper,io.cucumber.testng.FeatureWrapper)[pri:0, instance:runners.MainRunner@6950ed69]" started-at="2026-01-22T18:07:22 EST" name="runScenario" description="Runs Cucumber Scenarios" data-provider="scenarios" finished-at="2026-01-22T18:07:26 EST" duration-ms="3673" status="PASS">
          <params>
            <param index="0">
              <value>
                <![CDATA["Verify home page security"]]>
              </value>
            </param>
            <param index="1">
              <value>
                <![CDATA["DSAlgo Home Page Non Functional Testing"]]>
              </value>
            </param>
          </params>
          <reporter-output>
          </reporter-output>
        </test-method> <!-- runScenario -->
        <test-method signature="runScenario(io.cucumber.testng.PickleWrapper,io.cucumber.testng.FeatureWrapper)[pri:0, instance:runners.MainRunner@6950ed69]" started-at="2026-01-22T18:07:26 EST" name="runScenario" description="Runs Cucumber Scenarios" data-provider="scenarios" finished-at="2026-01-22T18:07:29 EST" duration-ms="3670" status="PASS">
          <params>
            <param index="0">
              <value>
                <![CDATA["Verify keyboard accessibility"]]>
              </value>
            </param>
            <param index="1">
              <value>
                <![CDATA["DSAlgo Home Page Non Functional Testing"]]>
              </value>
            </param>
          </params>
          <reporter-output>
          </reporter-output>
        </test-method> <!-- runScenario -->
        <test-method signature="runScenario(io.cucumber.testng.PickleWrapper,io.cucumber.testng.FeatureWrapper)[pri:0, instance:runners.MainRunner@6950ed69]" started-at="2026-01-22T18:07:29 EST" name="runScenario" description="Runs Cucumber Scenarios" data-provider="scenarios" finished-at="2026-01-22T18:07:33 EST" duration-ms="3448" status="PASS">
          <params>
            <param index="0">
              <value>
                <![CDATA["Verify home page reliability on refresh"]]>
              </value>
            </param>
            <param index="1">
              <value>
                <![CDATA["DSAlgo Home Page Non Functional Testing"]]>
              </value>
            </param>
          </params>
          <reporter-output>
          </reporter-output>
        </test-method> <!-- runScenario -->
        <test-method is-config="true" signature="tearDownClass()[pri:0, instance:runners.MainRunner@6950ed69]" started-at="2026-01-22T18:07:33 EST" name="tearDownClass" finished-at="2026-01-22T18:07:36 EST" duration-ms="3368" status="PASS">
          <reporter-output>
          </reporter-output>
        </test-method> <!-- tearDownClass -->
      </class> <!-- runners.MainRunner -->
    </test> <!-- Default test -->
  </suite> <!-- Default suite -->
</testng-results>
