<?xml version="1.0" encoding="UTF-8"?>
<testng-results ignored="0" total="69" passed="66" failed="3" skipped="0">
  <reporter-output>
  </reporter-output>
  <suite started-at="2025-12-16T09:09:27 EST" name="Default suite" finished-at="2025-12-16T09:14:37 EST" duration-ms="309988">
    <groups>
      <group name="cucumber">
        <method signature="AbstractTestNGCucumberTests.runScenario(io.cucumber.testng.PickleWrapper,io.cucumber.testng.FeatureWrapper)[pri:0, instance:runners.MainRunner@3f1d2e23]" name="runScenario" class="io.cucumber.testng.AbstractTestNGCucumberTests"/>
      </group> <!-- cucumber -->
    </groups>
    <test started-at="2025-12-16T09:09:27 EST" name="Default test" finished-at="2025-12-16T09:14:37 EST" duration-ms="309988">
      <class name="runners.MainRunner">
        <test-method is-config="true" signature="setUpClass(org.testng.ITestContext)[pri:0, instance:runners.MainRunner@3f1d2e23]" started-at="2025-12-16T09:09:27 EST" name="setUpClass" finished-at="2025-12-16T09:09:28 EST" duration-ms="781" status="PASS">
          <params>
            <param index="0">
              <value>
                <![CDATA[org.testng.TestRunner@31741bb6]]>
              </value>
            </param>
          </params>
          <reporter-output>
          </reporter-output>
        </test-method> <!-- setUpClass -->
        <test-method signature="runScenario(io.cucumber.testng.PickleWrapper,io.cucumber.testng.FeatureWrapper)[pri:0, instance:runners.MainRunner@3f1d2e23]" started-at="2025-12-16T09:09:28 EST" name="runScenario" description="Runs Cucumber Scenarios" data-provider="scenarios" finished-at="2025-12-16T09:09:32 EST" duration-ms="4179" status="PASS">
          <params>
            <param index="0">
              <value>
                <![CDATA["User opens the DS Algo Portal"]]>
              </value>
            </param>
            <param index="1">
              <value>
                <![CDATA["DS_AGLO_APP Home Page Verification"]]>
              </value>
            </param>
          </params>
          <reporter-output>
          </reporter-output>
        </test-method> <!-- runScenario -->
        <test-method signature="runScenario(io.cucumber.testng.PickleWrapper,io.cucumber.testng.FeatureWrapper)[pri:0, instance:runners.MainRunner@3f1d2e23]" started-at="2025-12-16T09:09:33 EST" name="runScenario" description="Runs Cucumber Scenarios" data-provider="scenarios" finished-at="2025-12-16T09:09:34 EST" duration-ms="1070" status="PASS">
          <params>
            <param index="0">
              <value>
                <![CDATA["User Accesses the Home page"]]>
              </value>
            </param>
            <param index="1">
              <value>
                <![CDATA["DS_AGLO_APP Home Page Verification"]]>
              </value>
            </param>
          </params>
          <reporter-output>
          </reporter-output>
        </test-method> <!-- runScenario -->
        <test-method signature="runScenario(io.cucumber.testng.PickleWrapper,io.cucumber.testng.FeatureWrapper)[pri:0, instance:runners.MainRunner@3f1d2e23]" started-at="2025-12-16T09:09:34 EST" name="runScenario" description="Runs Cucumber Scenarios" data-provider="scenarios" finished-at="2025-12-16T09:09:34 EST" duration-ms="463" status="PASS">
          <params>
            <param index="0">
              <value>
                <![CDATA["User views the Data Structures Dropdown Options"]]>
              </value>
            </param>
            <param index="1">
              <value>
                <![CDATA["DS_AGLO_APP Home Page Verification"]]>
              </value>
            </param>
          </params>
          <reporter-output>
          </reporter-output>
        </test-method> <!-- runScenario -->
        <test-method signature="runScenario(io.cucumber.testng.PickleWrapper,io.cucumber.testng.FeatureWrapper)[pri:0, instance:runners.MainRunner@3f1d2e23]" started-at="2025-12-16T09:09:34 EST" name="runScenario" description="Runs Cucumber Scenarios" data-provider="scenarios" finished-at="2025-12-16T09:09:34 EST" duration-ms="293" status="PASS">
          <params>
            <param index="0">
              <value>
                <![CDATA["when selecting "Data Structure" dropdown menu , its displayed the Error Message"]]>
              </value>
            </param>
            <param index="1">
              <value>
                <![CDATA["DS_AGLO_APP Home Page Verification"]]>
              </value>
            </param>
          </params>
          <reporter-output>
          </reporter-output>
        </test-method> <!-- runScenario -->
        <test-method signature="runScenario(io.cucumber.testng.PickleWrapper,io.cucumber.testng.FeatureWrapper)[pri:0, instance:runners.MainRunner@3f1d2e23]" started-at="2025-12-16T09:09:34 EST" name="runScenario" description="Runs Cucumber Scenarios" data-provider="scenarios" finished-at="2025-12-16T09:09:36 EST" duration-ms="1877" status="PASS">
          <params>
            <param index="0">
              <value>
                <![CDATA["when selecting "Array" dropdown menu , its displayed the Error Message"]]>
              </value>
            </param>
            <param index="1">
              <value>
                <![CDATA["DS_AGLO_APP Home Page Verification"]]>
              </value>
            </param>
          </params>
          <reporter-output>
          </reporter-output>
        </test-method> <!-- runScenario -->
        <test-method signature="runScenario(io.cucumber.testng.PickleWrapper,io.cucumber.testng.FeatureWrapper)[pri:0, instance:runners.MainRunner@3f1d2e23]" started-at="2025-12-16T09:09:36 EST" name="runScenario" description="Runs Cucumber Scenarios" data-provider="scenarios" finished-at="2025-12-16T09:09:37 EST" duration-ms="838" status="PASS">
          <params>
            <param index="0">
              <value>
                <![CDATA["when clicking the "Get Started "button for "Data structures - Induction", Its displayed Error message"]]>
              </value>
            </param>
            <param index="1">
              <value>
                <![CDATA["DS_AGLO_APP Home Page Verification"]]>
              </value>
            </param>
          </params>
          <reporter-output>
          </reporter-output>
        </test-method> <!-- runScenario -->
        <test-method signature="runScenario(io.cucumber.testng.PickleWrapper,io.cucumber.testng.FeatureWrapper)[pri:0, instance:runners.MainRunner@3f1d2e23]" started-at="2025-12-16T09:09:37 EST" name="runScenario" description="Runs Cucumber Scenarios" data-provider="scenarios" finished-at="2025-12-16T09:09:38 EST" duration-ms="785" status="PASS">
          <params>
            <param index="0">
              <value>
                <![CDATA["when clicking the "Get Started" button for "Arrays", Its displayed Error message"]]>
              </value>
            </param>
            <param index="1">
              <value>
                <![CDATA["DS_AGLO_APP Home Page Verification"]]>
              </value>
            </param>
          </params>
          <reporter-output>
          </reporter-output>
        </test-method> <!-- runScenario -->
        <test-method signature="runScenario(io.cucumber.testng.PickleWrapper,io.cucumber.testng.FeatureWrapper)[pri:0, instance:runners.MainRunner@3f1d2e23]" started-at="2025-12-16T09:09:38 EST" name="runScenario" description="Runs Cucumber Scenarios" data-provider="scenarios" finished-at="2025-12-16T09:09:39 EST" duration-ms="1001" status="PASS">
          <params>
            <param index="0">
              <value>
                <![CDATA["when selecting "Linked List" in thedropdown menu, its displayed Error message"]]>
              </value>
            </param>
            <param index="1">
              <value>
                <![CDATA["DS_AGLO_APP Home Page Verification"]]>
              </value>
            </param>
          </params>
          <reporter-output>
          </reporter-output>
        </test-method> <!-- runScenario -->
        <test-method signature="runScenario(io.cucumber.testng.PickleWrapper,io.cucumber.testng.FeatureWrapper)[pri:0, instance:runners.MainRunner@3f1d2e23]" started-at="2025-12-16T09:09:39 EST" name="runScenario" description="Runs Cucumber Scenarios" data-provider="scenarios" finished-at="2025-12-16T09:09:40 EST" duration-ms="870" status="PASS">
          <params>
            <param index="0">
              <value>
                <![CDATA["when selecting  "Stack" in the dropdown menu, its displayed Error mesaage"]]>
              </value>
            </param>
            <param index="1">
              <value>
                <![CDATA["DS_AGLO_APP Home Page Verification"]]>
              </value>
            </param>
          </params>
          <reporter-output>
          </reporter-output>
        </test-method> <!-- runScenario -->
        <test-method signature="runScenario(io.cucumber.testng.PickleWrapper,io.cucumber.testng.FeatureWrapper)[pri:0, instance:runners.MainRunner@3f1d2e23]" started-at="2025-12-16T09:09:40 EST" name="runScenario" description="Runs Cucumber Scenarios" data-provider="scenarios" finished-at="2025-12-16T09:10:00 EST" duration-ms="20538" status="PASS">
          <params>
            <param index="0">
              <value>
                <![CDATA["when selecting  "Queue" in the dropdown menu, its displayed Error message"]]>
              </value>
            </param>
            <param index="1">
              <value>
                <![CDATA["DS_AGLO_APP Home Page Verification"]]>
              </value>
            </param>
          </params>
          <reporter-output>
          </reporter-output>
        </test-method> <!-- runScenario -->
        <test-method signature="runScenario(io.cucumber.testng.PickleWrapper,io.cucumber.testng.FeatureWrapper)[pri:0, instance:runners.MainRunner@3f1d2e23]" started-at="2025-12-16T09:10:00 EST" name="runScenario" description="Runs Cucumber Scenarios" data-provider="scenarios" finished-at="2025-12-16T09:10:01 EST" duration-ms="755" status="PASS">
          <params>
            <param index="0">
              <value>
                <![CDATA["when selecting  Tree in the dropdown menu, its displayed Error message"]]>
              </value>
            </param>
            <param index="1">
              <value>
                <![CDATA["DS_AGLO_APP Home Page Verification"]]>
              </value>
            </param>
          </params>
          <reporter-output>
          </reporter-output>
        </test-method> <!-- runScenario -->
        <test-method signature="runScenario(io.cucumber.testng.PickleWrapper,io.cucumber.testng.FeatureWrapper)[pri:0, instance:runners.MainRunner@3f1d2e23]" started-at="2025-12-16T09:10:01 EST" name="runScenario" description="Runs Cucumber Scenarios" data-provider="scenarios" finished-at="2025-12-16T09:10:02 EST" duration-ms="838" status="PASS">
          <params>
            <param index="0">
              <value>
                <![CDATA["when selecting  "Graph" in the dropdown menu, its displyed Error message"]]>
              </value>
            </param>
            <param index="1">
              <value>
                <![CDATA["DS_AGLO_APP Home Page Verification"]]>
              </value>
            </param>
          </params>
          <reporter-output>
          </reporter-output>
        </test-method> <!-- runScenario -->
        <test-method signature="runScenario(io.cucumber.testng.PickleWrapper,io.cucumber.testng.FeatureWrapper)[pri:0, instance:runners.MainRunner@3f1d2e23]" started-at="2025-12-16T09:10:02 EST" name="runScenario" description="Runs Cucumber Scenarios" data-provider="scenarios" finished-at="2025-12-16T09:10:03 EST" duration-ms="683" status="PASS">
          <params>
            <param index="0">
              <value>
                <![CDATA["when clicking  the "Get Started" button for "Linked List", its displayed Error message"]]>
              </value>
            </param>
            <param index="1">
              <value>
                <![CDATA["DS_AGLO_APP Home Page Verification"]]>
              </value>
            </param>
          </params>
          <reporter-output>
          </reporter-output>
        </test-method> <!-- runScenario -->
        <test-method signature="runScenario(io.cucumber.testng.PickleWrapper,io.cucumber.testng.FeatureWrapper)[pri:0, instance:runners.MainRunner@3f1d2e23]" started-at="2025-12-16T09:10:03 EST" name="runScenario" description="Runs Cucumber Scenarios" data-provider="scenarios" finished-at="2025-12-16T09:10:03 EST" duration-ms="688" status="PASS">
          <params>
            <param index="0">
              <value>
                <![CDATA["when clicking the "Get Started" button for "Stack", its displayed Error message"]]>
              </value>
            </param>
            <param index="1">
              <value>
                <![CDATA["DS_AGLO_APP Home Page Verification"]]>
              </value>
            </param>
          </params>
          <reporter-output>
          </reporter-output>
        </test-method> <!-- runScenario -->
        <test-method signature="runScenario(io.cucumber.testng.PickleWrapper,io.cucumber.testng.FeatureWrapper)[pri:0, instance:runners.MainRunner@3f1d2e23]" started-at="2025-12-16T09:10:03 EST" name="runScenario" description="Runs Cucumber Scenarios" data-provider="scenarios" finished-at="2025-12-16T09:10:04 EST" duration-ms="780" status="PASS">
          <params>
            <param index="0">
              <value>
                <![CDATA["when clicking the "Get Started" button for "Queue" , its displayed Error message"]]>
              </value>
            </param>
            <param index="1">
              <value>
                <![CDATA["DS_AGLO_APP Home Page Verification"]]>
              </value>
            </param>
          </params>
          <reporter-output>
          </reporter-output>
        </test-method> <!-- runScenario -->
        <test-method signature="runScenario(io.cucumber.testng.PickleWrapper,io.cucumber.testng.FeatureWrapper)[pri:0, instance:runners.MainRunner@3f1d2e23]" started-at="2025-12-16T09:10:04 EST" name="runScenario" description="Runs Cucumber Scenarios" data-provider="scenarios" finished-at="2025-12-16T09:10:05 EST" duration-ms="637" status="PASS">
          <params>
            <param index="0">
              <value>
                <![CDATA["when clicking the "Get Started" button for "Tree", its displayed Error message"]]>
              </value>
            </param>
            <param index="1">
              <value>
                <![CDATA["DS_AGLO_APP Home Page Verification"]]>
              </value>
            </param>
          </params>
          <reporter-output>
          </reporter-output>
        </test-method> <!-- runScenario -->
        <test-method signature="runScenario(io.cucumber.testng.PickleWrapper,io.cucumber.testng.FeatureWrapper)[pri:0, instance:runners.MainRunner@3f1d2e23]" started-at="2025-12-16T09:10:05 EST" name="runScenario" description="Runs Cucumber Scenarios" data-provider="scenarios" finished-at="2025-12-16T09:10:06 EST" duration-ms="826" status="PASS">
          <params>
            <param index="0">
              <value>
                <![CDATA["when clicking  the "Get Started" button for "Graph", its displayed Error message"]]>
              </value>
            </param>
            <param index="1">
              <value>
                <![CDATA["DS_AGLO_APP Home Page Verification"]]>
              </value>
            </param>
          </params>
          <reporter-output>
          </reporter-output>
        </test-method> <!-- runScenario -->
        <test-method signature="runScenario(io.cucumber.testng.PickleWrapper,io.cucumber.testng.FeatureWrapper)[pri:0, instance:runners.MainRunner@3f1d2e23]" started-at="2025-12-16T09:10:06 EST" name="runScenario" description="Runs Cucumber Scenarios" data-provider="scenarios" finished-at="2025-12-16T09:10:08 EST" duration-ms="2265" status="PASS">
          <params>
            <param index="0">
              <value>
                <![CDATA["Verify user is able to navigate to Array page"]]>
              </value>
            </param>
            <param index="1">
              <value>
                <![CDATA["Navigation and interaction in dsAlgo Portal - Array Section"]]>
              </value>
            </param>
          </params>
          <reporter-output>
          </reporter-output>
        </test-method> <!-- runScenario -->
        <test-method signature="runScenario(io.cucumber.testng.PickleWrapper,io.cucumber.testng.FeatureWrapper)[pri:0, instance:runners.MainRunner@3f1d2e23]" started-at="2025-12-16T09:10:08 EST" name="runScenario" description="Runs Cucumber Scenarios" data-provider="scenarios" finished-at="2025-12-16T09:10:12 EST" duration-ms="3753" status="PASS">
          <params>
            <param index="0">
              <value>
                <![CDATA["Verify user is able to navigate to Arrays in Python page"]]>
              </value>
            </param>
            <param index="1">
              <value>
                <![CDATA["Navigation and interaction in dsAlgo Portal - Array Section"]]>
              </value>
            </param>
          </params>
          <reporter-output>
          </reporter-output>
        </test-method> <!-- runScenario -->
        <test-method signature="runScenario(io.cucumber.testng.PickleWrapper,io.cucumber.testng.FeatureWrapper)[pri:0, instance:runners.MainRunner@3f1d2e23]" started-at="2025-12-16T09:10:12 EST" name="runScenario" description="Runs Cucumber Scenarios" data-provider="scenarios" finished-at="2025-12-16T09:10:18 EST" duration-ms="5963" status="PASS">
          <params>
            <param index="0">
              <value>
                <![CDATA["Verify user is able to navigate to try Editor page for Arrays in Python"]]>
              </value>
            </param>
            <param index="1">
              <value>
                <![CDATA["Navigation and interaction in dsAlgo Portal - Array Section"]]>
              </value>
            </param>
          </params>
          <reporter-output>
          </reporter-output>
        </test-method> <!-- runScenario -->
        <test-method signature="runScenario(io.cucumber.testng.PickleWrapper,io.cucumber.testng.FeatureWrapper)[pri:0, instance:runners.MainRunner@3f1d2e23]" started-at="2025-12-16T09:10:18 EST" name="runScenario" description="Runs Cucumber Scenarios" data-provider="scenarios" finished-at="2025-12-16T09:10:22 EST" duration-ms="4577" status="FAIL">
          <params>
            <param index="0">
              <value>
                <![CDATA["Verify error message for Empty & invalid python code for Arrays in Python page"]]>
              </value>
            </param>
            <param index="1">
              <value>
                <![CDATA["Navigation and interaction in dsAlgo Portal - Array Section"]]>
              </value>
            </param>
          </params>
          <exception class="org.openqa.selenium.NoAlertPresentException">
            <message>
              <![CDATA[no such alert
  (Session info: chrome=143.0.7499.41)
Build info: version: '4.37.0', revision: '3c1da1e342'
System info: os.name: 'Windows 11', os.arch: 'amd64', os.version: '10.0', java.version: '21.0.9'
Driver info: org.openqa.selenium.chrome.ChromeDriver
Command: [d811214ef250dfe060ceecb31d8c71d2, getAlertText {}]
Capabilities {acceptInsecureCerts: false, browserName: chrome, browserVersion: 143.0.7499.41, chrome: {chromedriverVersion: 143.0.7499.42 (24bdc8c48a0c..., userDataDir: C:\Users\anand\AppData\Loca...}, fedcm:accounts: true, goog:chromeOptions: {debuggerAddress: localhost:55377}, goog:processID: 12336, networkConnectionEnabled: false, pageLoadStrategy: normal, platformName: windows, proxy: Proxy(), se:cdp: ws://localhost:55377/devtoo..., se:cdpVersion: 143.0.7499.41, setWindowRect: true, strictFileInteractability: false, timeouts: {implicit: 0, pageLoad: 300000, script: 30000}, unhandledPromptBehavior: dismiss and notify, webauthn:extension:credBlob: true, webauthn:extension:largeBlob: true, webauthn:extension:minPinLength: true, webauthn:extension:prf: true, webauthn:virtualAuthenticators: true}
Session ID: d811214ef250dfe060ceecb31d8c71d2]]>
            </message>
            <full-stacktrace>
              <![CDATA[org.openqa.selenium.NoAlertPresentException: no such alert
  (Session info: chrome=143.0.7499.41)
Build info: version: '4.37.0', revision: '3c1da1e342'
System info: os.name: 'Windows 11', os.arch: 'amd64', os.version: '10.0', java.version: '21.0.9'
Driver info: org.openqa.selenium.chrome.ChromeDriver
Command: [d811214ef250dfe060ceecb31d8c71d2, getAlertText {}]
Capabilities {acceptInsecureCerts: false, browserName: chrome, browserVersion: 143.0.7499.41, chrome: {chromedriverVersion: 143.0.7499.42 (24bdc8c48a0c..., userDataDir: C:\Users\anand\AppData\Loca...}, fedcm:accounts: true, goog:chromeOptions: {debuggerAddress: localhost:55377}, goog:processID: 12336, networkConnectionEnabled: false, pageLoadStrategy: normal, platformName: windows, proxy: Proxy(), se:cdp: ws://localhost:55377/devtoo..., se:cdpVersion: 143.0.7499.41, setWindowRect: true, strictFileInteractability: false, timeouts: {implicit: 0, pageLoad: 300000, script: 30000}, unhandledPromptBehavior: dismiss and notify, webauthn:extension:credBlob: true, webauthn:extension:largeBlob: true, webauthn:extension:minPinLength: true, webauthn:extension:prf: true, webauthn:virtualAuthenticators: true}
Session ID: d811214ef250dfe060ceecb31d8c71d2
at java.base/jdk.internal.reflect.DirectConstructorHandleAccessor.newInstance(DirectConstructorHandleAccessor.java:62)
at java.base/java.lang.reflect.Constructor.newInstanceWithCaller(Constructor.java:502)
at java.base/java.lang.reflect.Constructor.newInstance(Constructor.java:486)
at org.openqa.selenium.remote.ErrorCodec.decode(ErrorCodec.java:167)
at org.openqa.selenium.remote.codec.w3c.W3CHttpResponseCodec.decode(W3CHttpResponseCodec.java:138)
at org.openqa.selenium.remote.codec.w3c.W3CHttpResponseCodec.decode(W3CHttpResponseCodec.java:50)
at org.openqa.selenium.remote.HttpCommandExecutor.execute(HttpCommandExecutor.java:215)
at org.openqa.selenium.remote.service.DriverCommandExecutor.invokeExecute(DriverCommandExecutor.java:216)
at org.openqa.selenium.remote.service.DriverCommandExecutor.execute(DriverCommandExecutor.java:174)
at org.openqa.selenium.remote.RemoteWebDriver.execute(RemoteWebDriver.java:557)
at org.openqa.selenium.remote.RemoteWebDriver.execute(RemoteWebDriver.java:634)
at org.openqa.selenium.remote.RemoteWebDriver.execute(RemoteWebDriver.java:638)
at org.openqa.selenium.remote.RemoteWebDriver$RemoteTargetLocator.alert(RemoteWebDriver.java:1197)
at stepDefinitions.ArraysList.the_user_should_see_an_error_message_in_alert_window(ArraysList.java:77)
at ✽.The user should see an error message in alert window(file:///C:/Users/anand/OneDrive/Documents/Ambiga/updatedFramework/DSALGO226BddFramework/src/test/resources/features/ArrayLists.feature:35)
]]>
            </full-stacktrace>
          </exception> <!-- org.openqa.selenium.NoAlertPresentException -->
          <reporter-output>
          </reporter-output>
        </test-method> <!-- runScenario -->
        <test-method signature="runScenario(io.cucumber.testng.PickleWrapper,io.cucumber.testng.FeatureWrapper)[pri:0, instance:runners.MainRunner@3f1d2e23]" started-at="2025-12-16T09:10:22 EST" name="runScenario" description="Runs Cucumber Scenarios" data-provider="scenarios" finished-at="2025-12-16T09:10:26 EST" duration-ms="3530" status="PASS">
          <params>
            <param index="0">
              <value>
                <![CDATA["Verify error message for Empty & invalid python code for Arrays in Python page"]]>
              </value>
            </param>
            <param index="1">
              <value>
                <![CDATA["Navigation and interaction in dsAlgo Portal - Array Section"]]>
              </value>
            </param>
          </params>
          <reporter-output>
          </reporter-output>
        </test-method> <!-- runScenario -->
        <test-method signature="runScenario(io.cucumber.testng.PickleWrapper,io.cucumber.testng.FeatureWrapper)[pri:0, instance:runners.MainRunner@3f1d2e23]" started-at="2025-12-16T09:10:26 EST" name="runScenario" description="Runs Cucumber Scenarios" data-provider="scenarios" finished-at="2025-12-16T09:10:31 EST" duration-ms="4581" status="PASS">
          <params>
            <param index="0">
              <value>
                <![CDATA["Verify user is able to see output for valid python code for Arrays in Python page"]]>
              </value>
            </param>
            <param index="1">
              <value>
                <![CDATA["Navigation and interaction in dsAlgo Portal - Array Section"]]>
              </value>
            </param>
          </params>
          <reporter-output>
          </reporter-output>
        </test-method> <!-- runScenario -->
        <test-method signature="runScenario(io.cucumber.testng.PickleWrapper,io.cucumber.testng.FeatureWrapper)[pri:0, instance:runners.MainRunner@3f1d2e23]" started-at="2025-12-16T09:10:31 EST" name="runScenario" description="Runs Cucumber Scenarios" data-provider="scenarios" finished-at="2025-12-16T09:10:34 EST" duration-ms="3559" status="PASS">
          <params>
            <param index="0">
              <value>
                <![CDATA["Open Graph main page from Home"]]>
              </value>
            </param>
            <param index="1">
              <value>
                <![CDATA["Navigation and interaction in dsAlgo Portal - Graph Section"]]>
              </value>
            </param>
          </params>
          <reporter-output>
          </reporter-output>
        </test-method> <!-- runScenario -->
        <test-method signature="runScenario(io.cucumber.testng.PickleWrapper,io.cucumber.testng.FeatureWrapper)[pri:0, instance:runners.MainRunner@3f1d2e23]" started-at="2025-12-16T09:10:34 EST" name="runScenario" description="Runs Cucumber Scenarios" data-provider="scenarios" finished-at="2025-12-16T09:10:41 EST" duration-ms="6785" status="PASS">
          <params>
            <param index="0">
              <value>
                <![CDATA["Validate alert handling for invalid input on Graph Topic Try Editor"]]>
              </value>
            </param>
            <param index="1">
              <value>
                <![CDATA["Navigation and interaction in dsAlgo Portal - Graph Section"]]>
              </value>
            </param>
          </params>
          <reporter-output>
          </reporter-output>
        </test-method> <!-- runScenario -->
        <test-method signature="runScenario(io.cucumber.testng.PickleWrapper,io.cucumber.testng.FeatureWrapper)[pri:0, instance:runners.MainRunner@3f1d2e23]" started-at="2025-12-16T09:10:41 EST" name="runScenario" description="Runs Cucumber Scenarios" data-provider="scenarios" finished-at="2025-12-16T09:10:45 EST" duration-ms="4125" status="PASS">
          <params>
            <param index="0">
              <value>
                <![CDATA["Validate alert handling for invalid input on Graph Topic Try Editor"]]>
              </value>
            </param>
            <param index="1">
              <value>
                <![CDATA["Navigation and interaction in dsAlgo Portal - Graph Section"]]>
              </value>
            </param>
          </params>
          <reporter-output>
          </reporter-output>
        </test-method> <!-- runScenario -->
        <test-method signature="runScenario(io.cucumber.testng.PickleWrapper,io.cucumber.testng.FeatureWrapper)[pri:0, instance:runners.MainRunner@3f1d2e23]" started-at="2025-12-16T09:10:45 EST" name="runScenario" description="Runs Cucumber Scenarios" data-provider="scenarios" finished-at="2025-12-16T09:10:50 EST" duration-ms="5012" status="PASS">
          <params>
            <param index="0">
              <value>
                <![CDATA["Launch Graph Representations page"]]>
              </value>
            </param>
            <param index="1">
              <value>
                <![CDATA["Navigation and interaction in dsAlgo Portal - Graph Section"]]>
              </value>
            </param>
          </params>
          <reporter-output>
          </reporter-output>
        </test-method> <!-- runScenario -->
        <test-method signature="runScenario(io.cucumber.testng.PickleWrapper,io.cucumber.testng.FeatureWrapper)[pri:0, instance:runners.MainRunner@3f1d2e23]" started-at="2025-12-16T09:10:50 EST" name="runScenario" description="Runs Cucumber Scenarios" data-provider="scenarios" finished-at="2025-12-16T09:10:59 EST" duration-ms="8554" status="PASS">
          <params>
            <param index="0">
              <value>
                <![CDATA["Validate alert handling for invalid input on Graph Representations Try Editor"]]>
              </value>
            </param>
            <param index="1">
              <value>
                <![CDATA["Navigation and interaction in dsAlgo Portal - Graph Section"]]>
              </value>
            </param>
          </params>
          <reporter-output>
          </reporter-output>
        </test-method> <!-- runScenario -->
        <test-method signature="runScenario(io.cucumber.testng.PickleWrapper,io.cucumber.testng.FeatureWrapper)[pri:0, instance:runners.MainRunner@3f1d2e23]" started-at="2025-12-16T09:10:59 EST" name="runScenario" description="Runs Cucumber Scenarios" data-provider="scenarios" finished-at="2025-12-16T09:11:04 EST" duration-ms="5145" status="PASS">
          <params>
            <param index="0">
              <value>
                <![CDATA["Validate alert handling for invalid input on Graph Representations Try Editor"]]>
              </value>
            </param>
            <param index="1">
              <value>
                <![CDATA["Navigation and interaction in dsAlgo Portal - Graph Section"]]>
              </value>
            </param>
          </params>
          <reporter-output>
          </reporter-output>
        </test-method> <!-- runScenario -->
        <test-method signature="runScenario(io.cucumber.testng.PickleWrapper,io.cucumber.testng.FeatureWrapper)[pri:0, instance:runners.MainRunner@3f1d2e23]" started-at="2025-12-16T09:11:04 EST" name="runScenario" description="Runs Cucumber Scenarios" data-provider="scenarios" finished-at="2025-12-16T09:11:09 EST" duration-ms="4625" status="PASS">
          <params>
            <param index="0">
              <value>
                <![CDATA["Validate Excel handling for valid input on Graph Representations Try Editor"]]>
              </value>
            </param>
            <param index="1">
              <value>
                <![CDATA["Navigation and interaction in dsAlgo Portal - Graph Section"]]>
              </value>
            </param>
          </params>
          <reporter-output>
          </reporter-output>
        </test-method> <!-- runScenario -->
        <test-method signature="runScenario(io.cucumber.testng.PickleWrapper,io.cucumber.testng.FeatureWrapper)[pri:0, instance:runners.MainRunner@3f1d2e23]" started-at="2025-12-16T09:11:09 EST" name="runScenario" description="Runs Cucumber Scenarios" data-provider="scenarios" finished-at="2025-12-16T09:11:09 EST" duration-ms="973" status="PASS">
          <params>
            <param index="0">
              <value>
                <![CDATA["User navigates to the Register page"]]>
              </value>
            </param>
            <param index="1">
              <value>
                <![CDATA["DS_ALGO_APP Register Page Verification"]]>
              </value>
            </param>
          </params>
          <reporter-output>
          </reporter-output>
        </test-method> <!-- runScenario -->
        <test-method signature="runScenario(io.cucumber.testng.PickleWrapper,io.cucumber.testng.FeatureWrapper)[pri:0, instance:runners.MainRunner@3f1d2e23]" started-at="2025-12-16T09:11:09 EST" name="runScenario" description="Runs Cucumber Scenarios" data-provider="scenarios" finished-at="2025-12-16T09:11:10 EST" duration-ms="592" status="PASS">
          <params>
            <param index="0">
              <value>
                <![CDATA["Error messages are displayed when all fields are empty  during Registration"]]>
              </value>
            </param>
            <param index="1">
              <value>
                <![CDATA["DS_ALGO_APP Register Page Verification"]]>
              </value>
            </param>
          </params>
          <reporter-output>
          </reporter-output>
        </test-method> <!-- runScenario -->
        <test-method signature="runScenario(io.cucumber.testng.PickleWrapper,io.cucumber.testng.FeatureWrapper)[pri:0, instance:runners.MainRunner@3f1d2e23]" started-at="2025-12-16T09:11:10 EST" name="runScenario" description="Runs Cucumber Scenarios" data-provider="scenarios" finished-at="2025-12-16T09:11:11 EST" duration-ms="934" status="PASS">
          <params>
            <param index="0">
              <value>
                <![CDATA["Error message are displayed when Username field is empty"]]>
              </value>
            </param>
            <param index="1">
              <value>
                <![CDATA["DS_ALGO_APP Register Page Verification"]]>
              </value>
            </param>
          </params>
          <reporter-output>
          </reporter-output>
        </test-method> <!-- runScenario -->
        <test-method signature="runScenario(io.cucumber.testng.PickleWrapper,io.cucumber.testng.FeatureWrapper)[pri:0, instance:runners.MainRunner@3f1d2e23]" started-at="2025-12-16T09:11:11 EST" name="runScenario" description="Runs Cucumber Scenarios" data-provider="scenarios" finished-at="2025-12-16T09:11:12 EST" duration-ms="651" status="PASS">
          <params>
            <param index="0">
              <value>
                <![CDATA["Error messages are displayed when the Password field is empty"]]>
              </value>
            </param>
            <param index="1">
              <value>
                <![CDATA["DS_ALGO_APP Register Page Verification"]]>
              </value>
            </param>
          </params>
          <reporter-output>
          </reporter-output>
        </test-method> <!-- runScenario -->
        <test-method signature="runScenario(io.cucumber.testng.PickleWrapper,io.cucumber.testng.FeatureWrapper)[pri:0, instance:runners.MainRunner@3f1d2e23]" started-at="2025-12-16T09:11:12 EST" name="runScenario" description="Runs Cucumber Scenarios" data-provider="scenarios" finished-at="2025-12-16T09:11:13 EST" duration-ms="892" status="PASS">
          <params>
            <param index="0">
              <value>
                <![CDATA["Error messages are displayed when the Password Confirmation field is empty"]]>
              </value>
            </param>
            <param index="1">
              <value>
                <![CDATA["DS_ALGO_APP Register Page Verification"]]>
              </value>
            </param>
          </params>
          <reporter-output>
          </reporter-output>
        </test-method> <!-- runScenario -->
        <test-method signature="runScenario(io.cucumber.testng.PickleWrapper,io.cucumber.testng.FeatureWrapper)[pri:0, instance:runners.MainRunner@3f1d2e23]" started-at="2025-12-16T09:11:13 EST" name="runScenario" description="Runs Cucumber Scenarios" data-provider="scenarios" finished-at="2025-12-16T09:11:14 EST" duration-ms="1187" status="PASS">
          <params>
            <param index="0">
              <value>
                <![CDATA["Error message is displayed for Invalid Username"]]>
              </value>
            </param>
            <param index="1">
              <value>
                <![CDATA["DS_ALGO_APP Register Page Verification"]]>
              </value>
            </param>
          </params>
          <reporter-output>
          </reporter-output>
        </test-method> <!-- runScenario -->
        <test-method signature="runScenario(io.cucumber.testng.PickleWrapper,io.cucumber.testng.FeatureWrapper)[pri:0, instance:runners.MainRunner@3f1d2e23]" started-at="2025-12-16T09:11:14 EST" name="runScenario" description="Runs Cucumber Scenarios" data-provider="scenarios" finished-at="2025-12-16T09:11:15 EST" duration-ms="1606" status="PASS">
          <params>
            <param index="0">
              <value>
                <![CDATA["Error message is displayed for Invalid Password"]]>
              </value>
            </param>
            <param index="1">
              <value>
                <![CDATA["DS_ALGO_APP Register Page Verification"]]>
              </value>
            </param>
          </params>
          <reporter-output>
          </reporter-output>
        </test-method> <!-- runScenario -->
        <test-method signature="runScenario(io.cucumber.testng.PickleWrapper,io.cucumber.testng.FeatureWrapper)[pri:0, instance:runners.MainRunner@3f1d2e23]" started-at="2025-12-16T09:11:15 EST" name="runScenario" description="Runs Cucumber Scenarios" data-provider="scenarios" finished-at="2025-12-16T09:11:17 EST" duration-ms="1427" status="PASS">
          <params>
            <param index="0">
              <value>
                <![CDATA["Error message is displayed when Password and Password confirmation did not match"]]>
              </value>
            </param>
            <param index="1">
              <value>
                <![CDATA["DS_ALGO_APP Register Page Verification"]]>
              </value>
            </param>
          </params>
          <reporter-output>
          </reporter-output>
        </test-method> <!-- runScenario -->
        <test-method signature="runScenario(io.cucumber.testng.PickleWrapper,io.cucumber.testng.FeatureWrapper)[pri:0, instance:runners.MainRunner@3f1d2e23]" started-at="2025-12-16T09:11:17 EST" name="runScenario" description="Runs Cucumber Scenarios" data-provider="scenarios" finished-at="2025-12-16T09:11:23 EST" duration-ms="6036" status="FAIL">
          <params>
            <param index="0">
              <value>
                <![CDATA["User navigates to the Home page after successful registration with valid inputs"]]>
              </value>
            </param>
            <param index="1">
              <value>
                <![CDATA["DS_ALGO_APP Register Page Verification"]]>
              </value>
            </param>
          </params>
          <exception class="org.openqa.selenium.NoSuchElementException">
            <message>
              <![CDATA[no such element: Unable to locate element: {"method":"xpath","selector":"//div[contains(text(),'New Account Created')]"}
  (Session info: chrome=143.0.7499.41)
For documentation on this error, please visit: https://www.selenium.dev/documentation/webdriver/troubleshooting/errors#nosuchelementexception
Build info: version: '4.37.0', revision: '3c1da1e342'
System info: os.name: 'Windows 11', os.arch: 'amd64', os.version: '10.0', java.version: '21.0.9'
Driver info: org.openqa.selenium.chrome.ChromeDriver
Command: [d811214ef250dfe060ceecb31d8c71d2, findElement {value=//div[contains(text(),'New Account Created')], using=xpath}]
Capabilities {acceptInsecureCerts: false, browserName: chrome, browserVersion: 143.0.7499.41, chrome: {chromedriverVersion: 143.0.7499.42 (24bdc8c48a0c..., userDataDir: C:\Users\anand\AppData\Loca...}, fedcm:accounts: true, goog:chromeOptions: {debuggerAddress: localhost:55377}, goog:processID: 12336, networkConnectionEnabled: false, pageLoadStrategy: normal, platformName: windows, proxy: Proxy(), se:cdp: ws://localhost:55377/devtoo..., se:cdpVersion: 143.0.7499.41, setWindowRect: true, strictFileInteractability: false, timeouts: {implicit: 0, pageLoad: 300000, script: 30000}, unhandledPromptBehavior: dismiss and notify, webauthn:extension:credBlob: true, webauthn:extension:largeBlob: true, webauthn:extension:minPinLength: true, webauthn:extension:prf: true, webauthn:virtualAuthenticators: true}
Session ID: d811214ef250dfe060ceecb31d8c71d2]]>
            </message>
            <full-stacktrace>
              <![CDATA[org.openqa.selenium.NoSuchElementException: no such element: Unable to locate element: {"method":"xpath","selector":"//div[contains(text(),'New Account Created')]"}
  (Session info: chrome=143.0.7499.41)
For documentation on this error, please visit: https://www.selenium.dev/documentation/webdriver/troubleshooting/errors#nosuchelementexception
Build info: version: '4.37.0', revision: '3c1da1e342'
System info: os.name: 'Windows 11', os.arch: 'amd64', os.version: '10.0', java.version: '21.0.9'
Driver info: org.openqa.selenium.chrome.ChromeDriver
Command: [d811214ef250dfe060ceecb31d8c71d2, findElement {value=//div[contains(text(),'New Account Created')], using=xpath}]
Capabilities {acceptInsecureCerts: false, browserName: chrome, browserVersion: 143.0.7499.41, chrome: {chromedriverVersion: 143.0.7499.42 (24bdc8c48a0c..., userDataDir: C:\Users\anand\AppData\Loca...}, fedcm:accounts: true, goog:chromeOptions: {debuggerAddress: localhost:55377}, goog:processID: 12336, networkConnectionEnabled: false, pageLoadStrategy: normal, platformName: windows, proxy: Proxy(), se:cdp: ws://localhost:55377/devtoo..., se:cdpVersion: 143.0.7499.41, setWindowRect: true, strictFileInteractability: false, timeouts: {implicit: 0, pageLoad: 300000, script: 30000}, unhandledPromptBehavior: dismiss and notify, webauthn:extension:credBlob: true, webauthn:extension:largeBlob: true, webauthn:extension:minPinLength: true, webauthn:extension:prf: true, webauthn:virtualAuthenticators: true}
Session ID: d811214ef250dfe060ceecb31d8c71d2
at java.base/jdk.internal.reflect.DirectConstructorHandleAccessor.newInstance(DirectConstructorHandleAccessor.java:62)
at java.base/java.lang.reflect.Constructor.newInstanceWithCaller(Constructor.java:502)
at java.base/java.lang.reflect.Constructor.newInstance(Constructor.java:486)
at org.openqa.selenium.remote.ErrorCodec.decode(ErrorCodec.java:167)
at org.openqa.selenium.remote.codec.w3c.W3CHttpResponseCodec.decode(W3CHttpResponseCodec.java:138)
at org.openqa.selenium.remote.codec.w3c.W3CHttpResponseCodec.decode(W3CHttpResponseCodec.java:50)
at org.openqa.selenium.remote.HttpCommandExecutor.execute(HttpCommandExecutor.java:215)
at org.openqa.selenium.remote.service.DriverCommandExecutor.invokeExecute(DriverCommandExecutor.java:216)
at org.openqa.selenium.remote.service.DriverCommandExecutor.execute(DriverCommandExecutor.java:174)
at org.openqa.selenium.remote.RemoteWebDriver.execute(RemoteWebDriver.java:557)
at org.openqa.selenium.remote.ElementLocation$ElementFinder$2.findElement(ElementLocation.java:165)
at org.openqa.selenium.remote.ElementLocation.findElement(ElementLocation.java:59)
at org.openqa.selenium.remote.RemoteWebDriver.findElement(RemoteWebDriver.java:380)
at org.openqa.selenium.remote.RemoteWebDriver.findElement(RemoteWebDriver.java:374)
at org.openqa.selenium.support.pagefactory.DefaultElementLocator.findElement(DefaultElementLocator.java:68)
at org.openqa.selenium.support.pagefactory.internal.LocatingElementHandler.invoke(LocatingElementHandler.java:38)
at jdk.proxy2/jdk.proxy2.$Proxy34.getText(Unknown Source)
at pageObjects.registerPage.print_successfullyRegistered(registerPage.java:164)
at stepDefinitions.registerSteps.the_user_goes_to_ds_algo_home_page_with_the_message(registerSteps.java:213)
at ✽.The user goes to DS Algo Home page with the message "New Account Created. You are logged in as <ID>"(file:///C:/Users/anand/OneDrive/Documents/Ambiga/updatedFramework/DSALGO226BddFramework/src/test/resources/features/Register.feature:64)
]]>
            </full-stacktrace>
          </exception> <!-- org.openqa.selenium.NoSuchElementException -->
          <reporter-output>
          </reporter-output>
        </test-method> <!-- runScenario -->
        <test-method signature="runScenario(io.cucumber.testng.PickleWrapper,io.cucumber.testng.FeatureWrapper)[pri:0, instance:runners.MainRunner@3f1d2e23]" started-at="2025-12-16T09:11:23 EST" name="runScenario" description="Runs Cucumber Scenarios" data-provider="scenarios" finished-at="2025-12-16T09:11:26 EST" duration-ms="2456" status="PASS">
          <params>
            <param index="0">
              <value>
                <![CDATA["Verify that user is able to navigate to Stack data structure page"]]>
              </value>
            </param>
            <param index="1">
              <value>
                <![CDATA["Stack Module Tests"]]>
              </value>
            </param>
          </params>
          <reporter-output>
          </reporter-output>
        </test-method> <!-- runScenario -->
        <test-method signature="runScenario(io.cucumber.testng.PickleWrapper,io.cucumber.testng.FeatureWrapper)[pri:0, instance:runners.MainRunner@3f1d2e23]" started-at="2025-12-16T09:11:26 EST" name="runScenario" description="Runs Cucumber Scenarios" data-provider="scenarios" finished-at="2025-12-16T09:11:27 EST" duration-ms="1772" status="PASS">
          <params>
            <param index="0">
              <value>
                <![CDATA["Verify that user is able to navigate to Operations in Stack page"]]>
              </value>
            </param>
            <param index="1">
              <value>
                <![CDATA["Stack Module Tests"]]>
              </value>
            </param>
          </params>
          <reporter-output>
          </reporter-output>
        </test-method> <!-- runScenario -->
        <test-method signature="runScenario(io.cucumber.testng.PickleWrapper,io.cucumber.testng.FeatureWrapper)[pri:0, instance:runners.MainRunner@3f1d2e23]" started-at="2025-12-16T09:11:27 EST" name="runScenario" description="Runs Cucumber Scenarios" data-provider="scenarios" finished-at="2025-12-16T09:11:29 EST" duration-ms="1405" status="PASS">
          <params>
            <param index="0">
              <value>
                <![CDATA["Verify that user is able to navigate to "try Editor" page for "Operations in Stack" page"]]>
              </value>
            </param>
            <param index="1">
              <value>
                <![CDATA["Stack Module Tests"]]>
              </value>
            </param>
          </params>
          <reporter-output>
          </reporter-output>
        </test-method> <!-- runScenario -->
        <test-method signature="runScenario(io.cucumber.testng.PickleWrapper,io.cucumber.testng.FeatureWrapper)[pri:0, instance:runners.MainRunner@3f1d2e23]" started-at="2025-12-16T09:11:29 EST" name="runScenario" description="Runs Cucumber Scenarios" data-provider="scenarios" finished-at="2025-12-16T09:11:39 EST" duration-ms="10546" status="PASS">
          <params>
            <param index="0">
              <value>
                <![CDATA["Verify that user receives error when click on Run button without entering code for "Operations in Stack" page"]]>
              </value>
            </param>
            <param index="1">
              <value>
                <![CDATA["Stack Module Tests"]]>
              </value>
            </param>
          </params>
          <reporter-output>
          </reporter-output>
        </test-method> <!-- runScenario -->
        <test-method signature="runScenario(io.cucumber.testng.PickleWrapper,io.cucumber.testng.FeatureWrapper)[pri:0, instance:runners.MainRunner@3f1d2e23]" started-at="2025-12-16T09:11:39 EST" name="runScenario" description="Runs Cucumber Scenarios" data-provider="scenarios" finished-at="2025-12-16T09:11:51 EST" duration-ms="11802" status="PASS">
          <params>
            <param index="0">
              <value>
                <![CDATA["Verify that user receives error for invalid input for "Operations in Stack" page"]]>
              </value>
            </param>
            <param index="1">
              <value>
                <![CDATA["Stack Module Tests"]]>
              </value>
            </param>
          </params>
          <reporter-output>
          </reporter-output>
        </test-method> <!-- runScenario -->
        <test-method signature="runScenario(io.cucumber.testng.PickleWrapper,io.cucumber.testng.FeatureWrapper)[pri:0, instance:runners.MainRunner@3f1d2e23]" started-at="2025-12-16T09:11:51 EST" name="runScenario" description="Runs Cucumber Scenarios" data-provider="scenarios" finished-at="2025-12-16T09:12:13 EST" duration-ms="21687" status="PASS">
          <params>
            <param index="0">
              <value>
                <![CDATA["Verify that user is able to see output for valid code for "Operations in Stack" page"]]>
              </value>
            </param>
            <param index="1">
              <value>
                <![CDATA["Stack Module Tests"]]>
              </value>
            </param>
          </params>
          <reporter-output>
          </reporter-output>
        </test-method> <!-- runScenario -->
        <test-method signature="runScenario(io.cucumber.testng.PickleWrapper,io.cucumber.testng.FeatureWrapper)[pri:0, instance:runners.MainRunner@3f1d2e23]" started-at="2025-12-16T09:12:13 EST" name="runScenario" description="Runs Cucumber Scenarios" data-provider="scenarios" finished-at="2025-12-16T09:12:14 EST" duration-ms="1415" status="PASS">
          <params>
            <param index="0">
              <value>
                <![CDATA["Verify that user is able to navigate to "Practice Questions" Page for "Operations in Stack" page"]]>
              </value>
            </param>
            <param index="1">
              <value>
                <![CDATA["Stack Module Tests"]]>
              </value>
            </param>
          </params>
          <reporter-output>
          </reporter-output>
        </test-method> <!-- runScenario -->
        <test-method signature="runScenario(io.cucumber.testng.PickleWrapper,io.cucumber.testng.FeatureWrapper)[pri:0, instance:runners.MainRunner@3f1d2e23]" started-at="2025-12-16T09:12:14 EST" name="runScenario" description="Runs Cucumber Scenarios" data-provider="scenarios" finished-at="2025-12-16T09:12:16 EST" duration-ms="1249" status="PASS">
          <params>
            <param index="0">
              <value>
                <![CDATA["Verify that user is able to navigate to "Implementation" page"]]>
              </value>
            </param>
            <param index="1">
              <value>
                <![CDATA["Stack Module Tests"]]>
              </value>
            </param>
          </params>
          <reporter-output>
          </reporter-output>
        </test-method> <!-- runScenario -->
        <test-method signature="runScenario(io.cucumber.testng.PickleWrapper,io.cucumber.testng.FeatureWrapper)[pri:0, instance:runners.MainRunner@3f1d2e23]" started-at="2025-12-16T09:12:16 EST" name="runScenario" description="Runs Cucumber Scenarios" data-provider="scenarios" finished-at="2025-12-16T09:12:16 EST" duration-ms="703" status="PASS">
          <params>
            <param index="0">
              <value>
                <![CDATA["Verify that user is able to navigate to "try Editor" page for "Implementation" page"]]>
              </value>
            </param>
            <param index="1">
              <value>
                <![CDATA["Stack Module Tests"]]>
              </value>
            </param>
          </params>
          <reporter-output>
          </reporter-output>
        </test-method> <!-- runScenario -->
        <test-method signature="runScenario(io.cucumber.testng.PickleWrapper,io.cucumber.testng.FeatureWrapper)[pri:0, instance:runners.MainRunner@3f1d2e23]" started-at="2025-12-16T09:12:16 EST" name="runScenario" description="Runs Cucumber Scenarios" data-provider="scenarios" finished-at="2025-12-16T09:12:27 EST" duration-ms="10510" status="PASS">
          <params>
            <param index="0">
              <value>
                <![CDATA["Verify that user receives error when click on Run button without entering code for "Implementation" page"]]>
              </value>
            </param>
            <param index="1">
              <value>
                <![CDATA["Stack Module Tests"]]>
              </value>
            </param>
          </params>
          <reporter-output>
          </reporter-output>
        </test-method> <!-- runScenario -->
        <test-method signature="runScenario(io.cucumber.testng.PickleWrapper,io.cucumber.testng.FeatureWrapper)[pri:0, instance:runners.MainRunner@3f1d2e23]" started-at="2025-12-16T09:12:27 EST" name="runScenario" description="Runs Cucumber Scenarios" data-provider="scenarios" finished-at="2025-12-16T09:12:38 EST" duration-ms="11407" status="PASS">
          <params>
            <param index="0">
              <value>
                <![CDATA["Verify that user receives error for invalid input for "Implementation" page"]]>
              </value>
            </param>
            <param index="1">
              <value>
                <![CDATA["Stack Module Tests"]]>
              </value>
            </param>
          </params>
          <reporter-output>
          </reporter-output>
        </test-method> <!-- runScenario -->
        <test-method signature="runScenario(io.cucumber.testng.PickleWrapper,io.cucumber.testng.FeatureWrapper)[pri:0, instance:runners.MainRunner@3f1d2e23]" started-at="2025-12-16T09:12:38 EST" name="runScenario" description="Runs Cucumber Scenarios" data-provider="scenarios" finished-at="2025-12-16T09:13:00 EST" duration-ms="21776" status="PASS">
          <params>
            <param index="0">
              <value>
                <![CDATA["Verify that user is able to see output for valid code for "Implementation" page"]]>
              </value>
            </param>
            <param index="1">
              <value>
                <![CDATA["Stack Module Tests"]]>
              </value>
            </param>
          </params>
          <reporter-output>
          </reporter-output>
        </test-method> <!-- runScenario -->
        <test-method signature="runScenario(io.cucumber.testng.PickleWrapper,io.cucumber.testng.FeatureWrapper)[pri:0, instance:runners.MainRunner@3f1d2e23]" started-at="2025-12-16T09:13:00 EST" name="runScenario" description="Runs Cucumber Scenarios" data-provider="scenarios" finished-at="2025-12-16T09:13:01 EST" duration-ms="1400" status="PASS">
          <params>
            <param index="0">
              <value>
                <![CDATA["Verify that user is able to navigate to "Practice Questions" Page for "Implementation" page"]]>
              </value>
            </param>
            <param index="1">
              <value>
                <![CDATA["Stack Module Tests"]]>
              </value>
            </param>
          </params>
          <reporter-output>
          </reporter-output>
        </test-method> <!-- runScenario -->
        <test-method signature="runScenario(io.cucumber.testng.PickleWrapper,io.cucumber.testng.FeatureWrapper)[pri:0, instance:runners.MainRunner@3f1d2e23]" started-at="2025-12-16T09:13:01 EST" name="runScenario" description="Runs Cucumber Scenarios" data-provider="scenarios" finished-at="2025-12-16T09:13:03 EST" duration-ms="1653" status="PASS">
          <params>
            <param index="0">
              <value>
                <![CDATA["Verify that user is able to navigate to "Applications" page"]]>
              </value>
            </param>
            <param index="1">
              <value>
                <![CDATA["Stack Module Tests"]]>
              </value>
            </param>
          </params>
          <reporter-output>
          </reporter-output>
        </test-method> <!-- runScenario -->
        <test-method signature="runScenario(io.cucumber.testng.PickleWrapper,io.cucumber.testng.FeatureWrapper)[pri:0, instance:runners.MainRunner@3f1d2e23]" started-at="2025-12-16T09:13:03 EST" name="runScenario" description="Runs Cucumber Scenarios" data-provider="scenarios" finished-at="2025-12-16T09:13:04 EST" duration-ms="695" status="PASS">
          <params>
            <param index="0">
              <value>
                <![CDATA["Verify that user is able to navigate to "try Editor" page for "Applications" page"]]>
              </value>
            </param>
            <param index="1">
              <value>
                <![CDATA["Stack Module Tests"]]>
              </value>
            </param>
          </params>
          <reporter-output>
          </reporter-output>
        </test-method> <!-- runScenario -->
        <test-method signature="runScenario(io.cucumber.testng.PickleWrapper,io.cucumber.testng.FeatureWrapper)[pri:0, instance:runners.MainRunner@3f1d2e23]" started-at="2025-12-16T09:13:04 EST" name="runScenario" description="Runs Cucumber Scenarios" data-provider="scenarios" finished-at="2025-12-16T09:13:14 EST" duration-ms="10512" status="PASS">
          <params>
            <param index="0">
              <value>
                <![CDATA["Verify that user receives error when click on Run button without entering code for "Applications" page"]]>
              </value>
            </param>
            <param index="1">
              <value>
                <![CDATA["Stack Module Tests"]]>
              </value>
            </param>
          </params>
          <reporter-output>
          </reporter-output>
        </test-method> <!-- runScenario -->
        <test-method signature="runScenario(io.cucumber.testng.PickleWrapper,io.cucumber.testng.FeatureWrapper)[pri:0, instance:runners.MainRunner@3f1d2e23]" started-at="2025-12-16T09:13:14 EST" name="runScenario" description="Runs Cucumber Scenarios" data-provider="scenarios" finished-at="2025-12-16T09:13:26 EST" duration-ms="11373" status="PASS">
          <params>
            <param index="0">
              <value>
                <![CDATA["Verify that user receives error when click on Run button entering invalid code for "Applications" page"]]>
              </value>
            </param>
            <param index="1">
              <value>
                <![CDATA["Stack Module Tests"]]>
              </value>
            </param>
          </params>
          <reporter-output>
          </reporter-output>
        </test-method> <!-- runScenario -->
        <test-method signature="runScenario(io.cucumber.testng.PickleWrapper,io.cucumber.testng.FeatureWrapper)[pri:0, instance:runners.MainRunner@3f1d2e23]" started-at="2025-12-16T09:13:26 EST" name="runScenario" description="Runs Cucumber Scenarios" data-provider="scenarios" finished-at="2025-12-16T09:13:47 EST" duration-ms="21774" status="PASS">
          <params>
            <param index="0">
              <value>
                <![CDATA["Verify that user is able to see output for valid code for "Applications" page"]]>
              </value>
            </param>
            <param index="1">
              <value>
                <![CDATA["Stack Module Tests"]]>
              </value>
            </param>
          </params>
          <reporter-output>
          </reporter-output>
        </test-method> <!-- runScenario -->
        <test-method signature="runScenario(io.cucumber.testng.PickleWrapper,io.cucumber.testng.FeatureWrapper)[pri:0, instance:runners.MainRunner@3f1d2e23]" started-at="2025-12-16T09:13:47 EST" name="runScenario" description="Runs Cucumber Scenarios" data-provider="scenarios" finished-at="2025-12-16T09:13:49 EST" duration-ms="1449" status="PASS">
          <params>
            <param index="0">
              <value>
                <![CDATA["Verify that user is able to navigate to "Practice Questions" Page for "Applications" page"]]>
              </value>
            </param>
            <param index="1">
              <value>
                <![CDATA["Stack Module Tests"]]>
              </value>
            </param>
          </params>
          <reporter-output>
          </reporter-output>
        </test-method> <!-- runScenario -->
        <test-method signature="runScenario(io.cucumber.testng.PickleWrapper,io.cucumber.testng.FeatureWrapper)[pri:0, instance:runners.MainRunner@3f1d2e23]" started-at="2025-12-16T09:13:49 EST" name="runScenario" description="Runs Cucumber Scenarios" data-provider="scenarios" finished-at="2025-12-16T09:14:00 EST" duration-ms="11359" status="PASS">
          <params>
            <param index="0">
              <value>
                <![CDATA["Stack module tryEditor test data using Excel data"]]>
              </value>
            </param>
            <param index="1">
              <value>
                <![CDATA["Stack Module Tests"]]>
              </value>
            </param>
          </params>
          <reporter-output>
          </reporter-output>
        </test-method> <!-- runScenario -->
        <test-method signature="runScenario(io.cucumber.testng.PickleWrapper,io.cucumber.testng.FeatureWrapper)[pri:0, instance:runners.MainRunner@3f1d2e23]" started-at="2025-12-16T09:14:00 EST" name="runScenario" description="Runs Cucumber Scenarios" data-provider="scenarios" finished-at="2025-12-16T09:14:12 EST" duration-ms="11342" status="PASS">
          <params>
            <param index="0">
              <value>
                <![CDATA["Stack module tryEditor test data using Excel data"]]>
              </value>
            </param>
            <param index="1">
              <value>
                <![CDATA["Stack Module Tests"]]>
              </value>
            </param>
          </params>
          <reporter-output>
          </reporter-output>
        </test-method> <!-- runScenario -->
        <test-method signature="runScenario(io.cucumber.testng.PickleWrapper,io.cucumber.testng.FeatureWrapper)[pri:0, instance:runners.MainRunner@3f1d2e23]" started-at="2025-12-16T09:14:12 EST" name="runScenario" description="Runs Cucumber Scenarios" data-provider="scenarios" finished-at="2025-12-16T09:14:28 EST" duration-ms="16611" status="FAIL">
          <params>
            <param index="0">
              <value>
                <![CDATA["Navigate to Login page"]]>
              </value>
            </param>
            <param index="1">
              <value>
                <![CDATA["Login to DS Algo Portal"]]>
              </value>
            </param>
          </params>
          <exception class="org.openqa.selenium.TimeoutException">
            <message>
              <![CDATA[Expected condition failed: waiting for element to be clickable: Proxy element for: DefaultElementLocator 'By.xpath: //input[@value='Login']' (tried for 10 second(s) with 500 milliseconds interval)]]>
            </message>
            <full-stacktrace>
              <![CDATA[org.openqa.selenium.TimeoutException: Expected condition failed: waiting for element to be clickable: Proxy element for: DefaultElementLocator 'By.xpath: //input[@value='Login']' (tried for 10 second(s) with 500 milliseconds interval)
at org.openqa.selenium.support.ui.WebDriverWait.timeoutException(WebDriverWait.java:84)
at org.openqa.selenium.support.ui.FluentWait.until(FluentWait.java:228)
at pageObjects.LoginPage.clickLoginButton(LoginPage.java:59)
at stepDefinitions.LoginSteps.the_user_clicks_the_login_button(LoginSteps.java:40)
at ✽.the user clicks the login button(file:///C:/Users/anand/OneDrive/Documents/Ambiga/updatedFramework/DSALGO226BddFramework/src/test/resources/features/login.feature:8)
Caused by: org.openqa.selenium.NoSuchElementException: no such element: Unable to locate element: {"method":"xpath","selector":"//input[@value='Login']"}
  (Session info: chrome=143.0.7499.41)
For documentation on this error, please visit: https://www.selenium.dev/documentation/webdriver/troubleshooting/errors#nosuchelementexception
Build info: version: '4.37.0', revision: '3c1da1e342'
System info: os.name: 'Windows 11', os.arch: 'amd64', os.version: '10.0', java.version: '21.0.9'
Driver info: org.openqa.selenium.chrome.ChromeDriver
Command: [d811214ef250dfe060ceecb31d8c71d2, findElement {value=//input[@value='Login'], using=xpath}]
Capabilities {acceptInsecureCerts: false, browserName: chrome, browserVersion: 143.0.7499.41, chrome: {chromedriverVersion: 143.0.7499.42 (24bdc8c48a0c..., userDataDir: C:\Users\anand\AppData\Loca...}, fedcm:accounts: true, goog:chromeOptions: {debuggerAddress: localhost:55377}, goog:processID: 12336, networkConnectionEnabled: false, pageLoadStrategy: normal, platformName: windows, proxy: Proxy(), se:cdp: ws://localhost:55377/devtoo..., se:cdpVersion: 143.0.7499.41, setWindowRect: true, strictFileInteractability: false, timeouts: {implicit: 0, pageLoad: 300000, script: 30000}, unhandledPromptBehavior: dismiss and notify, webauthn:extension:credBlob: true, webauthn:extension:largeBlob: true, webauthn:extension:minPinLength: true, webauthn:extension:prf: true, webauthn:virtualAuthenticators: true}
Session ID: d811214ef250dfe060ceecb31d8c71d2
at java.base/jdk.internal.reflect.DirectConstructorHandleAccessor.newInstance(DirectConstructorHandleAccessor.java:62)
at java.base/java.lang.reflect.Constructor.newInstanceWithCaller(Constructor.java:502)
at java.base/java.lang.reflect.Constructor.newInstance(Constructor.java:486)
at org.openqa.selenium.remote.ErrorCodec.decode(ErrorCodec.java:167)
at org.openqa.selenium.remote.codec.w3c.W3CHttpResponseCodec.decode(W3CHttpResponseCodec.java:138)
at org.openqa.selenium.remote.codec.w3c.W3CHttpResponseCodec.decode(W3CHttpResponseCodec.java:50)
at org.openqa.selenium.remote.HttpCommandExecutor.execute(HttpCommandExecutor.java:215)
at org.openqa.selenium.remote.service.DriverCommandExecutor.invokeExecute(DriverCommandExecutor.java:216)
at org.openqa.selenium.remote.service.DriverCommandExecutor.execute(DriverCommandExecutor.java:174)
at org.openqa.selenium.remote.RemoteWebDriver.execute(RemoteWebDriver.java:557)
at org.openqa.selenium.remote.ElementLocation$ElementFinder$2.findElement(ElementLocation.java:165)
at org.openqa.selenium.remote.ElementLocation.findElement(ElementLocation.java:59)
at org.openqa.selenium.remote.RemoteWebDriver.findElement(RemoteWebDriver.java:380)
at org.openqa.selenium.remote.RemoteWebDriver.findElement(RemoteWebDriver.java:374)
at org.openqa.selenium.support.pagefactory.DefaultElementLocator.findElement(DefaultElementLocator.java:68)
at org.openqa.selenium.support.pagefactory.internal.LocatingElementHandler.invoke(LocatingElementHandler.java:38)
at jdk.proxy2/jdk.proxy2.$Proxy34.isDisplayed(Unknown Source)
at org.openqa.selenium.support.ui.ExpectedConditions.elementIfVisible(ExpectedConditions.java:304)
at org.openqa.selenium.support.ui.ExpectedConditions$10.apply(ExpectedConditions.java:290)
at org.openqa.selenium.support.ui.ExpectedConditions$10.apply(ExpectedConditions.java:287)
at org.openqa.selenium.support.ui.ExpectedConditions$23.apply(ExpectedConditions.java:656)
at org.openqa.selenium.support.ui.ExpectedConditions$23.apply(ExpectedConditions.java:652)
at org.openqa.selenium.support.ui.FluentWait.until(FluentWait.java:203)
... 3 more
]]>
            </full-stacktrace>
          </exception> <!-- org.openqa.selenium.TimeoutException -->
          <reporter-output>
          </reporter-output>
        </test-method> <!-- runScenario -->
        <test-method signature="runScenario(io.cucumber.testng.PickleWrapper,io.cucumber.testng.FeatureWrapper)[pri:0, instance:runners.MainRunner@3f1d2e23]" started-at="2025-12-16T09:14:28 EST" name="runScenario" description="Runs Cucumber Scenarios" data-provider="scenarios" finished-at="2025-12-16T09:14:29 EST" duration-ms="914" status="PASS">
          <params>
            <param index="0">
              <value>
                <![CDATA["Login attempts with various credentials"]]>
              </value>
            </param>
            <param index="1">
              <value>
                <![CDATA["Login to DS Algo Portal"]]>
              </value>
            </param>
          </params>
          <reporter-output>
          </reporter-output>
        </test-method> <!-- runScenario -->
        <test-method signature="runScenario(io.cucumber.testng.PickleWrapper,io.cucumber.testng.FeatureWrapper)[pri:0, instance:runners.MainRunner@3f1d2e23]" started-at="2025-12-16T09:14:29 EST" name="runScenario" description="Runs Cucumber Scenarios" data-provider="scenarios" finished-at="2025-12-16T09:14:30 EST" duration-ms="770" status="PASS">
          <params>
            <param index="0">
              <value>
                <![CDATA["Login attempts with various credentials"]]>
              </value>
            </param>
            <param index="1">
              <value>
                <![CDATA["Login to DS Algo Portal"]]>
              </value>
            </param>
          </params>
          <reporter-output>
          </reporter-output>
        </test-method> <!-- runScenario -->
        <test-method signature="runScenario(io.cucumber.testng.PickleWrapper,io.cucumber.testng.FeatureWrapper)[pri:0, instance:runners.MainRunner@3f1d2e23]" started-at="2025-12-16T09:14:30 EST" name="runScenario" description="Runs Cucumber Scenarios" data-provider="scenarios" finished-at="2025-12-16T09:14:31 EST" duration-ms="750" status="PASS">
          <params>
            <param index="0">
              <value>
                <![CDATA["Login attempts with various credentials"]]>
              </value>
            </param>
            <param index="1">
              <value>
                <![CDATA["Login to DS Algo Portal"]]>
              </value>
            </param>
          </params>
          <reporter-output>
          </reporter-output>
        </test-method> <!-- runScenario -->
        <test-method signature="runScenario(io.cucumber.testng.PickleWrapper,io.cucumber.testng.FeatureWrapper)[pri:0, instance:runners.MainRunner@3f1d2e23]" started-at="2025-12-16T09:14:31 EST" name="runScenario" description="Runs Cucumber Scenarios" data-provider="scenarios" finished-at="2025-12-16T09:14:32 EST" duration-ms="1144" status="PASS">
          <params>
            <param index="0">
              <value>
                <![CDATA["Login attempts with various credentials"]]>
              </value>
            </param>
            <param index="1">
              <value>
                <![CDATA["Login to DS Algo Portal"]]>
              </value>
            </param>
          </params>
          <reporter-output>
          </reporter-output>
        </test-method> <!-- runScenario -->
        <test-method signature="runScenario(io.cucumber.testng.PickleWrapper,io.cucumber.testng.FeatureWrapper)[pri:0, instance:runners.MainRunner@3f1d2e23]" started-at="2025-12-16T09:14:32 EST" name="runScenario" description="Runs Cucumber Scenarios" data-provider="scenarios" finished-at="2025-12-16T09:14:33 EST" duration-ms="1134" status="PASS">
          <params>
            <param index="0">
              <value>
                <![CDATA["Login attempts with various credentials"]]>
              </value>
            </param>
            <param index="1">
              <value>
                <![CDATA["Login to DS Algo Portal"]]>
              </value>
            </param>
          </params>
          <reporter-output>
          </reporter-output>
        </test-method> <!-- runScenario -->
        <test-method signature="runScenario(io.cucumber.testng.PickleWrapper,io.cucumber.testng.FeatureWrapper)[pri:0, instance:runners.MainRunner@3f1d2e23]" started-at="2025-12-16T09:14:33 EST" name="runScenario" description="Runs Cucumber Scenarios" data-provider="scenarios" finished-at="2025-12-16T09:14:35 EST" duration-ms="1395" status="PASS">
          <params>
            <param index="0">
              <value>
                <![CDATA["Login attempts with various credentials"]]>
              </value>
            </param>
            <param index="1">
              <value>
                <![CDATA["Login to DS Algo Portal"]]>
              </value>
            </param>
          </params>
          <reporter-output>
          </reporter-output>
        </test-method> <!-- runScenario -->
        <test-method signature="runScenario(io.cucumber.testng.PickleWrapper,io.cucumber.testng.FeatureWrapper)[pri:0, instance:runners.MainRunner@3f1d2e23]" started-at="2025-12-16T09:14:35 EST" name="runScenario" description="Runs Cucumber Scenarios" data-provider="scenarios" finished-at="2025-12-16T09:14:36 EST" duration-ms="1193" status="PASS">
          <params>
            <param index="0">
              <value>
                <![CDATA["Login test using Excel data"]]>
              </value>
            </param>
            <param index="1">
              <value>
                <![CDATA["Login to DS Algo Portal"]]>
              </value>
            </param>
          </params>
          <reporter-output>
          </reporter-output>
        </test-method> <!-- runScenario -->
        <test-method signature="runScenario(io.cucumber.testng.PickleWrapper,io.cucumber.testng.FeatureWrapper)[pri:0, instance:runners.MainRunner@3f1d2e23]" started-at="2025-12-16T09:14:36 EST" name="runScenario" description="Runs Cucumber Scenarios" data-provider="scenarios" finished-at="2025-12-16T09:14:37 EST" duration-ms="1262" status="PASS">
          <params>
            <param index="0">
              <value>
                <![CDATA["Login test using Excel data"]]>
              </value>
            </param>
            <param index="1">
              <value>
                <![CDATA["Login to DS Algo Portal"]]>
              </value>
            </param>
          </params>
          <reporter-output>
          </reporter-output>
        </test-method> <!-- runScenario -->
        <test-method is-config="true" signature="tearDownClass()[pri:0, instance:runners.MainRunner@3f1d2e23]" started-at="2025-12-16T09:14:37 EST" name="tearDownClass" finished-at="2025-12-16T09:14:37 EST" duration-ms="199" status="PASS">
          <reporter-output>
          </reporter-output>
        </test-method> <!-- tearDownClass -->
      </class> <!-- runners.MainRunner -->
    </test> <!-- Default test -->
  </suite> <!-- Default suite -->
</testng-results>
