<?xml version="1.0" encoding="UTF-8"?>
<!-- Generated by org.testng.reporters.JUnitReportReporter -->
<testsuite hostname="AnandBabu" failures="0" tests="21" name="runners.MainRunner" time="172.319" errors="0" timestamp="2025-12-14T13:18:37 EST" skipped="0">
  <testcase classname="runners.MainRunner" name="runScenario" time="21.761"/>
  <testcase classname="runners.MainRunner" name="runScenario" time="10.553"/>
  <testcase classname="runners.MainRunner" name="runScenario" time="3.325"/>
  <testcase classname="runners.MainRunner" name="runScenario" time="1.124"/>
  <testcase classname="runners.MainRunner" name="runScenario" time="11.314"/>
  <testcase classname="runners.MainRunner" name="runScenario" time="11.083"/>
  <testcase classname="runners.MainRunner" name="runScenario" time="21.522"/>
  <testcase classname="runners.MainRunner" name="runScenario" time="0.868"/>
  <testcase classname="runners.MainRunner" name="runScenario" time="1.431"/>
  <testcase classname="runners.MainRunner" name="runScenario" time="4.634"/>
  <testcase classname="runners.MainRunner" name="runScenario" time="10.459"/>
  <testcase classname="runners.MainRunner" name="runScenario" time="11.579"/>
  <testcase classname="runners.MainRunner" name="runScenario" time="0.864"/>
  <testcase classname="runners.MainRunner" name="runScenario" time="0.419"/>
  <testcase classname="runners.MainRunner" name="runScenario" time="11.330"/>
  <testcase classname="runners.MainRunner" name="runScenario" time="3.898"/>
  <testcase classname="runners.MainRunner" name="runScenario" time="11.298"/>
  <testcase classname="runners.MainRunner" name="runScenario" time="1.963"/>
  <testcase classname="runners.MainRunner" name="runScenario" time="21.471"/>
  <testcase classname="runners.MainRunner" name="runScenario" time="0.917"/>
  <testcase classname="runners.MainRunner" name="runScenario" time="10.506"/>
</testsuite> <!-- runners.MainRunner -->
