<?xml version="1.0" encoding="UTF-8"?>
<!-- Generated by org.testng.reporters.JUnitReportReporter -->
<testsuite hostname="DESKTOP-8N7HBF0" failures="0" tests="69" name="runners.MainRunner" time="234.619" errors="3" timestamp="2025-12-16T14:16:51 EST" skipped="0">
  <testcase classname="runners.MainRunner" name="runScenario" time="3.525"/>
  <testcase classname="runners.MainRunner" name="runScenario" time="1.793"/>
  <testcase classname="runners.MainRunner" name="runScenario" time="2.795"/>
  <testcase classname="runners.MainRunner" name="runScenario" time="0.778"/>
  <testcase classname="runners.MainRunner" name="runScenario" time="2.103"/>
  <testcase classname="runners.MainRunner" name="runScenario" time="2.599"/>
  <testcase classname="runners.MainRunner" name="runScenario" time="0.106"/>
  <testcase classname="runners.MainRunner" name="runScenario" time="0.337"/>
  <testcase classname="runners.MainRunner" name="runScenario" time="0.495"/>
  <testcase classname="runners.MainRunner" name="runScenario" time="0.691"/>
  <testcase classname="runners.MainRunner" name="runScenario" time="0.289"/>
  <testcase classname="runners.MainRunner" name="runScenario" time="0.816"/>
  <testcase classname="runners.MainRunner" name="runScenario" time="0.937"/>
  <testcase classname="runners.MainRunner" name="runScenario" time="1.345"/>
  <testcase classname="runners.MainRunner" name="runScenario" time="1.911">
    <error message="no such alert
  (Session info: chrome=143.0.7499.110)
Build info: version: &#039;4.37.0&#039;, revision: &#039;3c1da1e342&#039;
System info: os.name: &#039;Windows 11&#039;, os.arch: &#039;amd64&#039;, os.version: &#039;10.0&#039;, java.version: &#039;17.0.16&#039;
Driver info: org.openqa.selenium.chrome.ChromeDriver
Command: [cd84be28c9f89b8884b5b8d4eb1314ea, getAlertText {}]
Capabilities {acceptInsecureCerts: false, browserName: chrome, browserVersion: 143.0.7499.110, chrome: {chromedriverVersion: 143.0.7499.42 (24bdc8c48a0c..., userDataDir: C:\Users\HAPPYF~1\AppData\L...}, fedcm:accounts: true, goog:chromeOptions: {debuggerAddress: localhost:61334}, goog:processID: 19004, networkConnectionEnabled: false, pageLoadStrategy: normal, platformName: windows, proxy: Proxy(), se:cdp: ws://localhost:61334/devtoo..., se:cdpVersion: 143.0.7499.110, setWindowRect: true, strictFileInteractability: false, timeouts: {implicit: 0, pageLoad: 300000, script: 30000}, unhandledPromptBehavior: dismiss and notify, webauthn:extension:credBlob: true, webauthn:extension:largeBlob: true, webauthn:extension:minPinLength: true, webauthn:extension:prf: true, webauthn:virtualAuthenticators: true}
Session ID: cd84be28c9f89b8884b5b8d4eb1314ea" type="org.openqa.selenium.NoAlertPresentException">
      <![CDATA[org.openqa.selenium.NoAlertPresentException: no such alert
  (Session info: chrome=143.0.7499.110)
Build info: version: '4.37.0', revision: '3c1da1e342'
System info: os.name: 'Windows 11', os.arch: 'amd64', os.version: '10.0', java.version: '17.0.16'
Driver info: org.openqa.selenium.chrome.ChromeDriver
Command: [cd84be28c9f89b8884b5b8d4eb1314ea, getAlertText {}]
Capabilities {acceptInsecureCerts: false, browserName: chrome, browserVersion: 143.0.7499.110, chrome: {chromedriverVersion: 143.0.7499.42 (24bdc8c48a0c..., userDataDir: C:\Users\HAPPYF~1\AppData\L...}, fedcm:accounts: true, goog:chromeOptions: {debuggerAddress: localhost:61334}, goog:processID: 19004, networkConnectionEnabled: false, pageLoadStrategy: normal, platformName: windows, proxy: Proxy(), se:cdp: ws://localhost:61334/devtoo..., se:cdpVersion: 143.0.7499.110, setWindowRect: true, strictFileInteractability: false, timeouts: {implicit: 0, pageLoad: 300000, script: 30000}, unhandledPromptBehavior: dismiss and notify, webauthn:extension:credBlob: true, webauthn:extension:largeBlob: true, webauthn:extension:minPinLength: true, webauthn:extension:prf: true, webauthn:virtualAuthenticators: true}
Session ID: cd84be28c9f89b8884b5b8d4eb1314ea
at java.base/jdk.internal.reflect.NativeConstructorAccessorImpl.newInstance0(Native Method)
at java.base/jdk.internal.reflect.NativeConstructorAccessorImpl.newInstance(NativeConstructorAccessorImpl.java:77)
at java.base/jdk.internal.reflect.DelegatingConstructorAccessorImpl.newInstance(DelegatingConstructorAccessorImpl.java:45)
at java.base/java.lang.reflect.Constructor.newInstanceWithCaller(Constructor.java:500)
at java.base/java.lang.reflect.Constructor.newInstance(Constructor.java:481)
at org.openqa.selenium.remote.ErrorCodec.decode(ErrorCodec.java:167)
at org.openqa.selenium.remote.codec.w3c.W3CHttpResponseCodec.decode(W3CHttpResponseCodec.java:138)
at org.openqa.selenium.remote.codec.w3c.W3CHttpResponseCodec.decode(W3CHttpResponseCodec.java:50)
at org.openqa.selenium.remote.HttpCommandExecutor.execute(HttpCommandExecutor.java:215)
at org.openqa.selenium.remote.service.DriverCommandExecutor.invokeExecute(DriverCommandExecutor.java:216)
at org.openqa.selenium.remote.service.DriverCommandExecutor.execute(DriverCommandExecutor.java:174)
at org.openqa.selenium.remote.RemoteWebDriver.execute(RemoteWebDriver.java:557)
at org.openqa.selenium.remote.RemoteWebDriver.execute(RemoteWebDriver.java:634)
at org.openqa.selenium.remote.RemoteWebDriver.execute(RemoteWebDriver.java:638)
at org.openqa.selenium.remote.RemoteWebDriver$RemoteTargetLocator.alert(RemoteWebDriver.java:1197)
at stepDefinitions.ArraysList.the_user_should_see_an_error_message_in_alert_window(ArraysList.java:77)
at ✽.The user should see an error message in alert window(file:///C:/Users/Happy%20Family/eclipse-workspace/DSALGO226BddFramework/src/test/resources/features/ArrayLists.feature:35)
]]>
    </error>
  </testcase> <!-- runScenario -->
  <testcase classname="runners.MainRunner" name="runScenario" time="0.523"/>
  <testcase classname="runners.MainRunner" name="runScenario" time="11.006"/>
  <testcase classname="runners.MainRunner" name="runScenario" time="10.498"/>
  <testcase classname="runners.MainRunner" name="runScenario" time="0.291"/>
  <testcase classname="runners.MainRunner" name="runScenario" time="0.850"/>
  <testcase classname="runners.MainRunner" name="runScenario" time="0.587"/>
  <testcase classname="runners.MainRunner" name="runScenario" time="0.573"/>
  <testcase classname="runners.MainRunner" name="runScenario" time="11.039"/>
  <testcase classname="runners.MainRunner" name="runScenario" time="0.285"/>
  <testcase classname="runners.MainRunner" name="runScenario" time="0.306"/>
  <testcase classname="runners.MainRunner" name="runScenario" time="0.484"/>
  <testcase classname="runners.MainRunner" name="runScenario" time="2.035"/>
  <testcase classname="runners.MainRunner" name="runScenario" time="11.049"/>
  <testcase classname="runners.MainRunner" name="runScenario" time="1.397"/>
  <testcase classname="runners.MainRunner" name="runScenario" time="0.633"/>
  <testcase classname="runners.MainRunner" name="runScenario" time="0.629"/>
  <testcase classname="runners.MainRunner" name="runScenario" time="5.008"/>
  <testcase classname="runners.MainRunner" name="runScenario" time="5.698"/>
  <testcase classname="runners.MainRunner" name="runScenario" time="1.042"/>
  <testcase classname="runners.MainRunner" name="runScenario" time="11.011"/>
  <testcase classname="runners.MainRunner" name="runScenario" time="0.631"/>
  <testcase classname="runners.MainRunner" name="runScenario" time="0.278"/>
  <testcase classname="runners.MainRunner" name="runScenario" time="21.561"/>
  <testcase classname="runners.MainRunner" name="runScenario" time="0.692"/>
  <testcase classname="runners.MainRunner" name="runScenario" time="0.216"/>
  <testcase classname="runners.MainRunner" name="runScenario" time="10.415"/>
  <testcase classname="runners.MainRunner" name="runScenario" time="0.383"/>
  <testcase classname="runners.MainRunner" name="runScenario" time="16.332">
    <error message="Expected condition failed: waiting for element to be clickable: Proxy element for: DefaultElementLocator &#039;By.xpath: //input[@value=&#039;Login&#039;]&#039; (tried for 10 second(s) with 500 milliseconds interval)" type="org.openqa.selenium.TimeoutException">
      <![CDATA[org.openqa.selenium.TimeoutException: Expected condition failed: waiting for element to be clickable: Proxy element for: DefaultElementLocator 'By.xpath: //input[@value='Login']' (tried for 10 second(s) with 500 milliseconds interval)
at org.openqa.selenium.support.ui.WebDriverWait.timeoutException(WebDriverWait.java:84)
at org.openqa.selenium.support.ui.FluentWait.until(FluentWait.java:228)
at pageObjects.LoginPage.clickLoginButton(LoginPage.java:59)
at stepDefinitions.LoginSteps.the_user_clicks_the_login_button(LoginSteps.java:40)
at ✽.the user clicks the login button(file:///C:/Users/Happy%20Family/eclipse-workspace/DSALGO226BddFramework/src/test/resources/features/login.feature:8)
Caused by: org.openqa.selenium.NoSuchElementException: no such element: Unable to locate element: {"method":"xpath","selector":"//input[@value='Login']"}
  (Session info: chrome=143.0.7499.110)
For documentation on this error, please visit: https://www.selenium.dev/documentation/webdriver/troubleshooting/errors#nosuchelementexception
Build info: version: '4.37.0', revision: '3c1da1e342'
System info: os.name: 'Windows 11', os.arch: 'amd64', os.version: '10.0', java.version: '17.0.16'
Driver info: org.openqa.selenium.chrome.ChromeDriver
Command: [cd84be28c9f89b8884b5b8d4eb1314ea, findElement {value=//input[@value='Login'], using=xpath}]
Capabilities {acceptInsecureCerts: false, browserName: chrome, browserVersion: 143.0.7499.110, chrome: {chromedriverVersion: 143.0.7499.42 (24bdc8c48a0c..., userDataDir: C:\Users\HAPPYF~1\AppData\L...}, fedcm:accounts: true, goog:chromeOptions: {debuggerAddress: localhost:61334}, goog:processID: 19004, networkConnectionEnabled: false, pageLoadStrategy: normal, platformName: windows, proxy: Proxy(), se:cdp: ws://localhost:61334/devtoo..., se:cdpVersion: 143.0.7499.110, setWindowRect: true, strictFileInteractability: false, timeouts: {implicit: 0, pageLoad: 300000, script: 30000}, unhandledPromptBehavior: dismiss and notify, webauthn:extension:credBlob: true, webauthn:extension:largeBlob: true, webauthn:extension:minPinLength: true, webauthn:extension:prf: true, webauthn:virtualAuthenticators: true}
Session ID: cd84be28c9f89b8884b5b8d4eb1314ea
at java.base/jdk.internal.reflect.NativeConstructorAccessorImpl.newInstance0(Native Method)
at java.base/jdk.internal.reflect.NativeConstructorAccessorImpl.newInstance(NativeConstructorAccessorImpl.java:77)
at java.base/jdk.internal.reflect.DelegatingConstructorAccessorImpl.newInstance(DelegatingConstructorAccessorImpl.java:45)
at java.base/java.lang.reflect.Constructor.newInstanceWithCaller(Constructor.java:500)
at java.base/java.lang.reflect.Constructor.newInstance(Constructor.java:481)
at org.openqa.selenium.remote.ErrorCodec.decode(ErrorCodec.java:167)
at org.openqa.selenium.remote.codec.w3c.W3CHttpResponseCodec.decode(W3CHttpResponseCodec.java:138)
at org.openqa.selenium.remote.codec.w3c.W3CHttpResponseCodec.decode(W3CHttpResponseCodec.java:50)
at org.openqa.selenium.remote.HttpCommandExecutor.execute(HttpCommandExecutor.java:215)
at org.openqa.selenium.remote.service.DriverCommandExecutor.invokeExecute(DriverCommandExecutor.java:216)
at org.openqa.selenium.remote.service.DriverCommandExecutor.execute(DriverCommandExecutor.java:174)
at org.openqa.selenium.remote.RemoteWebDriver.execute(RemoteWebDriver.java:557)
at org.openqa.selenium.remote.ElementLocation$ElementFinder$2.findElement(ElementLocation.java:165)
at org.openqa.selenium.remote.ElementLocation.findElement(ElementLocation.java:59)
at org.openqa.selenium.remote.RemoteWebDriver.findElement(RemoteWebDriver.java:380)
at org.openqa.selenium.remote.RemoteWebDriver.findElement(RemoteWebDriver.java:374)
at org.openqa.selenium.support.pagefactory.DefaultElementLocator.findElement(DefaultElementLocator.java:68)
at org.openqa.selenium.support.pagefactory.internal.LocatingElementHandler.invoke(LocatingElementHandler.java:38)
at jdk.proxy2/jdk.proxy2.$Proxy34.isDisplayed(Unknown Source)
at org.openqa.selenium.support.ui.ExpectedConditions.elementIfVisible(ExpectedConditions.java:304)
at org.openqa.selenium.support.ui.ExpectedConditions$10.apply(ExpectedConditions.java:290)
at org.openqa.selenium.support.ui.ExpectedConditions$10.apply(ExpectedConditions.java:287)
at org.openqa.selenium.support.ui.ExpectedConditions$23.apply(ExpectedConditions.java:656)
at org.openqa.selenium.support.ui.ExpectedConditions$23.apply(ExpectedConditions.java:652)
at org.openqa.selenium.support.ui.FluentWait.until(FluentWait.java:203)
... 3 more
]]>
    </error>
  </testcase> <!-- runScenario -->
  <testcase classname="runners.MainRunner" name="runScenario" time="10.439"/>
  <testcase classname="runners.MainRunner" name="runScenario" time="0.295"/>
  <testcase classname="runners.MainRunner" name="runScenario" time="0.460"/>
  <testcase classname="runners.MainRunner" name="runScenario" time="0.353"/>
  <testcase classname="runners.MainRunner" name="runScenario" time="21.480"/>
  <testcase classname="runners.MainRunner" name="runScenario" time="0.456"/>
  <testcase classname="runners.MainRunner" name="runScenario" time="0.693"/>
  <testcase classname="runners.MainRunner" name="runScenario" time="0.429"/>
  <testcase classname="runners.MainRunner" name="runScenario" time="1.845"/>
  <testcase classname="runners.MainRunner" name="runScenario" time="11.128"/>
  <testcase classname="runners.MainRunner" name="runScenario" time="0.336"/>
  <testcase classname="runners.MainRunner" name="runScenario" time="1.264"/>
  <testcase classname="runners.MainRunner" name="runScenario" time="0.814"/>
  <testcase classname="runners.MainRunner" name="runScenario" time="0.424"/>
  <testcase classname="runners.MainRunner" name="runScenario" time="2.848"/>
  <testcase classname="runners.MainRunner" name="runScenario" time="2.332"/>
  <testcase classname="runners.MainRunner" name="runScenario" time="0.805"/>
  <testcase classname="runners.MainRunner" name="runScenario" time="0.847"/>
  <testcase classname="runners.MainRunner" name="runScenario" time="21.624"/>
  <testcase classname="runners.MainRunner" name="runScenario" time="5.478">
    <error message="no such element: Unable to locate element: {&quot;method&quot;:&quot;xpath&quot;,&quot;selector&quot;:&quot;//div[contains(text(),&#039;New Account Created&#039;)]&quot;}
  (Session info: chrome=143.0.7499.110)
For documentation on this error, please visit: https://www.selenium.dev/documentation/webdriver/troubleshooting/errors#nosuchelementexception
Build info: version: &#039;4.37.0&#039;, revision: &#039;3c1da1e342&#039;
System info: os.name: &#039;Windows 11&#039;, os.arch: &#039;amd64&#039;, os.version: &#039;10.0&#039;, java.version: &#039;17.0.16&#039;
Driver info: org.openqa.selenium.chrome.ChromeDriver
Command: [cd84be28c9f89b8884b5b8d4eb1314ea, findElement {value=//div[contains(text(),&#039;New Account Created&#039;)], using=xpath}]
Capabilities {acceptInsecureCerts: false, browserName: chrome, browserVersion: 143.0.7499.110, chrome: {chromedriverVersion: 143.0.7499.42 (24bdc8c48a0c..., userDataDir: C:\Users\HAPPYF~1\AppData\L...}, fedcm:accounts: true, goog:chromeOptions: {debuggerAddress: localhost:61334}, goog:processID: 19004, networkConnectionEnabled: false, pageLoadStrategy: normal, platformName: windows, proxy: Proxy(), se:cdp: ws://localhost:61334/devtoo..., se:cdpVersion: 143.0.7499.110, setWindowRect: true, strictFileInteractability: false, timeouts: {implicit: 0, pageLoad: 300000, script: 30000}, unhandledPromptBehavior: dismiss and notify, webauthn:extension:credBlob: true, webauthn:extension:largeBlob: true, webauthn:extension:minPinLength: true, webauthn:extension:prf: true, webauthn:virtualAuthenticators: true}
Session ID: cd84be28c9f89b8884b5b8d4eb1314ea" type="org.openqa.selenium.NoSuchElementException">
      <![CDATA[org.openqa.selenium.NoSuchElementException: no such element: Unable to locate element: {"method":"xpath","selector":"//div[contains(text(),'New Account Created')]"}
  (Session info: chrome=143.0.7499.110)
For documentation on this error, please visit: https://www.selenium.dev/documentation/webdriver/troubleshooting/errors#nosuchelementexception
Build info: version: '4.37.0', revision: '3c1da1e342'
System info: os.name: 'Windows 11', os.arch: 'amd64', os.version: '10.0', java.version: '17.0.16'
Driver info: org.openqa.selenium.chrome.ChromeDriver
Command: [cd84be28c9f89b8884b5b8d4eb1314ea, findElement {value=//div[contains(text(),'New Account Created')], using=xpath}]
Capabilities {acceptInsecureCerts: false, browserName: chrome, browserVersion: 143.0.7499.110, chrome: {chromedriverVersion: 143.0.7499.42 (24bdc8c48a0c..., userDataDir: C:\Users\HAPPYF~1\AppData\L...}, fedcm:accounts: true, goog:chromeOptions: {debuggerAddress: localhost:61334}, goog:processID: 19004, networkConnectionEnabled: false, pageLoadStrategy: normal, platformName: windows, proxy: Proxy(), se:cdp: ws://localhost:61334/devtoo..., se:cdpVersion: 143.0.7499.110, setWindowRect: true, strictFileInteractability: false, timeouts: {implicit: 0, pageLoad: 300000, script: 30000}, unhandledPromptBehavior: dismiss and notify, webauthn:extension:credBlob: true, webauthn:extension:largeBlob: true, webauthn:extension:minPinLength: true, webauthn:extension:prf: true, webauthn:virtualAuthenticators: true}
Session ID: cd84be28c9f89b8884b5b8d4eb1314ea
at java.base/jdk.internal.reflect.NativeConstructorAccessorImpl.newInstance0(Native Method)
at java.base/jdk.internal.reflect.NativeConstructorAccessorImpl.newInstance(NativeConstructorAccessorImpl.java:77)
at java.base/jdk.internal.reflect.DelegatingConstructorAccessorImpl.newInstance(DelegatingConstructorAccessorImpl.java:45)
at java.base/java.lang.reflect.Constructor.newInstanceWithCaller(Constructor.java:500)
at java.base/java.lang.reflect.Constructor.newInstance(Constructor.java:481)
at org.openqa.selenium.remote.ErrorCodec.decode(ErrorCodec.java:167)
at org.openqa.selenium.remote.codec.w3c.W3CHttpResponseCodec.decode(W3CHttpResponseCodec.java:138)
at org.openqa.selenium.remote.codec.w3c.W3CHttpResponseCodec.decode(W3CHttpResponseCodec.java:50)
at org.openqa.selenium.remote.HttpCommandExecutor.execute(HttpCommandExecutor.java:215)
at org.openqa.selenium.remote.service.DriverCommandExecutor.invokeExecute(DriverCommandExecutor.java:216)
at org.openqa.selenium.remote.service.DriverCommandExecutor.execute(DriverCommandExecutor.java:174)
at org.openqa.selenium.remote.RemoteWebDriver.execute(RemoteWebDriver.java:557)
at org.openqa.selenium.remote.ElementLocation$ElementFinder$2.findElement(ElementLocation.java:165)
at org.openqa.selenium.remote.ElementLocation.findElement(ElementLocation.java:59)
at org.openqa.selenium.remote.RemoteWebDriver.findElement(RemoteWebDriver.java:380)
at org.openqa.selenium.remote.RemoteWebDriver.findElement(RemoteWebDriver.java:374)
at org.openqa.selenium.support.pagefactory.DefaultElementLocator.findElement(DefaultElementLocator.java:68)
at org.openqa.selenium.support.pagefactory.internal.LocatingElementHandler.invoke(LocatingElementHandler.java:38)
at jdk.proxy2/jdk.proxy2.$Proxy34.getText(Unknown Source)
at pageObjects.registerPage.print_successfullyRegistered(registerPage.java:164)
at stepDefinitions.registerSteps.the_user_goes_to_ds_algo_home_page_with_the_message(registerSteps.java:213)
at ✽.The user goes to DS Algo Home page with the message "New Account Created. You are logged in as <ID>"(file:///C:/Users/Happy%20Family/eclipse-workspace/DSALGO226BddFramework/src/test/resources/features/Register.feature:64)
]]>
    </error>
  </testcase> <!-- runScenario -->
  <testcase classname="runners.MainRunner" name="runScenario" time="2.039"/>
  <testcase classname="runners.MainRunner" name="runScenario" time="0.755"/>
  <testcase classname="runners.MainRunner" name="runScenario" time="0.409"/>
  <testcase classname="runners.MainRunner" name="runScenario" time="0.380"/>
  <testcase classname="runners.MainRunner" name="runScenario" time="0.373"/>
  <testcase classname="runners.MainRunner" name="runScenario" time="0.341"/>
</testsuite> <!-- runners.MainRunner -->
