<?xml version="1.0" encoding="UTF-8"?>
<!-- Generated by org.testng.reporters.JUnitReportReporter -->
<testsuite hostname="DESKTOP-8N7HBF0" failures="0" tests="69" name="runners.MainRunner" time="550.140" errors="2" timestamp="2026-01-10T13:15:03 EST" skipped="0">
  <testcase classname="runners.MainRunner" name="runScenario" time="3.324"/>
  <testcase classname="runners.MainRunner" name="runScenario" time="4.186"/>
  <testcase classname="runners.MainRunner" name="runScenario" time="3.315"/>
  <testcase classname="runners.MainRunner" name="runScenario" time="3.395"/>
  <testcase classname="runners.MainRunner" name="runScenario" time="5.153"/>
  <testcase classname="runners.MainRunner" name="runScenario" time="3.833"/>
  <testcase classname="runners.MainRunner" name="runScenario" time="7.710"/>
  <testcase classname="runners.MainRunner" name="runScenario" time="4.186"/>
  <testcase classname="runners.MainRunner" name="runScenario" time="3.605"/>
  <testcase classname="runners.MainRunner" name="runScenario" time="6.172"/>
  <testcase classname="runners.MainRunner" name="runScenario" time="3.760"/>
  <testcase classname="runners.MainRunner" name="runScenario" time="3.789"/>
  <testcase classname="runners.MainRunner" name="runScenario" time="4.085"/>
  <testcase classname="runners.MainRunner" name="runScenario" time="9.543"/>
  <testcase classname="runners.MainRunner" name="runScenario" time="18.242"/>
  <testcase classname="runners.MainRunner" name="runScenario" time="5.702"/>
  <testcase classname="runners.MainRunner" name="runScenario" time="7.585">
    <error message="no such element: Unable to locate element: {&quot;method&quot;:&quot;xpath&quot;,&quot;selector&quot;:&quot;//p[text()=&#039;Applications&#039;]&quot;}
  (Session info: chrome=143.0.7499.170)
For documentation on this error, please visit: https://www.selenium.dev/documentation/webdriver/troubleshooting/errors#no-such-element-exception
Build info: version: &#039;4.19.1&#039;, revision: &#039;abe0ee07dc&#039;
System info: os.name: &#039;Windows 11&#039;, os.arch: &#039;amd64&#039;, os.version: &#039;10.0&#039;, java.version: &#039;17.0.16&#039;
Driver info: org.openqa.selenium.chrome.ChromeDriver
Command: [d0a31146d373eec9971e64fadfe719d1, findElement {value=//p[text()=&#039;Applications&#039;], using=xpath}]
Capabilities {acceptInsecureCerts: false, browserName: chrome, browserVersion: 143.0.7499.170, chrome: {chromedriverVersion: 143.0.7499.192 (be2c1f4fd45..., userDataDir: C:\Users\HAPPYF~1\AppData\L...}, fedcm:accounts: true, goog:chromeOptions: {debuggerAddress: localhost:59345}, goog:processID: 28484, networkConnectionEnabled: false, pageLoadStrategy: normal, platformName: windows, proxy: Proxy(), se:cdp: ws://localhost:59345/devtoo..., se:cdpVersion: 143.0.7499.170, setWindowRect: true, strictFileInteractability: false, timeouts: {implicit: 0, pageLoad: 300000, script: 30000}, unhandledPromptBehavior: dismiss and notify, webauthn:extension:credBlob: true, webauthn:extension:largeBlob: true, webauthn:extension:minPinLength: true, webauthn:extension:prf: true, webauthn:virtualAuthenticators: true}
Session ID: d0a31146d373eec9971e64fadfe719d1" type="org.openqa.selenium.NoSuchElementException">
      <![CDATA[org.openqa.selenium.NoSuchElementException: no such element: Unable to locate element: {"method":"xpath","selector":"//p[text()='Applications']"}
  (Session info: chrome=143.0.7499.170)
For documentation on this error, please visit: https://www.selenium.dev/documentation/webdriver/troubleshooting/errors#no-such-element-exception
Build info: version: '4.19.1', revision: 'abe0ee07dc'
System info: os.name: 'Windows 11', os.arch: 'amd64', os.version: '10.0', java.version: '17.0.16'
Driver info: org.openqa.selenium.chrome.ChromeDriver
Command: [d0a31146d373eec9971e64fadfe719d1, findElement {value=//p[text()='Applications'], using=xpath}]
Capabilities {acceptInsecureCerts: false, browserName: chrome, browserVersion: 143.0.7499.170, chrome: {chromedriverVersion: 143.0.7499.192 (be2c1f4fd45..., userDataDir: C:\Users\HAPPYF~1\AppData\L...}, fedcm:accounts: true, goog:chromeOptions: {debuggerAddress: localhost:59345}, goog:processID: 28484, networkConnectionEnabled: false, pageLoadStrategy: normal, platformName: windows, proxy: Proxy(), se:cdp: ws://localhost:59345/devtoo..., se:cdpVersion: 143.0.7499.170, setWindowRect: true, strictFileInteractability: false, timeouts: {implicit: 0, pageLoad: 300000, script: 30000}, unhandledPromptBehavior: dismiss and notify, webauthn:extension:credBlob: true, webauthn:extension:largeBlob: true, webauthn:extension:minPinLength: true, webauthn:extension:prf: true, webauthn:virtualAuthenticators: true}
Session ID: d0a31146d373eec9971e64fadfe719d1
at java.base/jdk.internal.reflect.NativeConstructorAccessorImpl.newInstance0(Native Method)
at java.base/jdk.internal.reflect.NativeConstructorAccessorImpl.newInstance(NativeConstructorAccessorImpl.java:77)
at java.base/jdk.internal.reflect.DelegatingConstructorAccessorImpl.newInstance(DelegatingConstructorAccessorImpl.java:45)
at java.base/java.lang.reflect.Constructor.newInstanceWithCaller(Constructor.java:500)
at java.base/java.lang.reflect.Constructor.newInstance(Constructor.java:481)
at org.openqa.selenium.remote.ErrorCodec.decode(ErrorCodec.java:167)
at org.openqa.selenium.remote.codec.w3c.W3CHttpResponseCodec.decode(W3CHttpResponseCodec.java:138)
at org.openqa.selenium.remote.codec.w3c.W3CHttpResponseCodec.decode(W3CHttpResponseCodec.java:50)
at org.openqa.selenium.remote.HttpCommandExecutor.execute(HttpCommandExecutor.java:190)
at org.openqa.selenium.remote.service.DriverCommandExecutor.invokeExecute(DriverCommandExecutor.java:216)
at org.openqa.selenium.remote.service.DriverCommandExecutor.execute(DriverCommandExecutor.java:174)
at org.openqa.selenium.remote.RemoteWebDriver.execute(RemoteWebDriver.java:518)
at org.openqa.selenium.remote.ElementLocation$ElementFinder$2.findElement(ElementLocation.java:165)
at org.openqa.selenium.remote.ElementLocation.findElement(ElementLocation.java:59)
at org.openqa.selenium.remote.RemoteWebDriver.findElement(RemoteWebDriver.java:355)
at org.openqa.selenium.remote.RemoteWebDriver.findElement(RemoteWebDriver.java:349)
at org.openqa.selenium.support.pagefactory.DefaultElementLocator.findElement(DefaultElementLocator.java:68)
at org.openqa.selenium.support.pagefactory.internal.LocatingElementHandler.invoke(LocatingElementHandler.java:38)
at jdk.proxy2/jdk.proxy2.$Proxy46.isDisplayed(Unknown Source)
at pageObjects.StackPage.isApplicationInStackDisplayed(StackPage.java:101)
at stepDefinitions.StackSteps.the_user_clicks_try_here_button_in_implementation_page(StackSteps.java:162)
at ✽.The user clicks Try Here button in Implementation page(file:///C:/Users/Happy%20Family/eclipse-workspace/DSALGO226BddFramework/src/test/resources/features/Stack.feature:57)
]]>
    </error>
  </testcase> <!-- runScenario -->
  <testcase classname="runners.MainRunner" name="runScenario" time="4.193"/>
  <testcase classname="runners.MainRunner" name="runScenario" time="8.646"/>
  <testcase classname="runners.MainRunner" name="runScenario" time="3.422"/>
  <testcase classname="runners.MainRunner" name="runScenario" time="28.580"/>
  <testcase classname="runners.MainRunner" name="runScenario" time="4.583"/>
  <testcase classname="runners.MainRunner" name="runScenario" time="3.922"/>
  <testcase classname="runners.MainRunner" name="runScenario" time="3.676"/>
  <testcase classname="runners.MainRunner" name="runScenario" time="3.368"/>
  <testcase classname="runners.MainRunner" name="runScenario" time="6.566"/>
  <testcase classname="runners.MainRunner" name="runScenario" time="17.344"/>
  <testcase classname="runners.MainRunner" name="runScenario" time="18.641"/>
  <testcase classname="runners.MainRunner" name="runScenario" time="29.089"/>
  <testcase classname="runners.MainRunner" name="runScenario" time="3.651"/>
  <testcase classname="runners.MainRunner" name="runScenario" time="3.536"/>
  <testcase classname="runners.MainRunner" name="runScenario" time="3.951"/>
  <testcase classname="runners.MainRunner" name="runScenario" time="4.765"/>
  <testcase classname="runners.MainRunner" name="runScenario" time="6.234"/>
  <testcase classname="runners.MainRunner" name="runScenario" time="6.114"/>
  <testcase classname="runners.MainRunner" name="runScenario" time="4.823">
    <error message="The step &#039;The user is logged into DS Algo Portal&#039; is undefined.
You can implement this step using the snippet(s) below:

@Given(&quot;The user is logged into DS Algo Portal&quot;)
public void the_user_is_logged_into_ds_algo_portal() {
    // Write code here that turns the phrase above into concrete actions
    throw new io.cucumber.java.PendingException();
}
" type="io.cucumber.testng.UndefinedStepException">
      <![CDATA[io.cucumber.testng.UndefinedStepException: The step 'The user is logged into DS Algo Portal' is undefined.
You can implement this step using the snippet(s) below:

@Given("The user is logged into DS Algo Portal")
public void the_user_is_logged_into_ds_algo_portal() {
    // Write code here that turns the phrase above into concrete actions
    throw new io.cucumber.java.PendingException();
}

at ✽.The user is logged into DS Algo Portal(file:///C:/Users/Happy%20Family/eclipse-workspace/DSALGO226BddFramework/src/test/resources/features/Stack.feature:43)
]]>
    </error>
  </testcase> <!-- runScenario -->
  <testcase classname="runners.MainRunner" name="runScenario" time="29.462"/>
  <testcase classname="runners.MainRunner" name="runScenario" time="3.321"/>
  <testcase classname="runners.MainRunner" name="runScenario" time="16.592"/>
  <testcase classname="runners.MainRunner" name="runScenario" time="4.297"/>
  <testcase classname="runners.MainRunner" name="runScenario" time="4.768"/>
  <testcase classname="runners.MainRunner" name="runScenario" time="8.658"/>
  <testcase classname="runners.MainRunner" name="runScenario" time="8.801"/>
  <testcase classname="runners.MainRunner" name="runScenario" time="7.283"/>
  <testcase classname="runners.MainRunner" name="runScenario" time="8.180"/>
  <testcase classname="runners.MainRunner" name="runScenario" time="4.053"/>
  <testcase classname="runners.MainRunner" name="runScenario" time="17.027"/>
  <testcase classname="runners.MainRunner" name="runScenario" time="3.866"/>
  <testcase classname="runners.MainRunner" name="runScenario" time="3.423"/>
  <testcase classname="runners.MainRunner" name="runScenario" time="7.268"/>
  <testcase classname="runners.MainRunner" name="runScenario" time="18.168"/>
  <testcase classname="runners.MainRunner" name="runScenario" time="3.502"/>
  <testcase classname="runners.MainRunner" name="runScenario" time="3.601"/>
  <testcase classname="runners.MainRunner" name="runScenario" time="9.976"/>
  <testcase classname="runners.MainRunner" name="runScenario" time="4.742"/>
  <testcase classname="runners.MainRunner" name="runScenario" time="13.764"/>
  <testcase classname="runners.MainRunner" name="runScenario" time="6.591"/>
  <testcase classname="runners.MainRunner" name="runScenario" time="6.200"/>
  <testcase classname="runners.MainRunner" name="runScenario" time="17.834"/>
  <testcase classname="runners.MainRunner" name="runScenario" time="4.139"/>
  <testcase classname="runners.MainRunner" name="runScenario" time="3.671"/>
  <testcase classname="runners.MainRunner" name="runScenario" time="3.508"/>
  <testcase classname="runners.MainRunner" name="runScenario" time="19.995"/>
  <testcase classname="runners.MainRunner" name="runScenario" time="3.848"/>
  <testcase classname="runners.MainRunner" name="runScenario" time="14.860"/>
  <testcase classname="runners.MainRunner" name="runScenario" time="3.529"/>
  <testcase classname="runners.MainRunner" name="runScenario" time="5.137"/>
  <testcase classname="runners.MainRunner" name="runScenario" time="11.907"/>
  <testcase classname="runners.MainRunner" name="runScenario" time="5.480"/>
</testsuite> <!-- runners.MainRunner -->
