<?xml version="1.0" encoding="UTF-8"?>
<!-- Generated by org.testng.reporters.JUnitReportReporter -->
<testsuite hostname="DESKTOP-8N7HBF0" failures="0" tests="18" name="runners.MainRunner" time="106.542" errors="11" timestamp="2025-11-18T10:23:06 EST" skipped="0">
  <testcase classname="runners.MainRunner" name="runScenario" time="7.101"/>
  <testcase classname="runners.MainRunner" name="runScenario" time="3.958">
    <error message="The step &#039;The user clicks the Get Started button&#039; and 3 other step(s) are undefined.
You can implement these steps using the snippet(s) below:

@When(&quot;The user clicks the Get Started button&quot;)
public void the_user_clicks_the_get_started_button() {
    // Write code here that turns the phrase above into concrete actions
    throw new io.cucumber.java.PendingException();
}
@When(&quot;The user should be directed to Linked List Page&quot;)
public void the_user_should_be_directed_to_linked_list_page() {
    // Write code here that turns the phrase above into concrete actions
    throw new io.cucumber.java.PendingException();
}
@When(&quot;The user clicks Introduction link&quot;)
public void the_user_clicks_introduction_link() {
    // Write code here that turns the phrase above into concrete actions
    throw new io.cucumber.java.PendingException();
}
@Then(&quot;The user should be redirected to Introduction page&quot;)
public void the_user_should_be_redirected_to_introduction_page() {
    // Write code here that turns the phrase above into concrete actions
    throw new io.cucumber.java.PendingException();
}
" type="io.cucumber.testng.UndefinedStepException">
      <![CDATA[io.cucumber.testng.UndefinedStepException: The step 'The user clicks the Get Started button' and 3 other step(s) are undefined.
You can implement these steps using the snippet(s) below:

@When("The user clicks the Get Started button")
public void the_user_clicks_the_get_started_button() {
    // Write code here that turns the phrase above into concrete actions
    throw new io.cucumber.java.PendingException();
}
@When("The user should be directed to Linked List Page")
public void the_user_should_be_directed_to_linked_list_page() {
    // Write code here that turns the phrase above into concrete actions
    throw new io.cucumber.java.PendingException();
}
@When("The user clicks Introduction link")
public void the_user_clicks_introduction_link() {
    // Write code here that turns the phrase above into concrete actions
    throw new io.cucumber.java.PendingException();
}
@Then("The user should be redirected to Introduction page")
public void the_user_should_be_redirected_to_introduction_page() {
    // Write code here that turns the phrase above into concrete actions
    throw new io.cucumber.java.PendingException();
}

at ✽.The user clicks the Get Started button(file:///C:/Users/Happy%20Family/eclipse-workspace/DSALGO226BddFramework/src/test/resources/features/LinkedList.feature:13)
]]>
    </error>
  </testcase> <!-- runScenario -->
  <testcase classname="runners.MainRunner" name="runScenario" time="8.235"/>
  <testcase classname="runners.MainRunner" name="runScenario" time="3.156">
    <error message="The step &#039;The user is in the &quot;Linked List&quot; page after Sign in&#039; and 2 other step(s) are undefined.
You can implement these steps using the snippet(s) below:

@Given(&quot;The user is in the {string} page after Sign in&quot;)
public void the_user_is_in_the_page_after_sign_in(String string) {
    // Write code here that turns the phrase above into concrete actions
    throw new io.cucumber.java.PendingException();
}
@When(&quot;The user clicks {string} button&quot;)
public void the_user_clicks_button(String string) {
    // Write code here that turns the phrase above into concrete actions
    throw new io.cucumber.java.PendingException();
}
@Then(&quot;The user should be redirected to {string} page&quot;)
public void the_user_should_be_redirected_to_page(String string) {
    // Write code here that turns the phrase above into concrete actions
    throw new io.cucumber.java.PendingException();
}
" type="io.cucumber.testng.UndefinedStepException">
      <![CDATA[io.cucumber.testng.UndefinedStepException: The step 'The user is in the "Linked List" page after Sign in' and 2 other step(s) are undefined.
You can implement these steps using the snippet(s) below:

@Given("The user is in the {string} page after Sign in")
public void the_user_is_in_the_page_after_sign_in(String string) {
    // Write code here that turns the phrase above into concrete actions
    throw new io.cucumber.java.PendingException();
}
@When("The user clicks {string} button")
public void the_user_clicks_button(String string) {
    // Write code here that turns the phrase above into concrete actions
    throw new io.cucumber.java.PendingException();
}
@Then("The user should be redirected to {string} page")
public void the_user_should_be_redirected_to_page(String string) {
    // Write code here that turns the phrase above into concrete actions
    throw new io.cucumber.java.PendingException();
}

at ✽.The user is in the "Linked List" page after Sign in(file:///C:/Users/Happy%20Family/eclipse-workspace/DSALGO226BddFramework/src/test/resources/features/LinkedList.feature:48)
]]>
    </error>
  </testcase> <!-- runScenario -->
  <testcase classname="runners.MainRunner" name="runScenario" time="7.068">
    <error message="TODO: implement me" type="io.cucumber.java.PendingException">
      <![CDATA[io.cucumber.java.PendingException: TODO: implement me
at stepDefinitions.GraphList.the_user_is_on_the_try_editor_page_for_graph_topic(GraphList.java:70)
at ✽.The user is on the Try Editor page for Graph Topic(file:///C:/Users/Happy%20Family/eclipse-workspace/DSALGO226BddFramework/src/test/resources/features/GraphLists.feature:23)
]]>
    </error>
  </testcase> <!-- runScenario -->
  <testcase classname="runners.MainRunner" name="runScenario" time="5.838"/>
  <testcase classname="runners.MainRunner" name="runScenario" time="6.887"/>
  <testcase classname="runners.MainRunner" name="runScenario" time="9.966"/>
  <testcase classname="runners.MainRunner" name="runScenario" time="3.922">
    <error message="TODO: implement me" type="io.cucumber.java.PendingException">
      <![CDATA[io.cucumber.java.PendingException: TODO: implement me
at stepDefinitions.GraphList.the_user_is_on_the_try_editor_page_for_graph_representations(GraphList.java:119)
at ✽.The user is on the Try Editor page for Graph Representations(file:///C:/Users/Happy%20Family/eclipse-workspace/DSALGO226BddFramework/src/test/resources/features/GraphLists.feature:42)
]]>
    </error>
  </testcase> <!-- runScenario -->
  <testcase classname="runners.MainRunner" name="runScenario" time="7.334"/>
  <testcase classname="runners.MainRunner" name="runScenario" time="4.301">
    <error message="TODO: implement me" type="io.cucumber.java.PendingException">
      <![CDATA[io.cucumber.java.PendingException: TODO: implement me
at stepDefinitions.GraphList.the_user_is_on_the_try_editor_page_for_graph_representations(GraphList.java:119)
at ✽.The user is on the Try Editor page for Graph Representations(file:///C:/Users/Happy%20Family/eclipse-workspace/DSALGO226BddFramework/src/test/resources/features/GraphLists.feature:42)
]]>
    </error>
  </testcase> <!-- runScenario -->
  <testcase classname="runners.MainRunner" name="runScenario" time="7.637"/>
  <testcase classname="runners.MainRunner" name="runScenario" time="7.332">
    <error message="no such alert
  (Session info: chrome=142.0.7444.60)
Build info: version: &#039;4.37.0&#039;, revision: &#039;3c1da1e342&#039;
System info: os.name: &#039;Windows 11&#039;, os.arch: &#039;amd64&#039;, os.version: &#039;10.0&#039;, java.version: &#039;24.0.2&#039;
Driver info: org.openqa.selenium.chrome.ChromeDriver
Command: [4c54a80368ab98630ff7c79e8b35b0a5, getAlertText {}]
Capabilities {acceptInsecureCerts: false, browserName: chrome, browserVersion: 142.0.7444.60, chrome: {chromedriverVersion: 142.0.7444.175 (302067f14a4..., userDataDir: C:\Users\HAPPYF~1\AppData\L...}, fedcm:accounts: true, goog:chromeOptions: {debuggerAddress: localhost:57725}, goog:processID: 37848, networkConnectionEnabled: false, pageLoadStrategy: normal, platformName: windows, proxy: Proxy(), se:cdp: ws://localhost:57725/devtoo..., se:cdpVersion: 142.0.7444.60, setWindowRect: true, strictFileInteractability: false, timeouts: {implicit: 0, pageLoad: 300000, script: 30000}, unhandledPromptBehavior: dismiss and notify, webauthn:extension:credBlob: true, webauthn:extension:largeBlob: true, webauthn:extension:minPinLength: true, webauthn:extension:prf: true, webauthn:virtualAuthenticators: true}
Session ID: 4c54a80368ab98630ff7c79e8b35b0a5" type="org.openqa.selenium.NoAlertPresentException">
      <![CDATA[org.openqa.selenium.NoAlertPresentException: no such alert
  (Session info: chrome=142.0.7444.60)
Build info: version: '4.37.0', revision: '3c1da1e342'
System info: os.name: 'Windows 11', os.arch: 'amd64', os.version: '10.0', java.version: '24.0.2'
Driver info: org.openqa.selenium.chrome.ChromeDriver
Command: [4c54a80368ab98630ff7c79e8b35b0a5, getAlertText {}]
Capabilities {acceptInsecureCerts: false, browserName: chrome, browserVersion: 142.0.7444.60, chrome: {chromedriverVersion: 142.0.7444.175 (302067f14a4..., userDataDir: C:\Users\HAPPYF~1\AppData\L...}, fedcm:accounts: true, goog:chromeOptions: {debuggerAddress: localhost:57725}, goog:processID: 37848, networkConnectionEnabled: false, pageLoadStrategy: normal, platformName: windows, proxy: Proxy(), se:cdp: ws://localhost:57725/devtoo..., se:cdpVersion: 142.0.7444.60, setWindowRect: true, strictFileInteractability: false, timeouts: {implicit: 0, pageLoad: 300000, script: 30000}, unhandledPromptBehavior: dismiss and notify, webauthn:extension:credBlob: true, webauthn:extension:largeBlob: true, webauthn:extension:minPinLength: true, webauthn:extension:prf: true, webauthn:virtualAuthenticators: true}
Session ID: 4c54a80368ab98630ff7c79e8b35b0a5
at java.base/jdk.internal.reflect.DirectConstructorHandleAccessor.newInstance(DirectConstructorHandleAccessor.java:62)
at java.base/java.lang.reflect.Constructor.newInstanceWithCaller(Constructor.java:499)
at java.base/java.lang.reflect.Constructor.newInstance(Constructor.java:483)
at org.openqa.selenium.remote.ErrorCodec.decode(ErrorCodec.java:167)
at org.openqa.selenium.remote.codec.w3c.W3CHttpResponseCodec.decode(W3CHttpResponseCodec.java:138)
at org.openqa.selenium.remote.codec.w3c.W3CHttpResponseCodec.decode(W3CHttpResponseCodec.java:50)
at org.openqa.selenium.remote.HttpCommandExecutor.execute(HttpCommandExecutor.java:215)
at org.openqa.selenium.remote.service.DriverCommandExecutor.invokeExecute(DriverCommandExecutor.java:216)
at org.openqa.selenium.remote.service.DriverCommandExecutor.execute(DriverCommandExecutor.java:174)
at org.openqa.selenium.remote.RemoteWebDriver.execute(RemoteWebDriver.java:557)
at org.openqa.selenium.remote.RemoteWebDriver.execute(RemoteWebDriver.java:634)
at org.openqa.selenium.remote.RemoteWebDriver.execute(RemoteWebDriver.java:638)
at org.openqa.selenium.remote.RemoteWebDriver$RemoteTargetLocator.alert(RemoteWebDriver.java:1197)
at stepDefinitions.ArrayList.the_user_should_see_an_error_message_in_alert_window(ArrayList.java:69)
at ✽.The user should see an error message in alert window(file:///C:/Users/Happy%20Family/eclipse-workspace/DSALGO226BddFramework/src/test/resources/features/ArrayLists.feature:35)
]]>
    </error>
  </testcase> <!-- runScenario -->
  <testcase classname="runners.MainRunner" name="runScenario" time="4.332">
    <error message="The step &#039;The user clicks the Get Started button&#039; and 1 other step(s) are undefined.
You can implement these steps using the snippet(s) below:

@When(&quot;The user clicks the Get Started button&quot;)
public void the_user_clicks_the_get_started_button() {
    // Write code here that turns the phrase above into concrete actions
    throw new io.cucumber.java.PendingException();
}
@Then(&quot;The user should be directed to Linked List Page&quot;)
public void the_user_should_be_directed_to_linked_list_page() {
    // Write code here that turns the phrase above into concrete actions
    throw new io.cucumber.java.PendingException();
}
" type="io.cucumber.testng.UndefinedStepException">
      <![CDATA[io.cucumber.testng.UndefinedStepException: The step 'The user clicks the Get Started button' and 1 other step(s) are undefined.
You can implement these steps using the snippet(s) below:

@When("The user clicks the Get Started button")
public void the_user_clicks_the_get_started_button() {
    // Write code here that turns the phrase above into concrete actions
    throw new io.cucumber.java.PendingException();
}
@Then("The user should be directed to Linked List Page")
public void the_user_should_be_directed_to_linked_list_page() {
    // Write code here that turns the phrase above into concrete actions
    throw new io.cucumber.java.PendingException();
}

at ✽.The user clicks the Get Started button(file:///C:/Users/Happy%20Family/eclipse-workspace/DSALGO226BddFramework/src/test/resources/features/LinkedList.feature:8)
]]>
    </error>
  </testcase> <!-- runScenario -->
  <testcase classname="runners.MainRunner" name="runScenario" time="4.080">
    <error message="The step &#039;the user is on the Home page after signing in&#039; and 5 other step(s) are undefined.
You can implement these steps using the snippet(s) below:

@Given(&quot;the user is on the Home page after signing in&quot;)
public void the_user_is_on_the_home_page_after_signing_in() {
    // Write code here that turns the phrase above into concrete actions
    throw new io.cucumber.java.PendingException();
}
@When(&quot;the user clicks the Get Started button&quot;)
public void the_user_clicks_the_get_started_button() {
    // Write code here that turns the phrase above into concrete actions
    throw new io.cucumber.java.PendingException();
}
@Then(&quot;the user should be navigated to the Linked List page&quot;)
public void the_user_should_be_navigated_to_the_linked_list_page() {
    // Write code here that turns the phrase above into concrete actions
    throw new io.cucumber.java.PendingException();
}
@When(&quot;the user clicks the Introduction link&quot;)
public void the_user_clicks_the_introduction_link() {
    // Write code here that turns the phrase above into concrete actions
    throw new io.cucumber.java.PendingException();
}
@When(&quot;the user clicks the Try Here button on the Introduction page&quot;)
public void the_user_clicks_the_try_here_button_on_the_introduction_page() {
    // Write code here that turns the phrase above into concrete actions
    throw new io.cucumber.java.PendingException();
}
@Then(&quot;the user should be redirected to a page containing a Try Editor with a Run button to test code&quot;)
public void the_user_should_be_redirected_to_a_page_containing_a_try_editor_with_a_run_button_to_test_code() {
    // Write code here that turns the phrase above into concrete actions
    throw new io.cucumber.java.PendingException();
}
" type="io.cucumber.testng.UndefinedStepException">
      <![CDATA[io.cucumber.testng.UndefinedStepException: The step 'the user is on the Home page after signing in' and 5 other step(s) are undefined.
You can implement these steps using the snippet(s) below:

@Given("the user is on the Home page after signing in")
public void the_user_is_on_the_home_page_after_signing_in() {
    // Write code here that turns the phrase above into concrete actions
    throw new io.cucumber.java.PendingException();
}
@When("the user clicks the Get Started button")
public void the_user_clicks_the_get_started_button() {
    // Write code here that turns the phrase above into concrete actions
    throw new io.cucumber.java.PendingException();
}
@Then("the user should be navigated to the Linked List page")
public void the_user_should_be_navigated_to_the_linked_list_page() {
    // Write code here that turns the phrase above into concrete actions
    throw new io.cucumber.java.PendingException();
}
@When("the user clicks the Introduction link")
public void the_user_clicks_the_introduction_link() {
    // Write code here that turns the phrase above into concrete actions
    throw new io.cucumber.java.PendingException();
}
@When("the user clicks the Try Here button on the Introduction page")
public void the_user_clicks_the_try_here_button_on_the_introduction_page() {
    // Write code here that turns the phrase above into concrete actions
    throw new io.cucumber.java.PendingException();
}
@Then("the user should be redirected to a page containing a Try Editor with a Run button to test code")
public void the_user_should_be_redirected_to_a_page_containing_a_try_editor_with_a_run_button_to_test_code() {
    // Write code here that turns the phrase above into concrete actions
    throw new io.cucumber.java.PendingException();
}

at ✽.the user is on the Home page after signing in(file:///C:/Users/Happy%20Family/eclipse-workspace/DSALGO226BddFramework/src/test/resources/features/LinkedList.feature:19)
]]>
    </error>
  </testcase> <!-- runScenario -->
  <testcase classname="runners.MainRunner" name="runScenario" time="4.375">
    <error message="The step &#039;the user is on the Home page after signing in&#039; and 5 other step(s) are undefined.
You can implement these steps using the snippet(s) below:

@Given(&quot;the user is on the Home page after signing in&quot;)
public void the_user_is_on_the_home_page_after_signing_in() {
    // Write code here that turns the phrase above into concrete actions
    throw new io.cucumber.java.PendingException();
}
@When(&quot;the user clicks the Get Started button&quot;)
public void the_user_clicks_the_get_started_button() {
    // Write code here that turns the phrase above into concrete actions
    throw new io.cucumber.java.PendingException();
}
@Then(&quot;the user should be navigated to the Linked List page&quot;)
public void the_user_should_be_navigated_to_the_linked_list_page() {
    // Write code here that turns the phrase above into concrete actions
    throw new io.cucumber.java.PendingException();
}
@When(&quot;the user clicks the Introduction link&quot;)
public void the_user_clicks_the_introduction_link() {
    // Write code here that turns the phrase above into concrete actions
    throw new io.cucumber.java.PendingException();
}
@When(&quot;the user clicks the Try Here button on the Introduction page&quot;)
public void the_user_clicks_the_try_here_button_on_the_introduction_page() {
    // Write code here that turns the phrase above into concrete actions
    throw new io.cucumber.java.PendingException();
}
@Then(&quot;the user should be redirected to a page containing a Try Editor with a Run button to test code&quot;)
public void the_user_should_be_redirected_to_a_page_containing_a_try_editor_with_a_run_button_to_test_code() {
    // Write code here that turns the phrase above into concrete actions
    throw new io.cucumber.java.PendingException();
}
" type="io.cucumber.testng.UndefinedStepException">
      <![CDATA[io.cucumber.testng.UndefinedStepException: The step 'the user is on the Home page after signing in' and 5 other step(s) are undefined.
You can implement these steps using the snippet(s) below:

@Given("the user is on the Home page after signing in")
public void the_user_is_on_the_home_page_after_signing_in() {
    // Write code here that turns the phrase above into concrete actions
    throw new io.cucumber.java.PendingException();
}
@When("the user clicks the Get Started button")
public void the_user_clicks_the_get_started_button() {
    // Write code here that turns the phrase above into concrete actions
    throw new io.cucumber.java.PendingException();
}
@Then("the user should be navigated to the Linked List page")
public void the_user_should_be_navigated_to_the_linked_list_page() {
    // Write code here that turns the phrase above into concrete actions
    throw new io.cucumber.java.PendingException();
}
@When("the user clicks the Introduction link")
public void the_user_clicks_the_introduction_link() {
    // Write code here that turns the phrase above into concrete actions
    throw new io.cucumber.java.PendingException();
}
@When("the user clicks the Try Here button on the Introduction page")
public void the_user_clicks_the_try_here_button_on_the_introduction_page() {
    // Write code here that turns the phrase above into concrete actions
    throw new io.cucumber.java.PendingException();
}
@Then("the user should be redirected to a page containing a Try Editor with a Run button to test code")
public void the_user_should_be_redirected_to_a_page_containing_a_try_editor_with_a_run_button_to_test_code() {
    // Write code here that turns the phrase above into concrete actions
    throw new io.cucumber.java.PendingException();
}

at ✽.the user is on the Home page after signing in(file:///C:/Users/Happy%20Family/eclipse-workspace/DSALGO226BddFramework/src/test/resources/features/LinkedList.feature:27)
]]>
    </error>
  </testcase> <!-- runScenario -->
  <testcase classname="runners.MainRunner" name="runScenario" time="7.104">
    <error message="TODO: implement me" type="io.cucumber.java.PendingException">
      <![CDATA[io.cucumber.java.PendingException: TODO: implement me
at stepDefinitions.GraphList.the_user_is_on_the_try_editor_page_for_graph_topic(GraphList.java:70)
at ✽.The user is on the Try Editor page for Graph Topic(file:///C:/Users/Happy%20Family/eclipse-workspace/DSALGO226BddFramework/src/test/resources/features/GraphLists.feature:23)
]]>
    </error>
  </testcase> <!-- runScenario -->
  <testcase classname="runners.MainRunner" name="runScenario" time="3.916">
    <error message="The step &#039;the user is on the Home page after signing in&#039; and 5 other step(s) are undefined.
You can implement these steps using the snippet(s) below:

@Given(&quot;the user is on the Home page after signing in&quot;)
public void the_user_is_on_the_home_page_after_signing_in() {
    // Write code here that turns the phrase above into concrete actions
    throw new io.cucumber.java.PendingException();
}
@When(&quot;the user clicks the Get Started button&quot;)
public void the_user_clicks_the_get_started_button() {
    // Write code here that turns the phrase above into concrete actions
    throw new io.cucumber.java.PendingException();
}
@Then(&quot;the user should be navigated to the Linked List page&quot;)
public void the_user_should_be_navigated_to_the_linked_list_page() {
    // Write code here that turns the phrase above into concrete actions
    throw new io.cucumber.java.PendingException();
}
@When(&quot;the user clicks the Introduction link&quot;)
public void the_user_clicks_the_introduction_link() {
    // Write code here that turns the phrase above into concrete actions
    throw new io.cucumber.java.PendingException();
}
@When(&quot;the user clicks the Try Here button on the Introduction page&quot;)
public void the_user_clicks_the_try_here_button_on_the_introduction_page() {
    // Write code here that turns the phrase above into concrete actions
    throw new io.cucumber.java.PendingException();
}
@Then(&quot;the user should be redirected to a page containing a Try Editor with a Run button to test code&quot;)
public void the_user_should_be_redirected_to_a_page_containing_a_try_editor_with_a_run_button_to_test_code() {
    // Write code here that turns the phrase above into concrete actions
    throw new io.cucumber.java.PendingException();
}
" type="io.cucumber.testng.UndefinedStepException">
      <![CDATA[io.cucumber.testng.UndefinedStepException: The step 'the user is on the Home page after signing in' and 5 other step(s) are undefined.
You can implement these steps using the snippet(s) below:

@Given("the user is on the Home page after signing in")
public void the_user_is_on_the_home_page_after_signing_in() {
    // Write code here that turns the phrase above into concrete actions
    throw new io.cucumber.java.PendingException();
}
@When("the user clicks the Get Started button")
public void the_user_clicks_the_get_started_button() {
    // Write code here that turns the phrase above into concrete actions
    throw new io.cucumber.java.PendingException();
}
@Then("the user should be navigated to the Linked List page")
public void the_user_should_be_navigated_to_the_linked_list_page() {
    // Write code here that turns the phrase above into concrete actions
    throw new io.cucumber.java.PendingException();
}
@When("the user clicks the Introduction link")
public void the_user_clicks_the_introduction_link() {
    // Write code here that turns the phrase above into concrete actions
    throw new io.cucumber.java.PendingException();
}
@When("the user clicks the Try Here button on the Introduction page")
public void the_user_clicks_the_try_here_button_on_the_introduction_page() {
    // Write code here that turns the phrase above into concrete actions
    throw new io.cucumber.java.PendingException();
}
@Then("the user should be redirected to a page containing a Try Editor with a Run button to test code")
public void the_user_should_be_redirected_to_a_page_containing_a_try_editor_with_a_run_button_to_test_code() {
    // Write code here that turns the phrase above into concrete actions
    throw new io.cucumber.java.PendingException();
}

at ✽.the user is on the Home page after signing in(file:///C:/Users/Happy%20Family/eclipse-workspace/DSALGO226BddFramework/src/test/resources/features/LinkedList.feature:37)
]]>
    </error>
  </testcase> <!-- runScenario -->
</testsuite> <!-- runners.MainRunner -->
