<?xml version="1.0" encoding="UTF-8"?>
<!-- Generated by org.testng.reporters.JUnitReportReporter -->
<testsuite hostname="RanjaniHeartlaptop" failures="0" tests="21" name="runners.MainRunner" time="99.808" errors="0" timestamp="2026-01-22T18:07:36 EST" skipped="0">
  <testcase classname="runners.MainRunner" name="runScenario" time="4.065"/>
  <testcase classname="runners.MainRunner" name="runScenario" time="7.869"/>
  <testcase classname="runners.MainRunner" name="runScenario" time="3.744"/>
  <testcase classname="runners.MainRunner" name="runScenario" time="3.448"/>
  <testcase classname="runners.MainRunner" name="runScenario" time="5.766"/>
  <testcase classname="runners.MainRunner" name="runScenario" time="5.706"/>
  <testcase classname="runners.MainRunner" name="runScenario" time="3.547"/>
  <testcase classname="runners.MainRunner" name="runScenario" time="5.106"/>
  <testcase classname="runners.MainRunner" name="runScenario" time="4.404"/>
  <testcase classname="runners.MainRunner" name="runScenario" time="2.327"/>
  <testcase classname="runners.MainRunner" name="runScenario" time="4.889"/>
  <testcase classname="runners.MainRunner" name="runScenario" time="3.670"/>
  <testcase classname="runners.MainRunner" name="runScenario" time="6.002"/>
  <testcase classname="runners.MainRunner" name="runScenario" time="3.939"/>
  <testcase classname="runners.MainRunner" name="runScenario" time="4.890"/>
  <testcase classname="runners.MainRunner" name="runScenario" time="4.589"/>
  <testcase classname="runners.MainRunner" name="runScenario" time="3.673"/>
  <testcase classname="runners.MainRunner" name="runScenario" time="3.956"/>
  <testcase classname="runners.MainRunner" name="runScenario" time="5.646"/>
  <testcase classname="runners.MainRunner" name="runScenario" time="7.738"/>
  <testcase classname="runners.MainRunner" name="runScenario" time="4.834"/>
</testsuite> <!-- runners.MainRunner -->
