<?xml version="1.0" encoding="UTF-8"?>
<!-- Generated by org.testng.reporters.JUnitReportReporter -->
<testsuite hostname="RanjaniHeartlaptop" failures="1" tests="19" name="runners.MainRunner" time="60.045" errors="1" timestamp="2026-01-20T16:36:30 EST" skipped="0">
  <testcase classname="runners.MainRunner" name="runScenario" time="3.070"/>
  <testcase classname="runners.MainRunner" name="runScenario" time="2.963"/>
  <testcase classname="runners.MainRunner" name="runScenario" time="3.133"/>
  <testcase classname="runners.MainRunner" name="runScenario" time="3.446"/>
  <testcase classname="runners.MainRunner" name="runScenario" time="3.113"/>
  <testcase classname="runners.MainRunner" name="runScenario" time="3.460"/>
  <testcase classname="runners.MainRunner" name="runScenario" time="5.073"/>
  <testcase classname="runners.MainRunner" name="runScenario" time="2.606"/>
  <testcase classname="runners.MainRunner" name="runScenario" time="3.137"/>
  <testcase classname="runners.MainRunner" name="runScenario" time="3.340"/>
  <testcase classname="runners.MainRunner" name="runScenario" time="0.997">
    <error message="no such element: Unable to locate element: {&quot;method&quot;:&quot;xpath&quot;,&quot;selector&quot;:&quot;//a[text()=&#039;Data Structures&#039;]&quot;}
  (Session info: chrome=143.0.7499.193)
For documentation on this error, please visit: https://www.selenium.dev/documentation/webdriver/troubleshooting/errors#no-such-element-exception
Build info: version: &#039;4.19.1&#039;, revision: &#039;abe0ee07dc&#039;
System info: os.name: &#039;Windows 11&#039;, os.arch: &#039;amd64&#039;, os.version: &#039;10.0&#039;, java.version: &#039;17.0.16&#039;
Driver info: org.openqa.selenium.chrome.ChromeDriver
Command: [83ce67397aa1f2fedb58d87786da565b, findElement {value=//a[text()=&#039;Data Structures&#039;], using=xpath}]
Capabilities {acceptInsecureCerts: false, browserName: chrome, browserVersion: 143.0.7499.193, chrome: {chromedriverVersion: 143.0.7499.192 (be2c1f4fd45..., userDataDir: C:\Users\HAPPYF~1\AppData\L...}, fedcm:accounts: true, goog:chromeOptions: {debuggerAddress: localhost:52792}, goog:processID: 18544, networkConnectionEnabled: false, pageLoadStrategy: normal, platformName: windows, proxy: Proxy(), se:cdp: ws://localhost:52792/devtoo..., se:cdpVersion: 143.0.7499.193, setWindowRect: true, strictFileInteractability: false, timeouts: {implicit: 0, pageLoad: 300000, script: 30000}, unhandledPromptBehavior: dismiss and notify, webauthn:extension:credBlob: true, webauthn:extension:largeBlob: true, webauthn:extension:minPinLength: true, webauthn:extension:prf: true, webauthn:virtualAuthenticators: true}
Session ID: 83ce67397aa1f2fedb58d87786da565b" type="org.openqa.selenium.NoSuchElementException">
      <![CDATA[org.openqa.selenium.NoSuchElementException: no such element: Unable to locate element: {"method":"xpath","selector":"//a[text()='Data Structures']"}
  (Session info: chrome=143.0.7499.193)
For documentation on this error, please visit: https://www.selenium.dev/documentation/webdriver/troubleshooting/errors#no-such-element-exception
Build info: version: '4.19.1', revision: 'abe0ee07dc'
System info: os.name: 'Windows 11', os.arch: 'amd64', os.version: '10.0', java.version: '17.0.16'
Driver info: org.openqa.selenium.chrome.ChromeDriver
Command: [83ce67397aa1f2fedb58d87786da565b, findElement {value=//a[text()='Data Structures'], using=xpath}]
Capabilities {acceptInsecureCerts: false, browserName: chrome, browserVersion: 143.0.7499.193, chrome: {chromedriverVersion: 143.0.7499.192 (be2c1f4fd45..., userDataDir: C:\Users\HAPPYF~1\AppData\L...}, fedcm:accounts: true, goog:chromeOptions: {debuggerAddress: localhost:52792}, goog:processID: 18544, networkConnectionEnabled: false, pageLoadStrategy: normal, platformName: windows, proxy: Proxy(), se:cdp: ws://localhost:52792/devtoo..., se:cdpVersion: 143.0.7499.193, setWindowRect: true, strictFileInteractability: false, timeouts: {implicit: 0, pageLoad: 300000, script: 30000}, unhandledPromptBehavior: dismiss and notify, webauthn:extension:credBlob: true, webauthn:extension:largeBlob: true, webauthn:extension:minPinLength: true, webauthn:extension:prf: true, webauthn:virtualAuthenticators: true}
Session ID: 83ce67397aa1f2fedb58d87786da565b
at java.base/jdk.internal.reflect.NativeConstructorAccessorImpl.newInstance0(Native Method)
at java.base/jdk.internal.reflect.NativeConstructorAccessorImpl.newInstance(NativeConstructorAccessorImpl.java:77)
at java.base/jdk.internal.reflect.DelegatingConstructorAccessorImpl.newInstance(DelegatingConstructorAccessorImpl.java:45)
at java.base/java.lang.reflect.Constructor.newInstanceWithCaller(Constructor.java:500)
at java.base/java.lang.reflect.Constructor.newInstance(Constructor.java:481)
at org.openqa.selenium.remote.ErrorCodec.decode(ErrorCodec.java:167)
at org.openqa.selenium.remote.codec.w3c.W3CHttpResponseCodec.decode(W3CHttpResponseCodec.java:138)
at org.openqa.selenium.remote.codec.w3c.W3CHttpResponseCodec.decode(W3CHttpResponseCodec.java:50)
at org.openqa.selenium.remote.HttpCommandExecutor.execute(HttpCommandExecutor.java:190)
at org.openqa.selenium.remote.service.DriverCommandExecutor.invokeExecute(DriverCommandExecutor.java:216)
at org.openqa.selenium.remote.service.DriverCommandExecutor.execute(DriverCommandExecutor.java:174)
at org.openqa.selenium.remote.RemoteWebDriver.execute(RemoteWebDriver.java:518)
at org.openqa.selenium.remote.ElementLocation$ElementFinder$2.findElement(ElementLocation.java:165)
at org.openqa.selenium.remote.ElementLocation.findElement(ElementLocation.java:59)
at org.openqa.selenium.remote.RemoteWebDriver.findElement(RemoteWebDriver.java:355)
at org.openqa.selenium.remote.RemoteWebDriver.findElement(RemoteWebDriver.java:349)
at org.openqa.selenium.support.pagefactory.DefaultElementLocator.findElement(DefaultElementLocator.java:68)
at org.openqa.selenium.support.pagefactory.internal.LocatingElementHandler.invoke(LocatingElementHandler.java:38)
at jdk.proxy2/jdk.proxy2.$Proxy46.isDisplayed(Unknown Source)
at pageObjects.homePage.isdatastrucureDisplayed(homePage.java:89)
at stepDefinitions.NFHomeSteps.the_sign_in_link_should_be_visible(NFHomeSteps.java:42)
at ✽.The Sign in link should be visible(file:///C:/Users/Happy%20Family/eclipse-workspace/DSALGO226BddFramework/src/test/resources/features/NFHome.feature:13)
]]>
    </error>
  </testcase> <!-- runScenario -->
  <testcase classname="runners.MainRunner" name="runScenario" time="3.350"/>
  <testcase classname="runners.MainRunner" name="runScenario" time="3.282"/>
  <testcase classname="runners.MainRunner" name="runScenario" time="3.049"/>
  <testcase classname="runners.MainRunner" name="runScenario" time="3.817"/>
  <testcase classname="runners.MainRunner" name="runScenario" time="3.093"/>
  <testcase classname="runners.MainRunner" name="runScenario" time="3.246"/>
  <testcase classname="runners.MainRunner" name="runScenario" time="2.631">
    <failure message="expected [true] but found [Home page load time exceeded limit]" type="java.lang.AssertionError">
      <![CDATA[java.lang.AssertionError: expected [true] but found [Home page load time exceeded limit]
at org.testng.Assert.fail(Assert.java:111)
at org.testng.Assert.failNotEquals(Assert.java:1590)
at org.testng.Assert.assertEqualsImpl(Assert.java:150)
at org.testng.Assert.assertEquals(Assert.java:132)
at org.testng.Assert.assertEquals(Assert.java:644)
at stepDefinitions.NFHomeSteps.the_home_page_should_load_within_seconds(NFHomeSteps.java:31)
at ✽.The Home page should load within "5" seconds(file:///C:/Users/Happy%20Family/eclipse-workspace/DSALGO226BddFramework/src/test/resources/features/NFHome.feature:7)
]]>
    </failure>
  </testcase> <!-- runScenario -->
  <testcase classname="runners.MainRunner" name="runScenario" time="3.239"/>
</testsuite> <!-- runners.MainRunner -->
