<?xml version="1.0" encoding="UTF-8"?>
<!-- Generated by org.testng.reporters.JUnitReportReporter -->
<testsuite hostname="DESKTOP-8N7HBF0" failures="0" tests="6" name="runners.MainRunner" time="124.585" errors="0" timestamp="2025-11-21T14:46:52 EST" skipped="0">
  <testcase classname="runners.MainRunner" name="runScenario" time="20.044"/>
  <testcase classname="runners.MainRunner" name="runScenario" time="20.407"/>
  <testcase classname="runners.MainRunner" name="runScenario" time="22.470"/>
  <testcase classname="runners.MainRunner" name="runScenario" time="19.033"/>
  <testcase classname="runners.MainRunner" name="runScenario" time="23.112"/>
  <testcase classname="runners.MainRunner" name="runScenario" time="19.519"/>
</testsuite> <!-- runners.MainRunner -->
