<?xml version="1.0" encoding="UTF-8"?>
<!-- Generated by org.testng.reporters.JUnitReportReporter -->
<testsuite hostname="AnandBabu" failures="0" tests="17" name="runners.MainRunner" time="36.676" errors="0" timestamp="2025-11-21T17:55:06 EST" skipped="0">
  <testcase classname="runners.MainRunner" name="runScenario" time="2.143"/>
  <testcase classname="runners.MainRunner" name="runScenario" time="1.976"/>
  <testcase classname="runners.MainRunner" name="runScenario" time="1.999"/>
  <testcase classname="runners.MainRunner" name="runScenario" time="1.948"/>
  <testcase classname="runners.MainRunner" name="runScenario" time="1.967"/>
  <testcase classname="runners.MainRunner" name="runScenario" time="2.083"/>
  <testcase classname="runners.MainRunner" name="runScenario" time="2.002"/>
  <testcase classname="runners.MainRunner" name="runScenario" time="1.873"/>
  <testcase classname="runners.MainRunner" name="runScenario" time="1.935"/>
  <testcase classname="runners.MainRunner" name="runScenario" time="4.731"/>
  <testcase classname="runners.MainRunner" name="runScenario" time="2.170"/>
  <testcase classname="runners.MainRunner" name="runScenario" time="1.860"/>
  <testcase classname="runners.MainRunner" name="runScenario" time="1.967"/>
  <testcase classname="runners.MainRunner" name="runScenario" time="1.832"/>
  <testcase classname="runners.MainRunner" name="runScenario" time="1.871"/>
  <testcase classname="runners.MainRunner" name="runScenario" time="2.496"/>
  <testcase classname="runners.MainRunner" name="runScenario" time="1.823"/>
</testsuite> <!-- runners.MainRunner -->
