<?xml version="1.0" encoding="UTF-8"?>
<!-- Generated by org.testng.reporters.JUnitReportReporter -->
<testsuite hostname="AnandBabu" failures="0" tests="69" name="runners.MainRunner" time="307.351" errors="3" timestamp="2025-12-16T09:14:38 EST" skipped="0">
  <testcase classname="runners.MainRunner" name="runScenario" time="0.651"/>
  <testcase classname="runners.MainRunner" name="runScenario" time="20.538"/>
  <testcase classname="runners.MainRunner" name="runScenario" time="1.193"/>
  <testcase classname="runners.MainRunner" name="runScenario" time="0.683"/>
  <testcase classname="runners.MainRunner" name="runScenario" time="5.145"/>
  <testcase classname="runners.MainRunner" name="runScenario" time="1.415"/>
  <testcase classname="runners.MainRunner" name="runScenario" time="1.144"/>
  <testcase classname="runners.MainRunner" name="runScenario" time="2.265"/>
  <testcase classname="runners.MainRunner" name="runScenario" time="0.914"/>
  <testcase classname="runners.MainRunner" name="runScenario" time="0.838"/>
  <testcase classname="runners.MainRunner" name="runScenario" time="4.625"/>
  <testcase classname="runners.MainRunner" name="runScenario" time="0.973"/>
  <testcase classname="runners.MainRunner" name="runScenario" time="0.780"/>
  <testcase classname="runners.MainRunner" name="runScenario" time="1.653"/>
  <testcase classname="runners.MainRunner" name="runScenario" time="1.449"/>
  <testcase classname="runners.MainRunner" name="runScenario" time="5.012"/>
  <testcase classname="runners.MainRunner" name="runScenario" time="4.179"/>
  <testcase classname="runners.MainRunner" name="runScenario" time="4.581"/>
  <testcase classname="runners.MainRunner" name="runScenario" time="10.510"/>
  <testcase classname="runners.MainRunner" name="runScenario" time="11.359"/>
  <testcase classname="runners.MainRunner" name="runScenario" time="1.400"/>
  <testcase classname="runners.MainRunner" name="runScenario" time="0.637"/>
  <testcase classname="runners.MainRunner" name="runScenario" time="5.963"/>
  <testcase classname="runners.MainRunner" name="runScenario" time="0.695"/>
  <testcase classname="runners.MainRunner" name="runScenario" time="21.774"/>
  <testcase classname="runners.MainRunner" name="runScenario" time="4.577">
    <error message="no such alert
  (Session info: chrome=143.0.7499.41)
Build info: version: &#039;4.37.0&#039;, revision: &#039;3c1da1e342&#039;
System info: os.name: &#039;Windows 11&#039;, os.arch: &#039;amd64&#039;, os.version: &#039;10.0&#039;, java.version: &#039;21.0.9&#039;
Driver info: org.openqa.selenium.chrome.ChromeDriver
Command: [d811214ef250dfe060ceecb31d8c71d2, getAlertText {}]
Capabilities {acceptInsecureCerts: false, browserName: chrome, browserVersion: 143.0.7499.41, chrome: {chromedriverVersion: 143.0.7499.42 (24bdc8c48a0c..., userDataDir: C:\Users\anand\AppData\Loca...}, fedcm:accounts: true, goog:chromeOptions: {debuggerAddress: localhost:55377}, goog:processID: 12336, networkConnectionEnabled: false, pageLoadStrategy: normal, platformName: windows, proxy: Proxy(), se:cdp: ws://localhost:55377/devtoo..., se:cdpVersion: 143.0.7499.41, setWindowRect: true, strictFileInteractability: false, timeouts: {implicit: 0, pageLoad: 300000, script: 30000}, unhandledPromptBehavior: dismiss and notify, webauthn:extension:credBlob: true, webauthn:extension:largeBlob: true, webauthn:extension:minPinLength: true, webauthn:extension:prf: true, webauthn:virtualAuthenticators: true}
Session ID: d811214ef250dfe060ceecb31d8c71d2" type="org.openqa.selenium.NoAlertPresentException">
      <![CDATA[org.openqa.selenium.NoAlertPresentException: no such alert
  (Session info: chrome=143.0.7499.41)
Build info: version: '4.37.0', revision: '3c1da1e342'
System info: os.name: 'Windows 11', os.arch: 'amd64', os.version: '10.0', java.version: '21.0.9'
Driver info: org.openqa.selenium.chrome.ChromeDriver
Command: [d811214ef250dfe060ceecb31d8c71d2, getAlertText {}]
Capabilities {acceptInsecureCerts: false, browserName: chrome, browserVersion: 143.0.7499.41, chrome: {chromedriverVersion: 143.0.7499.42 (24bdc8c48a0c..., userDataDir: C:\Users\anand\AppData\Loca...}, fedcm:accounts: true, goog:chromeOptions: {debuggerAddress: localhost:55377}, goog:processID: 12336, networkConnectionEnabled: false, pageLoadStrategy: normal, platformName: windows, proxy: Proxy(), se:cdp: ws://localhost:55377/devtoo..., se:cdpVersion: 143.0.7499.41, setWindowRect: true, strictFileInteractability: false, timeouts: {implicit: 0, pageLoad: 300000, script: 30000}, unhandledPromptBehavior: dismiss and notify, webauthn:extension:credBlob: true, webauthn:extension:largeBlob: true, webauthn:extension:minPinLength: true, webauthn:extension:prf: true, webauthn:virtualAuthenticators: true}
Session ID: d811214ef250dfe060ceecb31d8c71d2
at java.base/jdk.internal.reflect.DirectConstructorHandleAccessor.newInstance(DirectConstructorHandleAccessor.java:62)
at java.base/java.lang.reflect.Constructor.newInstanceWithCaller(Constructor.java:502)
at java.base/java.lang.reflect.Constructor.newInstance(Constructor.java:486)
at org.openqa.selenium.remote.ErrorCodec.decode(ErrorCodec.java:167)
at org.openqa.selenium.remote.codec.w3c.W3CHttpResponseCodec.decode(W3CHttpResponseCodec.java:138)
at org.openqa.selenium.remote.codec.w3c.W3CHttpResponseCodec.decode(W3CHttpResponseCodec.java:50)
at org.openqa.selenium.remote.HttpCommandExecutor.execute(HttpCommandExecutor.java:215)
at org.openqa.selenium.remote.service.DriverCommandExecutor.invokeExecute(DriverCommandExecutor.java:216)
at org.openqa.selenium.remote.service.DriverCommandExecutor.execute(DriverCommandExecutor.java:174)
at org.openqa.selenium.remote.RemoteWebDriver.execute(RemoteWebDriver.java:557)
at org.openqa.selenium.remote.RemoteWebDriver.execute(RemoteWebDriver.java:634)
at org.openqa.selenium.remote.RemoteWebDriver.execute(RemoteWebDriver.java:638)
at org.openqa.selenium.remote.RemoteWebDriver$RemoteTargetLocator.alert(RemoteWebDriver.java:1197)
at stepDefinitions.ArraysList.the_user_should_see_an_error_message_in_alert_window(ArraysList.java:77)
at ✽.The user should see an error message in alert window(file:///C:/Users/anand/OneDrive/Documents/Ambiga/updatedFramework/DSALGO226BddFramework/src/test/resources/features/ArrayLists.feature:35)
]]>
    </error>
  </testcase> <!-- runScenario -->
  <testcase classname="runners.MainRunner" name="runScenario" time="0.770"/>
  <testcase classname="runners.MainRunner" name="runScenario" time="1.606"/>
  <testcase classname="runners.MainRunner" name="runScenario" time="0.826"/>
  <testcase classname="runners.MainRunner" name="runScenario" time="8.554"/>
  <testcase classname="runners.MainRunner" name="runScenario" time="2.456"/>
  <testcase classname="runners.MainRunner" name="runScenario" time="10.546"/>
  <testcase classname="runners.MainRunner" name="runScenario" time="0.892"/>
  <testcase classname="runners.MainRunner" name="runScenario" time="11.407"/>
  <testcase classname="runners.MainRunner" name="runScenario" time="11.802"/>
  <testcase classname="runners.MainRunner" name="runScenario" time="0.750"/>
  <testcase classname="runners.MainRunner" name="runScenario" time="1.877"/>
  <testcase classname="runners.MainRunner" name="runScenario" time="11.373"/>
  <testcase classname="runners.MainRunner" name="runScenario" time="21.776"/>
  <testcase classname="runners.MainRunner" name="runScenario" time="1.405"/>
  <testcase classname="runners.MainRunner" name="runScenario" time="1.134"/>
  <testcase classname="runners.MainRunner" name="runScenario" time="0.785"/>
  <testcase classname="runners.MainRunner" name="runScenario" time="0.870"/>
  <testcase classname="runners.MainRunner" name="runScenario" time="1.187"/>
  <testcase classname="runners.MainRunner" name="runScenario" time="3.753"/>
  <testcase classname="runners.MainRunner" name="runScenario" time="6.036">
    <error message="no such element: Unable to locate element: {&quot;method&quot;:&quot;xpath&quot;,&quot;selector&quot;:&quot;//div[contains(text(),&#039;New Account Created&#039;)]&quot;}
  (Session info: chrome=143.0.7499.41)
For documentation on this error, please visit: https://www.selenium.dev/documentation/webdriver/troubleshooting/errors#nosuchelementexception
Build info: version: &#039;4.37.0&#039;, revision: &#039;3c1da1e342&#039;
System info: os.name: &#039;Windows 11&#039;, os.arch: &#039;amd64&#039;, os.version: &#039;10.0&#039;, java.version: &#039;21.0.9&#039;
Driver info: org.openqa.selenium.chrome.ChromeDriver
Command: [d811214ef250dfe060ceecb31d8c71d2, findElement {value=//div[contains(text(),&#039;New Account Created&#039;)], using=xpath}]
Capabilities {acceptInsecureCerts: false, browserName: chrome, browserVersion: 143.0.7499.41, chrome: {chromedriverVersion: 143.0.7499.42 (24bdc8c48a0c..., userDataDir: C:\Users\anand\AppData\Loca...}, fedcm:accounts: true, goog:chromeOptions: {debuggerAddress: localhost:55377}, goog:processID: 12336, networkConnectionEnabled: false, pageLoadStrategy: normal, platformName: windows, proxy: Proxy(), se:cdp: ws://localhost:55377/devtoo..., se:cdpVersion: 143.0.7499.41, setWindowRect: true, strictFileInteractability: false, timeouts: {implicit: 0, pageLoad: 300000, script: 30000}, unhandledPromptBehavior: dismiss and notify, webauthn:extension:credBlob: true, webauthn:extension:largeBlob: true, webauthn:extension:minPinLength: true, webauthn:extension:prf: true, webauthn:virtualAuthenticators: true}
Session ID: d811214ef250dfe060ceecb31d8c71d2" type="org.openqa.selenium.NoSuchElementException">
      <![CDATA[org.openqa.selenium.NoSuchElementException: no such element: Unable to locate element: {"method":"xpath","selector":"//div[contains(text(),'New Account Created')]"}
  (Session info: chrome=143.0.7499.41)
For documentation on this error, please visit: https://www.selenium.dev/documentation/webdriver/troubleshooting/errors#nosuchelementexception
Build info: version: '4.37.0', revision: '3c1da1e342'
System info: os.name: 'Windows 11', os.arch: 'amd64', os.version: '10.0', java.version: '21.0.9'
Driver info: org.openqa.selenium.chrome.ChromeDriver
Command: [d811214ef250dfe060ceecb31d8c71d2, findElement {value=//div[contains(text(),'New Account Created')], using=xpath}]
Capabilities {acceptInsecureCerts: false, browserName: chrome, browserVersion: 143.0.7499.41, chrome: {chromedriverVersion: 143.0.7499.42 (24bdc8c48a0c..., userDataDir: C:\Users\anand\AppData\Loca...}, fedcm:accounts: true, goog:chromeOptions: {debuggerAddress: localhost:55377}, goog:processID: 12336, networkConnectionEnabled: false, pageLoadStrategy: normal, platformName: windows, proxy: Proxy(), se:cdp: ws://localhost:55377/devtoo..., se:cdpVersion: 143.0.7499.41, setWindowRect: true, strictFileInteractability: false, timeouts: {implicit: 0, pageLoad: 300000, script: 30000}, unhandledPromptBehavior: dismiss and notify, webauthn:extension:credBlob: true, webauthn:extension:largeBlob: true, webauthn:extension:minPinLength: true, webauthn:extension:prf: true, webauthn:virtualAuthenticators: true}
Session ID: d811214ef250dfe060ceecb31d8c71d2
at java.base/jdk.internal.reflect.DirectConstructorHandleAccessor.newInstance(DirectConstructorHandleAccessor.java:62)
at java.base/java.lang.reflect.Constructor.newInstanceWithCaller(Constructor.java:502)
at java.base/java.lang.reflect.Constructor.newInstance(Constructor.java:486)
at org.openqa.selenium.remote.ErrorCodec.decode(ErrorCodec.java:167)
at org.openqa.selenium.remote.codec.w3c.W3CHttpResponseCodec.decode(W3CHttpResponseCodec.java:138)
at org.openqa.selenium.remote.codec.w3c.W3CHttpResponseCodec.decode(W3CHttpResponseCodec.java:50)
at org.openqa.selenium.remote.HttpCommandExecutor.execute(HttpCommandExecutor.java:215)
at org.openqa.selenium.remote.service.DriverCommandExecutor.invokeExecute(DriverCommandExecutor.java:216)
at org.openqa.selenium.remote.service.DriverCommandExecutor.execute(DriverCommandExecutor.java:174)
at org.openqa.selenium.remote.RemoteWebDriver.execute(RemoteWebDriver.java:557)
at org.openqa.selenium.remote.ElementLocation$ElementFinder$2.findElement(ElementLocation.java:165)
at org.openqa.selenium.remote.ElementLocation.findElement(ElementLocation.java:59)
at org.openqa.selenium.remote.RemoteWebDriver.findElement(RemoteWebDriver.java:380)
at org.openqa.selenium.remote.RemoteWebDriver.findElement(RemoteWebDriver.java:374)
at org.openqa.selenium.support.pagefactory.DefaultElementLocator.findElement(DefaultElementLocator.java:68)
at org.openqa.selenium.support.pagefactory.internal.LocatingElementHandler.invoke(LocatingElementHandler.java:38)
at jdk.proxy2/jdk.proxy2.$Proxy34.getText(Unknown Source)
at pageObjects.registerPage.print_successfullyRegistered(registerPage.java:164)
at stepDefinitions.registerSteps.the_user_goes_to_ds_algo_home_page_with_the_message(registerSteps.java:213)
at ✽.The user goes to DS Algo Home page with the message "New Account Created. You are logged in as <ID>"(file:///C:/Users/anand/OneDrive/Documents/Ambiga/updatedFramework/DSALGO226BddFramework/src/test/resources/features/Register.feature:64)
]]>
    </error>
  </testcase> <!-- runScenario -->
  <testcase classname="runners.MainRunner" name="runScenario" time="0.755"/>
  <testcase classname="runners.MainRunner" name="runScenario" time="11.342"/>
  <testcase classname="runners.MainRunner" name="runScenario" time="6.785"/>
  <testcase classname="runners.MainRunner" name="runScenario" time="1.395"/>
  <testcase classname="runners.MainRunner" name="runScenario" time="0.463"/>
  <testcase classname="runners.MainRunner" name="runScenario" time="1.772"/>
  <testcase classname="runners.MainRunner" name="runScenario" time="3.559"/>
  <testcase classname="runners.MainRunner" name="runScenario" time="1.249"/>
  <testcase classname="runners.MainRunner" name="runScenario" time="1.070"/>
  <testcase classname="runners.MainRunner" name="runScenario" time="0.688"/>
  <testcase classname="runners.MainRunner" name="runScenario" time="0.838"/>
  <testcase classname="runners.MainRunner" name="runScenario" time="0.592"/>
  <testcase classname="runners.MainRunner" name="runScenario" time="4.125"/>
  <testcase classname="runners.MainRunner" name="runScenario" time="0.293"/>
  <testcase classname="runners.MainRunner" name="runScenario" time="1.427"/>
  <testcase classname="runners.MainRunner" name="runScenario" time="0.703"/>
  <testcase classname="runners.MainRunner" name="runScenario" time="10.512"/>
  <testcase classname="runners.MainRunner" name="runScenario" time="1.262"/>
  <testcase classname="runners.MainRunner" name="runScenario" time="16.611">
    <error message="Expected condition failed: waiting for element to be clickable: Proxy element for: DefaultElementLocator &#039;By.xpath: //input[@value=&#039;Login&#039;]&#039; (tried for 10 second(s) with 500 milliseconds interval)" type="org.openqa.selenium.TimeoutException">
      <![CDATA[org.openqa.selenium.TimeoutException: Expected condition failed: waiting for element to be clickable: Proxy element for: DefaultElementLocator 'By.xpath: //input[@value='Login']' (tried for 10 second(s) with 500 milliseconds interval)
at org.openqa.selenium.support.ui.WebDriverWait.timeoutException(WebDriverWait.java:84)
at org.openqa.selenium.support.ui.FluentWait.until(FluentWait.java:228)
at pageObjects.LoginPage.clickLoginButton(LoginPage.java:59)
at stepDefinitions.LoginSteps.the_user_clicks_the_login_button(LoginSteps.java:40)
at ✽.the user clicks the login button(file:///C:/Users/anand/OneDrive/Documents/Ambiga/updatedFramework/DSALGO226BddFramework/src/test/resources/features/login.feature:8)
Caused by: org.openqa.selenium.NoSuchElementException: no such element: Unable to locate element: {"method":"xpath","selector":"//input[@value='Login']"}
  (Session info: chrome=143.0.7499.41)
For documentation on this error, please visit: https://www.selenium.dev/documentation/webdriver/troubleshooting/errors#nosuchelementexception
Build info: version: '4.37.0', revision: '3c1da1e342'
System info: os.name: 'Windows 11', os.arch: 'amd64', os.version: '10.0', java.version: '21.0.9'
Driver info: org.openqa.selenium.chrome.ChromeDriver
Command: [d811214ef250dfe060ceecb31d8c71d2, findElement {value=//input[@value='Login'], using=xpath}]
Capabilities {acceptInsecureCerts: false, browserName: chrome, browserVersion: 143.0.7499.41, chrome: {chromedriverVersion: 143.0.7499.42 (24bdc8c48a0c..., userDataDir: C:\Users\anand\AppData\Loca...}, fedcm:accounts: true, goog:chromeOptions: {debuggerAddress: localhost:55377}, goog:processID: 12336, networkConnectionEnabled: false, pageLoadStrategy: normal, platformName: windows, proxy: Proxy(), se:cdp: ws://localhost:55377/devtoo..., se:cdpVersion: 143.0.7499.41, setWindowRect: true, strictFileInteractability: false, timeouts: {implicit: 0, pageLoad: 300000, script: 30000}, unhandledPromptBehavior: dismiss and notify, webauthn:extension:credBlob: true, webauthn:extension:largeBlob: true, webauthn:extension:minPinLength: true, webauthn:extension:prf: true, webauthn:virtualAuthenticators: true}
Session ID: d811214ef250dfe060ceecb31d8c71d2
at java.base/jdk.internal.reflect.DirectConstructorHandleAccessor.newInstance(DirectConstructorHandleAccessor.java:62)
at java.base/java.lang.reflect.Constructor.newInstanceWithCaller(Constructor.java:502)
at java.base/java.lang.reflect.Constructor.newInstance(Constructor.java:486)
at org.openqa.selenium.remote.ErrorCodec.decode(ErrorCodec.java:167)
at org.openqa.selenium.remote.codec.w3c.W3CHttpResponseCodec.decode(W3CHttpResponseCodec.java:138)
at org.openqa.selenium.remote.codec.w3c.W3CHttpResponseCodec.decode(W3CHttpResponseCodec.java:50)
at org.openqa.selenium.remote.HttpCommandExecutor.execute(HttpCommandExecutor.java:215)
at org.openqa.selenium.remote.service.DriverCommandExecutor.invokeExecute(DriverCommandExecutor.java:216)
at org.openqa.selenium.remote.service.DriverCommandExecutor.execute(DriverCommandExecutor.java:174)
at org.openqa.selenium.remote.RemoteWebDriver.execute(RemoteWebDriver.java:557)
at org.openqa.selenium.remote.ElementLocation$ElementFinder$2.findElement(ElementLocation.java:165)
at org.openqa.selenium.remote.ElementLocation.findElement(ElementLocation.java:59)
at org.openqa.selenium.remote.RemoteWebDriver.findElement(RemoteWebDriver.java:380)
at org.openqa.selenium.remote.RemoteWebDriver.findElement(RemoteWebDriver.java:374)
at org.openqa.selenium.support.pagefactory.DefaultElementLocator.findElement(DefaultElementLocator.java:68)
at org.openqa.selenium.support.pagefactory.internal.LocatingElementHandler.invoke(LocatingElementHandler.java:38)
at jdk.proxy2/jdk.proxy2.$Proxy34.isDisplayed(Unknown Source)
at org.openqa.selenium.support.ui.ExpectedConditions.elementIfVisible(ExpectedConditions.java:304)
at org.openqa.selenium.support.ui.ExpectedConditions$10.apply(ExpectedConditions.java:290)
at org.openqa.selenium.support.ui.ExpectedConditions$10.apply(ExpectedConditions.java:287)
at org.openqa.selenium.support.ui.ExpectedConditions$23.apply(ExpectedConditions.java:656)
at org.openqa.selenium.support.ui.ExpectedConditions$23.apply(ExpectedConditions.java:652)
at org.openqa.selenium.support.ui.FluentWait.until(FluentWait.java:203)
... 3 more
]]>
    </error>
  </testcase> <!-- runScenario -->
  <testcase classname="runners.MainRunner" name="runScenario" time="3.530"/>
  <testcase classname="runners.MainRunner" name="runScenario" time="0.934"/>
  <testcase classname="runners.MainRunner" name="runScenario" time="1.001"/>
  <testcase classname="runners.MainRunner" name="runScenario" time="21.687"/>
</testsuite> <!-- runners.MainRunner -->
