<?xml version="1.0" encoding="UTF-8"?>
<!-- Generated by org.testng.reporters.JUnitReportReporter -->
<testsuite hostname="DESKTOP-8N7HBF0" failures="0" tests="39" name="runners.MainRunner" time="60.669" errors="2" timestamp="2025-12-08T20:37:03 EST" skipped="0">
  <testcase classname="runners.MainRunner" name="runScenario" time="3.299"/>
  <testcase classname="runners.MainRunner" name="runScenario" time="0.947"/>
  <testcase classname="runners.MainRunner" name="runScenario" time="2.842">
    <error message="no such alert
  (Session info: chrome=142.0.7444.176)
Build info: version: &#039;4.37.0&#039;, revision: &#039;3c1da1e342&#039;
System info: os.name: &#039;Windows 11&#039;, os.arch: &#039;amd64&#039;, os.version: &#039;10.0&#039;, java.version: &#039;17.0.16&#039;
Driver info: org.openqa.selenium.chrome.ChromeDriver
Command: [bdae026c6b8661e8f6838d276ad3e141, getAlertText {}]
Capabilities {acceptInsecureCerts: false, browserName: chrome, browserVersion: 142.0.7444.176, chrome: {chromedriverVersion: 142.0.7444.175 (302067f14a4..., userDataDir: C:\Users\HAPPYF~1\AppData\L...}, fedcm:accounts: true, goog:chromeOptions: {debuggerAddress: localhost:55973}, goog:processID: 5536, networkConnectionEnabled: false, pageLoadStrategy: normal, platformName: windows, proxy: Proxy(), se:cdp: ws://localhost:55973/devtoo..., se:cdpVersion: 142.0.7444.176, setWindowRect: true, strictFileInteractability: false, timeouts: {implicit: 0, pageLoad: 300000, script: 30000}, unhandledPromptBehavior: dismiss and notify, webauthn:extension:credBlob: true, webauthn:extension:largeBlob: true, webauthn:extension:minPinLength: true, webauthn:extension:prf: true, webauthn:virtualAuthenticators: true}
Session ID: bdae026c6b8661e8f6838d276ad3e141" type="org.openqa.selenium.NoAlertPresentException">
      <![CDATA[org.openqa.selenium.NoAlertPresentException: no such alert
  (Session info: chrome=142.0.7444.176)
Build info: version: '4.37.0', revision: '3c1da1e342'
System info: os.name: 'Windows 11', os.arch: 'amd64', os.version: '10.0', java.version: '17.0.16'
Driver info: org.openqa.selenium.chrome.ChromeDriver
Command: [bdae026c6b8661e8f6838d276ad3e141, getAlertText {}]
Capabilities {acceptInsecureCerts: false, browserName: chrome, browserVersion: 142.0.7444.176, chrome: {chromedriverVersion: 142.0.7444.175 (302067f14a4..., userDataDir: C:\Users\HAPPYF~1\AppData\L...}, fedcm:accounts: true, goog:chromeOptions: {debuggerAddress: localhost:55973}, goog:processID: 5536, networkConnectionEnabled: false, pageLoadStrategy: normal, platformName: windows, proxy: Proxy(), se:cdp: ws://localhost:55973/devtoo..., se:cdpVersion: 142.0.7444.176, setWindowRect: true, strictFileInteractability: false, timeouts: {implicit: 0, pageLoad: 300000, script: 30000}, unhandledPromptBehavior: dismiss and notify, webauthn:extension:credBlob: true, webauthn:extension:largeBlob: true, webauthn:extension:minPinLength: true, webauthn:extension:prf: true, webauthn:virtualAuthenticators: true}
Session ID: bdae026c6b8661e8f6838d276ad3e141
at java.base/jdk.internal.reflect.NativeConstructorAccessorImpl.newInstance0(Native Method)
at java.base/jdk.internal.reflect.NativeConstructorAccessorImpl.newInstance(NativeConstructorAccessorImpl.java:77)
at java.base/jdk.internal.reflect.DelegatingConstructorAccessorImpl.newInstance(DelegatingConstructorAccessorImpl.java:45)
at java.base/java.lang.reflect.Constructor.newInstanceWithCaller(Constructor.java:500)
at java.base/java.lang.reflect.Constructor.newInstance(Constructor.java:481)
at org.openqa.selenium.remote.ErrorCodec.decode(ErrorCodec.java:167)
at org.openqa.selenium.remote.codec.w3c.W3CHttpResponseCodec.decode(W3CHttpResponseCodec.java:138)
at org.openqa.selenium.remote.codec.w3c.W3CHttpResponseCodec.decode(W3CHttpResponseCodec.java:50)
at org.openqa.selenium.remote.HttpCommandExecutor.execute(HttpCommandExecutor.java:215)
at org.openqa.selenium.remote.service.DriverCommandExecutor.invokeExecute(DriverCommandExecutor.java:216)
at org.openqa.selenium.remote.service.DriverCommandExecutor.execute(DriverCommandExecutor.java:174)
at org.openqa.selenium.remote.RemoteWebDriver.execute(RemoteWebDriver.java:557)
at org.openqa.selenium.remote.RemoteWebDriver.execute(RemoteWebDriver.java:634)
at org.openqa.selenium.remote.RemoteWebDriver.execute(RemoteWebDriver.java:638)
at org.openqa.selenium.remote.RemoteWebDriver$RemoteTargetLocator.alert(RemoteWebDriver.java:1197)
at stepDefinitions.ArraysList.the_user_should_see_an_error_message_in_alert_window(ArraysList.java:77)
at ✽.The user should see an error message in alert window(file:///C:/Users/Happy%20Family/eclipse-workspace/DSALGO226BddFramework/src/test/resources/features/ArrayLists.feature:35)
]]>
    </error>
  </testcase> <!-- runScenario -->
  <testcase classname="runners.MainRunner" name="runScenario" time="0.394"/>
  <testcase classname="runners.MainRunner" name="runScenario" time="2.445"/>
  <testcase classname="runners.MainRunner" name="runScenario" time="0.636"/>
  <testcase classname="runners.MainRunner" name="runScenario" time="0.501"/>
  <testcase classname="runners.MainRunner" name="runScenario" time="0.527"/>
  <testcase classname="runners.MainRunner" name="runScenario" time="0.753"/>
  <testcase classname="runners.MainRunner" name="runScenario" time="5.948"/>
  <testcase classname="runners.MainRunner" name="runScenario" time="3.867"/>
  <testcase classname="runners.MainRunner" name="runScenario" time="0.505"/>
  <testcase classname="runners.MainRunner" name="runScenario" time="0.421"/>
  <testcase classname="runners.MainRunner" name="runScenario" time="0.215"/>
  <testcase classname="runners.MainRunner" name="runScenario" time="0.547"/>
  <testcase classname="runners.MainRunner" name="runScenario" time="0.143"/>
  <testcase classname="runners.MainRunner" name="runScenario" time="0.615"/>
  <testcase classname="runners.MainRunner" name="runScenario" time="0.595"/>
  <testcase classname="runners.MainRunner" name="runScenario" time="2.719"/>
  <testcase classname="runners.MainRunner" name="runScenario" time="0.368"/>
  <testcase classname="runners.MainRunner" name="runScenario" time="2.938"/>
  <testcase classname="runners.MainRunner" name="runScenario" time="0.433"/>
  <testcase classname="runners.MainRunner" name="runScenario" time="0.367"/>
  <testcase classname="runners.MainRunner" name="runScenario" time="0.374"/>
  <testcase classname="runners.MainRunner" name="runScenario" time="6.730"/>
  <testcase classname="runners.MainRunner" name="runScenario" time="0.422"/>
  <testcase classname="runners.MainRunner" name="runScenario" time="1.331"/>
  <testcase classname="runners.MainRunner" name="runScenario" time="0.452">
    <error message="invalid selector: The result of the xpath expression &quot;/html/body/div[2]/text()&quot; is: [object Text]. It should be an element.
  (Session info: chrome=142.0.7444.176)
For documentation on this error, please visit: https://www.selenium.dev/documentation/webdriver/troubleshooting/errors#invalidselectorexception
Build info: version: &#039;4.37.0&#039;, revision: &#039;3c1da1e342&#039;
System info: os.name: &#039;Windows 11&#039;, os.arch: &#039;amd64&#039;, os.version: &#039;10.0&#039;, java.version: &#039;17.0.16&#039;
Driver info: org.openqa.selenium.chrome.ChromeDriver
Command: [bdae026c6b8661e8f6838d276ad3e141, findElement {using=xpath, value=/html/body/div[2]/text()}]
Capabilities {acceptInsecureCerts: false, browserName: chrome, browserVersion: 142.0.7444.176, chrome: {chromedriverVersion: 142.0.7444.175 (302067f14a4..., userDataDir: C:\Users\HAPPYF~1\AppData\L...}, fedcm:accounts: true, goog:chromeOptions: {debuggerAddress: localhost:55973}, goog:processID: 5536, networkConnectionEnabled: false, pageLoadStrategy: normal, platformName: windows, proxy: Proxy(), se:cdp: ws://localhost:55973/devtoo..., se:cdpVersion: 142.0.7444.176, setWindowRect: true, strictFileInteractability: false, timeouts: {implicit: 0, pageLoad: 300000, script: 30000}, unhandledPromptBehavior: dismiss and notify, webauthn:extension:credBlob: true, webauthn:extension:largeBlob: true, webauthn:extension:minPinLength: true, webauthn:extension:prf: true, webauthn:virtualAuthenticators: true}
Session ID: bdae026c6b8661e8f6838d276ad3e141" type="org.openqa.selenium.InvalidSelectorException">
      <![CDATA[org.openqa.selenium.InvalidSelectorException: invalid selector: The result of the xpath expression "/html/body/div[2]/text()" is: [object Text]. It should be an element.
  (Session info: chrome=142.0.7444.176)
For documentation on this error, please visit: https://www.selenium.dev/documentation/webdriver/troubleshooting/errors#invalidselectorexception
Build info: version: '4.37.0', revision: '3c1da1e342'
System info: os.name: 'Windows 11', os.arch: 'amd64', os.version: '10.0', java.version: '17.0.16'
Driver info: org.openqa.selenium.chrome.ChromeDriver
Command: [bdae026c6b8661e8f6838d276ad3e141, findElement {using=xpath, value=/html/body/div[2]/text()}]
Capabilities {acceptInsecureCerts: false, browserName: chrome, browserVersion: 142.0.7444.176, chrome: {chromedriverVersion: 142.0.7444.175 (302067f14a4..., userDataDir: C:\Users\HAPPYF~1\AppData\L...}, fedcm:accounts: true, goog:chromeOptions: {debuggerAddress: localhost:55973}, goog:processID: 5536, networkConnectionEnabled: false, pageLoadStrategy: normal, platformName: windows, proxy: Proxy(), se:cdp: ws://localhost:55973/devtoo..., se:cdpVersion: 142.0.7444.176, setWindowRect: true, strictFileInteractability: false, timeouts: {implicit: 0, pageLoad: 300000, script: 30000}, unhandledPromptBehavior: dismiss and notify, webauthn:extension:credBlob: true, webauthn:extension:largeBlob: true, webauthn:extension:minPinLength: true, webauthn:extension:prf: true, webauthn:virtualAuthenticators: true}
Session ID: bdae026c6b8661e8f6838d276ad3e141
at java.base/jdk.internal.reflect.NativeConstructorAccessorImpl.newInstance0(Native Method)
at java.base/jdk.internal.reflect.NativeConstructorAccessorImpl.newInstance(NativeConstructorAccessorImpl.java:77)
at java.base/jdk.internal.reflect.DelegatingConstructorAccessorImpl.newInstance(DelegatingConstructorAccessorImpl.java:45)
at java.base/java.lang.reflect.Constructor.newInstanceWithCaller(Constructor.java:500)
at java.base/java.lang.reflect.Constructor.newInstance(Constructor.java:481)
at org.openqa.selenium.remote.ErrorCodec.decode(ErrorCodec.java:167)
at org.openqa.selenium.remote.codec.w3c.W3CHttpResponseCodec.decode(W3CHttpResponseCodec.java:138)
at org.openqa.selenium.remote.codec.w3c.W3CHttpResponseCodec.decode(W3CHttpResponseCodec.java:50)
at org.openqa.selenium.remote.HttpCommandExecutor.execute(HttpCommandExecutor.java:215)
at org.openqa.selenium.remote.service.DriverCommandExecutor.invokeExecute(DriverCommandExecutor.java:216)
at org.openqa.selenium.remote.service.DriverCommandExecutor.execute(DriverCommandExecutor.java:174)
at org.openqa.selenium.remote.RemoteWebDriver.execute(RemoteWebDriver.java:557)
at org.openqa.selenium.remote.ElementLocation$ElementFinder$2.findElement(ElementLocation.java:165)
at org.openqa.selenium.remote.ElementLocation.findElement(ElementLocation.java:59)
at org.openqa.selenium.remote.RemoteWebDriver.findElement(RemoteWebDriver.java:380)
at org.openqa.selenium.remote.RemoteWebDriver.findElement(RemoteWebDriver.java:374)
at pageObjects.registerPage.print_successfullyRegistered(registerPage.java:172)
at stepDefinitions.registerSteps.the_user_goes_to_ds_algo_home_page_with_the_message(registerSteps.java:358)
at ✽.The user goes to DS Algo Home page with the message "New Account Created. You are logged in as <ID>"(file:///C:/Users/Happy%20Family/eclipse-workspace/DSALGO226BddFramework/src/test/resources/features/Register.feature:64)
]]>
    </error>
  </testcase> <!-- runScenario -->
  <testcase classname="runners.MainRunner" name="runScenario" time="2.237"/>
  <testcase classname="runners.MainRunner" name="runScenario" time="3.306"/>
  <testcase classname="runners.MainRunner" name="runScenario" time="0.805"/>
  <testcase classname="runners.MainRunner" name="runScenario" time="2.441"/>
  <testcase classname="runners.MainRunner" name="runScenario" time="6.265"/>
  <testcase classname="runners.MainRunner" name="runScenario" time="0.567"/>
  <testcase classname="runners.MainRunner" name="runScenario" time="0.362"/>
  <testcase classname="runners.MainRunner" name="runScenario" time="0.423"/>
  <testcase classname="runners.MainRunner" name="runScenario" time="0.077"/>
  <testcase classname="runners.MainRunner" name="runScenario" time="0.420"/>
  <testcase classname="runners.MainRunner" name="runScenario" time="2.432"/>
</testsuite> <!-- runners.MainRunner -->
