<?xml version="1.0" encoding="UTF-8"?>
<!-- Generated by org.testng.reporters.JUnitReportReporter -->
<testsuite hostname="AnandBabu" failures="0" tests="27" name="runners.MainRunner" time="789.534" errors="0" timestamp="2025-12-12T12:32:34 EST" skipped="0">
  <testcase classname="runners.MainRunner" name="runScenario" time="42.382"/>
  <testcase classname="runners.MainRunner" name="runScenario" time="32.797"/>
  <testcase classname="runners.MainRunner" name="runScenario" time="42.517"/>
  <testcase classname="runners.MainRunner" name="runScenario" time="12.274"/>
  <testcase classname="runners.MainRunner" name="runScenario" time="32.459"/>
  <testcase classname="runners.MainRunner" name="runScenario" time="32.711"/>
  <testcase classname="runners.MainRunner" name="runScenario" time="12.817"/>
  <testcase classname="runners.MainRunner" name="runScenario" time="12.583"/>
  <testcase classname="runners.MainRunner" name="runScenario" time="11.779"/>
  <testcase classname="runners.MainRunner" name="runScenario" time="32.000"/>
  <testcase classname="runners.MainRunner" name="runScenario" time="32.512"/>
  <testcase classname="runners.MainRunner" name="runScenario" time="42.987"/>
  <testcase classname="runners.MainRunner" name="runScenario" time="12.201"/>
  <testcase classname="runners.MainRunner" name="runScenario" time="16.367"/>
  <testcase classname="runners.MainRunner" name="runScenario" time="32.468"/>
  <testcase classname="runners.MainRunner" name="runScenario" time="43.021"/>
  <testcase classname="runners.MainRunner" name="runScenario" time="17.921"/>
  <testcase classname="runners.MainRunner" name="runScenario" time="43.070"/>
  <testcase classname="runners.MainRunner" name="runScenario" time="12.378"/>
  <testcase classname="runners.MainRunner" name="runScenario" time="35.338"/>
  <testcase classname="runners.MainRunner" name="runScenario" time="32.120"/>
  <testcase classname="runners.MainRunner" name="runScenario" time="32.301"/>
  <testcase classname="runners.MainRunner" name="runScenario" time="42.304"/>
  <testcase classname="runners.MainRunner" name="runScenario" time="43.090"/>
  <testcase classname="runners.MainRunner" name="runScenario" time="42.460"/>
  <testcase classname="runners.MainRunner" name="runScenario" time="12.188"/>
  <testcase classname="runners.MainRunner" name="runScenario" time="32.489"/>
</testsuite> <!-- runners.MainRunner -->
