<?xml version="1.0" encoding="UTF-8"?>
<!-- Generated by org.testng.reporters.JUnitReportReporter -->
<testsuite hostname="RanjaniHeartlaptop" failures="2" tests="22" name="runners.MainRunner" time="80.676" errors="5" timestamp="2026-02-03T15:21:49 EST" skipped="0">
  <testcase classname="runners.MainRunner" name="runScenario" time="5.337">
    <failure message="One or more array elements are not visible expected [true] but found [false]" type="java.lang.AssertionError">
      <![CDATA[java.lang.AssertionError: One or more array elements are not visible expected [true] but found [false]
at org.testng.Assert.fail(Assert.java:111)
at org.testng.Assert.failNotEquals(Assert.java:1590)
at org.testng.Assert.assertTrue(Assert.java:57)
at stepDefinitions.ArraysList.all_main_array_operations_buttons_should_be_visible(ArraysList.java:158)
at ✽.all main array operations elements should be visible and clickable(file:///C:/Users/Happy%20Family/eclipse-workspace/DSALGO226BddFramework/src/test/resources/features/ArrayLists.feature:88)
]]>
    </failure>
  </testcase> <!-- runScenario -->
  <testcase classname="runners.MainRunner" name="runScenario" time="3.111"/>
  <testcase classname="runners.MainRunner" name="runScenario" time="2.869"/>
  <testcase classname="runners.MainRunner" name="runScenario" time="4.090"/>
  <testcase classname="runners.MainRunner" name="runScenario" time="4.301"/>
  <testcase classname="runners.MainRunner" name="runScenario" time="2.392">
    <error message="Cannot invoke &quot;pageObjects.homePage.clickSignInLink()&quot; because &quot;this.homepage&quot; is null" type="java.lang.NullPointerException">
      <![CDATA[java.lang.NullPointerException: Cannot invoke "pageObjects.homePage.clickSignInLink()" because "this.homepage" is null
at stepDefinitions.LoginSteps.login_page_should_load_within_seconds(LoginSteps.java:137)
at ✽.Login page should load within "5" seconds(file:///C:/Users/Happy%20Family/eclipse-workspace/DSALGO226BddFramework/src/test/resources/features/login.feature:51)
]]>
    </error>
  </testcase> <!-- runScenario -->
  <testcase classname="runners.MainRunner" name="runScenario" time="2.256"/>
  <testcase classname="runners.MainRunner" name="runScenario" time="2.780"/>
  <testcase classname="runners.MainRunner" name="runScenario" time="2.708">
    <error message="Cannot invoke &quot;pageObjects.homePage.clickSignInLink()&quot; because &quot;this.homepage&quot; is null" type="java.lang.NullPointerException">
      <![CDATA[java.lang.NullPointerException: Cannot invoke "pageObjects.homePage.clickSignInLink()" because "this.homepage" is null
at stepDefinitions.LoginSteps.all_login_fields_and_buttons_should_be_visible(LoginSteps.java:150)
at ✽.all login fields and buttons should be visible(file:///C:/Users/Happy%20Family/eclipse-workspace/DSALGO226BddFramework/src/test/resources/features/login.feature:55)
]]>
    </error>
  </testcase> <!-- runScenario -->
  <testcase classname="runners.MainRunner" name="runScenario" time="3.253"/>
  <testcase classname="runners.MainRunner" name="runScenario" time="2.622"/>
  <testcase classname="runners.MainRunner" name="runScenario" time="5.710"/>
  <testcase classname="runners.MainRunner" name="runScenario" time="4.244"/>
  <testcase classname="runners.MainRunner" name="runScenario" time="5.423">
    <error message="no such element: Unable to locate element: {&quot;method&quot;:&quot;xpath&quot;,&quot;selector&quot;:&quot;//button[contains(text(),&#039;Run&#039;)]&quot;}
  (Session info: chrome=144.0.7559.110)
For documentation on this error, please visit: https://www.selenium.dev/documentation/webdriver/troubleshooting/errors#no-such-element-exception
Build info: version: &#039;4.19.1&#039;, revision: &#039;abe0ee07dc&#039;
System info: os.name: &#039;Windows 11&#039;, os.arch: &#039;amd64&#039;, os.version: &#039;10.0&#039;, java.version: &#039;17.0.16&#039;
Driver info: org.openqa.selenium.chrome.ChromeDriver
Command: [874e09aea073903e6bc72d56638e3b27, findElement {value=//button[contains(text(),&#039;Run&#039;)], using=xpath}]
Capabilities {acceptInsecureCerts: false, browserName: chrome, browserVersion: 144.0.7559.110, chrome: {chromedriverVersion: 144.0.7559.109 (6a8d5e49388..., userDataDir: C:\Users\HAPPYF~1\AppData\L...}, fedcm:accounts: true, goog:chromeOptions: {debuggerAddress: localhost:51088}, goog:processID: 25772, networkConnectionEnabled: false, pageLoadStrategy: normal, platformName: windows, proxy: Proxy(), se:cdp: ws://localhost:51088/devtoo..., se:cdpVersion: 144.0.7559.110, setWindowRect: true, strictFileInteractability: false, timeouts: {implicit: 0, pageLoad: 300000, script: 30000}, unhandledPromptBehavior: dismiss and notify, webauthn:extension:credBlob: true, webauthn:extension:largeBlob: true, webauthn:extension:minPinLength: true, webauthn:extension:prf: true, webauthn:virtualAuthenticators: true}
Session ID: 874e09aea073903e6bc72d56638e3b27" type="org.openqa.selenium.NoSuchElementException">
      <![CDATA[org.openqa.selenium.NoSuchElementException: no such element: Unable to locate element: {"method":"xpath","selector":"//button[contains(text(),'Run')]"}
  (Session info: chrome=144.0.7559.110)
For documentation on this error, please visit: https://www.selenium.dev/documentation/webdriver/troubleshooting/errors#no-such-element-exception
Build info: version: '4.19.1', revision: 'abe0ee07dc'
System info: os.name: 'Windows 11', os.arch: 'amd64', os.version: '10.0', java.version: '17.0.16'
Driver info: org.openqa.selenium.chrome.ChromeDriver
Command: [874e09aea073903e6bc72d56638e3b27, findElement {value=//button[contains(text(),'Run')], using=xpath}]
Capabilities {acceptInsecureCerts: false, browserName: chrome, browserVersion: 144.0.7559.110, chrome: {chromedriverVersion: 144.0.7559.109 (6a8d5e49388..., userDataDir: C:\Users\HAPPYF~1\AppData\L...}, fedcm:accounts: true, goog:chromeOptions: {debuggerAddress: localhost:51088}, goog:processID: 25772, networkConnectionEnabled: false, pageLoadStrategy: normal, platformName: windows, proxy: Proxy(), se:cdp: ws://localhost:51088/devtoo..., se:cdpVersion: 144.0.7559.110, setWindowRect: true, strictFileInteractability: false, timeouts: {implicit: 0, pageLoad: 300000, script: 30000}, unhandledPromptBehavior: dismiss and notify, webauthn:extension:credBlob: true, webauthn:extension:largeBlob: true, webauthn:extension:minPinLength: true, webauthn:extension:prf: true, webauthn:virtualAuthenticators: true}
Session ID: 874e09aea073903e6bc72d56638e3b27
at java.base/jdk.internal.reflect.NativeConstructorAccessorImpl.newInstance0(Native Method)
at java.base/jdk.internal.reflect.NativeConstructorAccessorImpl.newInstance(NativeConstructorAccessorImpl.java:77)
at java.base/jdk.internal.reflect.DelegatingConstructorAccessorImpl.newInstance(DelegatingConstructorAccessorImpl.java:45)
at java.base/java.lang.reflect.Constructor.newInstanceWithCaller(Constructor.java:500)
at java.base/java.lang.reflect.Constructor.newInstance(Constructor.java:481)
at org.openqa.selenium.remote.ErrorCodec.decode(ErrorCodec.java:167)
at org.openqa.selenium.remote.codec.w3c.W3CHttpResponseCodec.decode(W3CHttpResponseCodec.java:138)
at org.openqa.selenium.remote.codec.w3c.W3CHttpResponseCodec.decode(W3CHttpResponseCodec.java:50)
at org.openqa.selenium.remote.HttpCommandExecutor.execute(HttpCommandExecutor.java:190)
at org.openqa.selenium.remote.service.DriverCommandExecutor.invokeExecute(DriverCommandExecutor.java:216)
at org.openqa.selenium.remote.service.DriverCommandExecutor.execute(DriverCommandExecutor.java:174)
at org.openqa.selenium.remote.RemoteWebDriver.execute(RemoteWebDriver.java:518)
at org.openqa.selenium.remote.ElementLocation$ElementFinder$2.findElement(ElementLocation.java:165)
at org.openqa.selenium.remote.ElementLocation.findElement(ElementLocation.java:59)
at org.openqa.selenium.remote.RemoteWebDriver.findElement(RemoteWebDriver.java:355)
at org.openqa.selenium.remote.RemoteWebDriver.findElement(RemoteWebDriver.java:349)
at org.openqa.selenium.support.pagefactory.DefaultElementLocator.findElement(DefaultElementLocator.java:68)
at org.openqa.selenium.support.pagefactory.internal.LocatingElementHandler.invoke(LocatingElementHandler.java:38)
at jdk.proxy2/jdk.proxy2.$Proxy43.isDisplayed(Unknown Source)
at pageObjects.GraphListPage.isRunButtonDisplayed(GraphListPage.java:96)
at stepDefinitions.GraphList.all_graph_page_elements_should_be_visible(GraphList.java:148)
at ✽.all Graph page elements should be visible(file:///C:/Users/Happy%20Family/eclipse-workspace/DSALGO226BddFramework/src/test/resources/features/GraphLists.feature:72)
]]>
    </error>
  </testcase> <!-- runScenario -->
  <testcase classname="runners.MainRunner" name="runScenario" time="2.881"/>
  <testcase classname="runners.MainRunner" name="runScenario" time="2.197">
    <error message="Cannot invoke &quot;pageObjects.homePage.clickSignInLink()&quot; because &quot;this.homepage&quot; is null" type="java.lang.NullPointerException">
      <![CDATA[java.lang.NullPointerException: Cannot invoke "pageObjects.homePage.clickSignInLink()" because "this.homepage" is null
at stepDefinitions.LoginSteps.user_should_be_able_to_navigate_login_page_using_keyboard(LoginSteps.java:165)
at ✽.user should be able to navigate Login page using keyboard(file:///C:/Users/Happy%20Family/eclipse-workspace/DSALGO226BddFramework/src/test/resources/features/login.feature:63)
]]>
    </error>
  </testcase> <!-- runScenario -->
  <testcase classname="runners.MainRunner" name="runScenario" time="4.419"/>
  <testcase classname="runners.MainRunner" name="runScenario" time="4.606"/>
  <testcase classname="runners.MainRunner" name="runScenario" time="2.968"/>
  <testcase classname="runners.MainRunner" name="runScenario" time="5.402">
    <failure message="Array page contains &#039;error&#039; expected [false] but found [true]" type="java.lang.AssertionError">
      <![CDATA[java.lang.AssertionError: Array page contains 'error' expected [false] but found [true]
at org.testng.Assert.fail(Assert.java:111)
at org.testng.Assert.failNotEquals(Assert.java:1590)
at org.testng.Assert.assertFalse(Assert.java:79)
at stepDefinitions.ArraysList.array_page_should_load_without_errors(ArraysList.java:193)
at ✽.Array page should load without errors(file:///C:/Users/Happy%20Family/eclipse-workspace/DSALGO226BddFramework/src/test/resources/features/ArrayLists.feature:97)
]]>
    </failure>
  </testcase> <!-- runScenario -->
  <testcase classname="runners.MainRunner" name="runScenario" time="4.740"/>
  <testcase classname="runners.MainRunner" name="runScenario" time="2.367">
    <error message="Cannot invoke &quot;pageObjects.homePage.clickSignInLink()&quot; because &quot;this.homepage&quot; is null" type="java.lang.NullPointerException">
      <![CDATA[java.lang.NullPointerException: Cannot invoke "pageObjects.homePage.clickSignInLink()" because "this.homepage" is null
at stepDefinitions.LoginSteps.login_page_should_be_loaded_using_https(LoginSteps.java:158)
at ✽.Login page should be loaded using HTTPS(file:///C:/Users/Happy%20Family/eclipse-workspace/DSALGO226BddFramework/src/test/resources/features/login.feature:59)
]]>
    </error>
  </testcase> <!-- runScenario -->
</testsuite> <!-- runners.MainRunner -->
