<?xml version="1.0" encoding="UTF-8"?>
<!-- Generated by org.testng.reporters.JUnitReportReporter -->
<testsuite hostname="RanjaniHeartlaptop" failures="0" tests="3" name="runners.MainRunner" time="26.063" errors="0" timestamp="2026-01-28T17:42:27 EST" skipped="0">
  <testcase classname="runners.MainRunner" name="runScenario" time="12.509"/>
  <testcase classname="runners.MainRunner" name="runScenario" time="6.745"/>
  <testcase classname="runners.MainRunner" name="runScenario" time="6.809"/>
</testsuite> <!-- runners.MainRunner -->
